[35m[1mConsolidate compiler generated dependencies of target stm32_node[0m
[ 25%] [32mBuilding CXX object CMakeFiles/odom_node.dir/src/odom_node.cpp.o[0m
[ 50%] [32mBuilding CXX object CMakeFiles/stm32_node.dir/src/stm32_node.cpp.o[0m
[01m[K/home/lucas-fang/ros2_Nav_ws/src/base_driver_pkg/src/stm32_node.cpp:[m[K In lambda function:
[01m[K/home/lucas-fang/ros2_Nav_ws/src/base_driver_pkg/src/stm32_node.cpp:103:79:[m[K [01;35m[Kwarning: [m[Kunused parameter ‘[01m[Ksize[m[K’ [[01;35m[K]8;;https://gcc.gnu.org/onlinedocs/gcc/Warning-Options.html#index-Wunused-parameter-Wunused-parameter]8;;[m[K]
  103 |     port->async_receive([this](const std::vector<uint8_t> &data,[01;35m[Kconst size_t &size[m[K)
      |                                                                 [01;35m[K~~~~~~~~~~~~~~^~~~[m[K
[ 75%] [32m[1mLinking CXX executable stm32_node[0m
[ 75%] Built target stm32_node
[100%] [32m[1mLinking CXX executable odom_node[0m
[100%] Built target odom_node
-- Install configuration: ""
-- Installing: /home/lucas-fang/ros2_Nav_ws/install/base_driver_pkg/lib/base_driver_pkg/stm32_node
-- Set runtime path of "/home/lucas-fang/ros2_Nav_ws/install/base_driver_pkg/lib/base_driver_pkg/stm32_node" to ""
-- Installing: /home/lucas-fang/ros2_Nav_ws/install/base_driver_pkg/lib/base_driver_pkg/odom_node
-- Set runtime path of "/home/lucas-fang/ros2_Nav_ws/install/base_driver_pkg/lib/base_driver_pkg/odom_node" to ""
-- Up-to-date: /home/lucas-fang/ros2_Nav_ws/install/base_driver_pkg/share/base_driver_pkg/launch
-- Up-to-date: /home/lucas-fang/ros2_Nav_ws/install/base_driver_pkg/share/base_driver_pkg/launch/odom_launch.py
-- Up-to-date: /home/lucas-fang/ros2_Nav_ws/install/base_driver_pkg/share/ament_index/resource_index/package_run_dependencies/base_driver_pkg
-- Up-to-date: /home/lucas-fang/ros2_Nav_ws/install/base_driver_pkg/share/ament_index/resource_index/parent_prefix_path/base_driver_pkg
-- Up-to-date: /home/lucas-fang/ros2_Nav_ws/install/base_driver_pkg/share/base_driver_pkg/environment/ament_prefix_path.sh
-- Up-to-date: /home/lucas-fang/ros2_Nav_ws/install/base_driver_pkg/share/base_driver_pkg/environment/ament_prefix_path.dsv
-- Up-to-date: /home/lucas-fang/ros2_Nav_ws/install/base_driver_pkg/share/base_driver_pkg/environment/path.sh
-- Up-to-date: /home/lucas-fang/ros2_Nav_ws/install/base_driver_pkg/share/base_driver_pkg/environment/path.dsv
-- Up-to-date: /home/lucas-fang/ros2_Nav_ws/install/base_driver_pkg/share/base_driver_pkg/local_setup.bash
-- Up-to-date: /home/lucas-fang/ros2_Nav_ws/install/base_driver_pkg/share/base_driver_pkg/local_setup.sh
-- Up-to-date: /home/lucas-fang/ros2_Nav_ws/install/base_driver_pkg/share/base_driver_pkg/local_setup.zsh
-- Up-to-date: /home/lucas-fang/ros2_Nav_ws/install/base_driver_pkg/share/base_driver_pkg/local_setup.dsv
-- Installing: /home/lucas-fang/ros2_Nav_ws/install/base_driver_pkg/share/base_driver_pkg/package.dsv
-- Up-to-date: /home/lucas-fang/ros2_Nav_ws/install/base_driver_pkg/share/ament_index/resource_index/packages/base_driver_pkg
-- Up-to-date: /home/lucas-fang/ros2_Nav_ws/install/base_driver_pkg/share/base_driver_pkg/cmake/base_driver_pkgConfig.cmake
-- Up-to-date: /home/lucas-fang/ros2_Nav_ws/install/base_driver_pkg/share/base_driver_pkg/cmake/base_driver_pkgConfig-version.cmake
-- Up-to-date: /home/lucas-fang/ros2_Nav_ws/install/base_driver_pkg/share/base_driver_pkg/package.xml
