[0.021s] Invoking command in '/home/lucas-fang/ros2_Nav_ws/build/base_driver_pkg': CMAKE_PREFIX_PATH=${CMAKE_PREFIX_PATH}:/opt/ros/humble /usr/bin/cmake --build /home/lucas-fang/ros2_Nav_ws/build/base_driver_pkg -- -j4 -l4
[0.076s] [35m[1mConsolidate compiler generated dependencies of target pub_cmd_vel_to_classic[0m
[0.087s] [35m[1mConsolidate compiler generated dependencies of target stm32_node[0m
[0.115s] [ 33%] Built target odom_node
[0.132s] [ 66%] Built target stm32_node
[0.154s] [ 83%] [32mBuilding CXX object CMakeFiles/pub_cmd_vel_to_classic.dir/src/pub_cmd_vel_to_classic.cpp.o[0m
[8.474s] [100%] [32m[1mLinking CXX executable pub_cmd_vel_to_classic[0m
[8.927s] [100%] Built target pub_cmd_vel_to_classic
[8.936s] Invoked command in '/home/lucas-fang/ros2_Nav_ws/build/base_driver_pkg' returned '0': CMAKE_PREFIX_PATH=${CMAKE_PREFIX_PATH}:/opt/ros/humble /usr/bin/cmake --build /home/lucas-fang/ros2_Nav_ws/build/base_driver_pkg -- -j4 -l4
[8.938s] Invoking command in '/home/lucas-fang/ros2_Nav_ws/build/base_driver_pkg': CMAKE_PREFIX_PATH=${CMAKE_PREFIX_PATH}:/opt/ros/humble /usr/bin/cmake --install /home/lucas-fang/ros2_Nav_ws/build/base_driver_pkg
[8.945s] -- Install configuration: ""
[8.945s] -- Up-to-date: /home/lucas-fang/ros2_Nav_ws/install/base_driver_pkg/lib/base_driver_pkg/stm32_node
[8.946s] -- Up-to-date: /home/lucas-fang/ros2_Nav_ws/install/base_driver_pkg/lib/base_driver_pkg/odom_node
[8.946s] -- Installing: /home/lucas-fang/ros2_Nav_ws/install/base_driver_pkg/lib/base_driver_pkg/pub_cmd_vel_to_classic
[8.951s] -- Set runtime path of "/home/lucas-fang/ros2_Nav_ws/install/base_driver_pkg/lib/base_driver_pkg/pub_cmd_vel_to_classic" to ""
[8.951s] -- Up-to-date: /home/lucas-fang/ros2_Nav_ws/install/base_driver_pkg/share/base_driver_pkg/launch
[8.951s] -- Up-to-date: /home/lucas-fang/ros2_Nav_ws/install/base_driver_pkg/share/base_driver_pkg/launch/odom_launch.py
[8.951s] -- Up-to-date: /home/lucas-fang/ros2_Nav_ws/install/base_driver_pkg/share/ament_index/resource_index/package_run_dependencies/base_driver_pkg
[8.951s] -- Up-to-date: /home/lucas-fang/ros2_Nav_ws/install/base_driver_pkg/share/ament_index/resource_index/parent_prefix_path/base_driver_pkg
[8.951s] -- Up-to-date: /home/lucas-fang/ros2_Nav_ws/install/base_driver_pkg/share/base_driver_pkg/environment/ament_prefix_path.sh
[8.952s] -- Up-to-date: /home/lucas-fang/ros2_Nav_ws/install/base_driver_pkg/share/base_driver_pkg/environment/ament_prefix_path.dsv
[8.952s] -- Up-to-date: /home/lucas-fang/ros2_Nav_ws/install/base_driver_pkg/share/base_driver_pkg/environment/path.sh
[8.952s] -- Up-to-date: /home/lucas-fang/ros2_Nav_ws/install/base_driver_pkg/share/base_driver_pkg/environment/path.dsv
[8.952s] -- Up-to-date: /home/lucas-fang/ros2_Nav_ws/install/base_driver_pkg/share/base_driver_pkg/local_setup.bash
[8.952s] -- Up-to-date: /home/lucas-fang/ros2_Nav_ws/install/base_driver_pkg/share/base_driver_pkg/local_setup.sh
[8.952s] -- Up-to-date: /home/lucas-fang/ros2_Nav_ws/install/base_driver_pkg/share/base_driver_pkg/local_setup.zsh
[8.952s] -- Up-to-date: /home/lucas-fang/ros2_Nav_ws/install/base_driver_pkg/share/base_driver_pkg/local_setup.dsv
[8.952s] -- Installing: /home/lucas-fang/ros2_Nav_ws/install/base_driver_pkg/share/base_driver_pkg/package.dsv
[8.952s] -- Up-to-date: /home/lucas-fang/ros2_Nav_ws/install/base_driver_pkg/share/ament_index/resource_index/packages/base_driver_pkg
[8.953s] -- Up-to-date: /home/lucas-fang/ros2_Nav_ws/install/base_driver_pkg/share/base_driver_pkg/cmake/base_driver_pkgConfig.cmake
[8.953s] -- Up-to-date: /home/lucas-fang/ros2_Nav_ws/install/base_driver_pkg/share/base_driver_pkg/cmake/base_driver_pkgConfig-version.cmake
[8.953s] -- Up-to-date: /home/lucas-fang/ros2_Nav_ws/install/base_driver_pkg/share/base_driver_pkg/package.xml
[8.955s] Invoked command in '/home/lucas-fang/ros2_Nav_ws/build/base_driver_pkg' returned '0': CMAKE_PREFIX_PATH=${CMAKE_PREFIX_PATH}:/opt/ros/humble /usr/bin/cmake --install /home/lucas-fang/ros2_Nav_ws/build/base_driver_pkg
