[0.018s] Invoking command in '/home/lucas-fang/ros2_Nav_ws/build/base_driver_pkg': CMAKE_PREFIX_PATH=/opt/ros/humble /usr/bin/cmake --build /home/lucas-fang/ros2_Nav_ws/build/base_driver_pkg -- -j4 -l4
[0.063s] -- Found ament_cmake: 1.3.11 (/opt/ros/humble/share/ament_cmake/cmake)
[0.323s] -- Found rclcpp: 16.0.12 (/opt/ros/humble/share/rclcpp/cmake)
[0.355s] -- Found rosidl_generator_c: 3.1.6 (/opt/ros/humble/share/rosidl_generator_c/cmake)
[0.358s] -- Found rosidl_adapter: 3.1.6 (/opt/ros/humble/share/rosidl_adapter/cmake)
[0.367s] -- Found rosidl_generator_cpp: 3.1.6 (/opt/ros/humble/share/rosidl_generator_cpp/cmake)
[0.377s] -- Using all available rosidl_typesupport_c: rosidl_typesupport_fastrtps_c;rosidl_typesupport_introspection_c
[0.391s] -- Using all available rosidl_typesupport_cpp: rosidl_typesupport_fastrtps_cpp;rosidl_typesupport_introspection_cpp
[0.426s] -- Found rmw_implementation_cmake: 6.1.2 (/opt/ros/humble/share/rmw_implementation_cmake/cmake)
[0.426s] -- Found rmw_fastrtps_cpp: 6.2.7 (/opt/ros/humble/share/rmw_fastrtps_cpp/cmake)
[0.529s] -- Using RMW implementation 'rmw_fastrtps_cpp' as default
[0.586s] -- Found serial_driver: 1.2.0 (/opt/ros/humble/share/serial_driver/cmake)
[0.610s] -- Found asio_cmake_module: 1.2.0 (/opt/ros/humble/share/asio_cmake_module/cmake)
[0.648s] -- Found geometry_msgs: 4.9.0 (/opt/ros/humble/share/geometry_msgs/cmake)
[0.662s] -- Found tf2: 0.25.13 (/opt/ros/humble/share/tf2/cmake)
[0.665s] -- Found tf2_ros: 0.25.13 (/opt/ros/humble/share/tf2_ros/cmake)
[0.733s] -- Found nav_msgs: 4.9.0 (/opt/ros/humble/share/nav_msgs/cmake)
[0.751s] -- Found sensor_msgs: 4.9.0 (/opt/ros/humble/share/sensor_msgs/cmake)
[0.776s] [31mCMake Error at CMakeLists.txt:17 (find_package):
[0.776s]   By not providing "Findsenson_pkg.cmake" in CMAKE_MODULE_PATH this project
[0.776s]   has asked CMake to find a package configuration file provided by
[0.776s]   "senson_pkg", but CMake did not find one.
[0.776s] 
[0.776s]   Could not find a package configuration file provided by "senson_pkg" with
[0.776s]   any of the following names:
[0.776s] 
[0.776s]     senson_pkgConfig.cmake
[0.777s]     senson_pkg-config.cmake
[0.777s] 
[0.777s]   Add the installation prefix of "senson_pkg" to CMAKE_PREFIX_PATH or set
[0.777s]   "senson_pkg_DIR" to a directory containing one of the above files.  If
[0.777s]   "senson_pkg" provides a separate development package or SDK, be sure it has
[0.777s]   been installed.
[0.777s] 
[0.777s] [0m
[0.779s] -- Configuring incomplete, errors occurred!
[0.779s] See also "/home/lucas-fang/ros2_Nav_ws/build/base_driver_pkg/CMakeFiles/CMakeOutput.log".
[0.783s] gmake: *** [Makefile:308: cmake_check_build_system] Error 1
[0.784s] Invoked command in '/home/lucas-fang/ros2_Nav_ws/build/base_driver_pkg' returned '2': CMAKE_PREFIX_PATH=/opt/ros/humble /usr/bin/cmake --build /home/lucas-fang/ros2_Nav_ws/build/base_driver_pkg -- -j4 -l4
