[0.014s] Invoking command in '/home/lucas-fang/ros2_Nav_ws/build/serial_pkg': CMAKE_PREFIX_PATH=/home/lucas-fang/ros2_Nav_ws/install/base_interfaces:/home/lucas-fang/ros2_Nav_ws/install/serial_pkg:/home/lucas-fang/ros2_Nav_ws/install/senson_pkg:/home/lucas-fang/ros2_Nav_ws/install/rplidar_ros:/home/lucas-fang/ros2_Nav_ws/install/localization_pkg:/home/lucas-fang/ros2_Nav_ws/install/base_driver_pkg:/opt/ros/humble /usr/bin/cmake --build /home/lucas-fang/ros2_Nav_ws/build/serial_pkg -- -j4 -l4
[0.095s] [ 25%] Built target my_serial_lib
[0.119s] [ 50%] Built target odom
[0.166s] [100%] Built target get_imu_ros2
[0.166s] [100%] Built target chat_stm32
[0.186s] Invoked command in '/home/lucas-fang/ros2_Nav_ws/build/serial_pkg' returned '0': CMAKE_PREFIX_PATH=/home/lucas-fang/ros2_Nav_ws/install/base_interfaces:/home/lucas-fang/ros2_Nav_ws/install/serial_pkg:/home/lucas-fang/ros2_Nav_ws/install/senson_pkg:/home/lucas-fang/ros2_Nav_ws/install/rplidar_ros:/home/lucas-fang/ros2_Nav_ws/install/localization_pkg:/home/lucas-fang/ros2_Nav_ws/install/base_driver_pkg:/opt/ros/humble /usr/bin/cmake --build /home/lucas-fang/ros2_Nav_ws/build/serial_pkg -- -j4 -l4
[0.188s] Invoking command in '/home/lucas-fang/ros2_Nav_ws/build/serial_pkg': CMAKE_PREFIX_PATH=/home/lucas-fang/ros2_Nav_ws/install/base_interfaces:/home/lucas-fang/ros2_Nav_ws/install/serial_pkg:/home/lucas-fang/ros2_Nav_ws/install/senson_pkg:/home/lucas-fang/ros2_Nav_ws/install/rplidar_ros:/home/lucas-fang/ros2_Nav_ws/install/localization_pkg:/home/lucas-fang/ros2_Nav_ws/install/base_driver_pkg:/opt/ros/humble /usr/bin/cmake --install /home/lucas-fang/ros2_Nav_ws/build/serial_pkg
[0.201s] -- Install configuration: ""
[0.201s] -- Up-to-date: /home/lucas-fang/ros2_Nav_ws/install/serial_pkg/lib/serial_pkg/libmy_serial_lib.a
[0.202s] -- Up-to-date: /home/lucas-fang/ros2_Nav_ws/install/serial_pkg/lib/serial_pkg/get_imu_ros2
[0.205s] -- Up-to-date: /home/lucas-fang/ros2_Nav_ws/install/serial_pkg/lib/serial_pkg/odom
[0.206s] -- Up-to-date: /home/lucas-fang/ros2_Nav_ws/install/serial_pkg/lib/serial_pkg/chat_stm32
[0.206s] -- Up-to-date: /home/lucas-fang/ros2_Nav_ws/install/serial_pkg/share/serial_pkg/launch
[0.206s] -- Up-to-date: /home/lucas-fang/ros2_Nav_ws/install/serial_pkg/share/serial_pkg/launch/odom_launch.py
[0.207s] -- Up-to-date: /home/lucas-fang/ros2_Nav_ws/install/serial_pkg/share/ament_index/resource_index/package_run_dependencies/serial_pkg
[0.209s] -- Up-to-date: /home/lucas-fang/ros2_Nav_ws/install/serial_pkg/share/ament_index/resource_index/parent_prefix_path/serial_pkg
[0.210s] -- Up-to-date: /home/lucas-fang/ros2_Nav_ws/install/serial_pkg/share/serial_pkg/environment/ament_prefix_path.sh
[0.210s] -- Up-to-date: /home/lucas-fang/ros2_Nav_ws/install/serial_pkg/share/serial_pkg/environment/ament_prefix_path.dsv
[0.211s] -- Up-to-date: /home/lucas-fang/ros2_Nav_ws/install/serial_pkg/share/serial_pkg/environment/path.sh
[0.211s] -- Up-to-date: /home/lucas-fang/ros2_Nav_ws/install/serial_pkg/share/serial_pkg/environment/path.dsv
[0.211s] -- Up-to-date: /home/lucas-fang/ros2_Nav_ws/install/serial_pkg/share/serial_pkg/local_setup.bash
[0.211s] -- Up-to-date: /home/lucas-fang/ros2_Nav_ws/install/serial_pkg/share/serial_pkg/local_setup.sh
[0.217s] -- Up-to-date: /home/lucas-fang/ros2_Nav_ws/install/serial_pkg/share/serial_pkg/local_setup.zsh
[0.217s] -- Up-to-date: /home/lucas-fang/ros2_Nav_ws/install/serial_pkg/share/serial_pkg/local_setup.dsv
[0.221s] -- Installing: /home/lucas-fang/ros2_Nav_ws/install/serial_pkg/share/serial_pkg/package.dsv
[0.222s] -- Up-to-date: /home/lucas-fang/ros2_Nav_ws/install/serial_pkg/share/ament_index/resource_index/packages/serial_pkg
[0.222s] -- Up-to-date: /home/lucas-fang/ros2_Nav_ws/install/serial_pkg/share/serial_pkg/cmake/serial_pkgConfig.cmake
[0.222s] -- Up-to-date: /home/lucas-fang/ros2_Nav_ws/install/serial_pkg/share/serial_pkg/cmake/serial_pkgConfig-version.cmake
[0.222s] -- Up-to-date: /home/lucas-fang/ros2_Nav_ws/install/serial_pkg/share/serial_pkg/package.xml
[0.222s] Invoked command in '/home/lucas-fang/ros2_Nav_ws/build/serial_pkg' returned '0': CMAKE_PREFIX_PATH=/home/lucas-fang/ros2_Nav_ws/install/base_interfaces:/home/lucas-fang/ros2_Nav_ws/install/serial_pkg:/home/lucas-fang/ros2_Nav_ws/install/senson_pkg:/home/lucas-fang/ros2_Nav_ws/install/rplidar_ros:/home/lucas-fang/ros2_Nav_ws/install/localization_pkg:/home/lucas-fang/ros2_Nav_ws/install/base_driver_pkg:/opt/ros/humble /usr/bin/cmake --install /home/lucas-fang/ros2_Nav_ws/build/serial_pkg
