[0.040s] Invoking command in '/home/lucas-fang/ros2_Nav_ws/build/base_interfaces': CMAKE_PREFIX_PATH=${CMAKE_PREFIX_PATH}:/opt/ros/humble /usr/bin/cmake --build /home/lucas-fang/ros2_Nav_ws/build/base_interfaces -- -j4 -l4
[0.121s] [  2%] Built target base_interfaces__cpp
[0.192s] [  2%] Built target ament_cmake_python_copy_base_interfaces
[0.247s] [ 12%] Built target base_interfaces__rosidl_typesupport_introspection_cpp
[0.292s] [ 23%] Built target base_interfaces__rosidl_typesupport_cpp
[0.908s] running egg_info
[0.909s] writing base_interfaces.egg-info/PKG-INFO
[0.910s] writing dependency_links to base_interfaces.egg-info/dependency_links.txt
[0.910s] writing top-level names to base_interfaces.egg-info/top_level.txt
[0.913s] reading manifest file 'base_interfaces.egg-info/SOURCES.txt'
[0.915s] writing manifest file 'base_interfaces.egg-info/SOURCES.txt'
[0.980s] [ 23%] Built target ament_cmake_python_build_base_interfaces_egg
[1.015s] [ 33%] Built target base_interfaces__rosidl_typesupport_fastrtps_cpp
[1.045s] [ 43%] Built target base_interfaces__rosidl_generator_c
[1.074s] [ 53%] Built target base_interfaces__rosidl_typesupport_fastrtps_c
[1.101s] [ 64%] Built target base_interfaces__rosidl_typesupport_c
[1.128s] [ 74%] Built target base_interfaces__rosidl_typesupport_introspection_c
[1.152s] [ 74%] Built target base_interfaces
[1.180s] [ 76%] Built target base_interfaces__py
[1.207s] [ 84%] Built target base_interfaces__rosidl_generator_py
[1.236s] [ 89%] Built target base_interfaces__rosidl_typesupport_fastrtps_c__pyext
[1.270s] [ 94%] Built target base_interfaces__rosidl_typesupport_c__pyext
[1.300s] [100%] Built target base_interfaces__rosidl_typesupport_introspection_c__pyext
[1.315s] Invoked command in '/home/lucas-fang/ros2_Nav_ws/build/base_interfaces' returned '0': CMAKE_PREFIX_PATH=${CMAKE_PREFIX_PATH}:/opt/ros/humble /usr/bin/cmake --build /home/lucas-fang/ros2_Nav_ws/build/base_interfaces -- -j4 -l4
[1.319s] Invoking command in '/home/lucas-fang/ros2_Nav_ws/build/base_interfaces': CMAKE_PREFIX_PATH=${CMAKE_PREFIX_PATH}:/opt/ros/humble /usr/bin/cmake --install /home/lucas-fang/ros2_Nav_ws/build/base_interfaces
[1.329s] -- Install configuration: ""
[1.330s] -- Up-to-date: /home/lucas-fang/ros2_Nav_ws/install/base_interfaces/share/ament_index/resource_index/rosidl_interfaces/base_interfaces
[1.331s] -- Up-to-date: /home/lucas-fang/ros2_Nav_ws/install/base_interfaces/include/base_interfaces/base_interfaces
[1.331s] -- Up-to-date: /home/lucas-fang/ros2_Nav_ws/install/base_interfaces/include/base_interfaces/base_interfaces/msg
[1.332s] -- Up-to-date: /home/lucas-fang/ros2_Nav_ws/install/base_interfaces/include/base_interfaces/base_interfaces/msg/detail
[1.335s] -- Up-to-date: /home/lucas-fang/ros2_Nav_ws/install/base_interfaces/include/base_interfaces/base_interfaces/msg/detail/robot__type_support.h
[1.335s] -- Up-to-date: /home/lucas-fang/ros2_Nav_ws/install/base_interfaces/include/base_interfaces/base_interfaces/msg/detail/imu__functions.h
[1.335s] -- Up-to-date: /home/lucas-fang/ros2_Nav_ws/install/base_interfaces/include/base_interfaces/base_interfaces/msg/detail/imu__functions.c
[1.335s] -- Up-to-date: /home/lucas-fang/ros2_Nav_ws/install/base_interfaces/include/base_interfaces/base_interfaces/msg/detail/imu__type_support.h
[1.335s] -- Up-to-date: /home/lucas-fang/ros2_Nav_ws/install/base_interfaces/include/base_interfaces/base_interfaces/msg/detail/robot__functions.h
[1.335s] -- Up-to-date: /home/lucas-fang/ros2_Nav_ws/install/base_interfaces/include/base_interfaces/base_interfaces/msg/detail/robot__struct.h
[1.335s] -- Up-to-date: /home/lucas-fang/ros2_Nav_ws/install/base_interfaces/include/base_interfaces/base_interfaces/msg/detail/robot__functions.c
[1.335s] -- Up-to-date: /home/lucas-fang/ros2_Nav_ws/install/base_interfaces/include/base_interfaces/base_interfaces/msg/detail/imu__struct.h
[1.335s] -- Up-to-date: /home/lucas-fang/ros2_Nav_ws/install/base_interfaces/include/base_interfaces/base_interfaces/msg/imu.h
[1.335s] -- Up-to-date: /home/lucas-fang/ros2_Nav_ws/install/base_interfaces/include/base_interfaces/base_interfaces/msg/robot.h
[1.336s] -- Up-to-date: /home/lucas-fang/ros2_Nav_ws/install/base_interfaces/include/base_interfaces/base_interfaces/msg/rosidl_generator_c__visibility_control.h
[1.336s] -- Up-to-date: /home/lucas-fang/ros2_Nav_ws/install/base_interfaces/share/base_interfaces/environment/library_path.sh
[1.336s] -- Up-to-date: /home/lucas-fang/ros2_Nav_ws/install/base_interfaces/share/base_interfaces/environment/library_path.dsv
[1.337s] -- Up-to-date: /home/lucas-fang/ros2_Nav_ws/install/base_interfaces/lib/libbase_interfaces__rosidl_generator_c.so
[1.337s] -- Up-to-date: /home/lucas-fang/ros2_Nav_ws/install/base_interfaces/include/base_interfaces/base_interfaces
[1.337s] -- Up-to-date: /home/lucas-fang/ros2_Nav_ws/install/base_interfaces/include/base_interfaces/base_interfaces/msg
[1.337s] -- Up-to-date: /home/lucas-fang/ros2_Nav_ws/install/base_interfaces/include/base_interfaces/base_interfaces/msg/detail
[1.337s] -- Up-to-date: /home/lucas-fang/ros2_Nav_ws/install/base_interfaces/include/base_interfaces/base_interfaces/msg/detail/imu__rosidl_typesupport_fastrtps_c.h
[1.337s] -- Up-to-date: /home/lucas-fang/ros2_Nav_ws/install/base_interfaces/include/base_interfaces/base_interfaces/msg/detail/robot__rosidl_typesupport_fastrtps_c.h
[1.337s] -- Up-to-date: /home/lucas-fang/ros2_Nav_ws/install/base_interfaces/include/base_interfaces/base_interfaces/msg/rosidl_typesupport_fastrtps_c__visibility_control.h
[1.338s] -- Up-to-date: /home/lucas-fang/ros2_Nav_ws/install/base_interfaces/lib/libbase_interfaces__rosidl_typesupport_fastrtps_c.so
[1.338s] -- Up-to-date: /home/lucas-fang/ros2_Nav_ws/install/base_interfaces/include/base_interfaces/base_interfaces
[1.338s] -- Up-to-date: /home/lucas-fang/ros2_Nav_ws/install/base_interfaces/include/base_interfaces/base_interfaces/msg
[1.338s] -- Up-to-date: /home/lucas-fang/ros2_Nav_ws/install/base_interfaces/include/base_interfaces/base_interfaces/msg/detail
[1.338s] -- Up-to-date: /home/lucas-fang/ros2_Nav_ws/install/base_interfaces/include/base_interfaces/base_interfaces/msg/detail/imu__rosidl_typesupport_introspection_c.h
[1.338s] -- Up-to-date: /home/lucas-fang/ros2_Nav_ws/install/base_interfaces/include/base_interfaces/base_interfaces/msg/detail/robot__type_support.c
[1.338s] -- Up-to-date: /home/lucas-fang/ros2_Nav_ws/install/base_interfaces/include/base_interfaces/base_interfaces/msg/detail/robot__rosidl_typesupport_introspection_c.h
[1.338s] -- Up-to-date: /home/lucas-fang/ros2_Nav_ws/install/base_interfaces/include/base_interfaces/base_interfaces/msg/detail/imu__type_support.c
[1.338s] -- Up-to-date: /home/lucas-fang/ros2_Nav_ws/install/base_interfaces/include/base_interfaces/base_interfaces/msg/rosidl_typesupport_introspection_c__visibility_control.h
[1.338s] -- Up-to-date: /home/lucas-fang/ros2_Nav_ws/install/base_interfaces/lib/libbase_interfaces__rosidl_typesupport_introspection_c.so
[1.338s] -- Up-to-date: /home/lucas-fang/ros2_Nav_ws/install/base_interfaces/lib/libbase_interfaces__rosidl_typesupport_c.so
[1.338s] -- Up-to-date: /home/lucas-fang/ros2_Nav_ws/install/base_interfaces/include/base_interfaces/base_interfaces
[1.339s] -- Up-to-date: /home/lucas-fang/ros2_Nav_ws/install/base_interfaces/include/base_interfaces/base_interfaces/msg
[1.339s] -- Up-to-date: /home/lucas-fang/ros2_Nav_ws/install/base_interfaces/include/base_interfaces/base_interfaces/msg/rosidl_generator_cpp__visibility_control.hpp
[1.339s] -- Up-to-date: /home/lucas-fang/ros2_Nav_ws/install/base_interfaces/include/base_interfaces/base_interfaces/msg/robot.hpp
[1.339s] -- Up-to-date: /home/lucas-fang/ros2_Nav_ws/install/base_interfaces/include/base_interfaces/base_interfaces/msg/detail
[1.339s] -- Up-to-date: /home/lucas-fang/ros2_Nav_ws/install/base_interfaces/include/base_interfaces/base_interfaces/msg/detail/robot__struct.hpp
[1.339s] -- Up-to-date: /home/lucas-fang/ros2_Nav_ws/install/base_interfaces/include/base_interfaces/base_interfaces/msg/detail/imu__type_support.hpp
[1.339s] -- Up-to-date: /home/lucas-fang/ros2_Nav_ws/install/base_interfaces/include/base_interfaces/base_interfaces/msg/detail/robot__traits.hpp
[1.339s] -- Up-to-date: /home/lucas-fang/ros2_Nav_ws/install/base_interfaces/include/base_interfaces/base_interfaces/msg/detail/robot__builder.hpp
[1.340s] -- Up-to-date: /home/lucas-fang/ros2_Nav_ws/install/base_interfaces/include/base_interfaces/base_interfaces/msg/detail/robot__type_support.hpp
[1.340s] -- Up-to-date: /home/lucas-fang/ros2_Nav_ws/install/base_interfaces/include/base_interfaces/base_interfaces/msg/detail/imu__traits.hpp
[1.340s] -- Up-to-date: /home/lucas-fang/ros2_Nav_ws/install/base_interfaces/include/base_interfaces/base_interfaces/msg/detail/imu__builder.hpp
[1.340s] -- Up-to-date: /home/lucas-fang/ros2_Nav_ws/install/base_interfaces/include/base_interfaces/base_interfaces/msg/detail/imu__struct.hpp
[1.340s] -- Up-to-date: /home/lucas-fang/ros2_Nav_ws/install/base_interfaces/include/base_interfaces/base_interfaces/msg/imu.hpp
[1.340s] -- Up-to-date: /home/lucas-fang/ros2_Nav_ws/install/base_interfaces/include/base_interfaces/base_interfaces
[1.341s] -- Up-to-date: /home/lucas-fang/ros2_Nav_ws/install/base_interfaces/include/base_interfaces/base_interfaces/msg
[1.341s] -- Up-to-date: /home/lucas-fang/ros2_Nav_ws/install/base_interfaces/include/base_interfaces/base_interfaces/msg/detail
[1.341s] -- Up-to-date: /home/lucas-fang/ros2_Nav_ws/install/base_interfaces/include/base_interfaces/base_interfaces/msg/detail/robot__rosidl_typesupport_fastrtps_cpp.hpp
[1.341s] -- Up-to-date: /home/lucas-fang/ros2_Nav_ws/install/base_interfaces/include/base_interfaces/base_interfaces/msg/detail/imu__rosidl_typesupport_fastrtps_cpp.hpp
[1.341s] -- Up-to-date: /home/lucas-fang/ros2_Nav_ws/install/base_interfaces/include/base_interfaces/base_interfaces/msg/detail/dds_fastrtps
[1.341s] -- Up-to-date: /home/lucas-fang/ros2_Nav_ws/install/base_interfaces/include/base_interfaces/base_interfaces/msg/rosidl_typesupport_fastrtps_cpp__visibility_control.h
[1.341s] -- Up-to-date: /home/lucas-fang/ros2_Nav_ws/install/base_interfaces/lib/libbase_interfaces__rosidl_typesupport_fastrtps_cpp.so
[1.342s] -- Up-to-date: /home/lucas-fang/ros2_Nav_ws/install/base_interfaces/include/base_interfaces/base_interfaces
[1.342s] -- Up-to-date: /home/lucas-fang/ros2_Nav_ws/install/base_interfaces/include/base_interfaces/base_interfaces/msg
[1.342s] -- Up-to-date: /home/lucas-fang/ros2_Nav_ws/install/base_interfaces/include/base_interfaces/base_interfaces/msg/detail
[1.342s] -- Up-to-date: /home/lucas-fang/ros2_Nav_ws/install/base_interfaces/include/base_interfaces/base_interfaces/msg/detail/robot__rosidl_typesupport_introspection_cpp.hpp
[1.342s] -- Up-to-date: /home/lucas-fang/ros2_Nav_ws/install/base_interfaces/include/base_interfaces/base_interfaces/msg/detail/robot__type_support.cpp
[1.342s] -- Up-to-date: /home/lucas-fang/ros2_Nav_ws/install/base_interfaces/include/base_interfaces/base_interfaces/msg/detail/imu__rosidl_typesupport_introspection_cpp.hpp
[1.342s] -- Up-to-date: /home/lucas-fang/ros2_Nav_ws/install/base_interfaces/include/base_interfaces/base_interfaces/msg/detail/imu__type_support.cpp
[1.342s] -- Up-to-date: /home/lucas-fang/ros2_Nav_ws/install/base_interfaces/lib/libbase_interfaces__rosidl_typesupport_introspection_cpp.so
[1.342s] -- Up-to-date: /home/lucas-fang/ros2_Nav_ws/install/base_interfaces/lib/libbase_interfaces__rosidl_typesupport_cpp.so
[1.342s] -- Up-to-date: /home/lucas-fang/ros2_Nav_ws/install/base_interfaces/share/base_interfaces/environment/pythonpath.sh
[1.343s] -- Up-to-date: /home/lucas-fang/ros2_Nav_ws/install/base_interfaces/share/base_interfaces/environment/pythonpath.dsv
[1.343s] -- Up-to-date: /home/lucas-fang/ros2_Nav_ws/install/base_interfaces/local/lib/python3.10/dist-packages/base_interfaces-0.0.0-py3.10.egg-info
[1.343s] -- Installing: /home/lucas-fang/ros2_Nav_ws/install/base_interfaces/local/lib/python3.10/dist-packages/base_interfaces-0.0.0-py3.10.egg-info/top_level.txt
[1.343s] -- Installing: /home/lucas-fang/ros2_Nav_ws/install/base_interfaces/local/lib/python3.10/dist-packages/base_interfaces-0.0.0-py3.10.egg-info/SOURCES.txt
[1.343s] -- Installing: /home/lucas-fang/ros2_Nav_ws/install/base_interfaces/local/lib/python3.10/dist-packages/base_interfaces-0.0.0-py3.10.egg-info/PKG-INFO
[1.343s] -- Installing: /home/lucas-fang/ros2_Nav_ws/install/base_interfaces/local/lib/python3.10/dist-packages/base_interfaces-0.0.0-py3.10.egg-info/dependency_links.txt
[1.343s] -- Up-to-date: /home/lucas-fang/ros2_Nav_ws/install/base_interfaces/local/lib/python3.10/dist-packages/base_interfaces
[1.343s] -- Up-to-date: /home/lucas-fang/ros2_Nav_ws/install/base_interfaces/local/lib/python3.10/dist-packages/base_interfaces/__init__.py
[1.343s] -- Up-to-date: /home/lucas-fang/ros2_Nav_ws/install/base_interfaces/local/lib/python3.10/dist-packages/base_interfaces/_base_interfaces_s.ep.rosidl_typesupport_c.c
[1.344s] -- Up-to-date: /home/lucas-fang/ros2_Nav_ws/install/base_interfaces/local/lib/python3.10/dist-packages/base_interfaces/base_interfaces_s__rosidl_typesupport_introspection_c.cpython-310-x86_64-linux-gnu.so
[1.344s] -- Up-to-date: /home/lucas-fang/ros2_Nav_ws/install/base_interfaces/local/lib/python3.10/dist-packages/base_interfaces/_base_interfaces_s.ep.rosidl_typesupport_fastrtps_c.c
[1.344s] -- Up-to-date: /home/lucas-fang/ros2_Nav_ws/install/base_interfaces/local/lib/python3.10/dist-packages/base_interfaces/msg
[1.344s] -- Up-to-date: /home/lucas-fang/ros2_Nav_ws/install/base_interfaces/local/lib/python3.10/dist-packages/base_interfaces/msg/__init__.py
[1.344s] -- Up-to-date: /home/lucas-fang/ros2_Nav_ws/install/base_interfaces/local/lib/python3.10/dist-packages/base_interfaces/msg/_robot.py
[1.344s] -- Up-to-date: /home/lucas-fang/ros2_Nav_ws/install/base_interfaces/local/lib/python3.10/dist-packages/base_interfaces/msg/_robot_s.c
[1.344s] -- Up-to-date: /home/lucas-fang/ros2_Nav_ws/install/base_interfaces/local/lib/python3.10/dist-packages/base_interfaces/msg/_imu.py
[1.344s] -- Up-to-date: /home/lucas-fang/ros2_Nav_ws/install/base_interfaces/local/lib/python3.10/dist-packages/base_interfaces/msg/_imu_s.c
[1.345s] -- Up-to-date: /home/lucas-fang/ros2_Nav_ws/install/base_interfaces/local/lib/python3.10/dist-packages/base_interfaces/base_interfaces_s__rosidl_typesupport_fastrtps_c.cpython-310-x86_64-linux-gnu.so
[1.346s] -- Up-to-date: /home/lucas-fang/ros2_Nav_ws/install/base_interfaces/local/lib/python3.10/dist-packages/base_interfaces/_base_interfaces_s.ep.rosidl_typesupport_introspection_c.c
[1.346s] -- Up-to-date: /home/lucas-fang/ros2_Nav_ws/install/base_interfaces/local/lib/python3.10/dist-packages/base_interfaces/libbase_interfaces__rosidl_generator_py.so
[1.346s] -- Up-to-date: /home/lucas-fang/ros2_Nav_ws/install/base_interfaces/local/lib/python3.10/dist-packages/base_interfaces/base_interfaces_s__rosidl_typesupport_c.cpython-310-x86_64-linux-gnu.so
[1.400s] Listing '/home/lucas-fang/ros2_Nav_ws/install/base_interfaces/local/lib/python3.10/dist-packages/base_interfaces'...
[1.400s] Listing '/home/lucas-fang/ros2_Nav_ws/install/base_interfaces/local/lib/python3.10/dist-packages/base_interfaces/msg'...
[1.409s] -- Up-to-date: /home/lucas-fang/ros2_Nav_ws/install/base_interfaces/local/lib/python3.10/dist-packages/base_interfaces/base_interfaces_s__rosidl_typesupport_fastrtps_c.cpython-310-x86_64-linux-gnu.so
[1.409s] -- Up-to-date: /home/lucas-fang/ros2_Nav_ws/install/base_interfaces/local/lib/python3.10/dist-packages/base_interfaces/base_interfaces_s__rosidl_typesupport_introspection_c.cpython-310-x86_64-linux-gnu.so
[1.410s] -- Up-to-date: /home/lucas-fang/ros2_Nav_ws/install/base_interfaces/local/lib/python3.10/dist-packages/base_interfaces/base_interfaces_s__rosidl_typesupport_c.cpython-310-x86_64-linux-gnu.so
[1.410s] -- Up-to-date: /home/lucas-fang/ros2_Nav_ws/install/base_interfaces/lib/libbase_interfaces__rosidl_generator_py.so
[1.411s] -- Up-to-date: /home/lucas-fang/ros2_Nav_ws/install/base_interfaces/share/base_interfaces/msg/Imu.idl
[1.411s] -- Up-to-date: /home/lucas-fang/ros2_Nav_ws/install/base_interfaces/share/base_interfaces/msg/Robot.idl
[1.411s] -- Up-to-date: /home/lucas-fang/ros2_Nav_ws/install/base_interfaces/share/base_interfaces/msg/Imu.msg
[1.411s] -- Up-to-date: /home/lucas-fang/ros2_Nav_ws/install/base_interfaces/share/base_interfaces/msg/Robot.msg
[1.411s] -- Up-to-date: /home/lucas-fang/ros2_Nav_ws/install/base_interfaces/share/ament_index/resource_index/package_run_dependencies/base_interfaces
[1.411s] -- Up-to-date: /home/lucas-fang/ros2_Nav_ws/install/base_interfaces/share/ament_index/resource_index/parent_prefix_path/base_interfaces
[1.411s] -- Up-to-date: /home/lucas-fang/ros2_Nav_ws/install/base_interfaces/share/base_interfaces/environment/ament_prefix_path.sh
[1.411s] -- Up-to-date: /home/lucas-fang/ros2_Nav_ws/install/base_interfaces/share/base_interfaces/environment/ament_prefix_path.dsv
[1.412s] -- Up-to-date: /home/lucas-fang/ros2_Nav_ws/install/base_interfaces/share/base_interfaces/environment/path.sh
[1.412s] -- Up-to-date: /home/lucas-fang/ros2_Nav_ws/install/base_interfaces/share/base_interfaces/environment/path.dsv
[1.413s] -- Up-to-date: /home/lucas-fang/ros2_Nav_ws/install/base_interfaces/share/base_interfaces/local_setup.bash
[1.413s] -- Up-to-date: /home/lucas-fang/ros2_Nav_ws/install/base_interfaces/share/base_interfaces/local_setup.sh
[1.413s] -- Up-to-date: /home/lucas-fang/ros2_Nav_ws/install/base_interfaces/share/base_interfaces/local_setup.zsh
[1.414s] -- Up-to-date: /home/lucas-fang/ros2_Nav_ws/install/base_interfaces/share/base_interfaces/local_setup.dsv
[1.414s] -- Installing: /home/lucas-fang/ros2_Nav_ws/install/base_interfaces/share/base_interfaces/package.dsv
[1.415s] -- Up-to-date: /home/lucas-fang/ros2_Nav_ws/install/base_interfaces/share/ament_index/resource_index/packages/base_interfaces
[1.415s] -- Up-to-date: /home/lucas-fang/ros2_Nav_ws/install/base_interfaces/share/base_interfaces/cmake/export_base_interfaces__rosidl_generator_cExport.cmake
[1.415s] -- Up-to-date: /home/lucas-fang/ros2_Nav_ws/install/base_interfaces/share/base_interfaces/cmake/export_base_interfaces__rosidl_generator_cExport-noconfig.cmake
[1.415s] -- Up-to-date: /home/lucas-fang/ros2_Nav_ws/install/base_interfaces/share/base_interfaces/cmake/export_base_interfaces__rosidl_typesupport_fastrtps_cExport.cmake
[1.415s] -- Up-to-date: /home/lucas-fang/ros2_Nav_ws/install/base_interfaces/share/base_interfaces/cmake/export_base_interfaces__rosidl_typesupport_fastrtps_cExport-noconfig.cmake
[1.415s] -- Up-to-date: /home/lucas-fang/ros2_Nav_ws/install/base_interfaces/share/base_interfaces/cmake/base_interfaces__rosidl_typesupport_introspection_cExport.cmake
[1.415s] -- Up-to-date: /home/lucas-fang/ros2_Nav_ws/install/base_interfaces/share/base_interfaces/cmake/base_interfaces__rosidl_typesupport_introspection_cExport-noconfig.cmake
[1.416s] -- Up-to-date: /home/lucas-fang/ros2_Nav_ws/install/base_interfaces/share/base_interfaces/cmake/base_interfaces__rosidl_typesupport_cExport.cmake
[1.416s] -- Up-to-date: /home/lucas-fang/ros2_Nav_ws/install/base_interfaces/share/base_interfaces/cmake/base_interfaces__rosidl_typesupport_cExport-noconfig.cmake
[1.416s] -- Up-to-date: /home/lucas-fang/ros2_Nav_ws/install/base_interfaces/share/base_interfaces/cmake/export_base_interfaces__rosidl_generator_cppExport.cmake
[1.416s] -- Up-to-date: /home/lucas-fang/ros2_Nav_ws/install/base_interfaces/share/base_interfaces/cmake/export_base_interfaces__rosidl_typesupport_fastrtps_cppExport.cmake
[1.416s] -- Up-to-date: /home/lucas-fang/ros2_Nav_ws/install/base_interfaces/share/base_interfaces/cmake/export_base_interfaces__rosidl_typesupport_fastrtps_cppExport-noconfig.cmake
[1.417s] -- Up-to-date: /home/lucas-fang/ros2_Nav_ws/install/base_interfaces/share/base_interfaces/cmake/base_interfaces__rosidl_typesupport_introspection_cppExport.cmake
[1.417s] -- Up-to-date: /home/lucas-fang/ros2_Nav_ws/install/base_interfaces/share/base_interfaces/cmake/base_interfaces__rosidl_typesupport_introspection_cppExport-noconfig.cmake
[1.417s] -- Up-to-date: /home/lucas-fang/ros2_Nav_ws/install/base_interfaces/share/base_interfaces/cmake/base_interfaces__rosidl_typesupport_cppExport.cmake
[1.417s] -- Up-to-date: /home/lucas-fang/ros2_Nav_ws/install/base_interfaces/share/base_interfaces/cmake/base_interfaces__rosidl_typesupport_cppExport-noconfig.cmake
[1.417s] -- Up-to-date: /home/lucas-fang/ros2_Nav_ws/install/base_interfaces/share/base_interfaces/cmake/export_base_interfaces__rosidl_generator_pyExport.cmake
[1.417s] -- Up-to-date: /home/lucas-fang/ros2_Nav_ws/install/base_interfaces/share/base_interfaces/cmake/export_base_interfaces__rosidl_generator_pyExport-noconfig.cmake
[1.417s] -- Up-to-date: /home/lucas-fang/ros2_Nav_ws/install/base_interfaces/share/base_interfaces/cmake/rosidl_cmake-extras.cmake
[1.417s] -- Up-to-date: /home/lucas-fang/ros2_Nav_ws/install/base_interfaces/share/base_interfaces/cmake/ament_cmake_export_include_directories-extras.cmake
[1.417s] -- Up-to-date: /home/lucas-fang/ros2_Nav_ws/install/base_interfaces/share/base_interfaces/cmake/ament_cmake_export_libraries-extras.cmake
[1.417s] -- Up-to-date: /home/lucas-fang/ros2_Nav_ws/install/base_interfaces/share/base_interfaces/cmake/ament_cmake_export_targets-extras.cmake
[1.417s] -- Up-to-date: /home/lucas-fang/ros2_Nav_ws/install/base_interfaces/share/base_interfaces/cmake/rosidl_cmake_export_typesupport_targets-extras.cmake
[1.417s] -- Up-to-date: /home/lucas-fang/ros2_Nav_ws/install/base_interfaces/share/base_interfaces/cmake/ament_cmake_export_dependencies-extras.cmake
[1.418s] -- Up-to-date: /home/lucas-fang/ros2_Nav_ws/install/base_interfaces/share/base_interfaces/cmake/rosidl_cmake_export_typesupport_libraries-extras.cmake
[1.419s] -- Up-to-date: /home/lucas-fang/ros2_Nav_ws/install/base_interfaces/share/base_interfaces/cmake/base_interfacesConfig.cmake
[1.419s] -- Up-to-date: /home/lucas-fang/ros2_Nav_ws/install/base_interfaces/share/base_interfaces/cmake/base_interfacesConfig-version.cmake
[1.420s] -- Up-to-date: /home/lucas-fang/ros2_Nav_ws/install/base_interfaces/share/base_interfaces/package.xml
[1.420s] Invoked command in '/home/lucas-fang/ros2_Nav_ws/build/base_interfaces' returned '0': CMAKE_PREFIX_PATH=${CMAKE_PREFIX_PATH}:/opt/ros/humble /usr/bin/cmake --install /home/lucas-fang/ros2_Nav_ws/build/base_interfaces
