[0.040s] Invoking command in '/home/lucas-fang/ros2_Nav_ws/build/my_map_server': CMAKE_PREFIX_PATH=${CMAKE_PREFIX_PATH}:/opt/ros/humble /usr/bin/cmake --build /home/lucas-fang/ros2_Nav_ws/build/my_map_server -- -j4 -l4
[0.125s] Invoked command in '/home/lucas-fang/ros2_Nav_ws/build/my_map_server' returned '0': CMAKE_PREFIX_PATH=${CMAKE_PREFIX_PATH}:/opt/ros/humble /usr/bin/cmake --build /home/lucas-fang/ros2_Nav_ws/build/my_map_server -- -j4 -l4
[0.148s] Invoking command in '/home/lucas-fang/ros2_Nav_ws/build/my_map_server': CMAKE_PREFIX_PATH=${CMAKE_PREFIX_PATH}:/opt/ros/humble /usr/bin/cmake --install /home/lucas-fang/ros2_Nav_ws/build/my_map_server
[0.179s] -- Install configuration: ""
[0.179s] -- Up-to-date: /home/lucas-fang/ros2_Nav_ws/install/my_map_server/share/my_map_server/launch
[0.179s] -- Up-to-date: /home/lucas-fang/ros2_Nav_ws/install/my_map_server/share/my_map_server/launch/read_map_server.launch.py
[0.179s] -- Up-to-date: /home/lucas-fang/ros2_Nav_ws/install/my_map_server/share/ament_index/resource_index/package_run_dependencies/my_map_server
[0.181s] -- Up-to-date: /home/lucas-fang/ros2_Nav_ws/install/my_map_server/share/ament_index/resource_index/parent_prefix_path/my_map_server
[0.181s] -- Up-to-date: /home/lucas-fang/ros2_Nav_ws/install/my_map_server/share/my_map_server/environment/ament_prefix_path.sh
[0.181s] -- Up-to-date: /home/lucas-fang/ros2_Nav_ws/install/my_map_server/share/my_map_server/environment/ament_prefix_path.dsv
[0.181s] -- Up-to-date: /home/lucas-fang/ros2_Nav_ws/install/my_map_server/share/my_map_server/environment/path.sh
[0.181s] -- Up-to-date: /home/lucas-fang/ros2_Nav_ws/install/my_map_server/share/my_map_server/environment/path.dsv
[0.181s] -- Up-to-date: /home/lucas-fang/ros2_Nav_ws/install/my_map_server/share/my_map_server/local_setup.bash
[0.181s] -- Up-to-date: /home/lucas-fang/ros2_Nav_ws/install/my_map_server/share/my_map_server/local_setup.sh
[0.181s] -- Up-to-date: /home/lucas-fang/ros2_Nav_ws/install/my_map_server/share/my_map_server/local_setup.zsh
[0.181s] -- Up-to-date: /home/lucas-fang/ros2_Nav_ws/install/my_map_server/share/my_map_server/local_setup.dsv
[0.181s] -- Installing: /home/lucas-fang/ros2_Nav_ws/install/my_map_server/share/my_map_server/package.dsv
[0.188s] -- Up-to-date: /home/lucas-fang/ros2_Nav_ws/install/my_map_server/share/ament_index/resource_index/packages/my_map_server
[0.189s] -- Up-to-date: /home/lucas-fang/ros2_Nav_ws/install/my_map_server/share/my_map_server/cmake/my_map_serverConfig.cmake
[0.190s] -- Up-to-date: /home/lucas-fang/ros2_Nav_ws/install/my_map_server/share/my_map_server/cmake/my_map_serverConfig-version.cmake
[0.190s] -- Up-to-date: /home/lucas-fang/ros2_Nav_ws/install/my_map_server/share/my_map_server/package.xml
[0.190s] Invoked command in '/home/lucas-fang/ros2_Nav_ws/build/my_map_server' returned '0': CMAKE_PREFIX_PATH=${CMAKE_PREFIX_PATH}:/opt/ros/humble /usr/bin/cmake --install /home/lucas-fang/ros2_Nav_ws/build/my_map_server
