[ 25%] Built target my_serial_lib
[ 50%] Built target odom
[35m[1mConsolidate compiler generated dependencies of target chat_stm32[0m
[ 75%] Built target get_imu_ros2
[ 87%] [32mBuilding CXX object CMakeFiles/chat_stm32.dir/src/chat_stm32.cpp.o[0m
[100%] [32m[1mLinking CXX executable chat_stm32[0m
[100%] Built target chat_stm32
-- Install configuration: ""
-- Up-to-date: /home/lucas-fang/ros2_Nav_ws/install/serial_pkg/lib/serial_pkg/libmy_serial_lib.a
-- Up-to-date: /home/lucas-fang/ros2_Nav_ws/install/serial_pkg/lib/serial_pkg/get_imu_ros2
-- Up-to-date: /home/lucas-fang/ros2_Nav_ws/install/serial_pkg/lib/serial_pkg/odom
-- Installing: /home/lucas-fang/ros2_Nav_ws/install/serial_pkg/lib/serial_pkg/chat_stm32
-- Set runtime path of "/home/lucas-fang/ros2_Nav_ws/install/serial_pkg/lib/serial_pkg/chat_stm32" to ""
-- Up-to-date: /home/lucas-fang/ros2_Nav_ws/install/serial_pkg/include/
-- Up-to-date: /home/lucas-fang/ros2_Nav_ws/install/serial_pkg/include//serial_pkg
-- Up-to-date: /home/lucas-fang/ros2_Nav_ws/install/serial_pkg/include//serial_pkg/crc16.h
-- Up-to-date: /home/lucas-fang/ros2_Nav_ws/install/serial_pkg/share/ament_index/resource_index/package_run_dependencies/serial_pkg
-- Up-to-date: /home/lucas-fang/ros2_Nav_ws/install/serial_pkg/share/ament_index/resource_index/parent_prefix_path/serial_pkg
-- Up-to-date: /home/lucas-fang/ros2_Nav_ws/install/serial_pkg/share/serial_pkg/environment/ament_prefix_path.sh
-- Up-to-date: /home/lucas-fang/ros2_Nav_ws/install/serial_pkg/share/serial_pkg/environment/ament_prefix_path.dsv
-- Up-to-date: /home/lucas-fang/ros2_Nav_ws/install/serial_pkg/share/serial_pkg/environment/path.sh
-- Up-to-date: /home/lucas-fang/ros2_Nav_ws/install/serial_pkg/share/serial_pkg/environment/path.dsv
-- Up-to-date: /home/lucas-fang/ros2_Nav_ws/install/serial_pkg/share/serial_pkg/local_setup.bash
-- Up-to-date: /home/lucas-fang/ros2_Nav_ws/install/serial_pkg/share/serial_pkg/local_setup.sh
-- Up-to-date: /home/lucas-fang/ros2_Nav_ws/install/serial_pkg/share/serial_pkg/local_setup.zsh
-- Up-to-date: /home/lucas-fang/ros2_Nav_ws/install/serial_pkg/share/serial_pkg/local_setup.dsv
-- Installing: /home/lucas-fang/ros2_Nav_ws/install/serial_pkg/share/serial_pkg/package.dsv
-- Up-to-date: /home/lucas-fang/ros2_Nav_ws/install/serial_pkg/share/ament_index/resource_index/packages/serial_pkg
-- Up-to-date: /home/lucas-fang/ros2_Nav_ws/install/serial_pkg/share/serial_pkg/cmake/serial_pkgConfig.cmake
-- Up-to-date: /home/lucas-fang/ros2_Nav_ws/install/serial_pkg/share/serial_pkg/cmake/serial_pkgConfig-version.cmake
-- Up-to-date: /home/lucas-fang/ros2_Nav_ws/install/serial_pkg/share/serial_pkg/package.xml
