[0.010s] Invoking command in '/home/lucas-fang/ros2_Nav_ws/build/localization_pkg': CMAKE_PREFIX_PATH=${CMAKE_PREFIX_PATH}:/opt/ros/humble /usr/bin/cmake /home/lucas-fang/ros2_Nav_ws/src/localization_pkg -DCMAKE_EXPORT_COMPILE_COMMANDS=ON -DCMAKE_INSTALL_PREFIX=/home/lucas-fang/ros2_Nav_ws/install/localization_pkg
[0.023s] -- Found ament_cmake: 1.3.11 (/opt/ros/humble/share/ament_cmake/cmake)
[0.139s] -- Found rclcpp: 16.0.12 (/opt/ros/humble/share/rclcpp/cmake)
[0.166s] -- Found rosidl_generator_c: 3.1.6 (/opt/ros/humble/share/rosidl_generator_c/cmake)
[0.168s] -- Found rosidl_adapter: 3.1.6 (/opt/ros/humble/share/rosidl_adapter/cmake)
[0.173s] -- Found rosidl_generator_cpp: 3.1.6 (/opt/ros/humble/share/rosidl_generator_cpp/cmake)
[0.182s] -- Using all available rosidl_typesupport_c: rosidl_typesupport_fastrtps_c;rosidl_typesupport_introspection_c
[0.193s] -- Using all available rosidl_typesupport_cpp: rosidl_typesupport_fastrtps_cpp;rosidl_typesupport_introspection_cpp
[0.224s] -- Found rmw_implementation_cmake: 6.1.2 (/opt/ros/humble/share/rmw_implementation_cmake/cmake)
[0.226s] -- Found rmw_fastrtps_cpp: 6.2.7 (/opt/ros/humble/share/rmw_fastrtps_cpp/cmake)
[0.314s] -- Using RMW implementation 'rmw_fastrtps_cpp' as default
[0.358s] -- Found robot_localization: 3.5.4 (/opt/ros/humble/share/robot_localization/cmake)
[0.422s] -- Found tf2_ros: 0.25.13 (/opt/ros/humble/share/tf2_ros/cmake)
[0.488s] -- Found nav_msgs: 4.9.0 (/opt/ros/humble/share/nav_msgs/cmake)
[0.503s] -- Found sensor_msgs: 4.9.0 (/opt/ros/humble/share/sensor_msgs/cmake)
[0.519s] -- Found ament_lint_auto: 0.12.12 (/opt/ros/humble/share/ament_lint_auto/cmake)
[0.593s] -- Added test 'flake8' to check Python code syntax and style conventions
[0.593s] -- Added test 'lint_cmake' to check CMake code style
[0.594s] -- Added test 'pep257' to check Python code against some of the docstring style conventions in PEP 257
[0.595s] -- Added test 'xmllint' to check XML markup files
[0.597s] -- Configuring done
[0.604s] -- Generating done
[0.607s] -- Build files have been written to: /home/lucas-fang/ros2_Nav_ws/build/localization_pkg
[0.615s] Invoked command in '/home/lucas-fang/ros2_Nav_ws/build/localization_pkg' returned '0': CMAKE_PREFIX_PATH=${CMAKE_PREFIX_PATH}:/opt/ros/humble /usr/bin/cmake /home/lucas-fang/ros2_Nav_ws/src/localization_pkg -DCMAKE_EXPORT_COMPILE_COMMANDS=ON -DCMAKE_INSTALL_PREFIX=/home/lucas-fang/ros2_Nav_ws/install/localization_pkg
[0.616s] Invoking command in '/home/lucas-fang/ros2_Nav_ws/build/localization_pkg': CMAKE_PREFIX_PATH=${CMAKE_PREFIX_PATH}:/opt/ros/humble /usr/bin/cmake --build /home/lucas-fang/ros2_Nav_ws/build/localization_pkg -- -j4 -l4
[0.653s] Invoked command in '/home/lucas-fang/ros2_Nav_ws/build/localization_pkg' returned '0': CMAKE_PREFIX_PATH=${CMAKE_PREFIX_PATH}:/opt/ros/humble /usr/bin/cmake --build /home/lucas-fang/ros2_Nav_ws/build/localization_pkg -- -j4 -l4
[0.663s] Invoking command in '/home/lucas-fang/ros2_Nav_ws/build/localization_pkg': CMAKE_PREFIX_PATH=${CMAKE_PREFIX_PATH}:/opt/ros/humble /usr/bin/cmake --install /home/lucas-fang/ros2_Nav_ws/build/localization_pkg
[0.669s] -- Install configuration: ""
[0.670s] -- Installing: /home/lucas-fang/ros2_Nav_ws/install/localization_pkg/share/ament_index/resource_index/package_run_dependencies/localization_pkg
[0.670s] -- Installing: /home/lucas-fang/ros2_Nav_ws/install/localization_pkg/share/ament_index/resource_index/parent_prefix_path/localization_pkg
[0.670s] -- Installing: /home/lucas-fang/ros2_Nav_ws/install/localization_pkg/share/localization_pkg/environment/ament_prefix_path.sh
[0.670s] -- Installing: /home/lucas-fang/ros2_Nav_ws/install/localization_pkg/share/localization_pkg/environment/ament_prefix_path.dsv
[0.670s] -- Installing: /home/lucas-fang/ros2_Nav_ws/install/localization_pkg/share/localization_pkg/environment/path.sh
[0.671s] -- Installing: /home/lucas-fang/ros2_Nav_ws/install/localization_pkg/share/localization_pkg/environment/path.dsv
[0.671s] -- Installing: /home/lucas-fang/ros2_Nav_ws/install/localization_pkg/share/localization_pkg/local_setup.bash
[0.671s] -- Installing: /home/lucas-fang/ros2_Nav_ws/install/localization_pkg/share/localization_pkg/local_setup.sh
[0.671s] -- Installing: /home/lucas-fang/ros2_Nav_ws/install/localization_pkg/share/localization_pkg/local_setup.zsh
[0.671s] -- Installing: /home/lucas-fang/ros2_Nav_ws/install/localization_pkg/share/localization_pkg/local_setup.dsv
[0.671s] -- Installing: /home/lucas-fang/ros2_Nav_ws/install/localization_pkg/share/localization_pkg/package.dsv
[0.672s] -- Installing: /home/lucas-fang/ros2_Nav_ws/install/localization_pkg/share/ament_index/resource_index/packages/localization_pkg
[0.672s] -- Installing: /home/lucas-fang/ros2_Nav_ws/install/localization_pkg/share/localization_pkg/cmake/localization_pkgConfig.cmake
[0.672s] -- Installing: /home/lucas-fang/ros2_Nav_ws/install/localization_pkg/share/localization_pkg/cmake/localization_pkgConfig-version.cmake
[0.672s] -- Installing: /home/lucas-fang/ros2_Nav_ws/install/localization_pkg/share/localization_pkg/package.xml
[0.673s] Invoked command in '/home/lucas-fang/ros2_Nav_ws/build/localization_pkg' returned '0': CMAKE_PREFIX_PATH=${CMAKE_PREFIX_PATH}:/opt/ros/humble /usr/bin/cmake --install /home/lucas-fang/ros2_Nav_ws/build/localization_pkg
