[0.010s] Invoking command in '/home/lucas-fang/ros2_Nav_ws/build/serial_pkg': CMAKE_PREFIX_PATH=/opt/ros/humble /usr/bin/cmake --build /home/lucas-fang/ros2_Nav_ws/build/serial_pkg -- -j4 -l4
[0.031s] -- Found ament_cmake: 1.3.11 (/opt/ros/humble/share/ament_cmake/cmake)
[0.142s] -- Found rclcpp: 16.0.12 (/opt/ros/humble/share/rclcpp/cmake)
[0.166s] -- Found rosidl_generator_c: 3.1.6 (/opt/ros/humble/share/rosidl_generator_c/cmake)
[0.169s] -- Found rosidl_adapter: 3.1.6 (/opt/ros/humble/share/rosidl_adapter/cmake)
[0.174s] -- Found rosidl_generator_cpp: 3.1.6 (/opt/ros/humble/share/rosidl_generator_cpp/cmake)
[0.182s] -- Using all available rosidl_typesupport_c: rosidl_typesupport_fastrtps_c;rosidl_typesupport_introspection_c
[0.194s] -- Using all available rosidl_typesupport_cpp: rosidl_typesupport_fastrtps_cpp;rosidl_typesupport_introspection_cpp
[0.223s] -- Found rmw_implementation_cmake: 6.1.2 (/opt/ros/humble/share/rmw_implementation_cmake/cmake)
[0.224s] -- Found rmw_fastrtps_cpp: 6.2.7 (/opt/ros/humble/share/rmw_fastrtps_cpp/cmake)
[0.305s] -- Using RMW implementation 'rmw_fastrtps_cpp' as default
[0.348s] -- Found serial_driver: 1.2.0 (/opt/ros/humble/share/serial_driver/cmake)
[0.363s] -- Found asio_cmake_module: 1.2.0 (/opt/ros/humble/share/asio_cmake_module/cmake)
[0.403s] -- Found ament_lint_auto: 0.12.12 (/opt/ros/humble/share/ament_lint_auto/cmake)
[0.466s] -- Added test 'cppcheck' to perform static code analysis on C / C++ code
[0.466s] -- Configured cppcheck include dirs: $<BUILD_INTERFACE:/home/lucas-fang/ros2_Nav_ws/src/serial_pkg/include>
[0.466s] -- Configured cppcheck exclude dirs and/or files: 
[0.467s] -- Added test 'lint_cmake' to check CMake code style
[0.468s] -- Added test 'uncrustify' to check C / C++ code style
[0.468s] -- Configured uncrustify additional arguments: 
[0.468s] -- Added test 'xmllint' to check XML markup files
[0.469s] -- Configuring done
[0.490s] -- Generating done
[0.495s] -- Build files have been written to: /home/lucas-fang/ros2_Nav_ws/build/serial_pkg
[0.529s] [ 25%] [32mBuilding CXX object CMakeFiles/my_serial_lib.dir/src/crc16.cpp.o[0m
[0.537s] [01m[K/home/lucas-fang/ros2_Nav_ws/src/serial_pkg/src/crc16.cpp:1:10:[m[K [01;31m[Kfatal error: [m[Kcrc16.h: No such file or directory
[0.537s]     1 | #include [01;31m[K"crc16.h"[m[K
[0.537s]       |          [01;31m[K^~~~~~~~~[m[K
[0.537s] compilation terminated.
[0.538s] gmake[2]: *** [CMakeFiles/my_serial_lib.dir/build.make:76: CMakeFiles/my_serial_lib.dir/src/crc16.cpp.o] Error 1
[0.538s] gmake[1]: *** [CMakeFiles/Makefile2:139: CMakeFiles/my_serial_lib.dir/all] Error 2
[0.538s] gmake: *** [Makefile:146: all] Error 2
[0.541s] Invoked command in '/home/lucas-fang/ros2_Nav_ws/build/serial_pkg' returned '2': CMAKE_PREFIX_PATH=/opt/ros/humble /usr/bin/cmake --build /home/lucas-fang/ros2_Nav_ws/build/serial_pkg -- -j4 -l4
