[0.023s] Invoking command in '/home/lucas-fang/ros2_Nav_ws/build/localization_pkg': CMAKE_PREFIX_PATH=${CMAKE_PREFIX_PATH}:/opt/ros/humble /usr/bin/cmake --build /home/lucas-fang/ros2_Nav_ws/build/localization_pkg -- -j4 -l4
[0.071s] -- Found ament_cmake: 1.3.11 (/opt/ros/humble/share/ament_cmake/cmake)
[0.317s] -- Found rclcpp: 16.0.12 (/opt/ros/humble/share/rclcpp/cmake)
[0.399s] -- Found rosidl_generator_c: 3.1.6 (/opt/ros/humble/share/rosidl_generator_c/cmake)
[0.407s] -- Found rosidl_adapter: 3.1.6 (/opt/ros/humble/share/rosidl_adapter/cmake)
[0.422s] -- Found rosidl_generator_cpp: 3.1.6 (/opt/ros/humble/share/rosidl_generator_cpp/cmake)
[0.452s] -- Using all available rosidl_typesupport_c: rosidl_typesupport_fastrtps_c;rosidl_typesupport_introspection_c
[0.489s] -- Using all available rosidl_typesupport_cpp: rosidl_typesupport_fastrtps_cpp;rosidl_typesupport_introspection_cpp
[0.563s] -- Found rmw_implementation_cmake: 6.1.2 (/opt/ros/humble/share/rmw_implementation_cmake/cmake)
[0.567s] -- Found rmw_fastrtps_cpp: 6.2.7 (/opt/ros/humble/share/rmw_fastrtps_cpp/cmake)
[0.755s] -- Using RMW implementation 'rmw_fastrtps_cpp' as default
[0.892s] -- Found robot_localization: 3.5.4 (/opt/ros/humble/share/robot_localization/cmake)
[1.075s] -- Found tf2_ros: 0.25.13 (/opt/ros/humble/share/tf2_ros/cmake)
[1.225s] -- Found nav_msgs: 4.9.0 (/opt/ros/humble/share/nav_msgs/cmake)
[1.252s] -- Found sensor_msgs: 4.9.0 (/opt/ros/humble/share/sensor_msgs/cmake)
[1.279s] -- Found nav2_amcl: 1.1.18 (/opt/ros/humble/share/nav2_amcl/cmake)
[1.316s] -- Found eigen3_cmake_module: 0.1.1 (/opt/ros/humble/share/eigen3_cmake_module/cmake)
[1.318s] -- Ensuring Eigen3 include directory is part of orocos-kdl CMake target
[1.422s] -- Found ament_lint_auto: 0.12.12 (/opt/ros/humble/share/ament_lint_auto/cmake)
[1.497s] -- Added test 'flake8' to check Python code syntax and style conventions
[1.498s] -- Added test 'lint_cmake' to check CMake code style
[1.499s] -- Added test 'pep257' to check Python code against some of the docstring style conventions in PEP 257
[1.500s] -- Added test 'xmllint' to check XML markup files
[1.501s] -- Configuring done
[1.509s] -- Generating done
[1.511s] -- Build files have been written to: /home/lucas-fang/ros2_Nav_ws/build/localization_pkg
[1.539s] Invoked command in '/home/lucas-fang/ros2_Nav_ws/build/localization_pkg' returned '0': CMAKE_PREFIX_PATH=${CMAKE_PREFIX_PATH}:/opt/ros/humble /usr/bin/cmake --build /home/lucas-fang/ros2_Nav_ws/build/localization_pkg -- -j4 -l4
[1.540s] Invoking command in '/home/lucas-fang/ros2_Nav_ws/build/localization_pkg': CMAKE_PREFIX_PATH=${CMAKE_PREFIX_PATH}:/opt/ros/humble /usr/bin/cmake --install /home/lucas-fang/ros2_Nav_ws/build/localization_pkg
[1.551s] -- Install configuration: ""
[1.552s] -- Up-to-date: /home/lucas-fang/ros2_Nav_ws/install/localization_pkg/share/localization_pkg/launch
[1.552s] -- Up-to-date: /home/lucas-fang/ros2_Nav_ws/install/localization_pkg/share/localization_pkg/launch/map_server.launch.py
[1.552s] -- Up-to-date: /home/lucas-fang/ros2_Nav_ws/install/localization_pkg/share/localization_pkg/launch/mycar_amcl.launch.py
[1.552s] -- Up-to-date: /home/lucas-fang/ros2_Nav_ws/install/localization_pkg/share/localization_pkg/launch/driver_ekf_launch.py
[1.552s] -- Up-to-date: /home/lucas-fang/ros2_Nav_ws/install/localization_pkg/share/localization_pkg/params
[1.552s] -- Up-to-date: /home/lucas-fang/ros2_Nav_ws/install/localization_pkg/share/localization_pkg/params/ekf.yaml
[1.553s] -- Up-to-date: /home/lucas-fang/ros2_Nav_ws/install/localization_pkg/share/localization_pkg/params/amcl.yaml
[1.553s] -- Up-to-date: /home/lucas-fang/ros2_Nav_ws/install/localization_pkg/share/ament_index/resource_index/package_run_dependencies/localization_pkg
[1.553s] -- Installing: /home/lucas-fang/ros2_Nav_ws/install/localization_pkg/share/ament_index/resource_index/parent_prefix_path/localization_pkg
[1.553s] -- Up-to-date: /home/lucas-fang/ros2_Nav_ws/install/localization_pkg/share/localization_pkg/environment/ament_prefix_path.sh
[1.553s] -- Installing: /home/lucas-fang/ros2_Nav_ws/install/localization_pkg/share/localization_pkg/environment/ament_prefix_path.dsv
[1.553s] -- Up-to-date: /home/lucas-fang/ros2_Nav_ws/install/localization_pkg/share/localization_pkg/environment/path.sh
[1.553s] -- Installing: /home/lucas-fang/ros2_Nav_ws/install/localization_pkg/share/localization_pkg/environment/path.dsv
[1.553s] -- Up-to-date: /home/lucas-fang/ros2_Nav_ws/install/localization_pkg/share/localization_pkg/local_setup.bash
[1.553s] -- Up-to-date: /home/lucas-fang/ros2_Nav_ws/install/localization_pkg/share/localization_pkg/local_setup.sh
[1.553s] -- Up-to-date: /home/lucas-fang/ros2_Nav_ws/install/localization_pkg/share/localization_pkg/local_setup.zsh
[1.553s] -- Installing: /home/lucas-fang/ros2_Nav_ws/install/localization_pkg/share/localization_pkg/local_setup.dsv
[1.553s] -- Installing: /home/lucas-fang/ros2_Nav_ws/install/localization_pkg/share/localization_pkg/package.dsv
[1.553s] -- Up-to-date: /home/lucas-fang/ros2_Nav_ws/install/localization_pkg/share/ament_index/resource_index/packages/localization_pkg
[1.554s] -- Up-to-date: /home/lucas-fang/ros2_Nav_ws/install/localization_pkg/share/localization_pkg/cmake/localization_pkgConfig.cmake
[1.554s] -- Up-to-date: /home/lucas-fang/ros2_Nav_ws/install/localization_pkg/share/localization_pkg/cmake/localization_pkgConfig-version.cmake
[1.554s] -- Up-to-date: /home/lucas-fang/ros2_Nav_ws/install/localization_pkg/share/localization_pkg/package.xml
[1.557s] Invoked command in '/home/lucas-fang/ros2_Nav_ws/build/localization_pkg' returned '0': CMAKE_PREFIX_PATH=${CMAKE_PREFIX_PATH}:/opt/ros/humble /usr/bin/cmake --install /home/lucas-fang/ros2_Nav_ws/build/localization_pkg
