[01m[K/home/lucas-fang/ros2_Nav_ws/src/base_driver_pkg/src/odom_node.cpp:34:31:[m[K [01;31m[Kerror: [m[K‘[01m[Kbase_interfaces[m[K’ does not name a type
   34 |       void imu_callback(const [01;31m[Kbase_interfaces[m[K::msg::Imu::ConstSharedPtr msg)
      |                               [01;31m[K^~~~~~~~~~~~~~~[m[K
[01m[K/home/lucas-fang/ros2_Nav_ws/src/base_driver_pkg/src/odom_node.cpp:34:51:[m[K [01;31m[Kerror: [m[Kexpected unqualified-id before ‘[01m[K::[m[K’ token
   34 |       void imu_callback(const base_interfaces::msg[01;31m[K::[m[KImu::ConstSharedPtr msg)
      |                                                   [01;31m[K^~[m[K
[01m[K/home/lucas-fang/ros2_Nav_ws/src/base_driver_pkg/src/odom_node.cpp:34:51:[m[K [01;31m[Kerror: [m[Kexpected ‘[01m[K)[m[K’ before ‘[01m[K::[m[K’ token
   34 |       void imu_callback[34m[K([m[Kconst base_interfaces::msg[01;31m[K:[m[K[32m[K:[m[KImu::ConstSharedPtr msg)
      |                        [34m[K~[m[K                          [01;31m[K^[m[K[32m[K~[m[K
      |                                                   [32m[K)[m[K
[01m[K/home/lucas-fang/ros2_Nav_ws/src/base_driver_pkg/src/odom_node.cpp:34:48:[m[K [01;31m[Kerror: [m[Kexpected ‘[01m[K;[m[K’ at end of member declaration
   34 |       void imu_callback(const base_interfaces::[01;31m[Kmsg[m[K::Imu::ConstSharedPtr msg)
      |                                                [01;31m[K^~~[m[K
      |                                                   [32m[K;[m[K
[01m[K/home/lucas-fang/ros2_Nav_ws/src/base_driver_pkg/src/odom_node.cpp:34:53:[m[K [01;31m[Kerror: [m[K‘[01m[KImu[m[K’ in namespace ‘[01m[K::[m[K’ does not name a type
   34 |       void imu_callback(const base_interfaces::msg::[01;31m[KImu[m[K::ConstSharedPtr msg)
      |                                                     [01;31m[K^~~[m[K
[01m[K/home/lucas-fang/ros2_Nav_ws/src/base_driver_pkg/src/odom_node.cpp:42:33:[m[K [01;31m[Kerror: [m[K‘[01m[Kbase_interfaces[m[K’ does not name a type
   42 |       void topic_callback(const [01;31m[Kbase_interfaces[m[K::msg::Robot::ConstSharedPtr msg)
      |                                 [01;31m[K^~~~~~~~~~~~~~~[m[K
[01m[K/home/lucas-fang/ros2_Nav_ws/src/base_driver_pkg/src/odom_node.cpp:42:53:[m[K [01;31m[Kerror: [m[Kexpected unqualified-id before ‘[01m[K::[m[K’ token
   42 |       void topic_callback(const base_interfaces::msg[01;31m[K::[m[KRobot::ConstSharedPtr msg)
      |                                                     [01;31m[K^~[m[K
[01m[K/home/lucas-fang/ros2_Nav_ws/src/base_driver_pkg/src/odom_node.cpp:42:53:[m[K [01;31m[Kerror: [m[Kexpected ‘[01m[K)[m[K’ before ‘[01m[K::[m[K’ token
   42 |       void topic_callback[34m[K([m[Kconst base_interfaces::msg[01;31m[K:[m[K[32m[K:[m[KRobot::ConstSharedPtr msg)
      |                          [34m[K~[m[K                          [01;31m[K^[m[K[32m[K~[m[K
      |                                                     [32m[K)[m[K
[01m[K/home/lucas-fang/ros2_Nav_ws/src/base_driver_pkg/src/odom_node.cpp:42:50:[m[K [01;31m[Kerror: [m[Kexpected ‘[01m[K;[m[K’ at end of member declaration
   42 |       void topic_callback(const base_interfaces::[01;31m[Kmsg[m[K::Robot::ConstSharedPtr msg)
      |                                                  [01;31m[K^~~[m[K
      |                                                     [32m[K;[m[K
[01m[K/home/lucas-fang/ros2_Nav_ws/src/base_driver_pkg/src/odom_node.cpp:42:55:[m[K [01;31m[Kerror: [m[K‘[01m[KRobot[m[K’ in namespace ‘[01m[K::[m[K’ does not name a type
   42 |       void topic_callback(const base_interfaces::msg::[01;31m[KRobot[m[K::ConstSharedPtr msg)
      |                                                       [01;31m[K^~~~~[m[K
[01m[K/home/lucas-fang/ros2_Nav_ws/src/base_driver_pkg/src/odom_node.cpp:[m[K In constructor ‘[01m[KCala_Odom::Cala_Odom()[m[K’:
[01m[K/home/lucas-fang/ros2_Nav_ws/src/base_driver_pkg/src/odom_node.cpp:20:48:[m[K [01;31m[Kerror: [m[K‘[01m[Kbase_interfaces[m[K’ was not declared in this scope; did you mean ‘[01m[Krcl_interfaces[m[K’?
   20 |         sub_robot_ = this->create_subscription<[01;31m[Kbase_interfaces[m[K::msg::Robot>("robot/speed", 10,
      |                                                [01;31m[K^~~~~~~~~~~~~~~[m[K
      |                                                [32m[Krcl_interfaces[m[K
[01m[K/home/lucas-fang/ros2_Nav_ws/src/base_driver_pkg/src/odom_node.cpp:20:28:[m[K [01;31m[Kerror: [m[Kparse error in template argument list
   20 |         sub_robot_ = this->[01;31m[Kcreate_subscription<base_interfaces::msg::Robot>[m[K("robot/speed", 10,
      |                            [01;31m[K^~~~~~~~~~~~~~~~~~~~~~~~~~~~~~~~~~~~~~~~~~~~~~~~[m[K
[01m[K/home/lucas-fang/ros2_Nav_ws/src/base_driver_pkg/src/odom_node.cpp:20:76:[m[K [01;31m[Kerror: [m[Kno matching function for call to ‘[01m[KCala_Odom::create_subscription<<expression error> >(const char [12], int, std::_Bind_helper<false, void (Cala_Odom::*)(...), Cala_Odom*, const std::_Placeholder<1>&>::type)[m[K’
   20 |         sub_robot_ = [01;31m[Kthis->create_subscription<base_interfaces::msg::Robot>("robot/speed", 10,[m[K
      |                      [01;31m[K~~~~~~~~~~~~~~~~~~~~~~~~~~~~~~~~~~~~~~~~~~~~~~~~~~~~~~^~~~~~~~~~~~~~~~~~~[m[K
   21 | [01;31m[K          std::bind(&Cala_Odom::topic_callback, this, std::placeholders::_1))[m[K;
      |           [01;31m[K~~~~~~~~~~~~~~~~~~~~~~~~~~~~~~~~~~~~~~~~~~~~~~~~~~~~~~~~~~~~~~~~~~~[m[K
In file included from [01m[K/opt/ros/humble/include/rclcpp/rclcpp/node.hpp:1321[m[K,
                 from [01m[K/opt/ros/humble/include/rclcpp/rclcpp/executors/single_threaded_executor.hpp:28[m[K,
                 from [01m[K/opt/ros/humble/include/rclcpp/rclcpp/executors.hpp:22[m[K,
                 from [01m[K/opt/ros/humble/include/rclcpp/rclcpp/rclcpp.hpp:155[m[K,
                 from [01m[K/home/lucas-fang/ros2_Nav_ws/src/base_driver_pkg/src/odom_node.cpp:1[m[K:
[01m[K/opt/ros/humble/include/rclcpp/rclcpp/node_impl.hpp:92:1:[m[K [01;36m[Knote: [m[Kcandidate: ‘[01m[Ktemplate<class MessageT, class CallbackT, class AllocatorT, class SubscriptionT, class MessageMemoryStrategyT> std::shared_ptr<ROSMessageT> rclcpp::Node::create_subscription(const string&, const rclcpp::QoS&, CallbackT&&, const rclcpp::SubscriptionOptionsWithAllocator<AllocatorT>&, typename MessageMemoryStrategyT::SharedPtr)[m[K’
   92 | [01;36m[KNode[m[K::create_subscription(
      | [01;36m[K^~~~[m[K
[01m[K/opt/ros/humble/include/rclcpp/rclcpp/node_impl.hpp:92:1:[m[K [01;36m[Knote: [m[K  template argument deduction/substitution failed:
[01m[K/home/lucas-fang/ros2_Nav_ws/src/base_driver_pkg/src/odom_node.cpp:20:76:[m[K [01;31m[Kerror: [m[Ktemplate argument 1 is invalid
   20 |         sub_robot_ = [01;31m[Kthis->create_subscription<base_interfaces::msg::Robot>("robot/speed", 10,[m[K
      |                      [01;31m[K~~~~~~~~~~~~~~~~~~~~~~~~~~~~~~~~~~~~~~~~~~~~~~~~~~~~~~^~~~~~~~~~~~~~~~~~~[m[K
   21 | [01;31m[K          std::bind(&Cala_Odom::topic_callback, this, std::placeholders::_1))[m[K;
      |           [01;31m[K~~~~~~~~~~~~~~~~~~~~~~~~~~~~~~~~~~~~~~~~~~~~~~~~~~~~~~~~~~~~~~~~~~~[m[K
In file included from [01m[K/opt/ros/humble/include/rclcpp/rclcpp/client.hpp:39[m[K,
                 from [01m[K/opt/ros/humble/include/rclcpp/rclcpp/callback_group.hpp:24[m[K,
                 from [01m[K/opt/ros/humble/include/rclcpp/rclcpp/any_executable.hpp:20[m[K,
                 from [01m[K/opt/ros/humble/include/rclcpp/rclcpp/memory_strategy.hpp:25[m[K,
                 from [01m[K/opt/ros/humble/include/rclcpp/rclcpp/memory_strategies.hpp:18[m[K,
                 from [01m[K/opt/ros/humble/include/rclcpp/rclcpp/executor_options.hpp:20[m[K,
                 from [01m[K/opt/ros/humble/include/rclcpp/rclcpp/executor.hpp:37[m[K,
                 from [01m[K/opt/ros/humble/include/rclcpp/rclcpp/executors/multi_threaded_executor.hpp:25[m[K,
                 from [01m[K/opt/ros/humble/include/rclcpp/rclcpp/executors.hpp:21[m[K,
                 from [01m[K/opt/ros/humble/include/rclcpp/rclcpp/rclcpp.hpp:155[m[K,
                 from [01m[K/home/lucas-fang/ros2_Nav_ws/src/base_driver_pkg/src/odom_node.cpp:1[m[K:
/opt/ros/humble/include/rclcpp/rclcpp/function_traits.hpp: In instantiation of ‘[01m[Kstruct rclcpp::function_traits::function_traits<std::_Bind<void (Cala_Odom::*(Cala_Odom*, std::_Placeholder<1>))(...)> >[m[K’:
[01m[K/opt/ros/humble/include/rclcpp/rclcpp/any_subscription_callback.hpp:380:10:[m[K   recursively required by substitution of ‘[01m[Ktemplate<class MessageT, class CallbackT> struct rclcpp::detail::SubscriptionCallbackTypeHelper<MessageT, CallbackT, typename std::enable_if<rclcpp::function_traits::same_arguments<CallbackT, std::function<void(std::shared_ptr<_Tp>, const rclcpp::MessageInfo&)> >::value, void>::type> [with MessageT = sensor_msgs::msg::Imu_<std::allocator<void> >; CallbackT = std::_Bind<void (Cala_Odom::*(Cala_Odom*, std::_Placeholder<1>))(...)>][m[K’
[01m[K/opt/ros/humble/include/rclcpp/rclcpp/any_subscription_callback.hpp:380:10:[m[K   required from ‘[01m[Krclcpp::AnySubscriptionCallback<MessageT, AllocatorT> rclcpp::AnySubscriptionCallback<MessageT, AllocatorT>::set(CallbackT) [with CallbackT = std::_Bind<void (Cala_Odom::*(Cala_Odom*, std::_Placeholder<1>))(...)>; MessageT = sensor_msgs::msg::Imu_<std::allocator<void> >; AllocatorT = std::allocator<void>][m[K’
[01m[K/opt/ros/humble/include/rclcpp/rclcpp/subscription_factory.hpp:94:32:[m[K   required from ‘[01m[Krclcpp::SubscriptionFactory rclcpp::create_subscription_factory(CallbackT&&, const rclcpp::SubscriptionOptionsWithAllocator<AllocatorT>&, typename MessageMemoryStrategyT::SharedPtr, std::shared_ptr<rclcpp::topic_statistics::SubscriptionTopicStatistics<ROSMessageType> >) [with MessageT = sensor_msgs::msg::Imu_<std::allocator<void> >; CallbackT = std::_Bind<void (Cala_Odom::*(Cala_Odom*, std::_Placeholder<1>))(...)>; AllocatorT = std::allocator<void>; SubscriptionT = rclcpp::Subscription<sensor_msgs::msg::Imu_<std::allocator<void> > >; MessageMemoryStrategyT = rclcpp::message_memory_strategy::MessageMemoryStrategy<sensor_msgs::msg::Imu_<std::allocator<void> >, std::allocator<void> >; ROSMessageType = sensor_msgs::msg::Imu_<std::allocator<void> >; typename MessageMemoryStrategyT::SharedPtr = std::shared_ptr<rclcpp::message_memory_strategy::MessageMemoryStrategy<sensor_msgs::msg::Imu_<std::allocator<void> >, std::allocator<void> > >][m[K’
[01m[K/opt/ros/humble/include/rclcpp/rclcpp/create_subscription.hpp:122:63:[m[K   required from ‘[01m[Kstd::shared_ptr<ROSMessageT> rclcpp::detail::create_subscription(NodeParametersT&, NodeTopicsT&, const string&, const rclcpp::QoS&, CallbackT&&, const rclcpp::SubscriptionOptionsWithAllocator<AllocatorT>&, typename MessageMemoryStrategyT::SharedPtr) [with MessageT = sensor_msgs::msg::Imu_<std::allocator<void> >; CallbackT = std::_Bind<void (Cala_Odom::*(Cala_Odom*, std::_Placeholder<1>))(...)>; AllocatorT = std::allocator<void>; SubscriptionT = rclcpp::Subscription<sensor_msgs::msg::Imu_<std::allocator<void> > >; MessageMemoryStrategyT = rclcpp::message_memory_strategy::MessageMemoryStrategy<sensor_msgs::msg::Imu_<std::allocator<void> >, std::allocator<void> >; NodeParametersT = rclcpp::Node; NodeTopicsT = rclcpp::Node; ROSMessageType = sensor_msgs::msg::Imu_<std::allocator<void> >; std::string = std::__cxx11::basic_string<char>; typename MessageMemoryStrategyT::SharedPtr = std::shared_ptr<rclcpp::message_memory_strategy::MessageMemoryStrategy<sensor_msgs::msg::Imu_<std::allocator<void> >, std::allocator<void> > >][m[K’
[01m[K/opt/ros/humble/include/rclcpp/rclcpp/create_subscription.hpp:191:76:[m[K   required from ‘[01m[Kstd::shared_ptr<ROSMessageT> rclcpp::create_subscription(NodeT&, const string&, const rclcpp::QoS&, CallbackT&&, const rclcpp::SubscriptionOptionsWithAllocator<AllocatorT>&, typename MessageMemoryStrategyT::SharedPtr) [with MessageT = sensor_msgs::msg::Imu_<std::allocator<void> >; CallbackT = std::_Bind<void (Cala_Odom::*(Cala_Odom*, std::_Placeholder<1>))(...)>; AllocatorT = std::allocator<void>; SubscriptionT = rclcpp::Subscription<sensor_msgs::msg::Imu_<std::allocator<void> > >; MessageMemoryStrategyT = rclcpp::message_memory_strategy::MessageMemoryStrategy<sensor_msgs::msg::Imu_<std::allocator<void> >, std::allocator<void> >; NodeT = rclcpp::Node; std::string = std::__cxx11::basic_string<char>; typename MessageMemoryStrategyT::SharedPtr = std::shared_ptr<rclcpp::message_memory_strategy::MessageMemoryStrategy<sensor_msgs::msg::Imu_<std::allocator<void> >, std::allocator<void> > >][m[K’
[01m[K/opt/ros/humble/include/rclcpp/rclcpp/node_impl.hpp:99:47:[m[K   required from ‘[01m[Kstd::shared_ptr<ROSMessageT> rclcpp::Node::create_subscription(const string&, const rclcpp::QoS&, CallbackT&&, const rclcpp::SubscriptionOptionsWithAllocator<AllocatorT>&, typename MessageMemoryStrategyT::SharedPtr) [with MessageT = sensor_msgs::msg::Imu_<std::allocator<void> >; CallbackT = std::_Bind<void (Cala_Odom::*(Cala_Odom*, std::_Placeholder<1>))(...)>; AllocatorT = std::allocator<void>; SubscriptionT = rclcpp::Subscription<sensor_msgs::msg::Imu_<std::allocator<void> > >; MessageMemoryStrategyT = rclcpp::message_memory_strategy::MessageMemoryStrategy<sensor_msgs::msg::Imu_<std::allocator<void> >, std::allocator<void> >; std::string = std::__cxx11::basic_string<char>; typename MessageMemoryStrategyT::SharedPtr = std::shared_ptr<rclcpp::message_memory_strategy::MessageMemoryStrategy<sensor_msgs::msg::Imu_<std::allocator<void> >, std::allocator<void> > >][m[K’
[01m[K/home/lucas-fang/ros2_Nav_ws/src/base_driver_pkg/src/odom_node.cpp:17:68:[m[K   required from here
[01m[K/opt/ros/humble/include/rclcpp/rclcpp/function_traits.hpp:51:9:[m[K [01;31m[Kerror: [m[K‘[01m[Kdecltype[m[K’ cannot resolve address of overloaded function
   51 |   using [01;31m[Karguments[m[K = typename tuple_tail<
      |         [01;31m[K^~~~~~~~~[m[K
[01m[K/opt/ros/humble/include/rclcpp/rclcpp/function_traits.hpp:57:9:[m[K [01;31m[Kerror: [m[K‘[01m[Kdecltype[m[K’ cannot resolve address of overloaded function
   57 |   using [01;31m[Kargument_type[m[K = typename std::tuple_element<N, arguments>::type;
      |         [01;31m[K^~~~~~~~~~~~~[m[K
[01m[K/opt/ros/humble/include/rclcpp/rclcpp/function_traits.hpp:59:9:[m[K [01;31m[Kerror: [m[K‘[01m[Kdecltype[m[K’ cannot resolve address of overloaded function
   59 |   using [01;31m[Kreturn_type[m[K = typename function_traits<decltype( &FunctionT::operator())>::return_type;
      |         [01;31m[K^~~~~~~~~~~[m[K
[01m[K/home/lucas-fang/ros2_Nav_ws/src/base_driver_pkg/src/stm32_node.cpp:[m[K In lambda function:
[01m[K/home/lucas-fang/ros2_Nav_ws/src/base_driver_pkg/src/stm32_node.cpp:88:79:[m[K [01;35m[Kwarning: [m[Kunused parameter ‘[01m[Ksize[m[K’ [[01;35m[K]8;;https://gcc.gnu.org/onlinedocs/gcc/Warning-Options.html#index-Wunused-parameter-Wunused-parameter]8;;[m[K]
   88 | ](const std::vector<uint8_t> &data,[01;35m[Kconst size_t &size[m[K)
      |                                    [01;35m[K~~~~~~~~~~~~~~^~~~[m[K

gmake[2]: *** [CMakeFiles/odom_node.dir/build.make:76: CMakeFiles/odom_node.dir/src/odom_node.cpp.o] Error 1
gmake[1]: *** [CMakeFiles/Makefile2:165: CMakeFiles/odom_node.dir/all] Error 2
gmake[1]: *** Waiting for unfinished jobs....
gmake: *** [Makefile:146: all] Error 2
