[0.025s] Invoking command in '/home/lucas-fang/ros2_Nav_ws/build/base_driver_pkg': CMAKE_PREFIX_PATH=${CMAKE_PREFIX_PATH}:/opt/ros/humble /usr/bin/cmake --build /home/lucas-fang/ros2_Nav_ws/build/base_driver_pkg -- -j4 -l4
[0.072s] -- Found ament_cmake: 1.3.11 (/opt/ros/humble/share/ament_cmake/cmake)
[0.362s] -- Found rclcpp: 16.0.12 (/opt/ros/humble/share/rclcpp/cmake)
[0.401s] -- Found rosidl_generator_c: 3.1.6 (/opt/ros/humble/share/rosidl_generator_c/cmake)
[0.404s] -- Found rosidl_adapter: 3.1.6 (/opt/ros/humble/share/rosidl_adapter/cmake)
[0.412s] -- Found rosidl_generator_cpp: 3.1.6 (/opt/ros/humble/share/rosidl_generator_cpp/cmake)
[0.424s] -- Using all available rosidl_typesupport_c: rosidl_typesupport_fastrtps_c;rosidl_typesupport_introspection_c
[0.443s] -- Using all available rosidl_typesupport_cpp: rosidl_typesupport_fastrtps_cpp;rosidl_typesupport_introspection_cpp
[0.489s] -- Found rmw_implementation_cmake: 6.1.2 (/opt/ros/humble/share/rmw_implementation_cmake/cmake)
[0.491s] -- Found rmw_fastrtps_cpp: 6.2.7 (/opt/ros/humble/share/rmw_fastrtps_cpp/cmake)
[0.612s] -- Using RMW implementation 'rmw_fastrtps_cpp' as default
[0.679s] -- Found serial_driver: 1.2.0 (/opt/ros/humble/share/serial_driver/cmake)
[0.704s] -- Found asio_cmake_module: 1.2.0 (/opt/ros/humble/share/asio_cmake_module/cmake)
[0.784s] -- Found geometry_msgs: 4.9.0 (/opt/ros/humble/share/geometry_msgs/cmake)
[0.805s] -- Found tf2: 0.25.13 (/opt/ros/humble/share/tf2/cmake)
[0.813s] -- Found tf2_ros: 0.25.13 (/opt/ros/humble/share/tf2_ros/cmake)
[0.909s] -- Found nav_msgs: 4.9.0 (/opt/ros/humble/share/nav_msgs/cmake)
[0.937s] -- Found sensor_msgs: 4.9.0 (/opt/ros/humble/share/sensor_msgs/cmake)
[0.977s] -- Found ament_lint_auto: 0.12.12 (/opt/ros/humble/share/ament_lint_auto/cmake)
[1.059s] -- Added test 'cppcheck' to perform static code analysis on C / C++ code
[1.059s] -- Configured cppcheck include dirs: $<BUILD_INTERFACE:/home/lucas-fang/ros2_Nav_ws/src/base_driver_pkg/include>
[1.059s] -- Configured cppcheck exclude dirs and/or files: 
[1.060s] -- Added test 'lint_cmake' to check CMake code style
[1.061s] -- Added test 'uncrustify' to check C / C++ code style
[1.061s] -- Configured uncrustify additional arguments: 
[1.061s] -- Added test 'xmllint' to check XML markup files
[1.062s] -- Configuring done
[1.099s] -- Generating done
[1.106s] -- Build files have been written to: /home/lucas-fang/ros2_Nav_ws/build/base_driver_pkg
[1.133s] [35m[1mConsolidate compiler generated dependencies of target stm32_node[0m
[1.142s] [ 25%] [32mBuilding CXX object CMakeFiles/odom_node.dir/src/odom_node.cpp.o[0m
[1.157s] [ 50%] [32mBuilding CXX object CMakeFiles/stm32_node.dir/src/stm32_node.cpp.o[0m
[3.680s] [01m[K/home/lucas-fang/ros2_Nav_ws/src/base_driver_pkg/src/odom_node.cpp:34:31:[m[K [01;31m[Kerror: [m[K‘[01m[Kbase_interfaces[m[K’ does not name a type
[3.680s]    34 |       void imu_callback(const [01;31m[Kbase_interfaces[m[K::msg::Imu::ConstSharedPtr msg)
[3.680s]       |                               [01;31m[K^~~~~~~~~~~~~~~[m[K
[3.680s] [01m[K/home/lucas-fang/ros2_Nav_ws/src/base_driver_pkg/src/odom_node.cpp:34:51:[m[K [01;31m[Kerror: [m[Kexpected unqualified-id before ‘[01m[K::[m[K’ token
[3.680s]    34 |       void imu_callback(const base_interfaces::msg[01;31m[K::[m[KImu::ConstSharedPtr msg)
[3.680s]       |                                                   [01;31m[K^~[m[K
[3.680s] [01m[K/home/lucas-fang/ros2_Nav_ws/src/base_driver_pkg/src/odom_node.cpp:34:51:[m[K [01;31m[Kerror: [m[Kexpected ‘[01m[K)[m[K’ before ‘[01m[K::[m[K’ token
[3.680s]    34 |       void imu_callback[34m[K([m[Kconst base_interfaces::msg[01;31m[K:[m[K[32m[K:[m[KImu::ConstSharedPtr msg)
[3.680s]       |                        [34m[K~[m[K                          [01;31m[K^[m[K[32m[K~[m[K
[3.680s]       |                                                   [32m[K)[m[K
[3.682s] [01m[K/home/lucas-fang/ros2_Nav_ws/src/base_driver_pkg/src/odom_node.cpp:34:48:[m[K [01;31m[Kerror: [m[Kexpected ‘[01m[K;[m[K’ at end of member declaration
[3.682s]    34 |       void imu_callback(const base_interfaces::[01;31m[Kmsg[m[K::Imu::ConstSharedPtr msg)
[3.682s]       |                                                [01;31m[K^~~[m[K
[3.682s]       |                                                   [32m[K;[m[K
[3.682s] [01m[K/home/lucas-fang/ros2_Nav_ws/src/base_driver_pkg/src/odom_node.cpp:34:53:[m[K [01;31m[Kerror: [m[K‘[01m[KImu[m[K’ in namespace ‘[01m[K::[m[K’ does not name a type
[3.683s]    34 |       void imu_callback(const base_interfaces::msg::[01;31m[KImu[m[K::ConstSharedPtr msg)
[3.683s]       |                                                     [01;31m[K^~~[m[K
[3.685s] [01m[K/home/lucas-fang/ros2_Nav_ws/src/base_driver_pkg/src/odom_node.cpp:42:33:[m[K [01;31m[Kerror: [m[K‘[01m[Kbase_interfaces[m[K’ does not name a type
[3.685s]    42 |       void topic_callback(const [01;31m[Kbase_interfaces[m[K::msg::Robot::ConstSharedPtr msg)
[3.686s]       |                                 [01;31m[K^~~~~~~~~~~~~~~[m[K
[3.686s] [01m[K/home/lucas-fang/ros2_Nav_ws/src/base_driver_pkg/src/odom_node.cpp:42:53:[m[K [01;31m[Kerror: [m[Kexpected unqualified-id before ‘[01m[K::[m[K’ token
[3.686s]    42 |       void topic_callback(const base_interfaces::msg[01;31m[K::[m[KRobot::ConstSharedPtr msg)
[3.686s]       |                                                     [01;31m[K^~[m[K
[3.686s] [01m[K/home/lucas-fang/ros2_Nav_ws/src/base_driver_pkg/src/odom_node.cpp:42:53:[m[K [01;31m[Kerror: [m[Kexpected ‘[01m[K)[m[K’ before ‘[01m[K::[m[K’ token
[3.686s]    42 |       void topic_callback[34m[K([m[Kconst base_interfaces::msg[01;31m[K:[m[K[32m[K:[m[KRobot::ConstSharedPtr msg)
[3.686s]       |                          [34m[K~[m[K                          [01;31m[K^[m[K[32m[K~[m[K
[3.686s]       |                                                     [32m[K)[m[K
[3.686s] [01m[K/home/lucas-fang/ros2_Nav_ws/src/base_driver_pkg/src/odom_node.cpp:42:50:[m[K [01;31m[Kerror: [m[Kexpected ‘[01m[K;[m[K’ at end of member declaration
[3.686s]    42 |       void topic_callback(const base_interfaces::[01;31m[Kmsg[m[K::Robot::ConstSharedPtr msg)
[3.686s]       |                                                  [01;31m[K^~~[m[K
[3.686s]       |                                                     [32m[K;[m[K
[3.688s] [01m[K/home/lucas-fang/ros2_Nav_ws/src/base_driver_pkg/src/odom_node.cpp:42:55:[m[K [01;31m[Kerror: [m[K‘[01m[KRobot[m[K’ in namespace ‘[01m[K::[m[K’ does not name a type
[3.688s]    42 |       void topic_callback(const base_interfaces::msg::[01;31m[KRobot[m[K::ConstSharedPtr msg)
[3.688s]       |                                                       [01;31m[K^~~~~[m[K
[3.790s] [01m[K/home/lucas-fang/ros2_Nav_ws/src/base_driver_pkg/src/odom_node.cpp:[m[K In constructor ‘[01m[KCala_Odom::Cala_Odom()[m[K’:
[3.791s] [01m[K/home/lucas-fang/ros2_Nav_ws/src/base_driver_pkg/src/odom_node.cpp:20:48:[m[K [01;31m[Kerror: [m[K‘[01m[Kbase_interfaces[m[K’ was not declared in this scope; did you mean ‘[01m[Krcl_interfaces[m[K’?
[3.791s]    20 |         sub_robot_ = this->create_subscription<[01;31m[Kbase_interfaces[m[K::msg::Robot>("robot/speed", 10,
[3.791s]       |                                                [01;31m[K^~~~~~~~~~~~~~~[m[K
[3.791s]       |                                                [32m[Krcl_interfaces[m[K
[3.791s] [01m[K/home/lucas-fang/ros2_Nav_ws/src/base_driver_pkg/src/odom_node.cpp:20:28:[m[K [01;31m[Kerror: [m[Kparse error in template argument list
[3.791s]    20 |         sub_robot_ = this->[01;31m[Kcreate_subscription<base_interfaces::msg::Robot>[m[K("robot/speed", 10,
[3.791s]       |                            [01;31m[K^~~~~~~~~~~~~~~~~~~~~~~~~~~~~~~~~~~~~~~~~~~~~~~~[m[K
[3.791s] [01m[K/home/lucas-fang/ros2_Nav_ws/src/base_driver_pkg/src/odom_node.cpp:20:76:[m[K [01;31m[Kerror: [m[Kno matching function for call to ‘[01m[KCala_Odom::create_subscription<<expression error> >(const char [12], int, std::_Bind_helper<false, void (Cala_Odom::*)(...), Cala_Odom*, const std::_Placeholder<1>&>::type)[m[K’
[3.791s]    20 |         sub_robot_ = [01;31m[Kthis->create_subscription<base_interfaces::msg::Robot>("robot/speed", 10,[m[K
[3.791s]       |                      [01;31m[K~~~~~~~~~~~~~~~~~~~~~~~~~~~~~~~~~~~~~~~~~~~~~~~~~~~~~~^~~~~~~~~~~~~~~~~~~[m[K
[3.791s]    21 | [01;31m[K          std::bind(&Cala_Odom::topic_callback, this, std::placeholders::_1))[m[K;
[3.791s]       |           [01;31m[K~~~~~~~~~~~~~~~~~~~~~~~~~~~~~~~~~~~~~~~~~~~~~~~~~~~~~~~~~~~~~~~~~~~[m[K
[3.793s] In file included from [01m[K/opt/ros/humble/include/rclcpp/rclcpp/node.hpp:1321[m[K,
[3.793s]                  from [01m[K/opt/ros/humble/include/rclcpp/rclcpp/executors/single_threaded_executor.hpp:28[m[K,
[3.793s]                  from [01m[K/opt/ros/humble/include/rclcpp/rclcpp/executors.hpp:22[m[K,
[3.794s]                  from [01m[K/opt/ros/humble/include/rclcpp/rclcpp/rclcpp.hpp:155[m[K,
[3.794s]                  from [01m[K/home/lucas-fang/ros2_Nav_ws/src/base_driver_pkg/src/odom_node.cpp:1[m[K:
[3.794s] [01m[K/opt/ros/humble/include/rclcpp/rclcpp/node_impl.hpp:92:1:[m[K [01;36m[Knote: [m[Kcandidate: ‘[01m[Ktemplate<class MessageT, class CallbackT, class AllocatorT, class SubscriptionT, class MessageMemoryStrategyT> std::shared_ptr<ROSMessageT> rclcpp::Node::create_subscription(const string&, const rclcpp::QoS&, CallbackT&&, const rclcpp::SubscriptionOptionsWithAllocator<AllocatorT>&, typename MessageMemoryStrategyT::SharedPtr)[m[K’
[3.794s]    92 | [01;36m[KNode[m[K::create_subscription(
[3.794s]       | [01;36m[K^~~~[m[K
[3.794s] [01m[K/opt/ros/humble/include/rclcpp/rclcpp/node_impl.hpp:92:1:[m[K [01;36m[Knote: [m[K  template argument deduction/substitution failed:
[3.794s] [01m[K/home/lucas-fang/ros2_Nav_ws/src/base_driver_pkg/src/odom_node.cpp:20:76:[m[K [01;31m[Kerror: [m[Ktemplate argument 1 is invalid
[3.794s]    20 |         sub_robot_ = [01;31m[Kthis->create_subscription<base_interfaces::msg::Robot>("robot/speed", 10,[m[K
[3.794s]       |                      [01;31m[K~~~~~~~~~~~~~~~~~~~~~~~~~~~~~~~~~~~~~~~~~~~~~~~~~~~~~~^~~~~~~~~~~~~~~~~~~[m[K
[3.794s]    21 | [01;31m[K          std::bind(&Cala_Odom::topic_callback, this, std::placeholders::_1))[m[K;
[3.794s]       |           [01;31m[K~~~~~~~~~~~~~~~~~~~~~~~~~~~~~~~~~~~~~~~~~~~~~~~~~~~~~~~~~~~~~~~~~~~[m[K
[4.287s] In file included from [01m[K/opt/ros/humble/include/rclcpp/rclcpp/client.hpp:39[m[K,
[4.288s]                  from [01m[K/opt/ros/humble/include/rclcpp/rclcpp/callback_group.hpp:24[m[K,
[4.288s]                  from [01m[K/opt/ros/humble/include/rclcpp/rclcpp/any_executable.hpp:20[m[K,
[4.288s]                  from [01m[K/opt/ros/humble/include/rclcpp/rclcpp/memory_strategy.hpp:25[m[K,
[4.288s]                  from [01m[K/opt/ros/humble/include/rclcpp/rclcpp/memory_strategies.hpp:18[m[K,
[4.288s]                  from [01m[K/opt/ros/humble/include/rclcpp/rclcpp/executor_options.hpp:20[m[K,
[4.288s]                  from [01m[K/opt/ros/humble/include/rclcpp/rclcpp/executor.hpp:37[m[K,
[4.288s]                  from [01m[K/opt/ros/humble/include/rclcpp/rclcpp/executors/multi_threaded_executor.hpp:25[m[K,
[4.288s]                  from [01m[K/opt/ros/humble/include/rclcpp/rclcpp/executors.hpp:21[m[K,
[4.288s]                  from [01m[K/opt/ros/humble/include/rclcpp/rclcpp/rclcpp.hpp:155[m[K,
[4.288s]                  from [01m[K/home/lucas-fang/ros2_Nav_ws/src/base_driver_pkg/src/odom_node.cpp:1[m[K:
[4.288s] /opt/ros/humble/include/rclcpp/rclcpp/function_traits.hpp: In instantiation of ‘[01m[Kstruct rclcpp::function_traits::function_traits<std::_Bind<void (Cala_Odom::*(Cala_Odom*, std::_Placeholder<1>))(...)> >[m[K’:
[4.288s] [01m[K/opt/ros/humble/include/rclcpp/rclcpp/any_subscription_callback.hpp:380:10:[m[K   recursively required by substitution of ‘[01m[Ktemplate<class MessageT, class CallbackT> struct rclcpp::detail::SubscriptionCallbackTypeHelper<MessageT, CallbackT, typename std::enable_if<rclcpp::function_traits::same_arguments<CallbackT, std::function<void(std::shared_ptr<_Tp>, const rclcpp::MessageInfo&)> >::value, void>::type> [with MessageT = sensor_msgs::msg::Imu_<std::allocator<void> >; CallbackT = std::_Bind<void (Cala_Odom::*(Cala_Odom*, std::_Placeholder<1>))(...)>][m[K’
[4.288s] [01m[K/opt/ros/humble/include/rclcpp/rclcpp/any_subscription_callback.hpp:380:10:[m[K   required from ‘[01m[Krclcpp::AnySubscriptionCallback<MessageT, AllocatorT> rclcpp::AnySubscriptionCallback<MessageT, AllocatorT>::set(CallbackT) [with CallbackT = std::_Bind<void (Cala_Odom::*(Cala_Odom*, std::_Placeholder<1>))(...)>; MessageT = sensor_msgs::msg::Imu_<std::allocator<void> >; AllocatorT = std::allocator<void>][m[K’
[4.289s] [01m[K/opt/ros/humble/include/rclcpp/rclcpp/subscription_factory.hpp:94:32:[m[K   required from ‘[01m[Krclcpp::SubscriptionFactory rclcpp::create_subscription_factory(CallbackT&&, const rclcpp::SubscriptionOptionsWithAllocator<AllocatorT>&, typename MessageMemoryStrategyT::SharedPtr, std::shared_ptr<rclcpp::topic_statistics::SubscriptionTopicStatistics<ROSMessageType> >) [with MessageT = sensor_msgs::msg::Imu_<std::allocator<void> >; CallbackT = std::_Bind<void (Cala_Odom::*(Cala_Odom*, std::_Placeholder<1>))(...)>; AllocatorT = std::allocator<void>; SubscriptionT = rclcpp::Subscription<sensor_msgs::msg::Imu_<std::allocator<void> > >; MessageMemoryStrategyT = rclcpp::message_memory_strategy::MessageMemoryStrategy<sensor_msgs::msg::Imu_<std::allocator<void> >, std::allocator<void> >; ROSMessageType = sensor_msgs::msg::Imu_<std::allocator<void> >; typename MessageMemoryStrategyT::SharedPtr = std::shared_ptr<rclcpp::message_memory_strategy::MessageMemoryStrategy<sensor_msgs::msg::Imu_<std::allocator<void> >, std::allocator<void> > >][m[K’
[4.289s] [01m[K/opt/ros/humble/include/rclcpp/rclcpp/create_subscription.hpp:122:63:[m[K   required from ‘[01m[Kstd::shared_ptr<ROSMessageT> rclcpp::detail::create_subscription(NodeParametersT&, NodeTopicsT&, const string&, const rclcpp::QoS&, CallbackT&&, const rclcpp::SubscriptionOptionsWithAllocator<AllocatorT>&, typename MessageMemoryStrategyT::SharedPtr) [with MessageT = sensor_msgs::msg::Imu_<std::allocator<void> >; CallbackT = std::_Bind<void (Cala_Odom::*(Cala_Odom*, std::_Placeholder<1>))(...)>; AllocatorT = std::allocator<void>; SubscriptionT = rclcpp::Subscription<sensor_msgs::msg::Imu_<std::allocator<void> > >; MessageMemoryStrategyT = rclcpp::message_memory_strategy::MessageMemoryStrategy<sensor_msgs::msg::Imu_<std::allocator<void> >, std::allocator<void> >; NodeParametersT = rclcpp::Node; NodeTopicsT = rclcpp::Node; ROSMessageType = sensor_msgs::msg::Imu_<std::allocator<void> >; std::string = std::__cxx11::basic_string<char>; typename MessageMemoryStrategyT::SharedPtr = std::shared_ptr<rclcpp::message_memory_strategy::MessageMemoryStrategy<sensor_msgs::msg::Imu_<std::allocator<void> >, std::allocator<void> > >][m[K’
[4.289s] [01m[K/opt/ros/humble/include/rclcpp/rclcpp/create_subscription.hpp:191:76:[m[K   required from ‘[01m[Kstd::shared_ptr<ROSMessageT> rclcpp::create_subscription(NodeT&, const string&, const rclcpp::QoS&, CallbackT&&, const rclcpp::SubscriptionOptionsWithAllocator<AllocatorT>&, typename MessageMemoryStrategyT::SharedPtr) [with MessageT = sensor_msgs::msg::Imu_<std::allocator<void> >; CallbackT = std::_Bind<void (Cala_Odom::*(Cala_Odom*, std::_Placeholder<1>))(...)>; AllocatorT = std::allocator<void>; SubscriptionT = rclcpp::Subscription<sensor_msgs::msg::Imu_<std::allocator<void> > >; MessageMemoryStrategyT = rclcpp::message_memory_strategy::MessageMemoryStrategy<sensor_msgs::msg::Imu_<std::allocator<void> >, std::allocator<void> >; NodeT = rclcpp::Node; std::string = std::__cxx11::basic_string<char>; typename MessageMemoryStrategyT::SharedPtr = std::shared_ptr<rclcpp::message_memory_strategy::MessageMemoryStrategy<sensor_msgs::msg::Imu_<std::allocator<void> >, std::allocator<void> > >][m[K’
[4.289s] [01m[K/opt/ros/humble/include/rclcpp/rclcpp/node_impl.hpp:99:47:[m[K   required from ‘[01m[Kstd::shared_ptr<ROSMessageT> rclcpp::Node::create_subscription(const string&, const rclcpp::QoS&, CallbackT&&, const rclcpp::SubscriptionOptionsWithAllocator<AllocatorT>&, typename MessageMemoryStrategyT::SharedPtr) [with MessageT = sensor_msgs::msg::Imu_<std::allocator<void> >; CallbackT = std::_Bind<void (Cala_Odom::*(Cala_Odom*, std::_Placeholder<1>))(...)>; AllocatorT = std::allocator<void>; SubscriptionT = rclcpp::Subscription<sensor_msgs::msg::Imu_<std::allocator<void> > >; MessageMemoryStrategyT = rclcpp::message_memory_strategy::MessageMemoryStrategy<sensor_msgs::msg::Imu_<std::allocator<void> >, std::allocator<void> >; std::string = std::__cxx11::basic_string<char>; typename MessageMemoryStrategyT::SharedPtr = std::shared_ptr<rclcpp::message_memory_strategy::MessageMemoryStrategy<sensor_msgs::msg::Imu_<std::allocator<void> >, std::allocator<void> > >][m[K’
[4.289s] [01m[K/home/lucas-fang/ros2_Nav_ws/src/base_driver_pkg/src/odom_node.cpp:17:68:[m[K   required from here
[4.289s] [01m[K/opt/ros/humble/include/rclcpp/rclcpp/function_traits.hpp:51:9:[m[K [01;31m[Kerror: [m[K‘[01m[Kdecltype[m[K’ cannot resolve address of overloaded function
[4.289s]    51 |   using [01;31m[Karguments[m[K = typename tuple_tail<
[4.289s]       |         [01;31m[K^~~~~~~~~[m[K
[4.290s] [01m[K/opt/ros/humble/include/rclcpp/rclcpp/function_traits.hpp:57:9:[m[K [01;31m[Kerror: [m[K‘[01m[Kdecltype[m[K’ cannot resolve address of overloaded function
[4.290s]    57 |   using [01;31m[Kargument_type[m[K = typename std::tuple_element<N, arguments>::type;
[4.290s]       |         [01;31m[K^~~~~~~~~~~~~[m[K
[4.290s] [01m[K/opt/ros/humble/include/rclcpp/rclcpp/function_traits.hpp:59:9:[m[K [01;31m[Kerror: [m[K‘[01m[Kdecltype[m[K’ cannot resolve address of overloaded function
[4.290s]    59 |   using [01;31m[Kreturn_type[m[K = typename function_traits<decltype( &FunctionT::operator())>::return_type;
[4.290s]       |         [01;31m[K^~~~~~~~~~~[m[K
[4.329s] [01m[K/home/lucas-fang/ros2_Nav_ws/src/base_driver_pkg/src/stm32_node.cpp:[m[K In lambda function:
[4.329s] [01m[K/home/lucas-fang/ros2_Nav_ws/src/base_driver_pkg/src/stm32_node.cpp:88:79:[m[K [01;35m[Kwarning: [m[Kunused parameter ‘[01m[Ksize[m[K’ [[01;35m[K]8;;https://gcc.gnu.org/onlinedocs/gcc/Warning-Options.html#index-Wunused-parameter-Wunused-parameter]8;;[m[K]
[4.329s]    88 | ](const std::vector<uint8_t> &data,[01;35m[Kconst size_t &size[m[K)
[4.329s]       |                                    [01;35m[K~~~~~~~~~~~~~~^~~~[m[K
[4.329s] 
[6.487s] gmake[2]: *** [CMakeFiles/odom_node.dir/build.make:76: CMakeFiles/odom_node.dir/src/odom_node.cpp.o] Error 1
[6.487s] gmake[1]: *** [CMakeFiles/Makefile2:165: CMakeFiles/odom_node.dir/all] Error 2
[6.487s] gmake[1]: *** Waiting for unfinished jobs....
[6.610s] [ 75%] [32m[1mLinking CXX executable stm32_node[0m
[6.906s] [ 75%] Built target stm32_node
[6.907s] gmake: *** [Makefile:146: all] Error 2
[6.909s] Invoked command in '/home/lucas-fang/ros2_Nav_ws/build/base_driver_pkg' returned '2': CMAKE_PREFIX_PATH=${CMAKE_PREFIX_PATH}:/opt/ros/humble /usr/bin/cmake --build /home/lucas-fang/ros2_Nav_ws/build/base_driver_pkg -- -j4 -l4
