[0.009s] Invoking command in '/home/lucas-fang/ros2_Nav_ws/build/get_IMU': CMAKE_PREFIX_PATH=/opt/ros/humble /usr/bin/cmake /home/lucas-fang/ros2_Nav_ws/src/get_IMU -DCMAKE_INSTALL_PREFIX=/home/lucas-fang/ros2_Nav_ws/install/get_IMU
[0.020s] -- Found ament_cmake: 1.3.11 (/opt/ros/humble/share/ament_cmake/cmake)
[0.133s] -- Found rclcpp: 16.0.12 (/opt/ros/humble/share/rclcpp/cmake)
[0.158s] -- Found rosidl_generator_c: 3.1.6 (/opt/ros/humble/share/rosidl_generator_c/cmake)
[0.160s] -- Found rosidl_adapter: 3.1.6 (/opt/ros/humble/share/rosidl_adapter/cmake)
[0.165s] -- Found rosidl_generator_cpp: 3.1.6 (/opt/ros/humble/share/rosidl_generator_cpp/cmake)
[0.174s] -- Using all available rosidl_typesupport_c: rosidl_typesupport_fastrtps_c;rosidl_typesupport_introspection_c
[0.185s] -- Using all available rosidl_typesupport_cpp: rosidl_typesupport_fastrtps_cpp;rosidl_typesupport_introspection_cpp
[0.213s] -- Found rmw_implementation_cmake: 6.1.2 (/opt/ros/humble/share/rmw_implementation_cmake/cmake)
[0.215s] -- Found rmw_fastrtps_cpp: 6.2.7 (/opt/ros/humble/share/rmw_fastrtps_cpp/cmake)
[0.299s] -- Using RMW implementation 'rmw_fastrtps_cpp' as default
[0.349s] [31mCMake Error at CMakeLists.txt:11 (find_package):
[0.350s]   By not providing "Findserial_driver.cmake" in CMAKE_MODULE_PATH this
[0.350s]   project has asked CMake to find a package configuration file provided by
[0.350s]   "serial_driver", but CMake did not find one.
[0.350s] 
[0.350s]   Could not find a package configuration file provided by "serial_driver"
[0.350s]   with any of the following names:
[0.350s] 
[0.350s]     serial_driverConfig.cmake
[0.350s]     serial_driver-config.cmake
[0.350s] 
[0.350s]   Add the installation prefix of "serial_driver" to CMAKE_PREFIX_PATH or set
[0.350s]   "serial_driver_DIR" to a directory containing one of the above files.  If
[0.350s]   "serial_driver" provides a separate development package or SDK, be sure it
[0.350s]   has been installed.
[0.350s] 
[0.351s] [0m
[0.351s] -- Configuring incomplete, errors occurred!
[0.351s] See also "/home/lucas-fang/ros2_Nav_ws/build/get_IMU/CMakeFiles/CMakeOutput.log".
[0.356s] Invoked command in '/home/lucas-fang/ros2_Nav_ws/build/get_IMU' returned '1': CMAKE_PREFIX_PATH=/opt/ros/humble /usr/bin/cmake /home/lucas-fang/ros2_Nav_ws/src/get_IMU -DCMAKE_INSTALL_PREFIX=/home/lucas-fang/ros2_Nav_ws/install/get_IMU
