[0.010s] Invoking command in '/home/lucas-fang/ros2_Nav_ws/build/serial_pkg': CMAKE_PREFIX_PATH=/opt/ros/humble /usr/bin/cmake --build /home/lucas-fang/ros2_Nav_ws/build/serial_pkg -- -j4 -l4
[0.031s] -- Found ament_cmake: 1.3.11 (/opt/ros/humble/share/ament_cmake/cmake)
[0.141s] -- Found rclcpp: 16.0.12 (/opt/ros/humble/share/rclcpp/cmake)
[0.165s] -- Found rosidl_generator_c: 3.1.6 (/opt/ros/humble/share/rosidl_generator_c/cmake)
[0.167s] -- Found rosidl_adapter: 3.1.6 (/opt/ros/humble/share/rosidl_adapter/cmake)
[0.172s] -- Found rosidl_generator_cpp: 3.1.6 (/opt/ros/humble/share/rosidl_generator_cpp/cmake)
[0.181s] -- Using all available rosidl_typesupport_c: rosidl_typesupport_fastrtps_c;rosidl_typesupport_introspection_c
[0.191s] -- Using all available rosidl_typesupport_cpp: rosidl_typesupport_fastrtps_cpp;rosidl_typesupport_introspection_cpp
[0.219s] -- Found rmw_implementation_cmake: 6.1.2 (/opt/ros/humble/share/rmw_implementation_cmake/cmake)
[0.220s] -- Found rmw_fastrtps_cpp: 6.2.7 (/opt/ros/humble/share/rmw_fastrtps_cpp/cmake)
[0.302s] -- Using RMW implementation 'rmw_fastrtps_cpp' as default
[0.344s] -- Found serial_driver: 1.2.0 (/opt/ros/humble/share/serial_driver/cmake)
[0.359s] -- Found asio_cmake_module: 1.2.0 (/opt/ros/humble/share/asio_cmake_module/cmake)
[0.399s] -- Found ament_lint_auto: 0.12.12 (/opt/ros/humble/share/ament_lint_auto/cmake)
[0.459s] -- Added test 'cppcheck' to perform static code analysis on C / C++ code
[0.459s] -- Configured cppcheck include dirs: $<BUILD_INTERFACE:/home/lucas-fang/ros2_Nav_ws/src/serial_pkg/include>
[0.459s] -- Configured cppcheck exclude dirs and/or files: 
[0.460s] -- Added test 'lint_cmake' to check CMake code style
[0.460s] -- Added test 'uncrustify' to check C / C++ code style
[0.461s] -- Configured uncrustify additional arguments: 
[0.461s] -- Added test 'xmllint' to check XML markup files
[0.462s] -- Configuring done
[0.482s] -- Generating done
[0.487s] -- Build files have been written to: /home/lucas-fang/ros2_Nav_ws/build/serial_pkg
[0.516s] [ 25%] [32mBuilding CXX object CMakeFiles/my_serial_lib.dir/src/crc16.cpp.o[0m
[0.541s] [ 50%] [32m[1mLinking CXX static library libmy_serial_lib.a[0m
[0.577s] [ 50%] Built target my_serial_lib
[0.586s] [35m[1mConsolidate compiler generated dependencies of target get_imu_ros2[0m
[0.600s] [ 75%] [32mBuilding CXX object CMakeFiles/get_imu_ros2.dir/src/get_imu_ros2.cpp.o[0m
[4.007s] [100%] [32m[1mLinking CXX executable get_imu_ros2[0m
[4.150s] [100%] Built target get_imu_ros2
[4.159s] Invoked command in '/home/lucas-fang/ros2_Nav_ws/build/serial_pkg' returned '0': CMAKE_PREFIX_PATH=/opt/ros/humble /usr/bin/cmake --build /home/lucas-fang/ros2_Nav_ws/build/serial_pkg -- -j4 -l4
[4.169s] Invoking command in '/home/lucas-fang/ros2_Nav_ws/build/serial_pkg': CMAKE_PREFIX_PATH=/opt/ros/humble /usr/bin/cmake --install /home/lucas-fang/ros2_Nav_ws/build/serial_pkg
[4.176s] -- Install configuration: ""
[4.176s] -- Installing: /home/lucas-fang/ros2_Nav_ws/install/serial_pkg/lib/serial_pkg/libmy_serial_lib.a
[4.176s] -- Installing: /home/lucas-fang/ros2_Nav_ws/install/serial_pkg/lib/serial_pkg/get_imu_ros2
[4.177s] -- Set runtime path of "/home/lucas-fang/ros2_Nav_ws/install/serial_pkg/lib/serial_pkg/get_imu_ros2" to ""
[4.177s] -- Installing: /home/lucas-fang/ros2_Nav_ws/install/serial_pkg/include/
[4.177s] -- Installing: /home/lucas-fang/ros2_Nav_ws/install/serial_pkg/include//serial_pkg
[4.177s] -- Installing: /home/lucas-fang/ros2_Nav_ws/install/serial_pkg/include//serial_pkg/crc16.h
[4.177s] -- Up-to-date: /home/lucas-fang/ros2_Nav_ws/install/serial_pkg/share/ament_index/resource_index/package_run_dependencies/serial_pkg
[4.178s] -- Up-to-date: /home/lucas-fang/ros2_Nav_ws/install/serial_pkg/share/ament_index/resource_index/parent_prefix_path/serial_pkg
[4.178s] -- Up-to-date: /home/lucas-fang/ros2_Nav_ws/install/serial_pkg/share/serial_pkg/environment/ament_prefix_path.sh
[4.178s] -- Installing: /home/lucas-fang/ros2_Nav_ws/install/serial_pkg/share/serial_pkg/environment/ament_prefix_path.dsv
[4.178s] -- Up-to-date: /home/lucas-fang/ros2_Nav_ws/install/serial_pkg/share/serial_pkg/environment/path.sh
[4.178s] -- Installing: /home/lucas-fang/ros2_Nav_ws/install/serial_pkg/share/serial_pkg/environment/path.dsv
[4.178s] -- Up-to-date: /home/lucas-fang/ros2_Nav_ws/install/serial_pkg/share/serial_pkg/local_setup.bash
[4.178s] -- Up-to-date: /home/lucas-fang/ros2_Nav_ws/install/serial_pkg/share/serial_pkg/local_setup.sh
[4.179s] -- Up-to-date: /home/lucas-fang/ros2_Nav_ws/install/serial_pkg/share/serial_pkg/local_setup.zsh
[4.179s] -- Installing: /home/lucas-fang/ros2_Nav_ws/install/serial_pkg/share/serial_pkg/local_setup.dsv
[4.179s] -- Installing: /home/lucas-fang/ros2_Nav_ws/install/serial_pkg/share/serial_pkg/package.dsv
[4.179s] -- Up-to-date: /home/lucas-fang/ros2_Nav_ws/install/serial_pkg/share/ament_index/resource_index/packages/serial_pkg
[4.179s] -- Up-to-date: /home/lucas-fang/ros2_Nav_ws/install/serial_pkg/share/serial_pkg/cmake/serial_pkgConfig.cmake
[4.179s] -- Up-to-date: /home/lucas-fang/ros2_Nav_ws/install/serial_pkg/share/serial_pkg/cmake/serial_pkgConfig-version.cmake
[4.179s] -- Up-to-date: /home/lucas-fang/ros2_Nav_ws/install/serial_pkg/share/serial_pkg/package.xml
[4.181s] Invoked command in '/home/lucas-fang/ros2_Nav_ws/build/serial_pkg' returned '0': CMAKE_PREFIX_PATH=/opt/ros/humble /usr/bin/cmake --install /home/lucas-fang/ros2_Nav_ws/build/serial_pkg
