[0.032s] Invoking command in '/home/lucas-fang/ros2_Nav_ws/build/my_slam_toolbox': CMAKE_PREFIX_PATH=/opt/ros/humble /usr/bin/cmake --build /home/lucas-fang/ros2_Nav_ws/build/my_slam_toolbox -- -j4 -l4
[0.080s] -- Found ament_cmake: 1.3.11 (/opt/ros/humble/share/ament_cmake/cmake)
[0.265s] -- Found slam_toolbox: 2.6.10 (/opt/ros/humble/share/slam_toolbox/cmake)
[0.328s] -- Found rosidl_generator_c: 3.1.6 (/opt/ros/humble/share/rosidl_generator_c/cmake)
[0.333s] -- Found rosidl_adapter: 3.1.6 (/opt/ros/humble/share/rosidl_adapter/cmake)
[0.345s] -- Found rosidl_generator_cpp: 3.1.6 (/opt/ros/humble/share/rosidl_generator_cpp/cmake)
[0.355s] -- Using all available rosidl_typesupport_c: rosidl_typesupport_fastrtps_c;rosidl_typesupport_introspection_c
[0.370s] -- Using all available rosidl_typesupport_cpp: rosidl_typesupport_fastrtps_cpp;rosidl_typesupport_introspection_cpp
[0.645s] -- Found rmw_implementation_cmake: 6.1.2 (/opt/ros/humble/share/rmw_implementation_cmake/cmake)
[0.652s] -- Found rmw_fastrtps_cpp: 6.2.7 (/opt/ros/humble/share/rmw_fastrtps_cpp/cmake)
[0.954s] -- Using RMW implementation 'rmw_fastrtps_cpp' as default
[1.465s] -- Found eigen3_cmake_module: 0.1.1 (/opt/ros/humble/share/eigen3_cmake_module/cmake)
[1.480s] -- Ensuring Eigen3 include directory is part of orocos-kdl CMake target
[1.633s] -- Setting assimp_DIR to: '/opt/ros/humble/share/rviz_assimp_vendor/cmake/../../../opt/rviz_assimp_vendor/lib/cmake/assimp-4.1'
[1.647s] -- Setting OGRE_DIR to: '/opt/ros/humble/share/rviz_ogre_vendor/cmake/../../../opt/rviz_ogre_vendor/lib/OGRE/cmake'
[1.654s] -- Found OGRE
[1.654s] --   static     : OFF
[1.654s] --   components : HLMS;MeshLodGenerator;Overlay;Paging;Property;RTShaderSystem;Terrain;Volume
[1.654s] --   plugins    : Plugin_BSPSceneManager;Plugin_OctreeSceneManager;Plugin_PCZSceneManager;Plugin_ParticleFX;RenderSystem_GL;RenderSystem_GL3Plus;Codec_STBI
[1.654s] --   media      : /opt/ros/humble/opt/rviz_ogre_vendor/share/OGRE/Media
[1.654s] -- OGRE_LIBRARIES: OgreHLMS;OgreMeshLodGenerator;OgreOverlay;OgrePaging;OgreProperty;OgreRTShaderSystem;OgreTerrain;OgreVolume;OgreMain
[1.654s] -- OGRE_LIBRARY_DIRS: /opt/ros/humble/opt/rviz_ogre_vendor/lib
[1.654s] -- OGRE_PLUGINS: Plugin_BSPSceneManager;Plugin_OctreeSceneManager;Plugin_PCZSceneManager;Plugin_ParticleFX;RenderSystem_GL;RenderSystem_GL3Plus;Codec_STBI
[1.654s] -- OGRE_PLUGIN_DIR: /opt/ros/humble/opt/rviz_ogre_vendor/lib/OGRE
[1.655s] -- rviz_ogre_vendor::OgreOverlay for IMPORTED_LOCATION_RELEASE: /opt/ros/humble/opt/rviz_ogre_vendor/lib/libOgreOverlay.so
[1.655s] -- rviz_ogre_vendor::OgreOverlay for IMPORTED_LOCATION_DEBUG: /opt/ros/humble/opt/rviz_ogre_vendor/lib/libOgreOverlay.so
[1.655s] -- rviz_ogre_vendor::OgreMain for IMPORTED_LOCATION_RELEASE: /opt/ros/humble/opt/rviz_ogre_vendor/lib/libOgreMain.so
[1.655s] -- rviz_ogre_vendor::OgreMain for IMPORTED_LOCATION_DEBUG: /opt/ros/humble/opt/rviz_ogre_vendor/lib/libOgreMain.so
[1.661s] -- Could not find freeimage library
[2.026s] -- library: /usr/lib/x86_64-linux-gnu/libcurl.so
[2.459s] -- Found ament_lint_auto: 0.12.12 (/opt/ros/humble/share/ament_lint_auto/cmake)
[2.774s] -- Added test 'flake8' to check Python code syntax and style conventions
[2.776s] -- Added test 'lint_cmake' to check CMake code style
[2.782s] -- Added test 'pep257' to check Python code against some of the docstring style conventions in PEP 257
[2.784s] -- Added test 'xmllint' to check XML markup files
[2.797s] -- Configuring done
[2.820s] -- Generating done
[2.830s] -- Build files have been written to: /home/lucas-fang/ros2_Nav_ws/build/my_slam_toolbox
[2.957s] Invoked command in '/home/lucas-fang/ros2_Nav_ws/build/my_slam_toolbox' returned '0': CMAKE_PREFIX_PATH=/opt/ros/humble /usr/bin/cmake --build /home/lucas-fang/ros2_Nav_ws/build/my_slam_toolbox -- -j4 -l4
[2.958s] Invoking command in '/home/lucas-fang/ros2_Nav_ws/build/my_slam_toolbox': CMAKE_PREFIX_PATH=/opt/ros/humble /usr/bin/cmake --install /home/lucas-fang/ros2_Nav_ws/build/my_slam_toolbox
[2.978s] -- Install configuration: ""
[2.979s] -- Up-to-date: /home/lucas-fang/ros2_Nav_ws/install/my_slam_toolbox/share/my_slam_toolbox/launch
[2.979s] -- Up-to-date: /home/lucas-fang/ros2_Nav_ws/install/my_slam_toolbox/share/my_slam_toolbox/launch/online_sync_launch.py
[2.979s] -- Up-to-date: /home/lucas-fang/ros2_Nav_ws/install/my_slam_toolbox/share/my_slam_toolbox/params
[2.979s] -- Up-to-date: /home/lucas-fang/ros2_Nav_ws/install/my_slam_toolbox/share/my_slam_toolbox/params/mapper_params_online_sync.yaml
[2.983s] -- Up-to-date: /home/lucas-fang/ros2_Nav_ws/install/my_slam_toolbox/share/ament_index/resource_index/package_run_dependencies/my_slam_toolbox
[2.983s] -- Installing: /home/lucas-fang/ros2_Nav_ws/install/my_slam_toolbox/share/ament_index/resource_index/parent_prefix_path/my_slam_toolbox
[2.983s] -- Installing: /home/lucas-fang/ros2_Nav_ws/install/my_slam_toolbox/share/my_slam_toolbox/environment/ament_prefix_path.sh
[2.983s] -- Installing: /home/lucas-fang/ros2_Nav_ws/install/my_slam_toolbox/share/my_slam_toolbox/environment/ament_prefix_path.dsv
[2.983s] -- Installing: /home/lucas-fang/ros2_Nav_ws/install/my_slam_toolbox/share/my_slam_toolbox/environment/path.sh
[2.983s] -- Installing: /home/lucas-fang/ros2_Nav_ws/install/my_slam_toolbox/share/my_slam_toolbox/environment/path.dsv
[2.983s] -- Up-to-date: /home/lucas-fang/ros2_Nav_ws/install/my_slam_toolbox/share/my_slam_toolbox/local_setup.bash
[2.983s] -- Up-to-date: /home/lucas-fang/ros2_Nav_ws/install/my_slam_toolbox/share/my_slam_toolbox/local_setup.sh
[2.983s] -- Up-to-date: /home/lucas-fang/ros2_Nav_ws/install/my_slam_toolbox/share/my_slam_toolbox/local_setup.zsh
[2.983s] -- Installing: /home/lucas-fang/ros2_Nav_ws/install/my_slam_toolbox/share/my_slam_toolbox/local_setup.dsv
[2.983s] -- Installing: /home/lucas-fang/ros2_Nav_ws/install/my_slam_toolbox/share/my_slam_toolbox/package.dsv
[2.984s] -- Up-to-date: /home/lucas-fang/ros2_Nav_ws/install/my_slam_toolbox/share/ament_index/resource_index/packages/my_slam_toolbox
[2.984s] -- Up-to-date: /home/lucas-fang/ros2_Nav_ws/install/my_slam_toolbox/share/my_slam_toolbox/cmake/my_slam_toolboxConfig.cmake
[2.984s] -- Up-to-date: /home/lucas-fang/ros2_Nav_ws/install/my_slam_toolbox/share/my_slam_toolbox/cmake/my_slam_toolboxConfig-version.cmake
[2.984s] -- Up-to-date: /home/lucas-fang/ros2_Nav_ws/install/my_slam_toolbox/share/my_slam_toolbox/package.xml
[3.022s] Invoked command in '/home/lucas-fang/ros2_Nav_ws/build/my_slam_toolbox' returned '0': CMAKE_PREFIX_PATH=/opt/ros/humble /usr/bin/cmake --install /home/lucas-fang/ros2_Nav_ws/build/my_slam_toolbox
