[0.022s] Invoking command in '/home/lucas-fang/ros2_Nav_ws/build/base_driver_pkg': CMAKE_PREFIX_PATH=${CMAKE_PREFIX_PATH}:/opt/ros/humble /usr/bin/cmake --build /home/lucas-fang/ros2_Nav_ws/build/base_driver_pkg -- -j4 -l4
[0.134s] [ 50%] [32mBuilding CXX object CMakeFiles/stm32_node.dir/src/stm32_node.cpp.o[0m
[3.307s] [01m[K/home/lucas-fang/ros2_Nav_ws/src/base_driver_pkg/src/stm32_node.cpp:[m[K In lambda function:
[3.307s] [01m[K/home/lucas-fang/ros2_Nav_ws/src/base_driver_pkg/src/stm32_node.cpp:88:79:[m[K [01;35m[Kwarning: [m[Kunused parameter ‘[01m[Ksize[m[K’ [[01;35m[K]8;;https://gcc.gnu.org/onlinedocs/gcc/Warning-Options.html#index-Wunused-parameter-Wunused-parameter]8;;[m[K]
[3.308s]    88 |     port->async_receive([this](const std::vector<uint8_t> &data,[01;35m[Kconst size_t &size[m[K)
[3.308s]       |                                                                 [01;35m[K~~~~~~~~~~~~~~^~~~[m[K
[5.325s] [100%] [32m[1mLinking CXX executable stm32_node[0m
[5.588s] [100%] Built target stm32_node
[5.598s] Invoked command in '/home/lucas-fang/ros2_Nav_ws/build/base_driver_pkg' returned '0': CMAKE_PREFIX_PATH=${CMAKE_PREFIX_PATH}:/opt/ros/humble /usr/bin/cmake --build /home/lucas-fang/ros2_Nav_ws/build/base_driver_pkg -- -j4 -l4
[5.600s] Invoking command in '/home/lucas-fang/ros2_Nav_ws/build/base_driver_pkg': CMAKE_PREFIX_PATH=${CMAKE_PREFIX_PATH}:/opt/ros/humble /usr/bin/cmake --install /home/lucas-fang/ros2_Nav_ws/build/base_driver_pkg
[5.607s] -- Install configuration: ""
[5.609s] -- Installing: /home/lucas-fang/ros2_Nav_ws/install/base_driver_pkg/lib/base_driver_pkg/stm32_node
[5.609s] -- Set runtime path of "/home/lucas-fang/ros2_Nav_ws/install/base_driver_pkg/lib/base_driver_pkg/stm32_node" to ""
[5.609s] -- Up-to-date: /home/lucas-fang/ros2_Nav_ws/install/base_driver_pkg/share/ament_index/resource_index/package_run_dependencies/base_driver_pkg
[5.610s] -- Up-to-date: /home/lucas-fang/ros2_Nav_ws/install/base_driver_pkg/share/ament_index/resource_index/parent_prefix_path/base_driver_pkg
[5.610s] -- Up-to-date: /home/lucas-fang/ros2_Nav_ws/install/base_driver_pkg/share/base_driver_pkg/environment/ament_prefix_path.sh
[5.610s] -- Up-to-date: /home/lucas-fang/ros2_Nav_ws/install/base_driver_pkg/share/base_driver_pkg/environment/ament_prefix_path.dsv
[5.610s] -- Up-to-date: /home/lucas-fang/ros2_Nav_ws/install/base_driver_pkg/share/base_driver_pkg/environment/path.sh
[5.610s] -- Up-to-date: /home/lucas-fang/ros2_Nav_ws/install/base_driver_pkg/share/base_driver_pkg/environment/path.dsv
[5.610s] -- Up-to-date: /home/lucas-fang/ros2_Nav_ws/install/base_driver_pkg/share/base_driver_pkg/local_setup.bash
[5.610s] -- Up-to-date: /home/lucas-fang/ros2_Nav_ws/install/base_driver_pkg/share/base_driver_pkg/local_setup.sh
[5.611s] -- Up-to-date: /home/lucas-fang/ros2_Nav_ws/install/base_driver_pkg/share/base_driver_pkg/local_setup.zsh
[5.611s] -- Up-to-date: /home/lucas-fang/ros2_Nav_ws/install/base_driver_pkg/share/base_driver_pkg/local_setup.dsv
[5.611s] -- Installing: /home/lucas-fang/ros2_Nav_ws/install/base_driver_pkg/share/base_driver_pkg/package.dsv
[5.611s] -- Up-to-date: /home/lucas-fang/ros2_Nav_ws/install/base_driver_pkg/share/ament_index/resource_index/packages/base_driver_pkg
[5.611s] -- Up-to-date: /home/lucas-fang/ros2_Nav_ws/install/base_driver_pkg/share/base_driver_pkg/cmake/base_driver_pkgConfig.cmake
[5.611s] -- Up-to-date: /home/lucas-fang/ros2_Nav_ws/install/base_driver_pkg/share/base_driver_pkg/cmake/base_driver_pkgConfig-version.cmake
[5.612s] -- Up-to-date: /home/lucas-fang/ros2_Nav_ws/install/base_driver_pkg/share/base_driver_pkg/package.xml
[5.614s] Invoked command in '/home/lucas-fang/ros2_Nav_ws/build/base_driver_pkg' returned '0': CMAKE_PREFIX_PATH=${CMAKE_PREFIX_PATH}:/opt/ros/humble /usr/bin/cmake --install /home/lucas-fang/ros2_Nav_ws/build/base_driver_pkg
