[0.027s] Invoking command in '/home/lucas-fang/ros2_Nav_ws/build/localization_pkg': CMAKE_PREFIX_PATH=${CMAKE_PREFIX_PATH}:/opt/ros/humble /usr/bin/cmake --build /home/lucas-fang/ros2_Nav_ws/build/localization_pkg -- -j4 -l4
[0.091s] Invoked command in '/home/lucas-fang/ros2_Nav_ws/build/localization_pkg' returned '0': CMAKE_PREFIX_PATH=${CMAKE_PREFIX_PATH}:/opt/ros/humble /usr/bin/cmake --build /home/lucas-fang/ros2_Nav_ws/build/localization_pkg -- -j4 -l4
[0.118s] Invoking command in '/home/lucas-fang/ros2_Nav_ws/build/localization_pkg': CMAKE_PREFIX_PATH=${CMAKE_PREFIX_PATH}:/opt/ros/humble /usr/bin/cmake --install /home/lucas-fang/ros2_Nav_ws/build/localization_pkg
[0.139s] -- Install configuration: ""
[0.141s] -- Up-to-date: /home/lucas-fang/ros2_Nav_ws/install/localization_pkg/share/localization_pkg/launch
[0.142s] -- Up-to-date: /home/lucas-fang/ros2_Nav_ws/install/localization_pkg/share/localization_pkg/launch/map_server.launch.py
[0.146s] -- Up-to-date: /home/lucas-fang/ros2_Nav_ws/install/localization_pkg/share/localization_pkg/launch/mycar_amcl.launch.py
[0.146s] -- Up-to-date: /home/lucas-fang/ros2_Nav_ws/install/localization_pkg/share/localization_pkg/launch/driver_ekf_launch.py
[0.147s] -- Up-to-date: /home/lucas-fang/ros2_Nav_ws/install/localization_pkg/share/localization_pkg/params
[0.151s] -- Up-to-date: /home/lucas-fang/ros2_Nav_ws/install/localization_pkg/share/localization_pkg/params/ekf.yaml
[0.151s] -- Up-to-date: /home/lucas-fang/ros2_Nav_ws/install/localization_pkg/share/localization_pkg/params/amcl.yaml
[0.152s] -- Up-to-date: /home/lucas-fang/ros2_Nav_ws/install/localization_pkg/share/ament_index/resource_index/package_run_dependencies/localization_pkg
[0.153s] -- Up-to-date: /home/lucas-fang/ros2_Nav_ws/install/localization_pkg/share/ament_index/resource_index/parent_prefix_path/localization_pkg
[0.153s] -- Up-to-date: /home/lucas-fang/ros2_Nav_ws/install/localization_pkg/share/localization_pkg/environment/ament_prefix_path.sh
[0.154s] -- Up-to-date: /home/lucas-fang/ros2_Nav_ws/install/localization_pkg/share/localization_pkg/environment/ament_prefix_path.dsv
[0.154s] -- Up-to-date: /home/lucas-fang/ros2_Nav_ws/install/localization_pkg/share/localization_pkg/environment/path.sh
[0.154s] -- Up-to-date: /home/lucas-fang/ros2_Nav_ws/install/localization_pkg/share/localization_pkg/environment/path.dsv
[0.155s] -- Up-to-date: /home/lucas-fang/ros2_Nav_ws/install/localization_pkg/share/localization_pkg/local_setup.bash
[0.159s] -- Up-to-date: /home/lucas-fang/ros2_Nav_ws/install/localization_pkg/share/localization_pkg/local_setup.sh
[0.162s] -- Up-to-date: /home/lucas-fang/ros2_Nav_ws/install/localization_pkg/share/localization_pkg/local_setup.zsh
[0.163s] -- Up-to-date: /home/lucas-fang/ros2_Nav_ws/install/localization_pkg/share/localization_pkg/local_setup.dsv
[0.163s] -- Installing: /home/lucas-fang/ros2_Nav_ws/install/localization_pkg/share/localization_pkg/package.dsv
[0.163s] -- Up-to-date: /home/lucas-fang/ros2_Nav_ws/install/localization_pkg/share/ament_index/resource_index/packages/localization_pkg
[0.164s] -- Up-to-date: /home/lucas-fang/ros2_Nav_ws/install/localization_pkg/share/localization_pkg/cmake/localization_pkgConfig.cmake
[0.165s] -- Up-to-date: /home/lucas-fang/ros2_Nav_ws/install/localization_pkg/share/localization_pkg/cmake/localization_pkgConfig-version.cmake
[0.170s] -- Up-to-date: /home/lucas-fang/ros2_Nav_ws/install/localization_pkg/share/localization_pkg/package.xml
[0.171s] Invoked command in '/home/lucas-fang/ros2_Nav_ws/build/localization_pkg' returned '0': CMAKE_PREFIX_PATH=${CMAKE_PREFIX_PATH}:/opt/ros/humble /usr/bin/cmake --install /home/lucas-fang/ros2_Nav_ws/build/localization_pkg
