[0.024s] Invoking command in '/home/lucas-fang/ros2_Nav_ws/build/base_interfaces': CMAKE_PREFIX_PATH=${CMAKE_PREFIX_PATH}:/opt/ros/humble /usr/bin/cmake --build /home/lucas-fang/ros2_Nav_ws/build/base_interfaces -- -j4 -l4
[0.098s] [  2%] Built target base_interfaces__cpp
[0.109s] [ 12%] Built target base_interfaces__rosidl_generator_c
[0.129s] [ 12%] Built target ament_cmake_python_copy_base_interfaces
[0.153s] [ 23%] Built target base_interfaces__rosidl_typesupport_introspection_cpp
[0.156s] [ 33%] Built target base_interfaces__rosidl_typesupport_fastrtps_cpp
[0.162s] [ 43%] Built target base_interfaces__rosidl_typesupport_cpp
[0.186s] [ 53%] Built target base_interfaces__rosidl_typesupport_fastrtps_c
[0.200s] [ 64%] Built target base_interfaces__rosidl_typesupport_c
[0.204s] [ 74%] Built target base_interfaces__rosidl_typesupport_introspection_c
[0.238s] [ 74%] Built target base_interfaces
[0.268s] [ 76%] Built target base_interfaces__py
[0.293s] [ 84%] Built target base_interfaces__rosidl_generator_py
[0.326s] [ 89%] Built target base_interfaces__rosidl_typesupport_fastrtps_c__pyext
[0.328s] [ 94%] Built target base_interfaces__rosidl_typesupport_introspection_c__pyext
[0.337s] [100%] Built target base_interfaces__rosidl_typesupport_c__pyext
[0.452s] running egg_info
[0.453s] writing base_interfaces.egg-info/PKG-INFO
[0.454s] writing dependency_links to base_interfaces.egg-info/dependency_links.txt
[0.454s] writing top-level names to base_interfaces.egg-info/top_level.txt
[0.456s] reading manifest file 'base_interfaces.egg-info/SOURCES.txt'
[0.457s] writing manifest file 'base_interfaces.egg-info/SOURCES.txt'
[0.488s] [100%] Built target ament_cmake_python_build_base_interfaces_egg
[0.498s] Invoked command in '/home/lucas-fang/ros2_Nav_ws/build/base_interfaces' returned '0': CMAKE_PREFIX_PATH=${CMAKE_PREFIX_PATH}:/opt/ros/humble /usr/bin/cmake --build /home/lucas-fang/ros2_Nav_ws/build/base_interfaces -- -j4 -l4
[0.500s] Invoking command in '/home/lucas-fang/ros2_Nav_ws/build/base_interfaces': CMAKE_PREFIX_PATH=${CMAKE_PREFIX_PATH}:/opt/ros/humble /usr/bin/cmake --install /home/lucas-fang/ros2_Nav_ws/build/base_interfaces
[0.508s] -- Install configuration: ""
[0.508s] -- Up-to-date: /home/lucas-fang/ros2_Nav_ws/install/base_interfaces/share/ament_index/resource_index/rosidl_interfaces/base_interfaces
[0.511s] -- Up-to-date: /home/lucas-fang/ros2_Nav_ws/install/base_interfaces/include/base_interfaces/base_interfaces
[0.511s] -- Up-to-date: /home/lucas-fang/ros2_Nav_ws/install/base_interfaces/include/base_interfaces/base_interfaces/msg
[0.512s] -- Up-to-date: /home/lucas-fang/ros2_Nav_ws/install/base_interfaces/include/base_interfaces/base_interfaces/msg/detail
[0.512s] -- Up-to-date: /home/lucas-fang/ros2_Nav_ws/install/base_interfaces/include/base_interfaces/base_interfaces/msg/detail/robot__type_support.h
[0.512s] -- Up-to-date: /home/lucas-fang/ros2_Nav_ws/install/base_interfaces/include/base_interfaces/base_interfaces/msg/detail/imu__functions.h
[0.512s] -- Up-to-date: /home/lucas-fang/ros2_Nav_ws/install/base_interfaces/include/base_interfaces/base_interfaces/msg/detail/imu__functions.c
[0.512s] -- Up-to-date: /home/lucas-fang/ros2_Nav_ws/install/base_interfaces/include/base_interfaces/base_interfaces/msg/detail/imu__type_support.h
[0.512s] -- Up-to-date: /home/lucas-fang/ros2_Nav_ws/install/base_interfaces/include/base_interfaces/base_interfaces/msg/detail/robot__functions.h
[0.512s] -- Up-to-date: /home/lucas-fang/ros2_Nav_ws/install/base_interfaces/include/base_interfaces/base_interfaces/msg/detail/robot__struct.h
[0.512s] -- Up-to-date: /home/lucas-fang/ros2_Nav_ws/install/base_interfaces/include/base_interfaces/base_interfaces/msg/detail/robot__functions.c
[0.512s] -- Up-to-date: /home/lucas-fang/ros2_Nav_ws/install/base_interfaces/include/base_interfaces/base_interfaces/msg/detail/imu__struct.h
[0.512s] -- Up-to-date: /home/lucas-fang/ros2_Nav_ws/install/base_interfaces/include/base_interfaces/base_interfaces/msg/imu.h
[0.513s] -- Up-to-date: /home/lucas-fang/ros2_Nav_ws/install/base_interfaces/include/base_interfaces/base_interfaces/msg/robot.h
[0.513s] -- Up-to-date: /home/lucas-fang/ros2_Nav_ws/install/base_interfaces/include/base_interfaces/base_interfaces/msg/rosidl_generator_c__visibility_control.h
[0.513s] -- Up-to-date: /home/lucas-fang/ros2_Nav_ws/install/base_interfaces/share/base_interfaces/environment/library_path.sh
[0.513s] -- Up-to-date: /home/lucas-fang/ros2_Nav_ws/install/base_interfaces/share/base_interfaces/environment/library_path.dsv
[0.513s] -- Up-to-date: /home/lucas-fang/ros2_Nav_ws/install/base_interfaces/lib/libbase_interfaces__rosidl_generator_c.so
[0.513s] -- Up-to-date: /home/lucas-fang/ros2_Nav_ws/install/base_interfaces/include/base_interfaces/base_interfaces
[0.513s] -- Up-to-date: /home/lucas-fang/ros2_Nav_ws/install/base_interfaces/include/base_interfaces/base_interfaces/msg
[0.513s] -- Up-to-date: /home/lucas-fang/ros2_Nav_ws/install/base_interfaces/include/base_interfaces/base_interfaces/msg/detail
[0.513s] -- Up-to-date: /home/lucas-fang/ros2_Nav_ws/install/base_interfaces/include/base_interfaces/base_interfaces/msg/detail/imu__rosidl_typesupport_fastrtps_c.h
[0.513s] -- Up-to-date: /home/lucas-fang/ros2_Nav_ws/install/base_interfaces/include/base_interfaces/base_interfaces/msg/detail/robot__rosidl_typesupport_fastrtps_c.h
[0.514s] -- Up-to-date: /home/lucas-fang/ros2_Nav_ws/install/base_interfaces/include/base_interfaces/base_interfaces/msg/rosidl_typesupport_fastrtps_c__visibility_control.h
[0.514s] -- Up-to-date: /home/lucas-fang/ros2_Nav_ws/install/base_interfaces/lib/libbase_interfaces__rosidl_typesupport_fastrtps_c.so
[0.514s] -- Up-to-date: /home/lucas-fang/ros2_Nav_ws/install/base_interfaces/include/base_interfaces/base_interfaces
[0.514s] -- Up-to-date: /home/lucas-fang/ros2_Nav_ws/install/base_interfaces/include/base_interfaces/base_interfaces/msg
[0.514s] -- Up-to-date: /home/lucas-fang/ros2_Nav_ws/install/base_interfaces/include/base_interfaces/base_interfaces/msg/detail
[0.514s] -- Up-to-date: /home/lucas-fang/ros2_Nav_ws/install/base_interfaces/include/base_interfaces/base_interfaces/msg/detail/imu__rosidl_typesupport_introspection_c.h
[0.514s] -- Up-to-date: /home/lucas-fang/ros2_Nav_ws/install/base_interfaces/include/base_interfaces/base_interfaces/msg/detail/robot__type_support.c
[0.514s] -- Up-to-date: /home/lucas-fang/ros2_Nav_ws/install/base_interfaces/include/base_interfaces/base_interfaces/msg/detail/robot__rosidl_typesupport_introspection_c.h
[0.514s] -- Up-to-date: /home/lucas-fang/ros2_Nav_ws/install/base_interfaces/include/base_interfaces/base_interfaces/msg/detail/imu__type_support.c
[0.514s] -- Up-to-date: /home/lucas-fang/ros2_Nav_ws/install/base_interfaces/include/base_interfaces/base_interfaces/msg/rosidl_typesupport_introspection_c__visibility_control.h
[0.514s] -- Up-to-date: /home/lucas-fang/ros2_Nav_ws/install/base_interfaces/lib/libbase_interfaces__rosidl_typesupport_introspection_c.so
[0.514s] -- Up-to-date: /home/lucas-fang/ros2_Nav_ws/install/base_interfaces/lib/libbase_interfaces__rosidl_typesupport_c.so
[0.514s] -- Up-to-date: /home/lucas-fang/ros2_Nav_ws/install/base_interfaces/include/base_interfaces/base_interfaces
[0.515s] -- Up-to-date: /home/lucas-fang/ros2_Nav_ws/install/base_interfaces/include/base_interfaces/base_interfaces/msg
[0.515s] -- Up-to-date: /home/lucas-fang/ros2_Nav_ws/install/base_interfaces/include/base_interfaces/base_interfaces/msg/rosidl_generator_cpp__visibility_control.hpp
[0.515s] -- Up-to-date: /home/lucas-fang/ros2_Nav_ws/install/base_interfaces/include/base_interfaces/base_interfaces/msg/robot.hpp
[0.515s] -- Up-to-date: /home/lucas-fang/ros2_Nav_ws/install/base_interfaces/include/base_interfaces/base_interfaces/msg/detail
[0.515s] -- Up-to-date: /home/lucas-fang/ros2_Nav_ws/install/base_interfaces/include/base_interfaces/base_interfaces/msg/detail/robot__struct.hpp
[0.515s] -- Up-to-date: /home/lucas-fang/ros2_Nav_ws/install/base_interfaces/include/base_interfaces/base_interfaces/msg/detail/imu__type_support.hpp
[0.515s] -- Up-to-date: /home/lucas-fang/ros2_Nav_ws/install/base_interfaces/include/base_interfaces/base_interfaces/msg/detail/robot__traits.hpp
[0.515s] -- Up-to-date: /home/lucas-fang/ros2_Nav_ws/install/base_interfaces/include/base_interfaces/base_interfaces/msg/detail/robot__builder.hpp
[0.515s] -- Up-to-date: /home/lucas-fang/ros2_Nav_ws/install/base_interfaces/include/base_interfaces/base_interfaces/msg/detail/robot__type_support.hpp
[0.515s] -- Up-to-date: /home/lucas-fang/ros2_Nav_ws/install/base_interfaces/include/base_interfaces/base_interfaces/msg/detail/imu__traits.hpp
[0.515s] -- Up-to-date: /home/lucas-fang/ros2_Nav_ws/install/base_interfaces/include/base_interfaces/base_interfaces/msg/detail/imu__builder.hpp
[0.515s] -- Up-to-date: /home/lucas-fang/ros2_Nav_ws/install/base_interfaces/include/base_interfaces/base_interfaces/msg/detail/imu__struct.hpp
[0.515s] -- Up-to-date: /home/lucas-fang/ros2_Nav_ws/install/base_interfaces/include/base_interfaces/base_interfaces/msg/imu.hpp
[0.515s] -- Up-to-date: /home/lucas-fang/ros2_Nav_ws/install/base_interfaces/include/base_interfaces/base_interfaces
[0.516s] -- Up-to-date: /home/lucas-fang/ros2_Nav_ws/install/base_interfaces/include/base_interfaces/base_interfaces/msg
[0.516s] -- Up-to-date: /home/lucas-fang/ros2_Nav_ws/install/base_interfaces/include/base_interfaces/base_interfaces/msg/detail
[0.516s] -- Up-to-date: /home/lucas-fang/ros2_Nav_ws/install/base_interfaces/include/base_interfaces/base_interfaces/msg/detail/robot__rosidl_typesupport_fastrtps_cpp.hpp
[0.516s] -- Up-to-date: /home/lucas-fang/ros2_Nav_ws/install/base_interfaces/include/base_interfaces/base_interfaces/msg/detail/imu__rosidl_typesupport_fastrtps_cpp.hpp
[0.516s] -- Up-to-date: /home/lucas-fang/ros2_Nav_ws/install/base_interfaces/include/base_interfaces/base_interfaces/msg/detail/dds_fastrtps
[0.516s] -- Up-to-date: /home/lucas-fang/ros2_Nav_ws/install/base_interfaces/include/base_interfaces/base_interfaces/msg/rosidl_typesupport_fastrtps_cpp__visibility_control.h
[0.516s] -- Up-to-date: /home/lucas-fang/ros2_Nav_ws/install/base_interfaces/lib/libbase_interfaces__rosidl_typesupport_fastrtps_cpp.so
[0.516s] -- Up-to-date: /home/lucas-fang/ros2_Nav_ws/install/base_interfaces/include/base_interfaces/base_interfaces
[0.516s] -- Up-to-date: /home/lucas-fang/ros2_Nav_ws/install/base_interfaces/include/base_interfaces/base_interfaces/msg
[0.516s] -- Up-to-date: /home/lucas-fang/ros2_Nav_ws/install/base_interfaces/include/base_interfaces/base_interfaces/msg/detail
[0.516s] -- Up-to-date: /home/lucas-fang/ros2_Nav_ws/install/base_interfaces/include/base_interfaces/base_interfaces/msg/detail/robot__rosidl_typesupport_introspection_cpp.hpp
[0.516s] -- Up-to-date: /home/lucas-fang/ros2_Nav_ws/install/base_interfaces/include/base_interfaces/base_interfaces/msg/detail/robot__type_support.cpp
[0.516s] -- Up-to-date: /home/lucas-fang/ros2_Nav_ws/install/base_interfaces/include/base_interfaces/base_interfaces/msg/detail/imu__rosidl_typesupport_introspection_cpp.hpp
[0.517s] -- Up-to-date: /home/lucas-fang/ros2_Nav_ws/install/base_interfaces/include/base_interfaces/base_interfaces/msg/detail/imu__type_support.cpp
[0.517s] -- Up-to-date: /home/lucas-fang/ros2_Nav_ws/install/base_interfaces/lib/libbase_interfaces__rosidl_typesupport_introspection_cpp.so
[0.517s] -- Up-to-date: /home/lucas-fang/ros2_Nav_ws/install/base_interfaces/lib/libbase_interfaces__rosidl_typesupport_cpp.so
[0.517s] -- Up-to-date: /home/lucas-fang/ros2_Nav_ws/install/base_interfaces/share/base_interfaces/environment/pythonpath.sh
[0.517s] -- Up-to-date: /home/lucas-fang/ros2_Nav_ws/install/base_interfaces/share/base_interfaces/environment/pythonpath.dsv
[0.517s] -- Up-to-date: /home/lucas-fang/ros2_Nav_ws/install/base_interfaces/local/lib/python3.10/dist-packages/base_interfaces-0.0.0-py3.10.egg-info
[0.517s] -- Installing: /home/lucas-fang/ros2_Nav_ws/install/base_interfaces/local/lib/python3.10/dist-packages/base_interfaces-0.0.0-py3.10.egg-info/top_level.txt
[0.517s] -- Installing: /home/lucas-fang/ros2_Nav_ws/install/base_interfaces/local/lib/python3.10/dist-packages/base_interfaces-0.0.0-py3.10.egg-info/SOURCES.txt
[0.517s] -- Installing: /home/lucas-fang/ros2_Nav_ws/install/base_interfaces/local/lib/python3.10/dist-packages/base_interfaces-0.0.0-py3.10.egg-info/PKG-INFO
[0.517s] -- Installing: /home/lucas-fang/ros2_Nav_ws/install/base_interfaces/local/lib/python3.10/dist-packages/base_interfaces-0.0.0-py3.10.egg-info/dependency_links.txt
[0.517s] -- Up-to-date: /home/lucas-fang/ros2_Nav_ws/install/base_interfaces/local/lib/python3.10/dist-packages/base_interfaces
[0.517s] -- Up-to-date: /home/lucas-fang/ros2_Nav_ws/install/base_interfaces/local/lib/python3.10/dist-packages/base_interfaces/__init__.py
[0.517s] -- Up-to-date: /home/lucas-fang/ros2_Nav_ws/install/base_interfaces/local/lib/python3.10/dist-packages/base_interfaces/_base_interfaces_s.ep.rosidl_typesupport_c.c
[0.517s] -- Up-to-date: /home/lucas-fang/ros2_Nav_ws/install/base_interfaces/local/lib/python3.10/dist-packages/base_interfaces/base_interfaces_s__rosidl_typesupport_introspection_c.cpython-310-x86_64-linux-gnu.so
[0.518s] -- Up-to-date: /home/lucas-fang/ros2_Nav_ws/install/base_interfaces/local/lib/python3.10/dist-packages/base_interfaces/_base_interfaces_s.ep.rosidl_typesupport_fastrtps_c.c
[0.518s] -- Up-to-date: /home/lucas-fang/ros2_Nav_ws/install/base_interfaces/local/lib/python3.10/dist-packages/base_interfaces/msg
[0.518s] -- Up-to-date: /home/lucas-fang/ros2_Nav_ws/install/base_interfaces/local/lib/python3.10/dist-packages/base_interfaces/msg/__init__.py
[0.518s] -- Up-to-date: /home/lucas-fang/ros2_Nav_ws/install/base_interfaces/local/lib/python3.10/dist-packages/base_interfaces/msg/_robot.py
[0.518s] -- Up-to-date: /home/lucas-fang/ros2_Nav_ws/install/base_interfaces/local/lib/python3.10/dist-packages/base_interfaces/msg/_robot_s.c
[0.518s] -- Up-to-date: /home/lucas-fang/ros2_Nav_ws/install/base_interfaces/local/lib/python3.10/dist-packages/base_interfaces/msg/_imu.py
[0.518s] -- Up-to-date: /home/lucas-fang/ros2_Nav_ws/install/base_interfaces/local/lib/python3.10/dist-packages/base_interfaces/msg/_imu_s.c
[0.518s] -- Up-to-date: /home/lucas-fang/ros2_Nav_ws/install/base_interfaces/local/lib/python3.10/dist-packages/base_interfaces/base_interfaces_s__rosidl_typesupport_fastrtps_c.cpython-310-x86_64-linux-gnu.so
[0.518s] -- Up-to-date: /home/lucas-fang/ros2_Nav_ws/install/base_interfaces/local/lib/python3.10/dist-packages/base_interfaces/_base_interfaces_s.ep.rosidl_typesupport_introspection_c.c
[0.518s] -- Up-to-date: /home/lucas-fang/ros2_Nav_ws/install/base_interfaces/local/lib/python3.10/dist-packages/base_interfaces/libbase_interfaces__rosidl_generator_py.so
[0.518s] -- Up-to-date: /home/lucas-fang/ros2_Nav_ws/install/base_interfaces/local/lib/python3.10/dist-packages/base_interfaces/base_interfaces_s__rosidl_typesupport_c.cpython-310-x86_64-linux-gnu.so
[0.548s] Listing '/home/lucas-fang/ros2_Nav_ws/install/base_interfaces/local/lib/python3.10/dist-packages/base_interfaces'...
[0.548s] Listing '/home/lucas-fang/ros2_Nav_ws/install/base_interfaces/local/lib/python3.10/dist-packages/base_interfaces/msg'...
[0.557s] -- Up-to-date: /home/lucas-fang/ros2_Nav_ws/install/base_interfaces/local/lib/python3.10/dist-packages/base_interfaces/base_interfaces_s__rosidl_typesupport_fastrtps_c.cpython-310-x86_64-linux-gnu.so
[0.558s] -- Up-to-date: /home/lucas-fang/ros2_Nav_ws/install/base_interfaces/local/lib/python3.10/dist-packages/base_interfaces/base_interfaces_s__rosidl_typesupport_introspection_c.cpython-310-x86_64-linux-gnu.so
[0.558s] -- Up-to-date: /home/lucas-fang/ros2_Nav_ws/install/base_interfaces/local/lib/python3.10/dist-packages/base_interfaces/base_interfaces_s__rosidl_typesupport_c.cpython-310-x86_64-linux-gnu.so
[0.558s] -- Up-to-date: /home/lucas-fang/ros2_Nav_ws/install/base_interfaces/lib/libbase_interfaces__rosidl_generator_py.so
[0.558s] -- Up-to-date: /home/lucas-fang/ros2_Nav_ws/install/base_interfaces/share/base_interfaces/msg/Imu.idl
[0.558s] -- Up-to-date: /home/lucas-fang/ros2_Nav_ws/install/base_interfaces/share/base_interfaces/msg/Robot.idl
[0.558s] -- Up-to-date: /home/lucas-fang/ros2_Nav_ws/install/base_interfaces/share/base_interfaces/msg/Imu.msg
[0.558s] -- Up-to-date: /home/lucas-fang/ros2_Nav_ws/install/base_interfaces/share/base_interfaces/msg/Robot.msg
[0.558s] -- Up-to-date: /home/lucas-fang/ros2_Nav_ws/install/base_interfaces/share/ament_index/resource_index/package_run_dependencies/base_interfaces
[0.558s] -- Up-to-date: /home/lucas-fang/ros2_Nav_ws/install/base_interfaces/share/ament_index/resource_index/parent_prefix_path/base_interfaces
[0.558s] -- Up-to-date: /home/lucas-fang/ros2_Nav_ws/install/base_interfaces/share/base_interfaces/environment/ament_prefix_path.sh
[0.558s] -- Up-to-date: /home/lucas-fang/ros2_Nav_ws/install/base_interfaces/share/base_interfaces/environment/ament_prefix_path.dsv
[0.558s] -- Up-to-date: /home/lucas-fang/ros2_Nav_ws/install/base_interfaces/share/base_interfaces/environment/path.sh
[0.558s] -- Up-to-date: /home/lucas-fang/ros2_Nav_ws/install/base_interfaces/share/base_interfaces/environment/path.dsv
[0.559s] -- Up-to-date: /home/lucas-fang/ros2_Nav_ws/install/base_interfaces/share/base_interfaces/local_setup.bash
[0.559s] -- Up-to-date: /home/lucas-fang/ros2_Nav_ws/install/base_interfaces/share/base_interfaces/local_setup.sh
[0.559s] -- Up-to-date: /home/lucas-fang/ros2_Nav_ws/install/base_interfaces/share/base_interfaces/local_setup.zsh
[0.559s] -- Up-to-date: /home/lucas-fang/ros2_Nav_ws/install/base_interfaces/share/base_interfaces/local_setup.dsv
[0.559s] -- Installing: /home/lucas-fang/ros2_Nav_ws/install/base_interfaces/share/base_interfaces/package.dsv
[0.559s] -- Up-to-date: /home/lucas-fang/ros2_Nav_ws/install/base_interfaces/share/ament_index/resource_index/packages/base_interfaces
[0.559s] -- Up-to-date: /home/lucas-fang/ros2_Nav_ws/install/base_interfaces/share/base_interfaces/cmake/export_base_interfaces__rosidl_generator_cExport.cmake
[0.559s] -- Up-to-date: /home/lucas-fang/ros2_Nav_ws/install/base_interfaces/share/base_interfaces/cmake/export_base_interfaces__rosidl_generator_cExport-noconfig.cmake
[0.559s] -- Up-to-date: /home/lucas-fang/ros2_Nav_ws/install/base_interfaces/share/base_interfaces/cmake/export_base_interfaces__rosidl_typesupport_fastrtps_cExport.cmake
[0.559s] -- Up-to-date: /home/lucas-fang/ros2_Nav_ws/install/base_interfaces/share/base_interfaces/cmake/export_base_interfaces__rosidl_typesupport_fastrtps_cExport-noconfig.cmake
[0.559s] -- Up-to-date: /home/lucas-fang/ros2_Nav_ws/install/base_interfaces/share/base_interfaces/cmake/base_interfaces__rosidl_typesupport_introspection_cExport.cmake
[0.559s] -- Up-to-date: /home/lucas-fang/ros2_Nav_ws/install/base_interfaces/share/base_interfaces/cmake/base_interfaces__rosidl_typesupport_introspection_cExport-noconfig.cmake
[0.559s] -- Up-to-date: /home/lucas-fang/ros2_Nav_ws/install/base_interfaces/share/base_interfaces/cmake/base_interfaces__rosidl_typesupport_cExport.cmake
[0.559s] -- Up-to-date: /home/lucas-fang/ros2_Nav_ws/install/base_interfaces/share/base_interfaces/cmake/base_interfaces__rosidl_typesupport_cExport-noconfig.cmake
[0.560s] -- Up-to-date: /home/lucas-fang/ros2_Nav_ws/install/base_interfaces/share/base_interfaces/cmake/export_base_interfaces__rosidl_generator_cppExport.cmake
[0.560s] -- Up-to-date: /home/lucas-fang/ros2_Nav_ws/install/base_interfaces/share/base_interfaces/cmake/export_base_interfaces__rosidl_typesupport_fastrtps_cppExport.cmake
[0.560s] -- Up-to-date: /home/lucas-fang/ros2_Nav_ws/install/base_interfaces/share/base_interfaces/cmake/export_base_interfaces__rosidl_typesupport_fastrtps_cppExport-noconfig.cmake
[0.560s] -- Up-to-date: /home/lucas-fang/ros2_Nav_ws/install/base_interfaces/share/base_interfaces/cmake/base_interfaces__rosidl_typesupport_introspection_cppExport.cmake
[0.561s] -- Up-to-date: /home/lucas-fang/ros2_Nav_ws/install/base_interfaces/share/base_interfaces/cmake/base_interfaces__rosidl_typesupport_introspection_cppExport-noconfig.cmake
[0.561s] -- Up-to-date: /home/lucas-fang/ros2_Nav_ws/install/base_interfaces/share/base_interfaces/cmake/base_interfaces__rosidl_typesupport_cppExport.cmake
[0.561s] -- Up-to-date: /home/lucas-fang/ros2_Nav_ws/install/base_interfaces/share/base_interfaces/cmake/base_interfaces__rosidl_typesupport_cppExport-noconfig.cmake
[0.561s] -- Up-to-date: /home/lucas-fang/ros2_Nav_ws/install/base_interfaces/share/base_interfaces/cmake/export_base_interfaces__rosidl_generator_pyExport.cmake
[0.562s] -- Up-to-date: /home/lucas-fang/ros2_Nav_ws/install/base_interfaces/share/base_interfaces/cmake/export_base_interfaces__rosidl_generator_pyExport-noconfig.cmake
[0.562s] -- Up-to-date: /home/lucas-fang/ros2_Nav_ws/install/base_interfaces/share/base_interfaces/cmake/rosidl_cmake-extras.cmake
[0.564s] -- Up-to-date: /home/lucas-fang/ros2_Nav_ws/install/base_interfaces/share/base_interfaces/cmake/ament_cmake_export_include_directories-extras.cmake
[0.564s] -- Up-to-date: /home/lucas-fang/ros2_Nav_ws/install/base_interfaces/share/base_interfaces/cmake/ament_cmake_export_libraries-extras.cmake
[0.564s] -- Up-to-date: /home/lucas-fang/ros2_Nav_ws/install/base_interfaces/share/base_interfaces/cmake/ament_cmake_export_targets-extras.cmake
[0.564s] -- Up-to-date: /home/lucas-fang/ros2_Nav_ws/install/base_interfaces/share/base_interfaces/cmake/rosidl_cmake_export_typesupport_targets-extras.cmake
[0.564s] -- Up-to-date: /home/lucas-fang/ros2_Nav_ws/install/base_interfaces/share/base_interfaces/cmake/ament_cmake_export_dependencies-extras.cmake
[0.564s] -- Up-to-date: /home/lucas-fang/ros2_Nav_ws/install/base_interfaces/share/base_interfaces/cmake/rosidl_cmake_export_typesupport_libraries-extras.cmake
[0.564s] -- Up-to-date: /home/lucas-fang/ros2_Nav_ws/install/base_interfaces/share/base_interfaces/cmake/base_interfacesConfig.cmake
[0.564s] -- Up-to-date: /home/lucas-fang/ros2_Nav_ws/install/base_interfaces/share/base_interfaces/cmake/base_interfacesConfig-version.cmake
[0.564s] -- Up-to-date: /home/lucas-fang/ros2_Nav_ws/install/base_interfaces/share/base_interfaces/package.xml
[0.567s] Invoked command in '/home/lucas-fang/ros2_Nav_ws/build/base_interfaces' returned '0': CMAKE_PREFIX_PATH=${CMAKE_PREFIX_PATH}:/opt/ros/humble /usr/bin/cmake --install /home/lucas-fang/ros2_Nav_ws/build/base_interfaces
