[0.148s] DEBUG:colcon:Command line arguments: ['/usr/bin/colcon', 'build', '--packages-select', 'base_driver_pkg']
[0.148s] DEBUG:colcon:Parsed command line arguments: Namespace(log_base=None, log_level=None, verb_name='build', build_base='build', install_base='install', merge_install=False, symlink_install=False, test_result_base=None, continue_on_error=False, executor='parallel', parallel_workers=4, event_handlers=None, ignore_user_meta=False, metas=['./colcon.meta'], base_paths=['.'], packages_ignore=None, packages_ignore_regex=None, paths=None, packages_up_to=None, packages_up_to_regex=None, packages_above=None, packages_above_and_dependencies=None, packages_above_depth=None, packages_select_by_dep=None, packages_skip_by_dep=None, packages_skip_up_to=None, packages_select_build_failed=False, packages_skip_build_finished=False, packages_select_test_failures=False, packages_skip_test_passed=False, packages_select=['base_driver_pkg'], packages_skip=None, packages_select_regex=None, packages_skip_regex=None, packages_start=None, packages_end=None, allow_overriding=[], cmake_args=['-DCMAKE_EXPORT_COMPILE_COMMANDS=ON'], cmake_target=None, cmake_target_skip_unavailable=False, cmake_clean_cache=False, cmake_clean_first=False, cmake_force_configure=False, ament_cmake_args=None, catkin_cmake_args=None, catkin_skip_building_tests=False, mixin_files=None, mixin=None, verb_parser=<colcon_mixin.mixin.mixin_argument.MixinArgumentDecorator object at 0x7733ff46cd90>, verb_extension=<colcon_core.verb.build.BuildVerb object at 0x7733ff579cf0>, main=<bound method BuildVerb.main of <colcon_core.verb.build.BuildVerb object at 0x7733ff579cf0>>, mixin_verb=('build',))
[0.358s] Level 1:colcon.colcon_core.package_discovery:discover_packages(colcon_meta) check parameters
[0.358s] Level 1:colcon.colcon_core.package_discovery:discover_packages(recursive) check parameters
[0.358s] Level 1:colcon.colcon_core.package_discovery:discover_packages(ignore) check parameters
[0.358s] Level 1:colcon.colcon_core.package_discovery:discover_packages(path) check parameters
[0.358s] Level 1:colcon.colcon_core.package_discovery:discover_packages(colcon_meta) discover
[0.358s] Level 1:colcon.colcon_core.package_discovery:discover_packages(recursive) discover
[0.358s] INFO:colcon.colcon_core.package_discovery:Crawling recursively for packages in '/home/lucas-fang/ros2_Nav_ws'
[0.358s] Level 1:colcon.colcon_core.package_identification:_identify(.) by extensions ['ignore', 'ignore_ament_install']
[0.358s] Level 1:colcon.colcon_core.package_identification:_identify(.) by extension 'ignore'
[0.359s] Level 1:colcon.colcon_core.package_identification:_identify(.) by extension 'ignore_ament_install'
[0.359s] Level 1:colcon.colcon_core.package_identification:_identify(.) by extensions ['colcon_pkg']
[0.359s] Level 1:colcon.colcon_core.package_identification:_identify(.) by extension 'colcon_pkg'
[0.359s] Level 1:colcon.colcon_core.package_identification:_identify(.) by extensions ['colcon_meta']
[0.359s] Level 1:colcon.colcon_core.package_identification:_identify(.) by extension 'colcon_meta'
[0.359s] Level 1:colcon.colcon_core.package_identification:_identify(.) by extensions ['ros']
[0.359s] Level 1:colcon.colcon_core.package_identification:_identify(.) by extension 'ros'
[0.374s] Level 1:colcon.colcon_core.package_identification:_identify(.) by extensions ['cmake', 'python']
[0.374s] Level 1:colcon.colcon_core.package_identification:_identify(.) by extension 'cmake'
[0.374s] Level 1:colcon.colcon_core.package_identification:_identify(.) by extension 'python'
[0.374s] Level 1:colcon.colcon_core.package_identification:_identify(.) by extensions ['python_setup_py']
[0.374s] Level 1:colcon.colcon_core.package_identification:_identify(.) by extension 'python_setup_py'
[0.374s] Level 1:colcon.colcon_core.package_identification:_identify(build) by extensions ['ignore', 'ignore_ament_install']
[0.375s] Level 1:colcon.colcon_core.package_identification:_identify(build) by extension 'ignore'
[0.375s] Level 1:colcon.colcon_core.package_identification:_identify(build) ignored
[0.375s] Level 1:colcon.colcon_core.package_identification:_identify(install) by extensions ['ignore', 'ignore_ament_install']
[0.375s] Level 1:colcon.colcon_core.package_identification:_identify(install) by extension 'ignore'
[0.375s] Level 1:colcon.colcon_core.package_identification:_identify(install) ignored
[0.375s] Level 1:colcon.colcon_core.package_identification:_identify(log) by extensions ['ignore', 'ignore_ament_install']
[0.376s] Level 1:colcon.colcon_core.package_identification:_identify(log) by extension 'ignore'
[0.376s] Level 1:colcon.colcon_core.package_identification:_identify(log) ignored
[0.376s] Level 1:colcon.colcon_core.package_identification:_identify(map) by extensions ['ignore', 'ignore_ament_install']
[0.376s] Level 1:colcon.colcon_core.package_identification:_identify(map) by extension 'ignore'
[0.376s] Level 1:colcon.colcon_core.package_identification:_identify(map) by extension 'ignore_ament_install'
[0.376s] Level 1:colcon.colcon_core.package_identification:_identify(map) by extensions ['colcon_pkg']
[0.376s] Level 1:colcon.colcon_core.package_identification:_identify(map) by extension 'colcon_pkg'
[0.376s] Level 1:colcon.colcon_core.package_identification:_identify(map) by extensions ['colcon_meta']
[0.376s] Level 1:colcon.colcon_core.package_identification:_identify(map) by extension 'colcon_meta'
[0.376s] Level 1:colcon.colcon_core.package_identification:_identify(map) by extensions ['ros']
[0.376s] Level 1:colcon.colcon_core.package_identification:_identify(map) by extension 'ros'
[0.376s] Level 1:colcon.colcon_core.package_identification:_identify(map) by extensions ['cmake', 'python']
[0.376s] Level 1:colcon.colcon_core.package_identification:_identify(map) by extension 'cmake'
[0.376s] Level 1:colcon.colcon_core.package_identification:_identify(map) by extension 'python'
[0.376s] Level 1:colcon.colcon_core.package_identification:_identify(map) by extensions ['python_setup_py']
[0.376s] Level 1:colcon.colcon_core.package_identification:_identify(map) by extension 'python_setup_py'
[0.377s] Level 1:colcon.colcon_core.package_identification:_identify(src) by extensions ['ignore', 'ignore_ament_install']
[0.377s] Level 1:colcon.colcon_core.package_identification:_identify(src) by extension 'ignore'
[0.377s] Level 1:colcon.colcon_core.package_identification:_identify(src) by extension 'ignore_ament_install'
[0.377s] Level 1:colcon.colcon_core.package_identification:_identify(src) by extensions ['colcon_pkg']
[0.377s] Level 1:colcon.colcon_core.package_identification:_identify(src) by extension 'colcon_pkg'
[0.377s] Level 1:colcon.colcon_core.package_identification:_identify(src) by extensions ['colcon_meta']
[0.377s] Level 1:colcon.colcon_core.package_identification:_identify(src) by extension 'colcon_meta'
[0.377s] Level 1:colcon.colcon_core.package_identification:_identify(src) by extensions ['ros']
[0.377s] Level 1:colcon.colcon_core.package_identification:_identify(src) by extension 'ros'
[0.377s] Level 1:colcon.colcon_core.package_identification:_identify(src) by extensions ['cmake', 'python']
[0.378s] Level 1:colcon.colcon_core.package_identification:_identify(src) by extension 'cmake'
[0.378s] Level 1:colcon.colcon_core.package_identification:_identify(src) by extension 'python'
[0.378s] Level 1:colcon.colcon_core.package_identification:_identify(src) by extensions ['python_setup_py']
[0.378s] Level 1:colcon.colcon_core.package_identification:_identify(src) by extension 'python_setup_py'
[0.378s] Level 1:colcon.colcon_core.package_identification:_identify(src/base_driver_pkg) by extensions ['ignore', 'ignore_ament_install']
[0.378s] Level 1:colcon.colcon_core.package_identification:_identify(src/base_driver_pkg) by extension 'ignore'
[0.378s] Level 1:colcon.colcon_core.package_identification:_identify(src/base_driver_pkg) by extension 'ignore_ament_install'
[0.378s] Level 1:colcon.colcon_core.package_identification:_identify(src/base_driver_pkg) by extensions ['colcon_pkg']
[0.378s] Level 1:colcon.colcon_core.package_identification:_identify(src/base_driver_pkg) by extension 'colcon_pkg'
[0.378s] Level 1:colcon.colcon_core.package_identification:_identify(src/base_driver_pkg) by extensions ['colcon_meta']
[0.378s] Level 1:colcon.colcon_core.package_identification:_identify(src/base_driver_pkg) by extension 'colcon_meta'
[0.379s] Level 1:colcon.colcon_core.package_identification:_identify(src/base_driver_pkg) by extensions ['ros']
[0.379s] Level 1:colcon.colcon_core.package_identification:_identify(src/base_driver_pkg) by extension 'ros'
[0.382s] DEBUG:colcon.colcon_core.package_identification:Package 'src/base_driver_pkg' with type 'ros.ament_cmake' and name 'base_driver_pkg'
[0.383s] Level 1:colcon.colcon_core.package_identification:_identify(src/base_interfaces) by extensions ['ignore', 'ignore_ament_install']
[0.383s] Level 1:colcon.colcon_core.package_identification:_identify(src/base_interfaces) by extension 'ignore'
[0.383s] Level 1:colcon.colcon_core.package_identification:_identify(src/base_interfaces) by extension 'ignore_ament_install'
[0.383s] Level 1:colcon.colcon_core.package_identification:_identify(src/base_interfaces) by extensions ['colcon_pkg']
[0.383s] Level 1:colcon.colcon_core.package_identification:_identify(src/base_interfaces) by extension 'colcon_pkg'
[0.383s] Level 1:colcon.colcon_core.package_identification:_identify(src/base_interfaces) by extensions ['colcon_meta']
[0.383s] Level 1:colcon.colcon_core.package_identification:_identify(src/base_interfaces) by extension 'colcon_meta'
[0.383s] Level 1:colcon.colcon_core.package_identification:_identify(src/base_interfaces) by extensions ['ros']
[0.383s] Level 1:colcon.colcon_core.package_identification:_identify(src/base_interfaces) by extension 'ros'
[0.384s] DEBUG:colcon.colcon_core.package_identification:Package 'src/base_interfaces' with type 'ros.ament_cmake' and name 'base_interfaces'
[0.385s] Level 1:colcon.colcon_core.package_identification:_identify(src/localization_pkg) by extensions ['ignore', 'ignore_ament_install']
[0.385s] Level 1:colcon.colcon_core.package_identification:_identify(src/localization_pkg) by extension 'ignore'
[0.385s] Level 1:colcon.colcon_core.package_identification:_identify(src/localization_pkg) by extension 'ignore_ament_install'
[0.385s] Level 1:colcon.colcon_core.package_identification:_identify(src/localization_pkg) by extensions ['colcon_pkg']
[0.385s] Level 1:colcon.colcon_core.package_identification:_identify(src/localization_pkg) by extension 'colcon_pkg'
[0.385s] Level 1:colcon.colcon_core.package_identification:_identify(src/localization_pkg) by extensions ['colcon_meta']
[0.385s] Level 1:colcon.colcon_core.package_identification:_identify(src/localization_pkg) by extension 'colcon_meta'
[0.385s] Level 1:colcon.colcon_core.package_identification:_identify(src/localization_pkg) by extensions ['ros']
[0.385s] Level 1:colcon.colcon_core.package_identification:_identify(src/localization_pkg) by extension 'ros'
[0.387s] DEBUG:colcon.colcon_core.package_identification:Package 'src/localization_pkg' with type 'ros.ament_cmake' and name 'localization_pkg'
[0.387s] Level 1:colcon.colcon_core.package_identification:_identify(src/my_map_server) by extensions ['ignore', 'ignore_ament_install']
[0.387s] Level 1:colcon.colcon_core.package_identification:_identify(src/my_map_server) by extension 'ignore'
[0.387s] Level 1:colcon.colcon_core.package_identification:_identify(src/my_map_server) by extension 'ignore_ament_install'
[0.387s] Level 1:colcon.colcon_core.package_identification:_identify(src/my_map_server) by extensions ['colcon_pkg']
[0.387s] Level 1:colcon.colcon_core.package_identification:_identify(src/my_map_server) by extension 'colcon_pkg'
[0.387s] Level 1:colcon.colcon_core.package_identification:_identify(src/my_map_server) by extensions ['colcon_meta']
[0.387s] Level 1:colcon.colcon_core.package_identification:_identify(src/my_map_server) by extension 'colcon_meta'
[0.388s] Level 1:colcon.colcon_core.package_identification:_identify(src/my_map_server) by extensions ['ros']
[0.388s] Level 1:colcon.colcon_core.package_identification:_identify(src/my_map_server) by extension 'ros'
[0.388s] DEBUG:colcon.colcon_core.package_identification:Package 'src/my_map_server' with type 'ros.ament_cmake' and name 'my_map_server'
[0.389s] Level 1:colcon.colcon_core.package_identification:_identify(src/my_slam_toolbox) by extensions ['ignore', 'ignore_ament_install']
[0.389s] Level 1:colcon.colcon_core.package_identification:_identify(src/my_slam_toolbox) by extension 'ignore'
[0.389s] Level 1:colcon.colcon_core.package_identification:_identify(src/my_slam_toolbox) by extension 'ignore_ament_install'
[0.389s] Level 1:colcon.colcon_core.package_identification:_identify(src/my_slam_toolbox) by extensions ['colcon_pkg']
[0.389s] Level 1:colcon.colcon_core.package_identification:_identify(src/my_slam_toolbox) by extension 'colcon_pkg'
[0.389s] Level 1:colcon.colcon_core.package_identification:_identify(src/my_slam_toolbox) by extensions ['colcon_meta']
[0.389s] Level 1:colcon.colcon_core.package_identification:_identify(src/my_slam_toolbox) by extension 'colcon_meta'
[0.389s] Level 1:colcon.colcon_core.package_identification:_identify(src/my_slam_toolbox) by extensions ['ros']
[0.389s] Level 1:colcon.colcon_core.package_identification:_identify(src/my_slam_toolbox) by extension 'ros'
[0.390s] DEBUG:colcon.colcon_core.package_identification:Package 'src/my_slam_toolbox' with type 'ros.ament_cmake' and name 'my_slam_toolbox'
[0.390s] Level 1:colcon.colcon_core.package_identification:_identify(src/navigation2_config) by extensions ['ignore', 'ignore_ament_install']
[0.390s] Level 1:colcon.colcon_core.package_identification:_identify(src/navigation2_config) by extension 'ignore'
[0.390s] Level 1:colcon.colcon_core.package_identification:_identify(src/navigation2_config) by extension 'ignore_ament_install'
[0.390s] Level 1:colcon.colcon_core.package_identification:_identify(src/navigation2_config) by extensions ['colcon_pkg']
[0.390s] Level 1:colcon.colcon_core.package_identification:_identify(src/navigation2_config) by extension 'colcon_pkg'
[0.391s] Level 1:colcon.colcon_core.package_identification:_identify(src/navigation2_config) by extensions ['colcon_meta']
[0.391s] Level 1:colcon.colcon_core.package_identification:_identify(src/navigation2_config) by extension 'colcon_meta'
[0.391s] Level 1:colcon.colcon_core.package_identification:_identify(src/navigation2_config) by extensions ['ros']
[0.391s] Level 1:colcon.colcon_core.package_identification:_identify(src/navigation2_config) by extension 'ros'
[0.391s] DEBUG:colcon.colcon_core.package_identification:Package 'src/navigation2_config' with type 'ros.ament_cmake' and name 'navigation2_config'
[0.392s] Level 1:colcon.colcon_core.package_identification:_identify(src/rplidar_ros) by extensions ['ignore', 'ignore_ament_install']
[0.392s] Level 1:colcon.colcon_core.package_identification:_identify(src/rplidar_ros) by extension 'ignore'
[0.392s] Level 1:colcon.colcon_core.package_identification:_identify(src/rplidar_ros) by extension 'ignore_ament_install'
[0.392s] Level 1:colcon.colcon_core.package_identification:_identify(src/rplidar_ros) by extensions ['colcon_pkg']
[0.392s] Level 1:colcon.colcon_core.package_identification:_identify(src/rplidar_ros) by extension 'colcon_pkg'
[0.392s] Level 1:colcon.colcon_core.package_identification:_identify(src/rplidar_ros) by extensions ['colcon_meta']
[0.392s] Level 1:colcon.colcon_core.package_identification:_identify(src/rplidar_ros) by extension 'colcon_meta'
[0.392s] Level 1:colcon.colcon_core.package_identification:_identify(src/rplidar_ros) by extensions ['ros']
[0.392s] Level 1:colcon.colcon_core.package_identification:_identify(src/rplidar_ros) by extension 'ros'
[0.393s] DEBUG:colcon.colcon_core.package_identification:Package 'src/rplidar_ros' with type 'ros.ament_cmake' and name 'rplidar_ros'
[0.393s] Level 1:colcon.colcon_core.package_identification:_identify(src/senson_pkg) by extensions ['ignore', 'ignore_ament_install']
[0.393s] Level 1:colcon.colcon_core.package_identification:_identify(src/senson_pkg) by extension 'ignore'
[0.393s] Level 1:colcon.colcon_core.package_identification:_identify(src/senson_pkg) by extension 'ignore_ament_install'
[0.393s] Level 1:colcon.colcon_core.package_identification:_identify(src/senson_pkg) by extensions ['colcon_pkg']
[0.393s] Level 1:colcon.colcon_core.package_identification:_identify(src/senson_pkg) by extension 'colcon_pkg'
[0.393s] Level 1:colcon.colcon_core.package_identification:_identify(src/senson_pkg) by extensions ['colcon_meta']
[0.394s] Level 1:colcon.colcon_core.package_identification:_identify(src/senson_pkg) by extension 'colcon_meta'
[0.394s] Level 1:colcon.colcon_core.package_identification:_identify(src/senson_pkg) by extensions ['ros']
[0.394s] Level 1:colcon.colcon_core.package_identification:_identify(src/senson_pkg) by extension 'ros'
[0.395s] DEBUG:colcon.colcon_core.package_identification:Package 'src/senson_pkg' with type 'ros.ament_cmake' and name 'senson_pkg'
[0.395s] Level 1:colcon.colcon_core.package_identification:_identify(src/serial_pkg) by extensions ['ignore', 'ignore_ament_install']
[0.395s] Level 1:colcon.colcon_core.package_identification:_identify(src/serial_pkg) by extension 'ignore'
[0.395s] Level 1:colcon.colcon_core.package_identification:_identify(src/serial_pkg) by extension 'ignore_ament_install'
[0.395s] Level 1:colcon.colcon_core.package_identification:_identify(src/serial_pkg) by extensions ['colcon_pkg']
[0.396s] Level 1:colcon.colcon_core.package_identification:_identify(src/serial_pkg) by extension 'colcon_pkg'
[0.396s] Level 1:colcon.colcon_core.package_identification:_identify(src/serial_pkg) by extensions ['colcon_meta']
[0.396s] Level 1:colcon.colcon_core.package_identification:_identify(src/serial_pkg) by extension 'colcon_meta'
[0.396s] Level 1:colcon.colcon_core.package_identification:_identify(src/serial_pkg) by extensions ['ros']
[0.396s] Level 1:colcon.colcon_core.package_identification:_identify(src/serial_pkg) by extension 'ros'
[0.397s] DEBUG:colcon.colcon_core.package_identification:Package 'src/serial_pkg' with type 'ros.ament_cmake' and name 'serial_pkg'
[0.397s] Level 1:colcon.colcon_core.package_discovery:discover_packages(recursive) using defaults
[0.397s] Level 1:colcon.colcon_core.package_discovery:discover_packages(ignore) discover
[0.397s] Level 1:colcon.colcon_core.package_discovery:discover_packages(ignore) using defaults
[0.397s] Level 1:colcon.colcon_core.package_discovery:discover_packages(path) discover
[0.397s] Level 1:colcon.colcon_core.package_discovery:discover_packages(path) using defaults
[0.441s] INFO:colcon.colcon_core.package_selection:Skipping not selected package 'base_interfaces' in 'src/base_interfaces'
[0.441s] INFO:colcon.colcon_core.package_selection:Skipping not selected package 'localization_pkg' in 'src/localization_pkg'
[0.441s] INFO:colcon.colcon_core.package_selection:Skipping not selected package 'my_map_server' in 'src/my_map_server'
[0.441s] INFO:colcon.colcon_core.package_selection:Skipping not selected package 'my_slam_toolbox' in 'src/my_slam_toolbox'
[0.441s] INFO:colcon.colcon_core.package_selection:Skipping not selected package 'navigation2_config' in 'src/navigation2_config'
[0.441s] INFO:colcon.colcon_core.package_selection:Skipping not selected package 'rplidar_ros' in 'src/rplidar_ros'
[0.441s] INFO:colcon.colcon_core.package_selection:Skipping not selected package 'senson_pkg' in 'src/senson_pkg'
[0.441s] INFO:colcon.colcon_core.package_selection:Skipping not selected package 'serial_pkg' in 'src/serial_pkg'
[0.442s] Level 1:colcon.colcon_core.package_discovery:discover_packages(prefix_path) check parameters
[0.442s] Level 1:colcon.colcon_core.package_discovery:discover_packages(prefix_path) discover
[0.445s] DEBUG:colcon.colcon_installed_package_information.package_discovery:Found 9 installed packages in /home/lucas-fang/ros2_Nav_ws/install
[0.447s] DEBUG:colcon.colcon_installed_package_information.package_discovery:Found 321 installed packages in /opt/ros/humble
[0.449s] Level 1:colcon.colcon_core.package_discovery:discover_packages(prefix_path) using defaults
[0.506s] Level 5:colcon.colcon_core.verb:set package 'base_driver_pkg' build argument 'cmake_args' from command line to '['-DCMAKE_EXPORT_COMPILE_COMMANDS=ON']'
[0.507s] Level 5:colcon.colcon_core.verb:set package 'base_driver_pkg' build argument 'cmake_target' from command line to 'None'
[0.507s] Level 5:colcon.colcon_core.verb:set package 'base_driver_pkg' build argument 'cmake_target_skip_unavailable' from command line to 'False'
[0.507s] Level 5:colcon.colcon_core.verb:set package 'base_driver_pkg' build argument 'cmake_clean_cache' from command line to 'False'
[0.507s] Level 5:colcon.colcon_core.verb:set package 'base_driver_pkg' build argument 'cmake_clean_first' from command line to 'False'
[0.507s] Level 5:colcon.colcon_core.verb:set package 'base_driver_pkg' build argument 'cmake_force_configure' from command line to 'False'
[0.507s] Level 5:colcon.colcon_core.verb:set package 'base_driver_pkg' build argument 'ament_cmake_args' from command line to 'None'
[0.507s] Level 5:colcon.colcon_core.verb:set package 'base_driver_pkg' build argument 'catkin_cmake_args' from command line to 'None'
[0.507s] Level 5:colcon.colcon_core.verb:set package 'base_driver_pkg' build argument 'catkin_skip_building_tests' from command line to 'False'
[0.507s] DEBUG:colcon.colcon_core.verb:Building package 'base_driver_pkg' with the following arguments: {'ament_cmake_args': None, 'build_base': '/home/lucas-fang/ros2_Nav_ws/build/base_driver_pkg', 'catkin_cmake_args': None, 'catkin_skip_building_tests': False, 'cmake_args': ['-DCMAKE_EXPORT_COMPILE_COMMANDS=ON'], 'cmake_clean_cache': False, 'cmake_clean_first': False, 'cmake_force_configure': False, 'cmake_target': None, 'cmake_target_skip_unavailable': False, 'install_base': '/home/lucas-fang/ros2_Nav_ws/install/base_driver_pkg', 'merge_install': False, 'path': '/home/lucas-fang/ros2_Nav_ws/src/base_driver_pkg', 'symlink_install': False, 'test_result_base': None}
[0.507s] INFO:colcon.colcon_core.executor:Executing jobs using 'parallel' executor
[0.509s] DEBUG:colcon.colcon_parallel_executor.executor.parallel:run_until_complete
[0.509s] INFO:colcon.colcon_ros.task.ament_cmake.build:Building ROS package in '/home/lucas-fang/ros2_Nav_ws/src/base_driver_pkg' with build type 'ament_cmake'
[0.509s] INFO:colcon.colcon_cmake.task.cmake.build:Building CMake package in '/home/lucas-fang/ros2_Nav_ws/src/base_driver_pkg'
[0.512s] INFO:colcon.colcon_core.plugin_system:Skipping extension 'colcon_core.shell.bat': Not used on non-Windows systems
[0.512s] INFO:colcon.colcon_core.shell:Skip shell extension 'powershell' for command environment: Not usable outside of PowerShell
[0.512s] DEBUG:colcon.colcon_core.shell:Skip shell extension 'dsv' for command environment
[0.526s] DEBUG:colcon.colcon_core.event_handler.log_command:Invoking command in '/home/lucas-fang/ros2_Nav_ws/build/base_driver_pkg': CMAKE_PREFIX_PATH=${CMAKE_PREFIX_PATH}:/opt/ros/humble /usr/bin/cmake --build /home/lucas-fang/ros2_Nav_ws/build/base_driver_pkg -- -j4 -l4
[14.000s] DEBUG:colcon.colcon_core.event_handler.log_command:Invoked command in '/home/lucas-fang/ros2_Nav_ws/build/base_driver_pkg' returned '0': CMAKE_PREFIX_PATH=${CMAKE_PREFIX_PATH}:/opt/ros/humble /usr/bin/cmake --build /home/lucas-fang/ros2_Nav_ws/build/base_driver_pkg -- -j4 -l4
[14.012s] DEBUG:colcon.colcon_core.event_handler.log_command:Invoking command in '/home/lucas-fang/ros2_Nav_ws/build/base_driver_pkg': CMAKE_PREFIX_PATH=${CMAKE_PREFIX_PATH}:/opt/ros/humble /usr/bin/cmake --install /home/lucas-fang/ros2_Nav_ws/build/base_driver_pkg
[14.030s] Level 1:colcon.colcon_core.environment:create_environment_scripts_only(base_driver_pkg)
[14.031s] DEBUG:colcon.colcon_core.event_handler.log_command:Invoked command in '/home/lucas-fang/ros2_Nav_ws/build/base_driver_pkg' returned '0': CMAKE_PREFIX_PATH=${CMAKE_PREFIX_PATH}:/opt/ros/humble /usr/bin/cmake --install /home/lucas-fang/ros2_Nav_ws/build/base_driver_pkg
[14.034s] Level 1:colcon.colcon_core.environment:checking '/home/lucas-fang/ros2_Nav_ws/install/base_driver_pkg' for CMake module files
[14.035s] Level 1:colcon.colcon_core.environment:checking '/home/lucas-fang/ros2_Nav_ws/install/base_driver_pkg' for CMake config files
[14.036s] Level 1:colcon.colcon_core.shell:create_environment_hook('base_driver_pkg', 'cmake_prefix_path')
[14.036s] INFO:colcon.colcon_core.shell:Creating environment hook '/home/lucas-fang/ros2_Nav_ws/install/base_driver_pkg/share/base_driver_pkg/hook/cmake_prefix_path.ps1'
[14.037s] INFO:colcon.colcon_core.shell:Creating environment descriptor '/home/lucas-fang/ros2_Nav_ws/install/base_driver_pkg/share/base_driver_pkg/hook/cmake_prefix_path.dsv'
[14.037s] INFO:colcon.colcon_core.shell:Creating environment hook '/home/lucas-fang/ros2_Nav_ws/install/base_driver_pkg/share/base_driver_pkg/hook/cmake_prefix_path.sh'
[14.039s] Level 1:colcon.colcon_core.environment:checking '/home/lucas-fang/ros2_Nav_ws/install/base_driver_pkg/lib'
[14.039s] Level 1:colcon.colcon_core.environment:checking '/home/lucas-fang/ros2_Nav_ws/install/base_driver_pkg/bin'
[14.039s] Level 1:colcon.colcon_core.environment:checking '/home/lucas-fang/ros2_Nav_ws/install/base_driver_pkg/lib/pkgconfig/base_driver_pkg.pc'
[14.040s] Level 1:colcon.colcon_core.environment:checking '/home/lucas-fang/ros2_Nav_ws/install/base_driver_pkg/lib/python3.10/site-packages'
[14.040s] Level 1:colcon.colcon_core.environment:checking '/home/lucas-fang/ros2_Nav_ws/install/base_driver_pkg/bin'
[14.040s] INFO:colcon.colcon_core.shell:Creating package script '/home/lucas-fang/ros2_Nav_ws/install/base_driver_pkg/share/base_driver_pkg/package.ps1'
[14.041s] INFO:colcon.colcon_core.shell:Creating package descriptor '/home/lucas-fang/ros2_Nav_ws/install/base_driver_pkg/share/base_driver_pkg/package.dsv'
[14.042s] INFO:colcon.colcon_core.shell:Creating package script '/home/lucas-fang/ros2_Nav_ws/install/base_driver_pkg/share/base_driver_pkg/package.sh'
[14.043s] INFO:colcon.colcon_core.shell:Creating package script '/home/lucas-fang/ros2_Nav_ws/install/base_driver_pkg/share/base_driver_pkg/package.bash'
[14.044s] INFO:colcon.colcon_core.shell:Creating package script '/home/lucas-fang/ros2_Nav_ws/install/base_driver_pkg/share/base_driver_pkg/package.zsh'
[14.045s] Level 1:colcon.colcon_core.environment:create_file_with_runtime_dependencies(/home/lucas-fang/ros2_Nav_ws/install/base_driver_pkg/share/colcon-core/packages/base_driver_pkg)
[14.046s] Level 1:colcon.colcon_core.environment:create_environment_scripts_only(base_driver_pkg)
[14.046s] Level 1:colcon.colcon_core.environment:checking '/home/lucas-fang/ros2_Nav_ws/install/base_driver_pkg' for CMake module files
[14.047s] Level 1:colcon.colcon_core.environment:checking '/home/lucas-fang/ros2_Nav_ws/install/base_driver_pkg' for CMake config files
[14.047s] Level 1:colcon.colcon_core.shell:create_environment_hook('base_driver_pkg', 'cmake_prefix_path')
[14.048s] INFO:colcon.colcon_core.shell:Creating environment hook '/home/lucas-fang/ros2_Nav_ws/install/base_driver_pkg/share/base_driver_pkg/hook/cmake_prefix_path.ps1'
[14.049s] INFO:colcon.colcon_core.shell:Creating environment descriptor '/home/lucas-fang/ros2_Nav_ws/install/base_driver_pkg/share/base_driver_pkg/hook/cmake_prefix_path.dsv'
[14.049s] INFO:colcon.colcon_core.shell:Creating environment hook '/home/lucas-fang/ros2_Nav_ws/install/base_driver_pkg/share/base_driver_pkg/hook/cmake_prefix_path.sh'
[14.050s] Level 1:colcon.colcon_core.environment:checking '/home/lucas-fang/ros2_Nav_ws/install/base_driver_pkg/lib'
[14.050s] Level 1:colcon.colcon_core.environment:checking '/home/lucas-fang/ros2_Nav_ws/install/base_driver_pkg/bin'
[14.050s] Level 1:colcon.colcon_core.environment:checking '/home/lucas-fang/ros2_Nav_ws/install/base_driver_pkg/lib/pkgconfig/base_driver_pkg.pc'
[14.051s] Level 1:colcon.colcon_core.environment:checking '/home/lucas-fang/ros2_Nav_ws/install/base_driver_pkg/lib/python3.10/site-packages'
[14.051s] Level 1:colcon.colcon_core.environment:checking '/home/lucas-fang/ros2_Nav_ws/install/base_driver_pkg/bin'
[14.051s] INFO:colcon.colcon_core.shell:Creating package script '/home/lucas-fang/ros2_Nav_ws/install/base_driver_pkg/share/base_driver_pkg/package.ps1'
[14.052s] INFO:colcon.colcon_core.shell:Creating package descriptor '/home/lucas-fang/ros2_Nav_ws/install/base_driver_pkg/share/base_driver_pkg/package.dsv'
[14.053s] INFO:colcon.colcon_core.shell:Creating package script '/home/lucas-fang/ros2_Nav_ws/install/base_driver_pkg/share/base_driver_pkg/package.sh'
[14.053s] INFO:colcon.colcon_core.shell:Creating package script '/home/lucas-fang/ros2_Nav_ws/install/base_driver_pkg/share/base_driver_pkg/package.bash'
[14.054s] INFO:colcon.colcon_core.shell:Creating package script '/home/lucas-fang/ros2_Nav_ws/install/base_driver_pkg/share/base_driver_pkg/package.zsh'
[14.055s] Level 1:colcon.colcon_core.environment:create_file_with_runtime_dependencies(/home/lucas-fang/ros2_Nav_ws/install/base_driver_pkg/share/colcon-core/packages/base_driver_pkg)
[14.055s] DEBUG:colcon.colcon_parallel_executor.executor.parallel:closing loop
[14.055s] DEBUG:colcon.colcon_parallel_executor.executor.parallel:loop closed
[14.056s] DEBUG:colcon.colcon_parallel_executor.executor.parallel:run_until_complete finished with '0'
[14.056s] DEBUG:colcon.colcon_core.event_reactor:joining thread
[14.063s] INFO:colcon.colcon_core.plugin_system:Skipping extension 'colcon_notification.desktop_notification.notify_send': Could not find 'notify-send'
[14.063s] INFO:colcon.colcon_core.plugin_system:Skipping extension 'colcon_notification.desktop_notification.terminal_notifier': Not used on non-Darwin systems
[14.063s] INFO:colcon.colcon_core.plugin_system:Skipping extension 'colcon_notification.desktop_notification.win32': Not used on non-Windows systems
[14.063s] INFO:colcon.colcon_notification.desktop_notification:Sending desktop notification using 'notify2'
[14.092s] DEBUG:colcon.colcon_core.event_reactor:joined thread
[14.094s] INFO:colcon.colcon_core.shell:Creating prefix script '/home/lucas-fang/ros2_Nav_ws/install/local_setup.ps1'
[14.096s] INFO:colcon.colcon_core.shell:Creating prefix util module '/home/lucas-fang/ros2_Nav_ws/install/_local_setup_util_ps1.py'
[14.099s] INFO:colcon.colcon_core.shell:Creating prefix chain script '/home/lucas-fang/ros2_Nav_ws/install/setup.ps1'
[14.103s] INFO:colcon.colcon_core.shell:Creating prefix script '/home/lucas-fang/ros2_Nav_ws/install/local_setup.sh'
[14.104s] INFO:colcon.colcon_core.shell:Creating prefix util module '/home/lucas-fang/ros2_Nav_ws/install/_local_setup_util_sh.py'
[14.106s] INFO:colcon.colcon_core.shell:Creating prefix chain script '/home/lucas-fang/ros2_Nav_ws/install/setup.sh'
[14.109s] INFO:colcon.colcon_core.shell:Creating prefix script '/home/lucas-fang/ros2_Nav_ws/install/local_setup.bash'
[14.110s] INFO:colcon.colcon_core.shell:Creating prefix chain script '/home/lucas-fang/ros2_Nav_ws/install/setup.bash'
[14.112s] INFO:colcon.colcon_core.shell:Creating prefix script '/home/lucas-fang/ros2_Nav_ws/install/local_setup.zsh'
[14.113s] INFO:colcon.colcon_core.shell:Creating prefix chain script '/home/lucas-fang/ros2_Nav_ws/install/setup.zsh'
