[0.097s] DEBUG:colcon:Command line arguments: ['/usr/bin/colcon', 'build']
[0.097s] DEBUG:colcon:Parsed command line arguments: Namespace(log_base=None, log_level=None, verb_name='build', build_base='build', install_base='install', merge_install=False, symlink_install=False, test_result_base=None, continue_on_error=False, executor='parallel', parallel_workers=4, event_handlers=None, ignore_user_meta=False, metas=['./colcon.meta'], base_paths=['.'], packages_ignore=None, packages_ignore_regex=None, paths=None, packages_up_to=None, packages_up_to_regex=None, packages_above=None, packages_above_and_dependencies=None, packages_above_depth=None, packages_select_by_dep=None, packages_skip_by_dep=None, packages_skip_up_to=None, packages_select_build_failed=False, packages_skip_build_finished=False, packages_select_test_failures=False, packages_skip_test_passed=False, packages_select=None, packages_skip=None, packages_select_regex=None, packages_skip_regex=None, packages_start=None, packages_end=None, allow_overriding=[], cmake_args=['-DCMAKE_EXPORT_COMPILE_COMMANDS=ON'], cmake_target=None, cmake_target_skip_unavailable=False, cmake_clean_cache=False, cmake_clean_first=False, cmake_force_configure=False, ament_cmake_args=None, catkin_cmake_args=None, catkin_skip_building_tests=False, mixin_files=None, mixin=None, verb_parser=<colcon_mixin.mixin.mixin_argument.MixinArgumentDecorator object at 0x7049b364cdc0>, verb_extension=<colcon_core.verb.build.BuildVerb object at 0x7049b3751d20>, main=<bound method BuildVerb.main of <colcon_core.verb.build.BuildVerb object at 0x7049b3751d20>>, mixin_verb=('build',))
[0.244s] Level 1:colcon.colcon_core.package_discovery:discover_packages(colcon_meta) check parameters
[0.244s] Level 1:colcon.colcon_core.package_discovery:discover_packages(recursive) check parameters
[0.244s] Level 1:colcon.colcon_core.package_discovery:discover_packages(ignore) check parameters
[0.244s] Level 1:colcon.colcon_core.package_discovery:discover_packages(path) check parameters
[0.244s] Level 1:colcon.colcon_core.package_discovery:discover_packages(colcon_meta) discover
[0.244s] Level 1:colcon.colcon_core.package_discovery:discover_packages(recursive) discover
[0.244s] INFO:colcon.colcon_core.package_discovery:Crawling recursively for packages in '/home/lucas-fang/ros2_Nav_ws'
[0.244s] Level 1:colcon.colcon_core.package_identification:_identify(.) by extensions ['ignore', 'ignore_ament_install']
[0.244s] Level 1:colcon.colcon_core.package_identification:_identify(.) by extension 'ignore'
[0.244s] Level 1:colcon.colcon_core.package_identification:_identify(.) by extension 'ignore_ament_install'
[0.244s] Level 1:colcon.colcon_core.package_identification:_identify(.) by extensions ['colcon_pkg']
[0.244s] Level 1:colcon.colcon_core.package_identification:_identify(.) by extension 'colcon_pkg'
[0.245s] Level 1:colcon.colcon_core.package_identification:_identify(.) by extensions ['colcon_meta']
[0.245s] Level 1:colcon.colcon_core.package_identification:_identify(.) by extension 'colcon_meta'
[0.245s] Level 1:colcon.colcon_core.package_identification:_identify(.) by extensions ['ros']
[0.245s] Level 1:colcon.colcon_core.package_identification:_identify(.) by extension 'ros'
[0.256s] Level 1:colcon.colcon_core.package_identification:_identify(.) by extensions ['cmake', 'python']
[0.256s] Level 1:colcon.colcon_core.package_identification:_identify(.) by extension 'cmake'
[0.256s] Level 1:colcon.colcon_core.package_identification:_identify(.) by extension 'python'
[0.256s] Level 1:colcon.colcon_core.package_identification:_identify(.) by extensions ['python_setup_py']
[0.256s] Level 1:colcon.colcon_core.package_identification:_identify(.) by extension 'python_setup_py'
[0.256s] Level 1:colcon.colcon_core.package_identification:_identify(build) by extensions ['ignore', 'ignore_ament_install']
[0.256s] Level 1:colcon.colcon_core.package_identification:_identify(build) by extension 'ignore'
[0.256s] Level 1:colcon.colcon_core.package_identification:_identify(build) ignored
[0.256s] Level 1:colcon.colcon_core.package_identification:_identify(install) by extensions ['ignore', 'ignore_ament_install']
[0.257s] Level 1:colcon.colcon_core.package_identification:_identify(install) by extension 'ignore'
[0.257s] Level 1:colcon.colcon_core.package_identification:_identify(install) ignored
[0.257s] Level 1:colcon.colcon_core.package_identification:_identify(log) by extensions ['ignore', 'ignore_ament_install']
[0.257s] Level 1:colcon.colcon_core.package_identification:_identify(log) by extension 'ignore'
[0.257s] Level 1:colcon.colcon_core.package_identification:_identify(log) ignored
[0.257s] Level 1:colcon.colcon_core.package_identification:_identify(src) by extensions ['ignore', 'ignore_ament_install']
[0.257s] Level 1:colcon.colcon_core.package_identification:_identify(src) by extension 'ignore'
[0.257s] Level 1:colcon.colcon_core.package_identification:_identify(src) by extension 'ignore_ament_install'
[0.257s] Level 1:colcon.colcon_core.package_identification:_identify(src) by extensions ['colcon_pkg']
[0.257s] Level 1:colcon.colcon_core.package_identification:_identify(src) by extension 'colcon_pkg'
[0.257s] Level 1:colcon.colcon_core.package_identification:_identify(src) by extensions ['colcon_meta']
[0.257s] Level 1:colcon.colcon_core.package_identification:_identify(src) by extension 'colcon_meta'
[0.258s] Level 1:colcon.colcon_core.package_identification:_identify(src) by extensions ['ros']
[0.258s] Level 1:colcon.colcon_core.package_identification:_identify(src) by extension 'ros'
[0.258s] Level 1:colcon.colcon_core.package_identification:_identify(src) by extensions ['cmake', 'python']
[0.258s] Level 1:colcon.colcon_core.package_identification:_identify(src) by extension 'cmake'
[0.258s] Level 1:colcon.colcon_core.package_identification:_identify(src) by extension 'python'
[0.258s] Level 1:colcon.colcon_core.package_identification:_identify(src) by extensions ['python_setup_py']
[0.258s] Level 1:colcon.colcon_core.package_identification:_identify(src) by extension 'python_setup_py'
[0.258s] Level 1:colcon.colcon_core.package_identification:_identify(src/base_driver_pkg) by extensions ['ignore', 'ignore_ament_install']
[0.258s] Level 1:colcon.colcon_core.package_identification:_identify(src/base_driver_pkg) by extension 'ignore'
[0.258s] Level 1:colcon.colcon_core.package_identification:_identify(src/base_driver_pkg) by extension 'ignore_ament_install'
[0.258s] Level 1:colcon.colcon_core.package_identification:_identify(src/base_driver_pkg) by extensions ['colcon_pkg']
[0.258s] Level 1:colcon.colcon_core.package_identification:_identify(src/base_driver_pkg) by extension 'colcon_pkg'
[0.258s] Level 1:colcon.colcon_core.package_identification:_identify(src/base_driver_pkg) by extensions ['colcon_meta']
[0.258s] Level 1:colcon.colcon_core.package_identification:_identify(src/base_driver_pkg) by extension 'colcon_meta'
[0.258s] Level 1:colcon.colcon_core.package_identification:_identify(src/base_driver_pkg) by extensions ['ros']
[0.258s] Level 1:colcon.colcon_core.package_identification:_identify(src/base_driver_pkg) by extension 'ros'
[0.261s] DEBUG:colcon.colcon_core.package_identification:Package 'src/base_driver_pkg' with type 'ros.ament_cmake' and name 'base_driver_pkg'
[0.261s] Level 1:colcon.colcon_core.package_identification:_identify(src/base_interfaces) by extensions ['ignore', 'ignore_ament_install']
[0.261s] Level 1:colcon.colcon_core.package_identification:_identify(src/base_interfaces) by extension 'ignore'
[0.262s] Level 1:colcon.colcon_core.package_identification:_identify(src/base_interfaces) by extension 'ignore_ament_install'
[0.262s] Level 1:colcon.colcon_core.package_identification:_identify(src/base_interfaces) by extensions ['colcon_pkg']
[0.262s] Level 1:colcon.colcon_core.package_identification:_identify(src/base_interfaces) by extension 'colcon_pkg'
[0.262s] Level 1:colcon.colcon_core.package_identification:_identify(src/base_interfaces) by extensions ['colcon_meta']
[0.262s] Level 1:colcon.colcon_core.package_identification:_identify(src/base_interfaces) by extension 'colcon_meta'
[0.262s] Level 1:colcon.colcon_core.package_identification:_identify(src/base_interfaces) by extensions ['ros']
[0.262s] Level 1:colcon.colcon_core.package_identification:_identify(src/base_interfaces) by extension 'ros'
[0.263s] DEBUG:colcon.colcon_core.package_identification:Package 'src/base_interfaces' with type 'ros.ament_cmake' and name 'base_interfaces'
[0.263s] Level 1:colcon.colcon_core.package_identification:_identify(src/localization_pkg) by extensions ['ignore', 'ignore_ament_install']
[0.263s] Level 1:colcon.colcon_core.package_identification:_identify(src/localization_pkg) by extension 'ignore'
[0.263s] Level 1:colcon.colcon_core.package_identification:_identify(src/localization_pkg) by extension 'ignore_ament_install'
[0.263s] Level 1:colcon.colcon_core.package_identification:_identify(src/localization_pkg) by extensions ['colcon_pkg']
[0.263s] Level 1:colcon.colcon_core.package_identification:_identify(src/localization_pkg) by extension 'colcon_pkg'
[0.263s] Level 1:colcon.colcon_core.package_identification:_identify(src/localization_pkg) by extensions ['colcon_meta']
[0.263s] Level 1:colcon.colcon_core.package_identification:_identify(src/localization_pkg) by extension 'colcon_meta'
[0.263s] Level 1:colcon.colcon_core.package_identification:_identify(src/localization_pkg) by extensions ['ros']
[0.263s] Level 1:colcon.colcon_core.package_identification:_identify(src/localization_pkg) by extension 'ros'
[0.264s] DEBUG:colcon.colcon_core.package_identification:Package 'src/localization_pkg' with type 'ros.ament_cmake' and name 'localization_pkg'
[0.264s] Level 1:colcon.colcon_core.package_identification:_identify(src/rplidar_ros) by extensions ['ignore', 'ignore_ament_install']
[0.265s] Level 1:colcon.colcon_core.package_identification:_identify(src/rplidar_ros) by extension 'ignore'
[0.265s] Level 1:colcon.colcon_core.package_identification:_identify(src/rplidar_ros) by extension 'ignore_ament_install'
[0.265s] Level 1:colcon.colcon_core.package_identification:_identify(src/rplidar_ros) by extensions ['colcon_pkg']
[0.265s] Level 1:colcon.colcon_core.package_identification:_identify(src/rplidar_ros) by extension 'colcon_pkg'
[0.265s] Level 1:colcon.colcon_core.package_identification:_identify(src/rplidar_ros) by extensions ['colcon_meta']
[0.265s] Level 1:colcon.colcon_core.package_identification:_identify(src/rplidar_ros) by extension 'colcon_meta'
[0.265s] Level 1:colcon.colcon_core.package_identification:_identify(src/rplidar_ros) by extensions ['ros']
[0.265s] Level 1:colcon.colcon_core.package_identification:_identify(src/rplidar_ros) by extension 'ros'
[0.266s] DEBUG:colcon.colcon_core.package_identification:Package 'src/rplidar_ros' with type 'ros.ament_cmake' and name 'rplidar_ros'
[0.266s] Level 1:colcon.colcon_core.package_identification:_identify(src/senson_pkg) by extensions ['ignore', 'ignore_ament_install']
[0.266s] Level 1:colcon.colcon_core.package_identification:_identify(src/senson_pkg) by extension 'ignore'
[0.266s] Level 1:colcon.colcon_core.package_identification:_identify(src/senson_pkg) by extension 'ignore_ament_install'
[0.266s] Level 1:colcon.colcon_core.package_identification:_identify(src/senson_pkg) by extensions ['colcon_pkg']
[0.266s] Level 1:colcon.colcon_core.package_identification:_identify(src/senson_pkg) by extension 'colcon_pkg'
[0.266s] Level 1:colcon.colcon_core.package_identification:_identify(src/senson_pkg) by extensions ['colcon_meta']
[0.266s] Level 1:colcon.colcon_core.package_identification:_identify(src/senson_pkg) by extension 'colcon_meta'
[0.266s] Level 1:colcon.colcon_core.package_identification:_identify(src/senson_pkg) by extensions ['ros']
[0.266s] Level 1:colcon.colcon_core.package_identification:_identify(src/senson_pkg) by extension 'ros'
[0.267s] DEBUG:colcon.colcon_core.package_identification:Package 'src/senson_pkg' with type 'ros.ament_cmake' and name 'senson_pkg'
[0.267s] Level 1:colcon.colcon_core.package_identification:_identify(src/serial_pkg) by extensions ['ignore', 'ignore_ament_install']
[0.267s] Level 1:colcon.colcon_core.package_identification:_identify(src/serial_pkg) by extension 'ignore'
[0.267s] Level 1:colcon.colcon_core.package_identification:_identify(src/serial_pkg) by extension 'ignore_ament_install'
[0.267s] Level 1:colcon.colcon_core.package_identification:_identify(src/serial_pkg) by extensions ['colcon_pkg']
[0.267s] Level 1:colcon.colcon_core.package_identification:_identify(src/serial_pkg) by extension 'colcon_pkg'
[0.267s] Level 1:colcon.colcon_core.package_identification:_identify(src/serial_pkg) by extensions ['colcon_meta']
[0.267s] Level 1:colcon.colcon_core.package_identification:_identify(src/serial_pkg) by extension 'colcon_meta'
[0.268s] Level 1:colcon.colcon_core.package_identification:_identify(src/serial_pkg) by extensions ['ros']
[0.268s] Level 1:colcon.colcon_core.package_identification:_identify(src/serial_pkg) by extension 'ros'
[0.269s] DEBUG:colcon.colcon_core.package_identification:Package 'src/serial_pkg' with type 'ros.ament_cmake' and name 'serial_pkg'
[0.269s] Level 1:colcon.colcon_core.package_discovery:discover_packages(recursive) using defaults
[0.269s] Level 1:colcon.colcon_core.package_discovery:discover_packages(ignore) discover
[0.269s] Level 1:colcon.colcon_core.package_discovery:discover_packages(ignore) using defaults
[0.269s] Level 1:colcon.colcon_core.package_discovery:discover_packages(path) discover
[0.269s] Level 1:colcon.colcon_core.package_discovery:discover_packages(path) using defaults
[0.300s] Level 1:colcon.colcon_core.package_discovery:discover_packages(prefix_path) check parameters
[0.300s] Level 1:colcon.colcon_core.package_discovery:discover_packages(prefix_path) discover
[0.302s] DEBUG:colcon.colcon_installed_package_information.package_discovery:Found 6 installed packages in /home/lucas-fang/ros2_Nav_ws/install
[0.303s] DEBUG:colcon.colcon_installed_package_information.package_discovery:Found 321 installed packages in /opt/ros/humble
[0.305s] Level 1:colcon.colcon_core.package_discovery:discover_packages(prefix_path) using defaults
[0.343s] Level 5:colcon.colcon_core.verb:set package 'base_driver_pkg' build argument 'cmake_args' from command line to '['-DCMAKE_EXPORT_COMPILE_COMMANDS=ON']'
[0.343s] Level 5:colcon.colcon_core.verb:set package 'base_driver_pkg' build argument 'cmake_target' from command line to 'None'
[0.343s] Level 5:colcon.colcon_core.verb:set package 'base_driver_pkg' build argument 'cmake_target_skip_unavailable' from command line to 'False'
[0.343s] Level 5:colcon.colcon_core.verb:set package 'base_driver_pkg' build argument 'cmake_clean_cache' from command line to 'False'
[0.343s] Level 5:colcon.colcon_core.verb:set package 'base_driver_pkg' build argument 'cmake_clean_first' from command line to 'False'
[0.343s] Level 5:colcon.colcon_core.verb:set package 'base_driver_pkg' build argument 'cmake_force_configure' from command line to 'False'
[0.343s] Level 5:colcon.colcon_core.verb:set package 'base_driver_pkg' build argument 'ament_cmake_args' from command line to 'None'
[0.344s] Level 5:colcon.colcon_core.verb:set package 'base_driver_pkg' build argument 'catkin_cmake_args' from command line to 'None'
[0.344s] Level 5:colcon.colcon_core.verb:set package 'base_driver_pkg' build argument 'catkin_skip_building_tests' from command line to 'False'
[0.344s] DEBUG:colcon.colcon_core.verb:Building package 'base_driver_pkg' with the following arguments: {'ament_cmake_args': None, 'build_base': '/home/lucas-fang/ros2_Nav_ws/build/base_driver_pkg', 'catkin_cmake_args': None, 'catkin_skip_building_tests': False, 'cmake_args': ['-DCMAKE_EXPORT_COMPILE_COMMANDS=ON'], 'cmake_clean_cache': False, 'cmake_clean_first': False, 'cmake_force_configure': False, 'cmake_target': None, 'cmake_target_skip_unavailable': False, 'install_base': '/home/lucas-fang/ros2_Nav_ws/install/base_driver_pkg', 'merge_install': False, 'path': '/home/lucas-fang/ros2_Nav_ws/src/base_driver_pkg', 'symlink_install': False, 'test_result_base': None}
[0.344s] Level 5:colcon.colcon_core.verb:set package 'base_interfaces' build argument 'cmake_args' from command line to '['-DCMAKE_EXPORT_COMPILE_COMMANDS=ON']'
[0.344s] Level 5:colcon.colcon_core.verb:set package 'base_interfaces' build argument 'cmake_target' from command line to 'None'
[0.344s] Level 5:colcon.colcon_core.verb:set package 'base_interfaces' build argument 'cmake_target_skip_unavailable' from command line to 'False'
[0.344s] Level 5:colcon.colcon_core.verb:set package 'base_interfaces' build argument 'cmake_clean_cache' from command line to 'False'
[0.344s] Level 5:colcon.colcon_core.verb:set package 'base_interfaces' build argument 'cmake_clean_first' from command line to 'False'
[0.344s] Level 5:colcon.colcon_core.verb:set package 'base_interfaces' build argument 'cmake_force_configure' from command line to 'False'
[0.344s] Level 5:colcon.colcon_core.verb:set package 'base_interfaces' build argument 'ament_cmake_args' from command line to 'None'
[0.344s] Level 5:colcon.colcon_core.verb:set package 'base_interfaces' build argument 'catkin_cmake_args' from command line to 'None'
[0.344s] Level 5:colcon.colcon_core.verb:set package 'base_interfaces' build argument 'catkin_skip_building_tests' from command line to 'False'
[0.344s] DEBUG:colcon.colcon_core.verb:Building package 'base_interfaces' with the following arguments: {'ament_cmake_args': None, 'build_base': '/home/lucas-fang/ros2_Nav_ws/build/base_interfaces', 'catkin_cmake_args': None, 'catkin_skip_building_tests': False, 'cmake_args': ['-DCMAKE_EXPORT_COMPILE_COMMANDS=ON'], 'cmake_clean_cache': False, 'cmake_clean_first': False, 'cmake_force_configure': False, 'cmake_target': None, 'cmake_target_skip_unavailable': False, 'install_base': '/home/lucas-fang/ros2_Nav_ws/install/base_interfaces', 'merge_install': False, 'path': '/home/lucas-fang/ros2_Nav_ws/src/base_interfaces', 'symlink_install': False, 'test_result_base': None}
[0.345s] Level 5:colcon.colcon_core.verb:set package 'localization_pkg' build argument 'cmake_args' from command line to '['-DCMAKE_EXPORT_COMPILE_COMMANDS=ON']'
[0.345s] Level 5:colcon.colcon_core.verb:set package 'localization_pkg' build argument 'cmake_target' from command line to 'None'
[0.345s] Level 5:colcon.colcon_core.verb:set package 'localization_pkg' build argument 'cmake_target_skip_unavailable' from command line to 'False'
[0.345s] Level 5:colcon.colcon_core.verb:set package 'localization_pkg' build argument 'cmake_clean_cache' from command line to 'False'
[0.345s] Level 5:colcon.colcon_core.verb:set package 'localization_pkg' build argument 'cmake_clean_first' from command line to 'False'
[0.345s] Level 5:colcon.colcon_core.verb:set package 'localization_pkg' build argument 'cmake_force_configure' from command line to 'False'
[0.345s] Level 5:colcon.colcon_core.verb:set package 'localization_pkg' build argument 'ament_cmake_args' from command line to 'None'
[0.345s] Level 5:colcon.colcon_core.verb:set package 'localization_pkg' build argument 'catkin_cmake_args' from command line to 'None'
[0.345s] Level 5:colcon.colcon_core.verb:set package 'localization_pkg' build argument 'catkin_skip_building_tests' from command line to 'False'
[0.345s] DEBUG:colcon.colcon_core.verb:Building package 'localization_pkg' with the following arguments: {'ament_cmake_args': None, 'build_base': '/home/lucas-fang/ros2_Nav_ws/build/localization_pkg', 'catkin_cmake_args': None, 'catkin_skip_building_tests': False, 'cmake_args': ['-DCMAKE_EXPORT_COMPILE_COMMANDS=ON'], 'cmake_clean_cache': False, 'cmake_clean_first': False, 'cmake_force_configure': False, 'cmake_target': None, 'cmake_target_skip_unavailable': False, 'install_base': '/home/lucas-fang/ros2_Nav_ws/install/localization_pkg', 'merge_install': False, 'path': '/home/lucas-fang/ros2_Nav_ws/src/localization_pkg', 'symlink_install': False, 'test_result_base': None}
[0.345s] Level 5:colcon.colcon_core.verb:set package 'rplidar_ros' build argument 'cmake_args' from command line to '['-DCMAKE_EXPORT_COMPILE_COMMANDS=ON']'
[0.345s] Level 5:colcon.colcon_core.verb:set package 'rplidar_ros' build argument 'cmake_target' from command line to 'None'
[0.345s] Level 5:colcon.colcon_core.verb:set package 'rplidar_ros' build argument 'cmake_target_skip_unavailable' from command line to 'False'
[0.345s] Level 5:colcon.colcon_core.verb:set package 'rplidar_ros' build argument 'cmake_clean_cache' from command line to 'False'
[0.345s] Level 5:colcon.colcon_core.verb:set package 'rplidar_ros' build argument 'cmake_clean_first' from command line to 'False'
[0.345s] Level 5:colcon.colcon_core.verb:set package 'rplidar_ros' build argument 'cmake_force_configure' from command line to 'False'
[0.345s] Level 5:colcon.colcon_core.verb:set package 'rplidar_ros' build argument 'ament_cmake_args' from command line to 'None'
[0.345s] Level 5:colcon.colcon_core.verb:set package 'rplidar_ros' build argument 'catkin_cmake_args' from command line to 'None'
[0.345s] Level 5:colcon.colcon_core.verb:set package 'rplidar_ros' build argument 'catkin_skip_building_tests' from command line to 'False'
[0.346s] DEBUG:colcon.colcon_core.verb:Building package 'rplidar_ros' with the following arguments: {'ament_cmake_args': None, 'build_base': '/home/lucas-fang/ros2_Nav_ws/build/rplidar_ros', 'catkin_cmake_args': None, 'catkin_skip_building_tests': False, 'cmake_args': ['-DCMAKE_EXPORT_COMPILE_COMMANDS=ON'], 'cmake_clean_cache': False, 'cmake_clean_first': False, 'cmake_force_configure': False, 'cmake_target': None, 'cmake_target_skip_unavailable': False, 'install_base': '/home/lucas-fang/ros2_Nav_ws/install/rplidar_ros', 'merge_install': False, 'path': '/home/lucas-fang/ros2_Nav_ws/src/rplidar_ros', 'symlink_install': False, 'test_result_base': None}
[0.346s] Level 5:colcon.colcon_core.verb:set package 'senson_pkg' build argument 'cmake_args' from command line to '['-DCMAKE_EXPORT_COMPILE_COMMANDS=ON']'
[0.346s] Level 5:colcon.colcon_core.verb:set package 'senson_pkg' build argument 'cmake_target' from command line to 'None'
[0.346s] Level 5:colcon.colcon_core.verb:set package 'senson_pkg' build argument 'cmake_target_skip_unavailable' from command line to 'False'
[0.346s] Level 5:colcon.colcon_core.verb:set package 'senson_pkg' build argument 'cmake_clean_cache' from command line to 'False'
[0.346s] Level 5:colcon.colcon_core.verb:set package 'senson_pkg' build argument 'cmake_clean_first' from command line to 'False'
[0.346s] Level 5:colcon.colcon_core.verb:set package 'senson_pkg' build argument 'cmake_force_configure' from command line to 'False'
[0.346s] Level 5:colcon.colcon_core.verb:set package 'senson_pkg' build argument 'ament_cmake_args' from command line to 'None'
[0.346s] Level 5:colcon.colcon_core.verb:set package 'senson_pkg' build argument 'catkin_cmake_args' from command line to 'None'
[0.346s] Level 5:colcon.colcon_core.verb:set package 'senson_pkg' build argument 'catkin_skip_building_tests' from command line to 'False'
[0.346s] DEBUG:colcon.colcon_core.verb:Building package 'senson_pkg' with the following arguments: {'ament_cmake_args': None, 'build_base': '/home/lucas-fang/ros2_Nav_ws/build/senson_pkg', 'catkin_cmake_args': None, 'catkin_skip_building_tests': False, 'cmake_args': ['-DCMAKE_EXPORT_COMPILE_COMMANDS=ON'], 'cmake_clean_cache': False, 'cmake_clean_first': False, 'cmake_force_configure': False, 'cmake_target': None, 'cmake_target_skip_unavailable': False, 'install_base': '/home/lucas-fang/ros2_Nav_ws/install/senson_pkg', 'merge_install': False, 'path': '/home/lucas-fang/ros2_Nav_ws/src/senson_pkg', 'symlink_install': False, 'test_result_base': None}
[0.346s] Level 5:colcon.colcon_core.verb:set package 'serial_pkg' build argument 'cmake_args' from command line to '['-DCMAKE_EXPORT_COMPILE_COMMANDS=ON']'
[0.347s] Level 5:colcon.colcon_core.verb:set package 'serial_pkg' build argument 'cmake_target' from command line to 'None'
[0.347s] Level 5:colcon.colcon_core.verb:set package 'serial_pkg' build argument 'cmake_target_skip_unavailable' from command line to 'False'
[0.347s] Level 5:colcon.colcon_core.verb:set package 'serial_pkg' build argument 'cmake_clean_cache' from command line to 'False'
[0.347s] Level 5:colcon.colcon_core.verb:set package 'serial_pkg' build argument 'cmake_clean_first' from command line to 'False'
[0.347s] Level 5:colcon.colcon_core.verb:set package 'serial_pkg' build argument 'cmake_force_configure' from command line to 'False'
[0.347s] Level 5:colcon.colcon_core.verb:set package 'serial_pkg' build argument 'ament_cmake_args' from command line to 'None'
[0.347s] Level 5:colcon.colcon_core.verb:set package 'serial_pkg' build argument 'catkin_cmake_args' from command line to 'None'
[0.347s] Level 5:colcon.colcon_core.verb:set package 'serial_pkg' build argument 'catkin_skip_building_tests' from command line to 'False'
[0.347s] DEBUG:colcon.colcon_core.verb:Building package 'serial_pkg' with the following arguments: {'ament_cmake_args': None, 'build_base': '/home/lucas-fang/ros2_Nav_ws/build/serial_pkg', 'catkin_cmake_args': None, 'catkin_skip_building_tests': False, 'cmake_args': ['-DCMAKE_EXPORT_COMPILE_COMMANDS=ON'], 'cmake_clean_cache': False, 'cmake_clean_first': False, 'cmake_force_configure': False, 'cmake_target': None, 'cmake_target_skip_unavailable': False, 'install_base': '/home/lucas-fang/ros2_Nav_ws/install/serial_pkg', 'merge_install': False, 'path': '/home/lucas-fang/ros2_Nav_ws/src/serial_pkg', 'symlink_install': False, 'test_result_base': None}
[0.347s] INFO:colcon.colcon_core.executor:Executing jobs using 'parallel' executor
[0.348s] DEBUG:colcon.colcon_parallel_executor.executor.parallel:run_until_complete
[0.348s] INFO:colcon.colcon_ros.task.ament_cmake.build:Building ROS package in '/home/lucas-fang/ros2_Nav_ws/src/base_interfaces' with build type 'ament_cmake'
[0.348s] INFO:colcon.colcon_cmake.task.cmake.build:Building CMake package in '/home/lucas-fang/ros2_Nav_ws/src/base_interfaces'
[0.350s] INFO:colcon.colcon_core.plugin_system:Skipping extension 'colcon_core.shell.bat': Not used on non-Windows systems
[0.351s] INFO:colcon.colcon_core.shell:Skip shell extension 'powershell' for command environment: Not usable outside of PowerShell
[0.351s] DEBUG:colcon.colcon_core.shell:Skip shell extension 'dsv' for command environment
[0.355s] INFO:colcon.colcon_ros.task.ament_cmake.build:Building ROS package in '/home/lucas-fang/ros2_Nav_ws/src/base_driver_pkg' with build type 'ament_cmake'
[0.355s] INFO:colcon.colcon_cmake.task.cmake.build:Building CMake package in '/home/lucas-fang/ros2_Nav_ws/src/base_driver_pkg'
[0.355s] INFO:colcon.colcon_core.shell:Skip shell extension 'powershell' for command environment: Not usable outside of PowerShell
[0.355s] DEBUG:colcon.colcon_core.shell:Skip shell extension 'dsv' for command environment
[0.359s] INFO:colcon.colcon_ros.task.ament_cmake.build:Building ROS package in '/home/lucas-fang/ros2_Nav_ws/src/localization_pkg' with build type 'ament_cmake'
[0.359s] INFO:colcon.colcon_cmake.task.cmake.build:Building CMake package in '/home/lucas-fang/ros2_Nav_ws/src/localization_pkg'
[0.359s] INFO:colcon.colcon_core.shell:Skip shell extension 'powershell' for command environment: Not usable outside of PowerShell
[0.359s] DEBUG:colcon.colcon_core.shell:Skip shell extension 'dsv' for command environment
[0.363s] INFO:colcon.colcon_ros.task.ament_cmake.build:Building ROS package in '/home/lucas-fang/ros2_Nav_ws/src/rplidar_ros' with build type 'ament_cmake'
[0.363s] INFO:colcon.colcon_cmake.task.cmake.build:Building CMake package in '/home/lucas-fang/ros2_Nav_ws/src/rplidar_ros'
[0.364s] INFO:colcon.colcon_core.shell:Skip shell extension 'powershell' for command environment: Not usable outside of PowerShell
[0.364s] DEBUG:colcon.colcon_core.shell:Skip shell extension 'dsv' for command environment
[0.373s] DEBUG:colcon.colcon_core.event_handler.log_command:Invoking command in '/home/lucas-fang/ros2_Nav_ws/build/base_interfaces': CMAKE_PREFIX_PATH=${CMAKE_PREFIX_PATH}:/opt/ros/humble /usr/bin/cmake --build /home/lucas-fang/ros2_Nav_ws/build/base_interfaces -- -j4 -l4
[0.377s] DEBUG:colcon.colcon_core.event_handler.log_command:Invoking command in '/home/lucas-fang/ros2_Nav_ws/build/base_driver_pkg': CMAKE_PREFIX_PATH=${CMAKE_PREFIX_PATH}:/opt/ros/humble /usr/bin/cmake --build /home/lucas-fang/ros2_Nav_ws/build/base_driver_pkg -- -j4 -l4
[0.380s] DEBUG:colcon.colcon_core.event_handler.log_command:Invoking command in '/home/lucas-fang/ros2_Nav_ws/build/localization_pkg': CMAKE_PREFIX_PATH=${CMAKE_PREFIX_PATH}:/opt/ros/humble /usr/bin/cmake --build /home/lucas-fang/ros2_Nav_ws/build/localization_pkg -- -j4 -l4
[0.390s] DEBUG:colcon.colcon_core.event_handler.log_command:Invoking command in '/home/lucas-fang/ros2_Nav_ws/build/rplidar_ros': CMAKE_PREFIX_PATH=${CMAKE_PREFIX_PATH}:/opt/ros/humble /usr/bin/cmake --build /home/lucas-fang/ros2_Nav_ws/build/rplidar_ros -- -j4 -l4
[0.444s] DEBUG:colcon.colcon_core.event_handler.log_command:Invoked command in '/home/lucas-fang/ros2_Nav_ws/build/localization_pkg' returned '0': CMAKE_PREFIX_PATH=${CMAKE_PREFIX_PATH}:/opt/ros/humble /usr/bin/cmake --build /home/lucas-fang/ros2_Nav_ws/build/localization_pkg -- -j4 -l4
[0.466s] DEBUG:colcon.colcon_core.event_handler.log_command:Invoking command in '/home/lucas-fang/ros2_Nav_ws/build/localization_pkg': CMAKE_PREFIX_PATH=${CMAKE_PREFIX_PATH}:/opt/ros/humble /usr/bin/cmake --install /home/lucas-fang/ros2_Nav_ws/build/localization_pkg
[0.502s] Level 1:colcon.colcon_core.environment:create_environment_scripts_only(localization_pkg)
[0.503s] DEBUG:colcon.colcon_core.event_handler.log_command:Invoked command in '/home/lucas-fang/ros2_Nav_ws/build/localization_pkg' returned '0': CMAKE_PREFIX_PATH=${CMAKE_PREFIX_PATH}:/opt/ros/humble /usr/bin/cmake --install /home/lucas-fang/ros2_Nav_ws/build/localization_pkg
[0.509s] Level 1:colcon.colcon_core.environment:checking '/home/lucas-fang/ros2_Nav_ws/install/localization_pkg' for CMake module files
[0.510s] Level 1:colcon.colcon_core.environment:checking '/home/lucas-fang/ros2_Nav_ws/install/localization_pkg' for CMake config files
[0.511s] Level 1:colcon.colcon_core.shell:create_environment_hook('localization_pkg', 'cmake_prefix_path')
[0.511s] INFO:colcon.colcon_core.shell:Creating environment hook '/home/lucas-fang/ros2_Nav_ws/install/localization_pkg/share/localization_pkg/hook/cmake_prefix_path.ps1'
[0.514s] INFO:colcon.colcon_core.shell:Creating environment descriptor '/home/lucas-fang/ros2_Nav_ws/install/localization_pkg/share/localization_pkg/hook/cmake_prefix_path.dsv'
[0.515s] INFO:colcon.colcon_core.shell:Creating environment hook '/home/lucas-fang/ros2_Nav_ws/install/localization_pkg/share/localization_pkg/hook/cmake_prefix_path.sh'
[0.521s] Level 1:colcon.colcon_core.environment:checking '/home/lucas-fang/ros2_Nav_ws/install/localization_pkg/bin'
[0.521s] Level 1:colcon.colcon_core.environment:checking '/home/lucas-fang/ros2_Nav_ws/install/localization_pkg/lib/pkgconfig/localization_pkg.pc'
[0.522s] Level 1:colcon.colcon_core.environment:checking '/home/lucas-fang/ros2_Nav_ws/install/localization_pkg/lib/python3.10/site-packages'
[0.522s] Level 1:colcon.colcon_core.environment:checking '/home/lucas-fang/ros2_Nav_ws/install/localization_pkg/bin'
[0.522s] INFO:colcon.colcon_core.shell:Creating package script '/home/lucas-fang/ros2_Nav_ws/install/localization_pkg/share/localization_pkg/package.ps1'
[0.524s] INFO:colcon.colcon_core.shell:Creating package descriptor '/home/lucas-fang/ros2_Nav_ws/install/localization_pkg/share/localization_pkg/package.dsv'
[0.528s] INFO:colcon.colcon_core.shell:Creating package script '/home/lucas-fang/ros2_Nav_ws/install/localization_pkg/share/localization_pkg/package.sh'
[0.529s] INFO:colcon.colcon_core.shell:Creating package script '/home/lucas-fang/ros2_Nav_ws/install/localization_pkg/share/localization_pkg/package.bash'
[0.534s] INFO:colcon.colcon_core.shell:Creating package script '/home/lucas-fang/ros2_Nav_ws/install/localization_pkg/share/localization_pkg/package.zsh'
[0.536s] Level 1:colcon.colcon_core.environment:create_file_with_runtime_dependencies(/home/lucas-fang/ros2_Nav_ws/install/localization_pkg/share/colcon-core/packages/localization_pkg)
[0.538s] Level 1:colcon.colcon_core.environment:create_environment_scripts_only(localization_pkg)
[0.538s] Level 1:colcon.colcon_core.environment:checking '/home/lucas-fang/ros2_Nav_ws/install/localization_pkg' for CMake module files
[0.539s] Level 1:colcon.colcon_core.environment:checking '/home/lucas-fang/ros2_Nav_ws/install/localization_pkg' for CMake config files
[0.539s] Level 1:colcon.colcon_core.shell:create_environment_hook('localization_pkg', 'cmake_prefix_path')
[0.540s] INFO:colcon.colcon_core.shell:Creating environment hook '/home/lucas-fang/ros2_Nav_ws/install/localization_pkg/share/localization_pkg/hook/cmake_prefix_path.ps1'
[0.541s] INFO:colcon.colcon_core.shell:Creating environment descriptor '/home/lucas-fang/ros2_Nav_ws/install/localization_pkg/share/localization_pkg/hook/cmake_prefix_path.dsv'
[0.541s] INFO:colcon.colcon_core.shell:Creating environment hook '/home/lucas-fang/ros2_Nav_ws/install/localization_pkg/share/localization_pkg/hook/cmake_prefix_path.sh'
[0.542s] Level 1:colcon.colcon_core.environment:checking '/home/lucas-fang/ros2_Nav_ws/install/localization_pkg/bin'
[0.542s] Level 1:colcon.colcon_core.environment:checking '/home/lucas-fang/ros2_Nav_ws/install/localization_pkg/lib/pkgconfig/localization_pkg.pc'
[0.543s] Level 1:colcon.colcon_core.environment:checking '/home/lucas-fang/ros2_Nav_ws/install/localization_pkg/lib/python3.10/site-packages'
[0.543s] Level 1:colcon.colcon_core.environment:checking '/home/lucas-fang/ros2_Nav_ws/install/localization_pkg/bin'
[0.543s] INFO:colcon.colcon_core.shell:Creating package script '/home/lucas-fang/ros2_Nav_ws/install/localization_pkg/share/localization_pkg/package.ps1'
[0.544s] INFO:colcon.colcon_core.shell:Creating package descriptor '/home/lucas-fang/ros2_Nav_ws/install/localization_pkg/share/localization_pkg/package.dsv'
[0.545s] INFO:colcon.colcon_core.shell:Creating package script '/home/lucas-fang/ros2_Nav_ws/install/localization_pkg/share/localization_pkg/package.sh'
[0.547s] INFO:colcon.colcon_core.shell:Creating package script '/home/lucas-fang/ros2_Nav_ws/install/localization_pkg/share/localization_pkg/package.bash'
[0.548s] INFO:colcon.colcon_core.shell:Creating package script '/home/lucas-fang/ros2_Nav_ws/install/localization_pkg/share/localization_pkg/package.zsh'
[0.549s] Level 1:colcon.colcon_core.environment:create_file_with_runtime_dependencies(/home/lucas-fang/ros2_Nav_ws/install/localization_pkg/share/colcon-core/packages/localization_pkg)
[0.550s] INFO:colcon.colcon_ros.task.ament_cmake.build:Building ROS package in '/home/lucas-fang/ros2_Nav_ws/src/senson_pkg' with build type 'ament_cmake'
[0.550s] INFO:colcon.colcon_cmake.task.cmake.build:Building CMake package in '/home/lucas-fang/ros2_Nav_ws/src/senson_pkg'
[0.551s] INFO:colcon.colcon_core.shell:Skip shell extension 'powershell' for command environment: Not usable outside of PowerShell
[0.551s] DEBUG:colcon.colcon_core.shell:Skip shell extension 'dsv' for command environment
[0.559s] DEBUG:colcon.colcon_core.event_handler.log_command:Invoked command in '/home/lucas-fang/ros2_Nav_ws/build/rplidar_ros' returned '0': CMAKE_PREFIX_PATH=${CMAKE_PREFIX_PATH}:/opt/ros/humble /usr/bin/cmake --build /home/lucas-fang/ros2_Nav_ws/build/rplidar_ros -- -j4 -l4
[0.565s] DEBUG:colcon.colcon_core.event_handler.log_command:Invoking command in '/home/lucas-fang/ros2_Nav_ws/build/rplidar_ros': CMAKE_PREFIX_PATH=${CMAKE_PREFIX_PATH}:/opt/ros/humble /usr/bin/cmake --install /home/lucas-fang/ros2_Nav_ws/build/rplidar_ros
[0.568s] DEBUG:colcon.colcon_core.event_handler.log_command:Invoked command in '/home/lucas-fang/ros2_Nav_ws/build/base_driver_pkg' returned '0': CMAKE_PREFIX_PATH=${CMAKE_PREFIX_PATH}:/opt/ros/humble /usr/bin/cmake --build /home/lucas-fang/ros2_Nav_ws/build/base_driver_pkg -- -j4 -l4
[0.571s] DEBUG:colcon.colcon_core.event_handler.log_command:Invoking command in '/home/lucas-fang/ros2_Nav_ws/build/base_driver_pkg': CMAKE_PREFIX_PATH=${CMAKE_PREFIX_PATH}:/opt/ros/humble /usr/bin/cmake --install /home/lucas-fang/ros2_Nav_ws/build/base_driver_pkg
[0.584s] Level 1:colcon.colcon_core.environment:create_environment_scripts_only(rplidar_ros)
[0.584s] Level 1:colcon.colcon_core.environment:checking '/home/lucas-fang/ros2_Nav_ws/install/rplidar_ros' for CMake module files
[0.585s] DEBUG:colcon.colcon_core.event_handler.log_command:Invoking command in '/home/lucas-fang/ros2_Nav_ws/build/senson_pkg': CMAKE_PREFIX_PATH=${CMAKE_PREFIX_PATH}:/opt/ros/humble /usr/bin/cmake --build /home/lucas-fang/ros2_Nav_ws/build/senson_pkg -- -j4 -l4
[0.588s] Level 1:colcon.colcon_core.environment:checking '/home/lucas-fang/ros2_Nav_ws/install/rplidar_ros' for CMake config files
[0.589s] Level 1:colcon.colcon_core.shell:create_environment_hook('rplidar_ros', 'cmake_prefix_path')
[0.589s] INFO:colcon.colcon_core.shell:Creating environment hook '/home/lucas-fang/ros2_Nav_ws/install/rplidar_ros/share/rplidar_ros/hook/cmake_prefix_path.ps1'
[0.590s] INFO:colcon.colcon_core.shell:Creating environment descriptor '/home/lucas-fang/ros2_Nav_ws/install/rplidar_ros/share/rplidar_ros/hook/cmake_prefix_path.dsv'
[0.590s] INFO:colcon.colcon_core.shell:Creating environment hook '/home/lucas-fang/ros2_Nav_ws/install/rplidar_ros/share/rplidar_ros/hook/cmake_prefix_path.sh'
[0.593s] DEBUG:colcon.colcon_core.event_handler.log_command:Invoked command in '/home/lucas-fang/ros2_Nav_ws/build/rplidar_ros' returned '0': CMAKE_PREFIX_PATH=${CMAKE_PREFIX_PATH}:/opt/ros/humble /usr/bin/cmake --install /home/lucas-fang/ros2_Nav_ws/build/rplidar_ros
[0.593s] Level 1:colcon.colcon_core.environment:checking '/home/lucas-fang/ros2_Nav_ws/install/rplidar_ros/lib'
[0.593s] Level 1:colcon.colcon_core.environment:checking '/home/lucas-fang/ros2_Nav_ws/install/rplidar_ros/bin'
[0.593s] Level 1:colcon.colcon_core.environment:checking '/home/lucas-fang/ros2_Nav_ws/install/rplidar_ros/lib/pkgconfig/rplidar_ros.pc'
[0.593s] Level 1:colcon.colcon_core.environment:checking '/home/lucas-fang/ros2_Nav_ws/install/rplidar_ros/lib/python3.10/site-packages'
[0.594s] Level 1:colcon.colcon_core.environment:checking '/home/lucas-fang/ros2_Nav_ws/install/rplidar_ros/bin'
[0.594s] INFO:colcon.colcon_core.shell:Creating package script '/home/lucas-fang/ros2_Nav_ws/install/rplidar_ros/share/rplidar_ros/package.ps1'
[0.595s] INFO:colcon.colcon_core.shell:Creating package descriptor '/home/lucas-fang/ros2_Nav_ws/install/rplidar_ros/share/rplidar_ros/package.dsv'
[0.595s] INFO:colcon.colcon_core.shell:Creating package script '/home/lucas-fang/ros2_Nav_ws/install/rplidar_ros/share/rplidar_ros/package.sh'
[0.596s] INFO:colcon.colcon_core.shell:Creating package script '/home/lucas-fang/ros2_Nav_ws/install/rplidar_ros/share/rplidar_ros/package.bash'
[0.596s] INFO:colcon.colcon_core.shell:Creating package script '/home/lucas-fang/ros2_Nav_ws/install/rplidar_ros/share/rplidar_ros/package.zsh'
[0.597s] Level 1:colcon.colcon_core.environment:create_file_with_runtime_dependencies(/home/lucas-fang/ros2_Nav_ws/install/rplidar_ros/share/colcon-core/packages/rplidar_ros)
[0.597s] Level 1:colcon.colcon_core.environment:create_environment_scripts_only(rplidar_ros)
[0.598s] Level 1:colcon.colcon_core.environment:checking '/home/lucas-fang/ros2_Nav_ws/install/rplidar_ros' for CMake module files
[0.598s] Level 1:colcon.colcon_core.environment:checking '/home/lucas-fang/ros2_Nav_ws/install/rplidar_ros' for CMake config files
[0.599s] Level 1:colcon.colcon_core.shell:create_environment_hook('rplidar_ros', 'cmake_prefix_path')
[0.599s] INFO:colcon.colcon_core.shell:Creating environment hook '/home/lucas-fang/ros2_Nav_ws/install/rplidar_ros/share/rplidar_ros/hook/cmake_prefix_path.ps1'
[0.599s] INFO:colcon.colcon_core.shell:Creating environment descriptor '/home/lucas-fang/ros2_Nav_ws/install/rplidar_ros/share/rplidar_ros/hook/cmake_prefix_path.dsv'
[0.600s] INFO:colcon.colcon_core.shell:Creating environment hook '/home/lucas-fang/ros2_Nav_ws/install/rplidar_ros/share/rplidar_ros/hook/cmake_prefix_path.sh'
[0.601s] Level 1:colcon.colcon_core.environment:checking '/home/lucas-fang/ros2_Nav_ws/install/rplidar_ros/lib'
[0.601s] Level 1:colcon.colcon_core.environment:checking '/home/lucas-fang/ros2_Nav_ws/install/rplidar_ros/bin'
[0.601s] Level 1:colcon.colcon_core.environment:checking '/home/lucas-fang/ros2_Nav_ws/install/rplidar_ros/lib/pkgconfig/rplidar_ros.pc'
[0.601s] Level 1:colcon.colcon_core.environment:checking '/home/lucas-fang/ros2_Nav_ws/install/rplidar_ros/lib/python3.10/site-packages'
[0.601s] Level 1:colcon.colcon_core.environment:checking '/home/lucas-fang/ros2_Nav_ws/install/rplidar_ros/bin'
[0.602s] INFO:colcon.colcon_core.shell:Creating package script '/home/lucas-fang/ros2_Nav_ws/install/rplidar_ros/share/rplidar_ros/package.ps1'
[0.602s] INFO:colcon.colcon_core.shell:Creating package descriptor '/home/lucas-fang/ros2_Nav_ws/install/rplidar_ros/share/rplidar_ros/package.dsv'
[0.603s] INFO:colcon.colcon_core.shell:Creating package script '/home/lucas-fang/ros2_Nav_ws/install/rplidar_ros/share/rplidar_ros/package.sh'
[0.603s] INFO:colcon.colcon_core.shell:Creating package script '/home/lucas-fang/ros2_Nav_ws/install/rplidar_ros/share/rplidar_ros/package.bash'
[0.604s] INFO:colcon.colcon_core.shell:Creating package script '/home/lucas-fang/ros2_Nav_ws/install/rplidar_ros/share/rplidar_ros/package.zsh'
[0.605s] Level 1:colcon.colcon_core.environment:create_file_with_runtime_dependencies(/home/lucas-fang/ros2_Nav_ws/install/rplidar_ros/share/colcon-core/packages/rplidar_ros)
[0.605s] Level 1:colcon.colcon_core.environment:create_environment_scripts_only(base_driver_pkg)
[0.606s] Level 1:colcon.colcon_core.environment:checking '/home/lucas-fang/ros2_Nav_ws/install/base_driver_pkg' for CMake module files
[0.607s] Level 1:colcon.colcon_core.environment:checking '/home/lucas-fang/ros2_Nav_ws/install/base_driver_pkg' for CMake config files
[0.607s] Level 1:colcon.colcon_core.shell:create_environment_hook('base_driver_pkg', 'cmake_prefix_path')
[0.608s] INFO:colcon.colcon_core.shell:Creating environment hook '/home/lucas-fang/ros2_Nav_ws/install/base_driver_pkg/share/base_driver_pkg/hook/cmake_prefix_path.ps1'
[0.606s] DEBUG:colcon.colcon_core.event_handler.log_command:Invoked command in '/home/lucas-fang/ros2_Nav_ws/build/base_driver_pkg' returned '0': CMAKE_PREFIX_PATH=${CMAKE_PREFIX_PATH}:/opt/ros/humble /usr/bin/cmake --install /home/lucas-fang/ros2_Nav_ws/build/base_driver_pkg
[0.608s] INFO:colcon.colcon_core.shell:Creating environment descriptor '/home/lucas-fang/ros2_Nav_ws/install/base_driver_pkg/share/base_driver_pkg/hook/cmake_prefix_path.dsv'
[0.609s] INFO:colcon.colcon_core.shell:Creating environment hook '/home/lucas-fang/ros2_Nav_ws/install/base_driver_pkg/share/base_driver_pkg/hook/cmake_prefix_path.sh'
[0.609s] Level 1:colcon.colcon_core.environment:checking '/home/lucas-fang/ros2_Nav_ws/install/base_driver_pkg/lib'
[0.609s] Level 1:colcon.colcon_core.environment:checking '/home/lucas-fang/ros2_Nav_ws/install/base_driver_pkg/bin'
[0.609s] Level 1:colcon.colcon_core.environment:checking '/home/lucas-fang/ros2_Nav_ws/install/base_driver_pkg/lib/pkgconfig/base_driver_pkg.pc'
[0.610s] Level 1:colcon.colcon_core.environment:checking '/home/lucas-fang/ros2_Nav_ws/install/base_driver_pkg/lib/python3.10/site-packages'
[0.610s] Level 1:colcon.colcon_core.environment:checking '/home/lucas-fang/ros2_Nav_ws/install/base_driver_pkg/bin'
[0.610s] INFO:colcon.colcon_core.shell:Creating package script '/home/lucas-fang/ros2_Nav_ws/install/base_driver_pkg/share/base_driver_pkg/package.ps1'
[0.611s] INFO:colcon.colcon_core.shell:Creating package descriptor '/home/lucas-fang/ros2_Nav_ws/install/base_driver_pkg/share/base_driver_pkg/package.dsv'
[0.611s] INFO:colcon.colcon_core.shell:Creating package script '/home/lucas-fang/ros2_Nav_ws/install/base_driver_pkg/share/base_driver_pkg/package.sh'
[0.612s] INFO:colcon.colcon_core.shell:Creating package script '/home/lucas-fang/ros2_Nav_ws/install/base_driver_pkg/share/base_driver_pkg/package.bash'
[0.612s] INFO:colcon.colcon_core.shell:Creating package script '/home/lucas-fang/ros2_Nav_ws/install/base_driver_pkg/share/base_driver_pkg/package.zsh'
[0.613s] Level 1:colcon.colcon_core.environment:create_file_with_runtime_dependencies(/home/lucas-fang/ros2_Nav_ws/install/base_driver_pkg/share/colcon-core/packages/base_driver_pkg)
[0.614s] Level 1:colcon.colcon_core.environment:create_environment_scripts_only(base_driver_pkg)
[0.614s] Level 1:colcon.colcon_core.environment:checking '/home/lucas-fang/ros2_Nav_ws/install/base_driver_pkg' for CMake module files
[0.614s] Level 1:colcon.colcon_core.environment:checking '/home/lucas-fang/ros2_Nav_ws/install/base_driver_pkg' for CMake config files
[0.615s] Level 1:colcon.colcon_core.shell:create_environment_hook('base_driver_pkg', 'cmake_prefix_path')
[0.615s] INFO:colcon.colcon_core.shell:Creating environment hook '/home/lucas-fang/ros2_Nav_ws/install/base_driver_pkg/share/base_driver_pkg/hook/cmake_prefix_path.ps1'
[0.616s] INFO:colcon.colcon_core.shell:Creating environment descriptor '/home/lucas-fang/ros2_Nav_ws/install/base_driver_pkg/share/base_driver_pkg/hook/cmake_prefix_path.dsv'
[0.616s] INFO:colcon.colcon_core.shell:Creating environment hook '/home/lucas-fang/ros2_Nav_ws/install/base_driver_pkg/share/base_driver_pkg/hook/cmake_prefix_path.sh'
[0.617s] Level 1:colcon.colcon_core.environment:checking '/home/lucas-fang/ros2_Nav_ws/install/base_driver_pkg/lib'
[0.617s] Level 1:colcon.colcon_core.environment:checking '/home/lucas-fang/ros2_Nav_ws/install/base_driver_pkg/bin'
[0.617s] Level 1:colcon.colcon_core.environment:checking '/home/lucas-fang/ros2_Nav_ws/install/base_driver_pkg/lib/pkgconfig/base_driver_pkg.pc'
[0.617s] Level 1:colcon.colcon_core.environment:checking '/home/lucas-fang/ros2_Nav_ws/install/base_driver_pkg/lib/python3.10/site-packages'
[0.618s] Level 1:colcon.colcon_core.environment:checking '/home/lucas-fang/ros2_Nav_ws/install/base_driver_pkg/bin'
[0.618s] INFO:colcon.colcon_core.shell:Creating package script '/home/lucas-fang/ros2_Nav_ws/install/base_driver_pkg/share/base_driver_pkg/package.ps1'
[0.619s] INFO:colcon.colcon_core.shell:Creating package descriptor '/home/lucas-fang/ros2_Nav_ws/install/base_driver_pkg/share/base_driver_pkg/package.dsv'
[0.619s] INFO:colcon.colcon_core.shell:Creating package script '/home/lucas-fang/ros2_Nav_ws/install/base_driver_pkg/share/base_driver_pkg/package.sh'
[0.620s] INFO:colcon.colcon_core.shell:Creating package script '/home/lucas-fang/ros2_Nav_ws/install/base_driver_pkg/share/base_driver_pkg/package.bash'
[0.621s] INFO:colcon.colcon_core.shell:Creating package script '/home/lucas-fang/ros2_Nav_ws/install/base_driver_pkg/share/base_driver_pkg/package.zsh'
[0.621s] Level 1:colcon.colcon_core.environment:create_file_with_runtime_dependencies(/home/lucas-fang/ros2_Nav_ws/install/base_driver_pkg/share/colcon-core/packages/base_driver_pkg)
[0.705s] DEBUG:colcon.colcon_core.event_handler.log_command:Invoked command in '/home/lucas-fang/ros2_Nav_ws/build/senson_pkg' returned '0': CMAKE_PREFIX_PATH=${CMAKE_PREFIX_PATH}:/opt/ros/humble /usr/bin/cmake --build /home/lucas-fang/ros2_Nav_ws/build/senson_pkg -- -j4 -l4
[0.707s] DEBUG:colcon.colcon_core.event_handler.log_command:Invoking command in '/home/lucas-fang/ros2_Nav_ws/build/senson_pkg': CMAKE_PREFIX_PATH=${CMAKE_PREFIX_PATH}:/opt/ros/humble /usr/bin/cmake --install /home/lucas-fang/ros2_Nav_ws/build/senson_pkg
[0.717s] Level 1:colcon.colcon_core.environment:create_environment_scripts_only(senson_pkg)
[0.717s] Level 1:colcon.colcon_core.environment:checking '/home/lucas-fang/ros2_Nav_ws/install/senson_pkg' for CMake module files
[0.718s] DEBUG:colcon.colcon_core.event_handler.log_command:Invoked command in '/home/lucas-fang/ros2_Nav_ws/build/senson_pkg' returned '0': CMAKE_PREFIX_PATH=${CMAKE_PREFIX_PATH}:/opt/ros/humble /usr/bin/cmake --install /home/lucas-fang/ros2_Nav_ws/build/senson_pkg
[0.718s] Level 1:colcon.colcon_core.environment:checking '/home/lucas-fang/ros2_Nav_ws/install/senson_pkg' for CMake config files
[0.718s] Level 1:colcon.colcon_core.shell:create_environment_hook('senson_pkg', 'cmake_prefix_path')
[0.719s] INFO:colcon.colcon_core.shell:Creating environment hook '/home/lucas-fang/ros2_Nav_ws/install/senson_pkg/share/senson_pkg/hook/cmake_prefix_path.ps1'
[0.719s] INFO:colcon.colcon_core.shell:Creating environment descriptor '/home/lucas-fang/ros2_Nav_ws/install/senson_pkg/share/senson_pkg/hook/cmake_prefix_path.dsv'
[0.719s] INFO:colcon.colcon_core.shell:Creating environment hook '/home/lucas-fang/ros2_Nav_ws/install/senson_pkg/share/senson_pkg/hook/cmake_prefix_path.sh'
[0.720s] Level 1:colcon.colcon_core.environment:checking '/home/lucas-fang/ros2_Nav_ws/install/senson_pkg/lib'
[0.720s] Level 1:colcon.colcon_core.environment:checking '/home/lucas-fang/ros2_Nav_ws/install/senson_pkg/bin'
[0.720s] Level 1:colcon.colcon_core.environment:checking '/home/lucas-fang/ros2_Nav_ws/install/senson_pkg/lib/pkgconfig/senson_pkg.pc'
[0.721s] Level 1:colcon.colcon_core.environment:checking '/home/lucas-fang/ros2_Nav_ws/install/senson_pkg/lib/python3.10/site-packages'
[0.721s] Level 1:colcon.colcon_core.environment:checking '/home/lucas-fang/ros2_Nav_ws/install/senson_pkg/bin'
[0.721s] INFO:colcon.colcon_core.shell:Creating package script '/home/lucas-fang/ros2_Nav_ws/install/senson_pkg/share/senson_pkg/package.ps1'
[0.722s] INFO:colcon.colcon_core.shell:Creating package descriptor '/home/lucas-fang/ros2_Nav_ws/install/senson_pkg/share/senson_pkg/package.dsv'
[0.722s] INFO:colcon.colcon_core.shell:Creating package script '/home/lucas-fang/ros2_Nav_ws/install/senson_pkg/share/senson_pkg/package.sh'
[0.723s] INFO:colcon.colcon_core.shell:Creating package script '/home/lucas-fang/ros2_Nav_ws/install/senson_pkg/share/senson_pkg/package.bash'
[0.723s] INFO:colcon.colcon_core.shell:Creating package script '/home/lucas-fang/ros2_Nav_ws/install/senson_pkg/share/senson_pkg/package.zsh'
[0.723s] Level 1:colcon.colcon_core.environment:create_file_with_runtime_dependencies(/home/lucas-fang/ros2_Nav_ws/install/senson_pkg/share/colcon-core/packages/senson_pkg)
[0.724s] Level 1:colcon.colcon_core.environment:create_environment_scripts_only(senson_pkg)
[0.724s] Level 1:colcon.colcon_core.environment:checking '/home/lucas-fang/ros2_Nav_ws/install/senson_pkg' for CMake module files
[0.725s] Level 1:colcon.colcon_core.environment:checking '/home/lucas-fang/ros2_Nav_ws/install/senson_pkg' for CMake config files
[0.725s] Level 1:colcon.colcon_core.shell:create_environment_hook('senson_pkg', 'cmake_prefix_path')
[0.725s] INFO:colcon.colcon_core.shell:Creating environment hook '/home/lucas-fang/ros2_Nav_ws/install/senson_pkg/share/senson_pkg/hook/cmake_prefix_path.ps1'
[0.726s] INFO:colcon.colcon_core.shell:Creating environment descriptor '/home/lucas-fang/ros2_Nav_ws/install/senson_pkg/share/senson_pkg/hook/cmake_prefix_path.dsv'
[0.726s] INFO:colcon.colcon_core.shell:Creating environment hook '/home/lucas-fang/ros2_Nav_ws/install/senson_pkg/share/senson_pkg/hook/cmake_prefix_path.sh'
[0.727s] Level 1:colcon.colcon_core.environment:checking '/home/lucas-fang/ros2_Nav_ws/install/senson_pkg/lib'
[0.727s] Level 1:colcon.colcon_core.environment:checking '/home/lucas-fang/ros2_Nav_ws/install/senson_pkg/bin'
[0.727s] Level 1:colcon.colcon_core.environment:checking '/home/lucas-fang/ros2_Nav_ws/install/senson_pkg/lib/pkgconfig/senson_pkg.pc'
[0.727s] Level 1:colcon.colcon_core.environment:checking '/home/lucas-fang/ros2_Nav_ws/install/senson_pkg/lib/python3.10/site-packages'
[0.728s] Level 1:colcon.colcon_core.environment:checking '/home/lucas-fang/ros2_Nav_ws/install/senson_pkg/bin'
[0.728s] INFO:colcon.colcon_core.shell:Creating package script '/home/lucas-fang/ros2_Nav_ws/install/senson_pkg/share/senson_pkg/package.ps1'
[0.728s] INFO:colcon.colcon_core.shell:Creating package descriptor '/home/lucas-fang/ros2_Nav_ws/install/senson_pkg/share/senson_pkg/package.dsv'
[0.729s] INFO:colcon.colcon_core.shell:Creating package script '/home/lucas-fang/ros2_Nav_ws/install/senson_pkg/share/senson_pkg/package.sh'
[0.729s] INFO:colcon.colcon_core.shell:Creating package script '/home/lucas-fang/ros2_Nav_ws/install/senson_pkg/share/senson_pkg/package.bash'
[0.730s] INFO:colcon.colcon_core.shell:Creating package script '/home/lucas-fang/ros2_Nav_ws/install/senson_pkg/share/senson_pkg/package.zsh'
[0.730s] Level 1:colcon.colcon_core.environment:create_file_with_runtime_dependencies(/home/lucas-fang/ros2_Nav_ws/install/senson_pkg/share/colcon-core/packages/senson_pkg)
[0.836s] DEBUG:colcon.colcon_core.event_handler.log_command:Invoked command in '/home/lucas-fang/ros2_Nav_ws/build/base_interfaces' returned '0': CMAKE_PREFIX_PATH=${CMAKE_PREFIX_PATH}:/opt/ros/humble /usr/bin/cmake --build /home/lucas-fang/ros2_Nav_ws/build/base_interfaces -- -j4 -l4
[0.838s] DEBUG:colcon.colcon_core.event_handler.log_command:Invoking command in '/home/lucas-fang/ros2_Nav_ws/build/base_interfaces': CMAKE_PREFIX_PATH=${CMAKE_PREFIX_PATH}:/opt/ros/humble /usr/bin/cmake --install /home/lucas-fang/ros2_Nav_ws/build/base_interfaces
[0.899s] Level 1:colcon.colcon_core.environment:create_environment_scripts_only(base_interfaces)
[0.899s] Level 1:colcon.colcon_core.environment:checking '/home/lucas-fang/ros2_Nav_ws/install/base_interfaces' for CMake module files
[0.900s] DEBUG:colcon.colcon_core.event_handler.log_command:Invoked command in '/home/lucas-fang/ros2_Nav_ws/build/base_interfaces' returned '0': CMAKE_PREFIX_PATH=${CMAKE_PREFIX_PATH}:/opt/ros/humble /usr/bin/cmake --install /home/lucas-fang/ros2_Nav_ws/build/base_interfaces
[0.900s] Level 1:colcon.colcon_core.environment:checking '/home/lucas-fang/ros2_Nav_ws/install/base_interfaces' for CMake config files
[0.901s] Level 1:colcon.colcon_core.shell:create_environment_hook('base_interfaces', 'cmake_prefix_path')
[0.901s] INFO:colcon.colcon_core.shell:Creating environment hook '/home/lucas-fang/ros2_Nav_ws/install/base_interfaces/share/base_interfaces/hook/cmake_prefix_path.ps1'
[0.901s] INFO:colcon.colcon_core.shell:Creating environment descriptor '/home/lucas-fang/ros2_Nav_ws/install/base_interfaces/share/base_interfaces/hook/cmake_prefix_path.dsv'
[0.902s] INFO:colcon.colcon_core.shell:Creating environment hook '/home/lucas-fang/ros2_Nav_ws/install/base_interfaces/share/base_interfaces/hook/cmake_prefix_path.sh'
[0.902s] Level 1:colcon.colcon_core.environment:checking '/home/lucas-fang/ros2_Nav_ws/install/base_interfaces/lib'
[0.903s] Level 1:colcon.colcon_core.shell:create_environment_hook('base_interfaces', 'ld_library_path_lib')
[0.903s] INFO:colcon.colcon_core.shell:Creating environment hook '/home/lucas-fang/ros2_Nav_ws/install/base_interfaces/share/base_interfaces/hook/ld_library_path_lib.ps1'
[0.903s] INFO:colcon.colcon_core.shell:Creating environment descriptor '/home/lucas-fang/ros2_Nav_ws/install/base_interfaces/share/base_interfaces/hook/ld_library_path_lib.dsv'
[0.904s] INFO:colcon.colcon_core.shell:Creating environment hook '/home/lucas-fang/ros2_Nav_ws/install/base_interfaces/share/base_interfaces/hook/ld_library_path_lib.sh'
[0.904s] Level 1:colcon.colcon_core.environment:checking '/home/lucas-fang/ros2_Nav_ws/install/base_interfaces/bin'
[0.904s] Level 1:colcon.colcon_core.environment:checking '/home/lucas-fang/ros2_Nav_ws/install/base_interfaces/lib/pkgconfig/base_interfaces.pc'
[0.904s] Level 1:colcon.colcon_core.environment:checking '/home/lucas-fang/ros2_Nav_ws/install/base_interfaces/lib/python3.10/site-packages'
[0.905s] Level 1:colcon.colcon_core.environment:checking '/home/lucas-fang/ros2_Nav_ws/install/base_interfaces/bin'
[0.905s] INFO:colcon.colcon_core.shell:Creating package script '/home/lucas-fang/ros2_Nav_ws/install/base_interfaces/share/base_interfaces/package.ps1'
[0.906s] INFO:colcon.colcon_core.shell:Creating package descriptor '/home/lucas-fang/ros2_Nav_ws/install/base_interfaces/share/base_interfaces/package.dsv'
[0.906s] INFO:colcon.colcon_core.shell:Creating package script '/home/lucas-fang/ros2_Nav_ws/install/base_interfaces/share/base_interfaces/package.sh'
[0.907s] INFO:colcon.colcon_core.shell:Creating package script '/home/lucas-fang/ros2_Nav_ws/install/base_interfaces/share/base_interfaces/package.bash'
[0.907s] INFO:colcon.colcon_core.shell:Creating package script '/home/lucas-fang/ros2_Nav_ws/install/base_interfaces/share/base_interfaces/package.zsh'
[0.907s] Level 1:colcon.colcon_core.environment:create_file_with_runtime_dependencies(/home/lucas-fang/ros2_Nav_ws/install/base_interfaces/share/colcon-core/packages/base_interfaces)
[0.908s] Level 1:colcon.colcon_core.environment:create_environment_scripts_only(base_interfaces)
[0.908s] Level 1:colcon.colcon_core.environment:checking '/home/lucas-fang/ros2_Nav_ws/install/base_interfaces' for CMake module files
[0.909s] Level 1:colcon.colcon_core.environment:checking '/home/lucas-fang/ros2_Nav_ws/install/base_interfaces' for CMake config files
[0.909s] Level 1:colcon.colcon_core.shell:create_environment_hook('base_interfaces', 'cmake_prefix_path')
[0.909s] INFO:colcon.colcon_core.shell:Creating environment hook '/home/lucas-fang/ros2_Nav_ws/install/base_interfaces/share/base_interfaces/hook/cmake_prefix_path.ps1'
[0.910s] INFO:colcon.colcon_core.shell:Creating environment descriptor '/home/lucas-fang/ros2_Nav_ws/install/base_interfaces/share/base_interfaces/hook/cmake_prefix_path.dsv'
[0.910s] INFO:colcon.colcon_core.shell:Creating environment hook '/home/lucas-fang/ros2_Nav_ws/install/base_interfaces/share/base_interfaces/hook/cmake_prefix_path.sh'
[0.911s] Level 1:colcon.colcon_core.environment:checking '/home/lucas-fang/ros2_Nav_ws/install/base_interfaces/lib'
[0.911s] Level 1:colcon.colcon_core.shell:create_environment_hook('base_interfaces', 'ld_library_path_lib')
[0.911s] INFO:colcon.colcon_core.shell:Creating environment hook '/home/lucas-fang/ros2_Nav_ws/install/base_interfaces/share/base_interfaces/hook/ld_library_path_lib.ps1'
[0.912s] INFO:colcon.colcon_core.shell:Creating environment descriptor '/home/lucas-fang/ros2_Nav_ws/install/base_interfaces/share/base_interfaces/hook/ld_library_path_lib.dsv'
[0.912s] INFO:colcon.colcon_core.shell:Creating environment hook '/home/lucas-fang/ros2_Nav_ws/install/base_interfaces/share/base_interfaces/hook/ld_library_path_lib.sh'
[0.912s] Level 1:colcon.colcon_core.environment:checking '/home/lucas-fang/ros2_Nav_ws/install/base_interfaces/bin'
[0.913s] Level 1:colcon.colcon_core.environment:checking '/home/lucas-fang/ros2_Nav_ws/install/base_interfaces/lib/pkgconfig/base_interfaces.pc'
[0.913s] Level 1:colcon.colcon_core.environment:checking '/home/lucas-fang/ros2_Nav_ws/install/base_interfaces/lib/python3.10/site-packages'
[0.913s] Level 1:colcon.colcon_core.environment:checking '/home/lucas-fang/ros2_Nav_ws/install/base_interfaces/bin'
[0.913s] INFO:colcon.colcon_core.shell:Creating package script '/home/lucas-fang/ros2_Nav_ws/install/base_interfaces/share/base_interfaces/package.ps1'
[0.914s] INFO:colcon.colcon_core.shell:Creating package descriptor '/home/lucas-fang/ros2_Nav_ws/install/base_interfaces/share/base_interfaces/package.dsv'
[0.914s] INFO:colcon.colcon_core.shell:Creating package script '/home/lucas-fang/ros2_Nav_ws/install/base_interfaces/share/base_interfaces/package.sh'
[0.915s] INFO:colcon.colcon_core.shell:Creating package script '/home/lucas-fang/ros2_Nav_ws/install/base_interfaces/share/base_interfaces/package.bash'
[0.915s] INFO:colcon.colcon_core.shell:Creating package script '/home/lucas-fang/ros2_Nav_ws/install/base_interfaces/share/base_interfaces/package.zsh'
[0.916s] Level 1:colcon.colcon_core.environment:create_file_with_runtime_dependencies(/home/lucas-fang/ros2_Nav_ws/install/base_interfaces/share/colcon-core/packages/base_interfaces)
[0.916s] INFO:colcon.colcon_ros.task.ament_cmake.build:Building ROS package in '/home/lucas-fang/ros2_Nav_ws/src/serial_pkg' with build type 'ament_cmake'
[0.917s] INFO:colcon.colcon_cmake.task.cmake.build:Building CMake package in '/home/lucas-fang/ros2_Nav_ws/src/serial_pkg'
[0.917s] INFO:colcon.colcon_core.shell:Skip shell extension 'powershell' for command environment: Not usable outside of PowerShell
[0.917s] DEBUG:colcon.colcon_core.shell:Skip shell extension 'dsv' for command environment
[0.928s] DEBUG:colcon.colcon_core.event_handler.log_command:Invoking command in '/home/lucas-fang/ros2_Nav_ws/build/serial_pkg': CMAKE_PREFIX_PATH=/home/lucas-fang/ros2_Nav_ws/install/base_interfaces:/home/lucas-fang/ros2_Nav_ws/install/serial_pkg:/home/lucas-fang/ros2_Nav_ws/install/senson_pkg:/home/lucas-fang/ros2_Nav_ws/install/rplidar_ros:/home/lucas-fang/ros2_Nav_ws/install/localization_pkg:/home/lucas-fang/ros2_Nav_ws/install/base_driver_pkg:/opt/ros/humble /usr/bin/cmake --build /home/lucas-fang/ros2_Nav_ws/build/serial_pkg -- -j4 -l4
[1.022s] DEBUG:colcon.colcon_core.event_handler.log_command:Invoked command in '/home/lucas-fang/ros2_Nav_ws/build/serial_pkg' returned '0': CMAKE_PREFIX_PATH=/home/lucas-fang/ros2_Nav_ws/install/base_interfaces:/home/lucas-fang/ros2_Nav_ws/install/serial_pkg:/home/lucas-fang/ros2_Nav_ws/install/senson_pkg:/home/lucas-fang/ros2_Nav_ws/install/rplidar_ros:/home/lucas-fang/ros2_Nav_ws/install/localization_pkg:/home/lucas-fang/ros2_Nav_ws/install/base_driver_pkg:/opt/ros/humble /usr/bin/cmake --build /home/lucas-fang/ros2_Nav_ws/build/serial_pkg -- -j4 -l4
[1.023s] DEBUG:colcon.colcon_core.event_handler.log_command:Invoking command in '/home/lucas-fang/ros2_Nav_ws/build/serial_pkg': CMAKE_PREFIX_PATH=/home/lucas-fang/ros2_Nav_ws/install/base_interfaces:/home/lucas-fang/ros2_Nav_ws/install/serial_pkg:/home/lucas-fang/ros2_Nav_ws/install/senson_pkg:/home/lucas-fang/ros2_Nav_ws/install/rplidar_ros:/home/lucas-fang/ros2_Nav_ws/install/localization_pkg:/home/lucas-fang/ros2_Nav_ws/install/base_driver_pkg:/opt/ros/humble /usr/bin/cmake --install /home/lucas-fang/ros2_Nav_ws/build/serial_pkg
[1.035s] Level 1:colcon.colcon_core.environment:create_environment_scripts_only(serial_pkg)
[1.036s] Level 1:colcon.colcon_core.environment:checking '/home/lucas-fang/ros2_Nav_ws/install/serial_pkg' for CMake module files
[1.036s] DEBUG:colcon.colcon_core.event_handler.log_command:Invoked command in '/home/lucas-fang/ros2_Nav_ws/build/serial_pkg' returned '0': CMAKE_PREFIX_PATH=/home/lucas-fang/ros2_Nav_ws/install/base_interfaces:/home/lucas-fang/ros2_Nav_ws/install/serial_pkg:/home/lucas-fang/ros2_Nav_ws/install/senson_pkg:/home/lucas-fang/ros2_Nav_ws/install/rplidar_ros:/home/lucas-fang/ros2_Nav_ws/install/localization_pkg:/home/lucas-fang/ros2_Nav_ws/install/base_driver_pkg:/opt/ros/humble /usr/bin/cmake --install /home/lucas-fang/ros2_Nav_ws/build/serial_pkg
[1.037s] Level 1:colcon.colcon_core.environment:checking '/home/lucas-fang/ros2_Nav_ws/install/serial_pkg' for CMake config files
[1.038s] Level 1:colcon.colcon_core.shell:create_environment_hook('serial_pkg', 'cmake_prefix_path')
[1.038s] INFO:colcon.colcon_core.shell:Creating environment hook '/home/lucas-fang/ros2_Nav_ws/install/serial_pkg/share/serial_pkg/hook/cmake_prefix_path.ps1'
[1.038s] INFO:colcon.colcon_core.shell:Creating environment descriptor '/home/lucas-fang/ros2_Nav_ws/install/serial_pkg/share/serial_pkg/hook/cmake_prefix_path.dsv'
[1.039s] INFO:colcon.colcon_core.shell:Creating environment hook '/home/lucas-fang/ros2_Nav_ws/install/serial_pkg/share/serial_pkg/hook/cmake_prefix_path.sh'
[1.039s] Level 1:colcon.colcon_core.environment:checking '/home/lucas-fang/ros2_Nav_ws/install/serial_pkg/lib'
[1.040s] Level 1:colcon.colcon_core.environment:checking '/home/lucas-fang/ros2_Nav_ws/install/serial_pkg/bin'
[1.040s] Level 1:colcon.colcon_core.environment:checking '/home/lucas-fang/ros2_Nav_ws/install/serial_pkg/lib/pkgconfig/serial_pkg.pc'
[1.040s] Level 1:colcon.colcon_core.environment:checking '/home/lucas-fang/ros2_Nav_ws/install/serial_pkg/lib/python3.10/site-packages'
[1.041s] Level 1:colcon.colcon_core.environment:checking '/home/lucas-fang/ros2_Nav_ws/install/serial_pkg/bin'
[1.041s] INFO:colcon.colcon_core.shell:Creating package script '/home/lucas-fang/ros2_Nav_ws/install/serial_pkg/share/serial_pkg/package.ps1'
[1.042s] INFO:colcon.colcon_core.shell:Creating package descriptor '/home/lucas-fang/ros2_Nav_ws/install/serial_pkg/share/serial_pkg/package.dsv'
[1.042s] INFO:colcon.colcon_core.shell:Creating package script '/home/lucas-fang/ros2_Nav_ws/install/serial_pkg/share/serial_pkg/package.sh'
[1.043s] INFO:colcon.colcon_core.shell:Creating package script '/home/lucas-fang/ros2_Nav_ws/install/serial_pkg/share/serial_pkg/package.bash'
[1.043s] INFO:colcon.colcon_core.shell:Creating package script '/home/lucas-fang/ros2_Nav_ws/install/serial_pkg/share/serial_pkg/package.zsh'
[1.044s] Level 1:colcon.colcon_core.environment:create_file_with_runtime_dependencies(/home/lucas-fang/ros2_Nav_ws/install/serial_pkg/share/colcon-core/packages/serial_pkg)
[1.044s] Level 1:colcon.colcon_core.environment:create_environment_scripts_only(serial_pkg)
[1.045s] Level 1:colcon.colcon_core.environment:checking '/home/lucas-fang/ros2_Nav_ws/install/serial_pkg' for CMake module files
[1.045s] Level 1:colcon.colcon_core.environment:checking '/home/lucas-fang/ros2_Nav_ws/install/serial_pkg' for CMake config files
[1.045s] Level 1:colcon.colcon_core.shell:create_environment_hook('serial_pkg', 'cmake_prefix_path')
[1.046s] INFO:colcon.colcon_core.shell:Creating environment hook '/home/lucas-fang/ros2_Nav_ws/install/serial_pkg/share/serial_pkg/hook/cmake_prefix_path.ps1'
[1.046s] INFO:colcon.colcon_core.shell:Creating environment descriptor '/home/lucas-fang/ros2_Nav_ws/install/serial_pkg/share/serial_pkg/hook/cmake_prefix_path.dsv'
[1.046s] INFO:colcon.colcon_core.shell:Creating environment hook '/home/lucas-fang/ros2_Nav_ws/install/serial_pkg/share/serial_pkg/hook/cmake_prefix_path.sh'
[1.047s] Level 1:colcon.colcon_core.environment:checking '/home/lucas-fang/ros2_Nav_ws/install/serial_pkg/lib'
[1.047s] Level 1:colcon.colcon_core.environment:checking '/home/lucas-fang/ros2_Nav_ws/install/serial_pkg/bin'
[1.047s] Level 1:colcon.colcon_core.environment:checking '/home/lucas-fang/ros2_Nav_ws/install/serial_pkg/lib/pkgconfig/serial_pkg.pc'
[1.047s] Level 1:colcon.colcon_core.environment:checking '/home/lucas-fang/ros2_Nav_ws/install/serial_pkg/lib/python3.10/site-packages'
[1.048s] Level 1:colcon.colcon_core.environment:checking '/home/lucas-fang/ros2_Nav_ws/install/serial_pkg/bin'
[1.048s] INFO:colcon.colcon_core.shell:Creating package script '/home/lucas-fang/ros2_Nav_ws/install/serial_pkg/share/serial_pkg/package.ps1'
[1.049s] INFO:colcon.colcon_core.shell:Creating package descriptor '/home/lucas-fang/ros2_Nav_ws/install/serial_pkg/share/serial_pkg/package.dsv'
[1.049s] INFO:colcon.colcon_core.shell:Creating package script '/home/lucas-fang/ros2_Nav_ws/install/serial_pkg/share/serial_pkg/package.sh'
[1.049s] INFO:colcon.colcon_core.shell:Creating package script '/home/lucas-fang/ros2_Nav_ws/install/serial_pkg/share/serial_pkg/package.bash'
[1.050s] INFO:colcon.colcon_core.shell:Creating package script '/home/lucas-fang/ros2_Nav_ws/install/serial_pkg/share/serial_pkg/package.zsh'
[1.051s] Level 1:colcon.colcon_core.environment:create_file_with_runtime_dependencies(/home/lucas-fang/ros2_Nav_ws/install/serial_pkg/share/colcon-core/packages/serial_pkg)
[1.051s] DEBUG:colcon.colcon_parallel_executor.executor.parallel:closing loop
[1.051s] DEBUG:colcon.colcon_parallel_executor.executor.parallel:loop closed
[1.052s] DEBUG:colcon.colcon_parallel_executor.executor.parallel:run_until_complete finished with '0'
[1.052s] DEBUG:colcon.colcon_core.event_reactor:joining thread
[1.057s] INFO:colcon.colcon_core.plugin_system:Skipping extension 'colcon_notification.desktop_notification.notify_send': Could not find 'notify-send'
[1.057s] INFO:colcon.colcon_core.plugin_system:Skipping extension 'colcon_notification.desktop_notification.terminal_notifier': Not used on non-Darwin systems
[1.057s] INFO:colcon.colcon_core.plugin_system:Skipping extension 'colcon_notification.desktop_notification.win32': Not used on non-Windows systems
[1.057s] INFO:colcon.colcon_notification.desktop_notification:Sending desktop notification using 'notify2'
[1.079s] DEBUG:colcon.colcon_core.event_reactor:joined thread
[1.080s] INFO:colcon.colcon_core.shell:Creating prefix script '/home/lucas-fang/ros2_Nav_ws/install/local_setup.ps1'
[1.081s] INFO:colcon.colcon_core.shell:Creating prefix util module '/home/lucas-fang/ros2_Nav_ws/install/_local_setup_util_ps1.py'
[1.084s] INFO:colcon.colcon_core.shell:Creating prefix chain script '/home/lucas-fang/ros2_Nav_ws/install/setup.ps1'
[1.087s] INFO:colcon.colcon_core.shell:Creating prefix script '/home/lucas-fang/ros2_Nav_ws/install/local_setup.sh'
[1.089s] INFO:colcon.colcon_core.shell:Creating prefix util module '/home/lucas-fang/ros2_Nav_ws/install/_local_setup_util_sh.py'
[1.091s] INFO:colcon.colcon_core.shell:Creating prefix chain script '/home/lucas-fang/ros2_Nav_ws/install/setup.sh'
[1.094s] INFO:colcon.colcon_core.shell:Creating prefix script '/home/lucas-fang/ros2_Nav_ws/install/local_setup.bash'
[1.095s] INFO:colcon.colcon_core.shell:Creating prefix chain script '/home/lucas-fang/ros2_Nav_ws/install/setup.bash'
[1.098s] INFO:colcon.colcon_core.shell:Creating prefix script '/home/lucas-fang/ros2_Nav_ws/install/local_setup.zsh'
[1.099s] INFO:colcon.colcon_core.shell:Creating prefix chain script '/home/lucas-fang/ros2_Nav_ws/install/setup.zsh'
