[0.009s] Invoking command in '/home/lucas-fang/ros2_Nav_ws/build/get_IMU': CMAKE_PREFIX_PATH=/opt/ros/humble /usr/bin/cmake /home/lucas-fang/ros2_Nav_ws/src/get_IMU -DCMAKE_INSTALL_PREFIX=/home/lucas-fang/ros2_Nav_ws/install/get_IMU
[0.021s] -- Found ament_cmake: 1.3.11 (/opt/ros/humble/share/ament_cmake/cmake)
[0.131s] -- Found rclcpp: 16.0.12 (/opt/ros/humble/share/rclcpp/cmake)
[0.156s] -- Found rosidl_generator_c: 3.1.6 (/opt/ros/humble/share/rosidl_generator_c/cmake)
[0.158s] -- Found rosidl_adapter: 3.1.6 (/opt/ros/humble/share/rosidl_adapter/cmake)
[0.163s] -- Found rosidl_generator_cpp: 3.1.6 (/opt/ros/humble/share/rosidl_generator_cpp/cmake)
[0.172s] -- Using all available rosidl_typesupport_c: rosidl_typesupport_fastrtps_c;rosidl_typesupport_introspection_c
[0.182s] -- Using all available rosidl_typesupport_cpp: rosidl_typesupport_fastrtps_cpp;rosidl_typesupport_introspection_cpp
[0.210s] -- Found rmw_implementation_cmake: 6.1.2 (/opt/ros/humble/share/rmw_implementation_cmake/cmake)
[0.211s] -- Found rmw_fastrtps_cpp: 6.2.7 (/opt/ros/humble/share/rmw_fastrtps_cpp/cmake)
[0.293s] -- Using RMW implementation 'rmw_fastrtps_cpp' as default
[0.343s] [31mCMake Error at CMakeLists.txt:11 (find_package):
[0.343s]   By not providing "Findget_imu_data.cmake" in CMAKE_MODULE_PATH this project
[0.343s]   has asked CMake to find a package configuration file provided by
[0.343s]   "get_imu_data", but CMake did not find one.
[0.343s] 
[0.343s]   Could not find a package configuration file provided by "get_imu_data" with
[0.343s]   any of the following names:
[0.343s] 
[0.343s]     get_imu_dataConfig.cmake
[0.344s]     get_imu_data-config.cmake
[0.344s] 
[0.344s]   Add the installation prefix of "get_imu_data" to CMAKE_PREFIX_PATH or set
[0.344s]   "get_imu_data_DIR" to a directory containing one of the above files.  If
[0.344s]   "get_imu_data" provides a separate development package or SDK, be sure it
[0.344s]   has been installed.
[0.344s] 
[0.344s] [0m
[0.344s] -- Configuring incomplete, errors occurred!
[0.344s] See also "/home/lucas-fang/ros2_Nav_ws/build/get_IMU/CMakeFiles/CMakeOutput.log".
[0.349s] Invoked command in '/home/lucas-fang/ros2_Nav_ws/build/get_IMU' returned '1': CMAKE_PREFIX_PATH=/opt/ros/humble /usr/bin/cmake /home/lucas-fang/ros2_Nav_ws/src/get_IMU -DCMAKE_INSTALL_PREFIX=/home/lucas-fang/ros2_Nav_ws/install/get_IMU
