[0.024s] Invoking command in '/home/lucas-fang/ros2_Nav_ws/build/base_driver_pkg': CMAKE_PREFIX_PATH=${CMAKE_PREFIX_PATH}:/opt/ros/humble /usr/bin/cmake --build /home/lucas-fang/ros2_Nav_ws/build/base_driver_pkg -- -j4 -l4
[0.102s] [35m[1mConsolidate compiler generated dependencies of target stm32_node[0m
[0.173s] [100%] Built target stm32_node
[0.210s] Invoked command in '/home/lucas-fang/ros2_Nav_ws/build/base_driver_pkg' returned '0': CMAKE_PREFIX_PATH=${CMAKE_PREFIX_PATH}:/opt/ros/humble /usr/bin/cmake --build /home/lucas-fang/ros2_Nav_ws/build/base_driver_pkg -- -j4 -l4
[0.216s] Invoking command in '/home/lucas-fang/ros2_Nav_ws/build/base_driver_pkg': CMAKE_PREFIX_PATH=${CMAKE_PREFIX_PATH}:/opt/ros/humble /usr/bin/cmake --install /home/lucas-fang/ros2_Nav_ws/build/base_driver_pkg
[0.229s] -- Install configuration: ""
[0.229s] -- Up-to-date: /home/lucas-fang/ros2_Nav_ws/install/base_driver_pkg/lib/base_driver_pkg/stm32_node
[0.229s] -- Up-to-date: /home/lucas-fang/ros2_Nav_ws/install/base_driver_pkg/share/ament_index/resource_index/package_run_dependencies/base_driver_pkg
[0.229s] -- Up-to-date: /home/lucas-fang/ros2_Nav_ws/install/base_driver_pkg/share/ament_index/resource_index/parent_prefix_path/base_driver_pkg
[0.230s] -- Up-to-date: /home/lucas-fang/ros2_Nav_ws/install/base_driver_pkg/share/base_driver_pkg/environment/ament_prefix_path.sh
[0.230s] -- Up-to-date: /home/lucas-fang/ros2_Nav_ws/install/base_driver_pkg/share/base_driver_pkg/environment/ament_prefix_path.dsv
[0.230s] -- Up-to-date: /home/lucas-fang/ros2_Nav_ws/install/base_driver_pkg/share/base_driver_pkg/environment/path.sh
[0.230s] -- Up-to-date: /home/lucas-fang/ros2_Nav_ws/install/base_driver_pkg/share/base_driver_pkg/environment/path.dsv
[0.230s] -- Up-to-date: /home/lucas-fang/ros2_Nav_ws/install/base_driver_pkg/share/base_driver_pkg/local_setup.bash
[0.230s] -- Up-to-date: /home/lucas-fang/ros2_Nav_ws/install/base_driver_pkg/share/base_driver_pkg/local_setup.sh
[0.230s] -- Up-to-date: /home/lucas-fang/ros2_Nav_ws/install/base_driver_pkg/share/base_driver_pkg/local_setup.zsh
[0.230s] -- Up-to-date: /home/lucas-fang/ros2_Nav_ws/install/base_driver_pkg/share/base_driver_pkg/local_setup.dsv
[0.230s] -- Installing: /home/lucas-fang/ros2_Nav_ws/install/base_driver_pkg/share/base_driver_pkg/package.dsv
[0.230s] -- Up-to-date: /home/lucas-fang/ros2_Nav_ws/install/base_driver_pkg/share/ament_index/resource_index/packages/base_driver_pkg
[0.230s] -- Up-to-date: /home/lucas-fang/ros2_Nav_ws/install/base_driver_pkg/share/base_driver_pkg/cmake/base_driver_pkgConfig.cmake
[0.230s] -- Up-to-date: /home/lucas-fang/ros2_Nav_ws/install/base_driver_pkg/share/base_driver_pkg/cmake/base_driver_pkgConfig-version.cmake
[0.230s] -- Up-to-date: /home/lucas-fang/ros2_Nav_ws/install/base_driver_pkg/share/base_driver_pkg/package.xml
[0.247s] Invoked command in '/home/lucas-fang/ros2_Nav_ws/build/base_driver_pkg' returned '0': CMAKE_PREFIX_PATH=${CMAKE_PREFIX_PATH}:/opt/ros/humble /usr/bin/cmake --install /home/lucas-fang/ros2_Nav_ws/build/base_driver_pkg
