[0.030s] Invoking command in '/home/lucas-fang/ros2_Nav_ws/build/base_interfaces': CMAKE_PREFIX_PATH=${CMAKE_PREFIX_PATH}:/opt/ros/humble /usr/bin/cmake --build /home/lucas-fang/ros2_Nav_ws/build/base_interfaces -- -j4 -l4
[0.116s] [  2%] Built target base_interfaces__cpp
[0.127s] [ 12%] Built target base_interfaces__rosidl_generator_c
[0.179s] [ 12%] Built target ament_cmake_python_copy_base_interfaces
[0.189s] [ 23%] Built target base_interfaces__rosidl_typesupport_introspection_cpp
[0.199s] [ 33%] Built target base_interfaces__rosidl_typesupport_fastrtps_cpp
[0.209s] [ 43%] Built target base_interfaces__rosidl_typesupport_cpp
[0.229s] [ 56%] Built target base_interfaces__rosidl_typesupport_introspection_c
[0.231s] [ 64%] Built target base_interfaces__rosidl_typesupport_fastrtps_c
[0.239s] [ 74%] Built target base_interfaces__rosidl_typesupport_c
[0.267s] [ 74%] Built target base_interfaces
[0.308s] [ 76%] Built target base_interfaces__py
[0.356s] [ 84%] Built target base_interfaces__rosidl_generator_py
[0.390s] [ 89%] Built target base_interfaces__rosidl_typesupport_fastrtps_c__pyext
[0.391s] [ 94%] Built target base_interfaces__rosidl_typesupport_c__pyext
[0.397s] [100%] Built target base_interfaces__rosidl_typesupport_introspection_c__pyext
[0.565s] running egg_info
[0.565s] writing base_interfaces.egg-info/PKG-INFO
[0.566s] writing dependency_links to base_interfaces.egg-info/dependency_links.txt
[0.566s] writing top-level names to base_interfaces.egg-info/top_level.txt
[0.569s] reading manifest file 'base_interfaces.egg-info/SOURCES.txt'
[0.569s] writing manifest file 'base_interfaces.egg-info/SOURCES.txt'
[0.601s] [100%] Built target ament_cmake_python_build_base_interfaces_egg
[0.613s] Invoked command in '/home/lucas-fang/ros2_Nav_ws/build/base_interfaces' returned '0': CMAKE_PREFIX_PATH=${CMAKE_PREFIX_PATH}:/opt/ros/humble /usr/bin/cmake --build /home/lucas-fang/ros2_Nav_ws/build/base_interfaces -- -j4 -l4
[0.614s] Invoking command in '/home/lucas-fang/ros2_Nav_ws/build/base_interfaces': CMAKE_PREFIX_PATH=${CMAKE_PREFIX_PATH}:/opt/ros/humble /usr/bin/cmake --install /home/lucas-fang/ros2_Nav_ws/build/base_interfaces
[0.623s] -- Install configuration: ""
[0.624s] -- Up-to-date: /home/lucas-fang/ros2_Nav_ws/install/base_interfaces/share/ament_index/resource_index/rosidl_interfaces/base_interfaces
[0.624s] -- Up-to-date: /home/lucas-fang/ros2_Nav_ws/install/base_interfaces/include/base_interfaces/base_interfaces
[0.624s] -- Up-to-date: /home/lucas-fang/ros2_Nav_ws/install/base_interfaces/include/base_interfaces/base_interfaces/msg
[0.624s] -- Up-to-date: /home/lucas-fang/ros2_Nav_ws/install/base_interfaces/include/base_interfaces/base_interfaces/msg/detail
[0.624s] -- Up-to-date: /home/lucas-fang/ros2_Nav_ws/install/base_interfaces/include/base_interfaces/base_interfaces/msg/detail/robot__type_support.h
[0.625s] -- Up-to-date: /home/lucas-fang/ros2_Nav_ws/install/base_interfaces/include/base_interfaces/base_interfaces/msg/detail/imu__functions.h
[0.625s] -- Up-to-date: /home/lucas-fang/ros2_Nav_ws/install/base_interfaces/include/base_interfaces/base_interfaces/msg/detail/imu__functions.c
[0.625s] -- Up-to-date: /home/lucas-fang/ros2_Nav_ws/install/base_interfaces/include/base_interfaces/base_interfaces/msg/detail/imu__type_support.h
[0.626s] -- Up-to-date: /home/lucas-fang/ros2_Nav_ws/install/base_interfaces/include/base_interfaces/base_interfaces/msg/detail/robot__functions.h
[0.626s] -- Up-to-date: /home/lucas-fang/ros2_Nav_ws/install/base_interfaces/include/base_interfaces/base_interfaces/msg/detail/robot__struct.h
[0.626s] -- Up-to-date: /home/lucas-fang/ros2_Nav_ws/install/base_interfaces/include/base_interfaces/base_interfaces/msg/detail/robot__functions.c
[0.626s] -- Up-to-date: /home/lucas-fang/ros2_Nav_ws/install/base_interfaces/include/base_interfaces/base_interfaces/msg/detail/imu__struct.h
[0.626s] -- Up-to-date: /home/lucas-fang/ros2_Nav_ws/install/base_interfaces/include/base_interfaces/base_interfaces/msg/imu.h
[0.626s] -- Up-to-date: /home/lucas-fang/ros2_Nav_ws/install/base_interfaces/include/base_interfaces/base_interfaces/msg/robot.h
[0.627s] -- Up-to-date: /home/lucas-fang/ros2_Nav_ws/install/base_interfaces/include/base_interfaces/base_interfaces/msg/rosidl_generator_c__visibility_control.h
[0.627s] -- Up-to-date: /home/lucas-fang/ros2_Nav_ws/install/base_interfaces/share/base_interfaces/environment/library_path.sh
[0.627s] -- Up-to-date: /home/lucas-fang/ros2_Nav_ws/install/base_interfaces/share/base_interfaces/environment/library_path.dsv
[0.627s] -- Up-to-date: /home/lucas-fang/ros2_Nav_ws/install/base_interfaces/lib/libbase_interfaces__rosidl_generator_c.so
[0.627s] -- Up-to-date: /home/lucas-fang/ros2_Nav_ws/install/base_interfaces/include/base_interfaces/base_interfaces
[0.627s] -- Up-to-date: /home/lucas-fang/ros2_Nav_ws/install/base_interfaces/include/base_interfaces/base_interfaces/msg
[0.627s] -- Up-to-date: /home/lucas-fang/ros2_Nav_ws/install/base_interfaces/include/base_interfaces/base_interfaces/msg/detail
[0.628s] -- Up-to-date: /home/lucas-fang/ros2_Nav_ws/install/base_interfaces/include/base_interfaces/base_interfaces/msg/detail/imu__rosidl_typesupport_fastrtps_c.h
[0.628s] -- Up-to-date: /home/lucas-fang/ros2_Nav_ws/install/base_interfaces/include/base_interfaces/base_interfaces/msg/detail/robot__rosidl_typesupport_fastrtps_c.h
[0.628s] -- Up-to-date: /home/lucas-fang/ros2_Nav_ws/install/base_interfaces/include/base_interfaces/base_interfaces/msg/rosidl_typesupport_fastrtps_c__visibility_control.h
[0.628s] -- Up-to-date: /home/lucas-fang/ros2_Nav_ws/install/base_interfaces/lib/libbase_interfaces__rosidl_typesupport_fastrtps_c.so
[0.628s] -- Up-to-date: /home/lucas-fang/ros2_Nav_ws/install/base_interfaces/include/base_interfaces/base_interfaces
[0.628s] -- Up-to-date: /home/lucas-fang/ros2_Nav_ws/install/base_interfaces/include/base_interfaces/base_interfaces/msg
[0.628s] -- Up-to-date: /home/lucas-fang/ros2_Nav_ws/install/base_interfaces/include/base_interfaces/base_interfaces/msg/detail
[0.628s] -- Up-to-date: /home/lucas-fang/ros2_Nav_ws/install/base_interfaces/include/base_interfaces/base_interfaces/msg/detail/imu__rosidl_typesupport_introspection_c.h
[0.629s] -- Up-to-date: /home/lucas-fang/ros2_Nav_ws/install/base_interfaces/include/base_interfaces/base_interfaces/msg/detail/robot__type_support.c
[0.629s] -- Up-to-date: /home/lucas-fang/ros2_Nav_ws/install/base_interfaces/include/base_interfaces/base_interfaces/msg/detail/robot__rosidl_typesupport_introspection_c.h
[0.629s] -- Up-to-date: /home/lucas-fang/ros2_Nav_ws/install/base_interfaces/include/base_interfaces/base_interfaces/msg/detail/imu__type_support.c
[0.629s] -- Up-to-date: /home/lucas-fang/ros2_Nav_ws/install/base_interfaces/include/base_interfaces/base_interfaces/msg/rosidl_typesupport_introspection_c__visibility_control.h
[0.629s] -- Up-to-date: /home/lucas-fang/ros2_Nav_ws/install/base_interfaces/lib/libbase_interfaces__rosidl_typesupport_introspection_c.so
[0.629s] -- Up-to-date: /home/lucas-fang/ros2_Nav_ws/install/base_interfaces/lib/libbase_interfaces__rosidl_typesupport_c.so
[0.630s] -- Up-to-date: /home/lucas-fang/ros2_Nav_ws/install/base_interfaces/include/base_interfaces/base_interfaces
[0.630s] -- Up-to-date: /home/lucas-fang/ros2_Nav_ws/install/base_interfaces/include/base_interfaces/base_interfaces/msg
[0.630s] -- Up-to-date: /home/lucas-fang/ros2_Nav_ws/install/base_interfaces/include/base_interfaces/base_interfaces/msg/rosidl_generator_cpp__visibility_control.hpp
[0.630s] -- Up-to-date: /home/lucas-fang/ros2_Nav_ws/install/base_interfaces/include/base_interfaces/base_interfaces/msg/robot.hpp
[0.631s] -- Up-to-date: /home/lucas-fang/ros2_Nav_ws/install/base_interfaces/include/base_interfaces/base_interfaces/msg/detail
[0.631s] -- Up-to-date: /home/lucas-fang/ros2_Nav_ws/install/base_interfaces/include/base_interfaces/base_interfaces/msg/detail/robot__struct.hpp
[0.631s] -- Up-to-date: /home/lucas-fang/ros2_Nav_ws/install/base_interfaces/include/base_interfaces/base_interfaces/msg/detail/imu__type_support.hpp
[0.631s] -- Up-to-date: /home/lucas-fang/ros2_Nav_ws/install/base_interfaces/include/base_interfaces/base_interfaces/msg/detail/robot__traits.hpp
[0.631s] -- Up-to-date: /home/lucas-fang/ros2_Nav_ws/install/base_interfaces/include/base_interfaces/base_interfaces/msg/detail/robot__builder.hpp
[0.632s] -- Up-to-date: /home/lucas-fang/ros2_Nav_ws/install/base_interfaces/include/base_interfaces/base_interfaces/msg/detail/robot__type_support.hpp
[0.632s] -- Up-to-date: /home/lucas-fang/ros2_Nav_ws/install/base_interfaces/include/base_interfaces/base_interfaces/msg/detail/imu__traits.hpp
[0.632s] -- Up-to-date: /home/lucas-fang/ros2_Nav_ws/install/base_interfaces/include/base_interfaces/base_interfaces/msg/detail/imu__builder.hpp
[0.632s] -- Up-to-date: /home/lucas-fang/ros2_Nav_ws/install/base_interfaces/include/base_interfaces/base_interfaces/msg/detail/imu__struct.hpp
[0.632s] -- Up-to-date: /home/lucas-fang/ros2_Nav_ws/install/base_interfaces/include/base_interfaces/base_interfaces/msg/imu.hpp
[0.632s] -- Up-to-date: /home/lucas-fang/ros2_Nav_ws/install/base_interfaces/include/base_interfaces/base_interfaces
[0.633s] -- Up-to-date: /home/lucas-fang/ros2_Nav_ws/install/base_interfaces/include/base_interfaces/base_interfaces/msg
[0.633s] -- Up-to-date: /home/lucas-fang/ros2_Nav_ws/install/base_interfaces/include/base_interfaces/base_interfaces/msg/detail
[0.633s] -- Up-to-date: /home/lucas-fang/ros2_Nav_ws/install/base_interfaces/include/base_interfaces/base_interfaces/msg/detail/robot__rosidl_typesupport_fastrtps_cpp.hpp
[0.633s] -- Up-to-date: /home/lucas-fang/ros2_Nav_ws/install/base_interfaces/include/base_interfaces/base_interfaces/msg/detail/imu__rosidl_typesupport_fastrtps_cpp.hpp
[0.633s] -- Up-to-date: /home/lucas-fang/ros2_Nav_ws/install/base_interfaces/include/base_interfaces/base_interfaces/msg/detail/dds_fastrtps
[0.633s] -- Up-to-date: /home/lucas-fang/ros2_Nav_ws/install/base_interfaces/include/base_interfaces/base_interfaces/msg/rosidl_typesupport_fastrtps_cpp__visibility_control.h
[0.633s] -- Up-to-date: /home/lucas-fang/ros2_Nav_ws/install/base_interfaces/lib/libbase_interfaces__rosidl_typesupport_fastrtps_cpp.so
[0.634s] -- Up-to-date: /home/lucas-fang/ros2_Nav_ws/install/base_interfaces/include/base_interfaces/base_interfaces
[0.634s] -- Up-to-date: /home/lucas-fang/ros2_Nav_ws/install/base_interfaces/include/base_interfaces/base_interfaces/msg
[0.634s] -- Up-to-date: /home/lucas-fang/ros2_Nav_ws/install/base_interfaces/include/base_interfaces/base_interfaces/msg/detail
[0.634s] -- Up-to-date: /home/lucas-fang/ros2_Nav_ws/install/base_interfaces/include/base_interfaces/base_interfaces/msg/detail/robot__rosidl_typesupport_introspection_cpp.hpp
[0.634s] -- Up-to-date: /home/lucas-fang/ros2_Nav_ws/install/base_interfaces/include/base_interfaces/base_interfaces/msg/detail/robot__type_support.cpp
[0.634s] -- Up-to-date: /home/lucas-fang/ros2_Nav_ws/install/base_interfaces/include/base_interfaces/base_interfaces/msg/detail/imu__rosidl_typesupport_introspection_cpp.hpp
[0.634s] -- Up-to-date: /home/lucas-fang/ros2_Nav_ws/install/base_interfaces/include/base_interfaces/base_interfaces/msg/detail/imu__type_support.cpp
[0.634s] -- Up-to-date: /home/lucas-fang/ros2_Nav_ws/install/base_interfaces/lib/libbase_interfaces__rosidl_typesupport_introspection_cpp.so
[0.635s] -- Up-to-date: /home/lucas-fang/ros2_Nav_ws/install/base_interfaces/lib/libbase_interfaces__rosidl_typesupport_cpp.so
[0.635s] -- Up-to-date: /home/lucas-fang/ros2_Nav_ws/install/base_interfaces/share/base_interfaces/environment/pythonpath.sh
[0.635s] -- Up-to-date: /home/lucas-fang/ros2_Nav_ws/install/base_interfaces/share/base_interfaces/environment/pythonpath.dsv
[0.635s] -- Up-to-date: /home/lucas-fang/ros2_Nav_ws/install/base_interfaces/local/lib/python3.10/dist-packages/base_interfaces-0.0.0-py3.10.egg-info
[0.635s] -- Installing: /home/lucas-fang/ros2_Nav_ws/install/base_interfaces/local/lib/python3.10/dist-packages/base_interfaces-0.0.0-py3.10.egg-info/top_level.txt
[0.635s] -- Installing: /home/lucas-fang/ros2_Nav_ws/install/base_interfaces/local/lib/python3.10/dist-packages/base_interfaces-0.0.0-py3.10.egg-info/SOURCES.txt
[0.635s] -- Installing: /home/lucas-fang/ros2_Nav_ws/install/base_interfaces/local/lib/python3.10/dist-packages/base_interfaces-0.0.0-py3.10.egg-info/PKG-INFO
[0.635s] -- Installing: /home/lucas-fang/ros2_Nav_ws/install/base_interfaces/local/lib/python3.10/dist-packages/base_interfaces-0.0.0-py3.10.egg-info/dependency_links.txt
[0.635s] -- Up-to-date: /home/lucas-fang/ros2_Nav_ws/install/base_interfaces/local/lib/python3.10/dist-packages/base_interfaces
[0.636s] -- Up-to-date: /home/lucas-fang/ros2_Nav_ws/install/base_interfaces/local/lib/python3.10/dist-packages/base_interfaces/__init__.py
[0.636s] -- Up-to-date: /home/lucas-fang/ros2_Nav_ws/install/base_interfaces/local/lib/python3.10/dist-packages/base_interfaces/_base_interfaces_s.ep.rosidl_typesupport_c.c
[0.636s] -- Up-to-date: /home/lucas-fang/ros2_Nav_ws/install/base_interfaces/local/lib/python3.10/dist-packages/base_interfaces/base_interfaces_s__rosidl_typesupport_introspection_c.cpython-310-x86_64-linux-gnu.so
[0.636s] -- Up-to-date: /home/lucas-fang/ros2_Nav_ws/install/base_interfaces/local/lib/python3.10/dist-packages/base_interfaces/_base_interfaces_s.ep.rosidl_typesupport_fastrtps_c.c
[0.636s] -- Up-to-date: /home/lucas-fang/ros2_Nav_ws/install/base_interfaces/local/lib/python3.10/dist-packages/base_interfaces/msg
[0.636s] -- Up-to-date: /home/lucas-fang/ros2_Nav_ws/install/base_interfaces/local/lib/python3.10/dist-packages/base_interfaces/msg/__init__.py
[0.636s] -- Up-to-date: /home/lucas-fang/ros2_Nav_ws/install/base_interfaces/local/lib/python3.10/dist-packages/base_interfaces/msg/_robot.py
[0.636s] -- Up-to-date: /home/lucas-fang/ros2_Nav_ws/install/base_interfaces/local/lib/python3.10/dist-packages/base_interfaces/msg/_robot_s.c
[0.636s] -- Up-to-date: /home/lucas-fang/ros2_Nav_ws/install/base_interfaces/local/lib/python3.10/dist-packages/base_interfaces/msg/_imu.py
[0.637s] -- Up-to-date: /home/lucas-fang/ros2_Nav_ws/install/base_interfaces/local/lib/python3.10/dist-packages/base_interfaces/msg/_imu_s.c
[0.637s] -- Up-to-date: /home/lucas-fang/ros2_Nav_ws/install/base_interfaces/local/lib/python3.10/dist-packages/base_interfaces/base_interfaces_s__rosidl_typesupport_fastrtps_c.cpython-310-x86_64-linux-gnu.so
[0.637s] -- Up-to-date: /home/lucas-fang/ros2_Nav_ws/install/base_interfaces/local/lib/python3.10/dist-packages/base_interfaces/_base_interfaces_s.ep.rosidl_typesupport_introspection_c.c
[0.637s] -- Up-to-date: /home/lucas-fang/ros2_Nav_ws/install/base_interfaces/local/lib/python3.10/dist-packages/base_interfaces/libbase_interfaces__rosidl_generator_py.so
[0.637s] -- Up-to-date: /home/lucas-fang/ros2_Nav_ws/install/base_interfaces/local/lib/python3.10/dist-packages/base_interfaces/base_interfaces_s__rosidl_typesupport_c.cpython-310-x86_64-linux-gnu.so
[0.670s] Listing '/home/lucas-fang/ros2_Nav_ws/install/base_interfaces/local/lib/python3.10/dist-packages/base_interfaces'...
[0.670s] Listing '/home/lucas-fang/ros2_Nav_ws/install/base_interfaces/local/lib/python3.10/dist-packages/base_interfaces/msg'...
[0.677s] -- Up-to-date: /home/lucas-fang/ros2_Nav_ws/install/base_interfaces/local/lib/python3.10/dist-packages/base_interfaces/base_interfaces_s__rosidl_typesupport_fastrtps_c.cpython-310-x86_64-linux-gnu.so
[0.679s] -- Up-to-date: /home/lucas-fang/ros2_Nav_ws/install/base_interfaces/local/lib/python3.10/dist-packages/base_interfaces/base_interfaces_s__rosidl_typesupport_introspection_c.cpython-310-x86_64-linux-gnu.so
[0.680s] -- Up-to-date: /home/lucas-fang/ros2_Nav_ws/install/base_interfaces/local/lib/python3.10/dist-packages/base_interfaces/base_interfaces_s__rosidl_typesupport_c.cpython-310-x86_64-linux-gnu.so
[0.680s] -- Up-to-date: /home/lucas-fang/ros2_Nav_ws/install/base_interfaces/lib/libbase_interfaces__rosidl_generator_py.so
[0.680s] -- Up-to-date: /home/lucas-fang/ros2_Nav_ws/install/base_interfaces/share/base_interfaces/msg/Imu.idl
[0.680s] -- Up-to-date: /home/lucas-fang/ros2_Nav_ws/install/base_interfaces/share/base_interfaces/msg/Robot.idl
[0.680s] -- Up-to-date: /home/lucas-fang/ros2_Nav_ws/install/base_interfaces/share/base_interfaces/msg/Imu.msg
[0.680s] -- Up-to-date: /home/lucas-fang/ros2_Nav_ws/install/base_interfaces/share/base_interfaces/msg/Robot.msg
[0.682s] -- Up-to-date: /home/lucas-fang/ros2_Nav_ws/install/base_interfaces/share/ament_index/resource_index/package_run_dependencies/base_interfaces
[0.682s] -- Up-to-date: /home/lucas-fang/ros2_Nav_ws/install/base_interfaces/share/ament_index/resource_index/parent_prefix_path/base_interfaces
[0.682s] -- Up-to-date: /home/lucas-fang/ros2_Nav_ws/install/base_interfaces/share/base_interfaces/environment/ament_prefix_path.sh
[0.683s] -- Up-to-date: /home/lucas-fang/ros2_Nav_ws/install/base_interfaces/share/base_interfaces/environment/ament_prefix_path.dsv
[0.683s] -- Up-to-date: /home/lucas-fang/ros2_Nav_ws/install/base_interfaces/share/base_interfaces/environment/path.sh
[0.684s] -- Up-to-date: /home/lucas-fang/ros2_Nav_ws/install/base_interfaces/share/base_interfaces/environment/path.dsv
[0.684s] -- Up-to-date: /home/lucas-fang/ros2_Nav_ws/install/base_interfaces/share/base_interfaces/local_setup.bash
[0.684s] -- Up-to-date: /home/lucas-fang/ros2_Nav_ws/install/base_interfaces/share/base_interfaces/local_setup.sh
[0.685s] -- Up-to-date: /home/lucas-fang/ros2_Nav_ws/install/base_interfaces/share/base_interfaces/local_setup.zsh
[0.685s] -- Up-to-date: /home/lucas-fang/ros2_Nav_ws/install/base_interfaces/share/base_interfaces/local_setup.dsv
[0.685s] -- Installing: /home/lucas-fang/ros2_Nav_ws/install/base_interfaces/share/base_interfaces/package.dsv
[0.685s] -- Up-to-date: /home/lucas-fang/ros2_Nav_ws/install/base_interfaces/share/ament_index/resource_index/packages/base_interfaces
[0.685s] -- Up-to-date: /home/lucas-fang/ros2_Nav_ws/install/base_interfaces/share/base_interfaces/cmake/export_base_interfaces__rosidl_generator_cExport.cmake
[0.686s] -- Up-to-date: /home/lucas-fang/ros2_Nav_ws/install/base_interfaces/share/base_interfaces/cmake/export_base_interfaces__rosidl_generator_cExport-noconfig.cmake
[0.687s] -- Up-to-date: /home/lucas-fang/ros2_Nav_ws/install/base_interfaces/share/base_interfaces/cmake/export_base_interfaces__rosidl_typesupport_fastrtps_cExport.cmake
[0.687s] -- Up-to-date: /home/lucas-fang/ros2_Nav_ws/install/base_interfaces/share/base_interfaces/cmake/export_base_interfaces__rosidl_typesupport_fastrtps_cExport-noconfig.cmake
[0.687s] -- Up-to-date: /home/lucas-fang/ros2_Nav_ws/install/base_interfaces/share/base_interfaces/cmake/base_interfaces__rosidl_typesupport_introspection_cExport.cmake
[0.687s] -- Up-to-date: /home/lucas-fang/ros2_Nav_ws/install/base_interfaces/share/base_interfaces/cmake/base_interfaces__rosidl_typesupport_introspection_cExport-noconfig.cmake
[0.687s] -- Up-to-date: /home/lucas-fang/ros2_Nav_ws/install/base_interfaces/share/base_interfaces/cmake/base_interfaces__rosidl_typesupport_cExport.cmake
[0.687s] -- Up-to-date: /home/lucas-fang/ros2_Nav_ws/install/base_interfaces/share/base_interfaces/cmake/base_interfaces__rosidl_typesupport_cExport-noconfig.cmake
[0.687s] -- Up-to-date: /home/lucas-fang/ros2_Nav_ws/install/base_interfaces/share/base_interfaces/cmake/export_base_interfaces__rosidl_generator_cppExport.cmake
[0.688s] -- Up-to-date: /home/lucas-fang/ros2_Nav_ws/install/base_interfaces/share/base_interfaces/cmake/export_base_interfaces__rosidl_typesupport_fastrtps_cppExport.cmake
[0.688s] -- Up-to-date: /home/lucas-fang/ros2_Nav_ws/install/base_interfaces/share/base_interfaces/cmake/export_base_interfaces__rosidl_typesupport_fastrtps_cppExport-noconfig.cmake
[0.688s] -- Up-to-date: /home/lucas-fang/ros2_Nav_ws/install/base_interfaces/share/base_interfaces/cmake/base_interfaces__rosidl_typesupport_introspection_cppExport.cmake
[0.688s] -- Up-to-date: /home/lucas-fang/ros2_Nav_ws/install/base_interfaces/share/base_interfaces/cmake/base_interfaces__rosidl_typesupport_introspection_cppExport-noconfig.cmake
[0.688s] -- Up-to-date: /home/lucas-fang/ros2_Nav_ws/install/base_interfaces/share/base_interfaces/cmake/base_interfaces__rosidl_typesupport_cppExport.cmake
[0.688s] -- Up-to-date: /home/lucas-fang/ros2_Nav_ws/install/base_interfaces/share/base_interfaces/cmake/base_interfaces__rosidl_typesupport_cppExport-noconfig.cmake
[0.688s] -- Up-to-date: /home/lucas-fang/ros2_Nav_ws/install/base_interfaces/share/base_interfaces/cmake/export_base_interfaces__rosidl_generator_pyExport.cmake
[0.688s] -- Up-to-date: /home/lucas-fang/ros2_Nav_ws/install/base_interfaces/share/base_interfaces/cmake/export_base_interfaces__rosidl_generator_pyExport-noconfig.cmake
[0.688s] -- Up-to-date: /home/lucas-fang/ros2_Nav_ws/install/base_interfaces/share/base_interfaces/cmake/rosidl_cmake-extras.cmake
[0.688s] -- Up-to-date: /home/lucas-fang/ros2_Nav_ws/install/base_interfaces/share/base_interfaces/cmake/ament_cmake_export_include_directories-extras.cmake
[0.688s] -- Up-to-date: /home/lucas-fang/ros2_Nav_ws/install/base_interfaces/share/base_interfaces/cmake/ament_cmake_export_libraries-extras.cmake
[0.688s] -- Up-to-date: /home/lucas-fang/ros2_Nav_ws/install/base_interfaces/share/base_interfaces/cmake/ament_cmake_export_targets-extras.cmake
[0.688s] -- Up-to-date: /home/lucas-fang/ros2_Nav_ws/install/base_interfaces/share/base_interfaces/cmake/rosidl_cmake_export_typesupport_targets-extras.cmake
[0.688s] -- Up-to-date: /home/lucas-fang/ros2_Nav_ws/install/base_interfaces/share/base_interfaces/cmake/ament_cmake_export_dependencies-extras.cmake
[0.689s] -- Up-to-date: /home/lucas-fang/ros2_Nav_ws/install/base_interfaces/share/base_interfaces/cmake/rosidl_cmake_export_typesupport_libraries-extras.cmake
[0.689s] -- Up-to-date: /home/lucas-fang/ros2_Nav_ws/install/base_interfaces/share/base_interfaces/cmake/base_interfacesConfig.cmake
[0.690s] -- Up-to-date: /home/lucas-fang/ros2_Nav_ws/install/base_interfaces/share/base_interfaces/cmake/base_interfacesConfig-version.cmake
[0.691s] -- Up-to-date: /home/lucas-fang/ros2_Nav_ws/install/base_interfaces/share/base_interfaces/package.xml
[0.693s] Invoked command in '/home/lucas-fang/ros2_Nav_ws/build/base_interfaces' returned '0': CMAKE_PREFIX_PATH=${CMAKE_PREFIX_PATH}:/opt/ros/humble /usr/bin/cmake --install /home/lucas-fang/ros2_Nav_ws/build/base_interfaces
