[0.040s] Invoking command in '/home/lucas-fang/ros2_Nav_ws/build/slam_toolbox': /usr/bin/cmake /home/lucas-fang/ros2_Nav_ws/src/slam_toolbox -DCMAKE_EXPORT_COMPILE_COMMANDS=ON -DCMAKE_INSTALL_PREFIX=/home/lucas-fang/ros2_Nav_ws/install/slam_toolbox
[0.060s] -- Found ament_cmake: 1.3.11 (/opt/ros/humble/share/ament_cmake/cmake)
[0.200s] -- Found slam_toolbox: 2.6.10 (/opt/ros/humble/share/slam_toolbox/cmake)
[0.225s] -- Found rosidl_generator_c: 3.1.6 (/opt/ros/humble/share/rosidl_generator_c/cmake)
[0.227s] -- Found rosidl_adapter: 3.1.6 (/opt/ros/humble/share/rosidl_adapter/cmake)
[0.234s] -- Found rosidl_generator_cpp: 3.1.6 (/opt/ros/humble/share/rosidl_generator_cpp/cmake)
[0.246s] -- Using all available rosidl_typesupport_c: rosidl_typesupport_fastrtps_c;rosidl_typesupport_introspection_c
[0.261s] -- Using all available rosidl_typesupport_cpp: rosidl_typesupport_fastrtps_cpp;rosidl_typesupport_introspection_cpp
[0.409s] -- Found rmw_implementation_cmake: 6.1.2 (/opt/ros/humble/share/rmw_implementation_cmake/cmake)
[0.411s] -- Found rmw_fastrtps_cpp: 6.2.7 (/opt/ros/humble/share/rmw_fastrtps_cpp/cmake)
[0.532s] -- Using RMW implementation 'rmw_fastrtps_cpp' as default
[0.688s] -- Found eigen3_cmake_module: 0.1.1 (/opt/ros/humble/share/eigen3_cmake_module/cmake)
[0.689s] -- Ensuring Eigen3 include directory is part of orocos-kdl CMake target
[0.721s] -- Setting assimp_DIR to: '/opt/ros/humble/share/rviz_assimp_vendor/cmake/../../../opt/rviz_assimp_vendor/lib/cmake/assimp-4.1'
[0.724s] -- Setting OGRE_DIR to: '/opt/ros/humble/share/rviz_ogre_vendor/cmake/../../../opt/rviz_ogre_vendor/lib/OGRE/cmake'
[0.727s] -- Found OGRE
[0.727s] --   static     : OFF
[0.727s] --   components : HLMS;MeshLodGenerator;Overlay;Paging;Property;RTShaderSystem;Terrain;Volume
[0.727s] --   plugins    : Plugin_BSPSceneManager;Plugin_OctreeSceneManager;Plugin_PCZSceneManager;Plugin_ParticleFX;RenderSystem_GL;RenderSystem_GL3Plus;Codec_STBI
[0.727s] --   media      : /opt/ros/humble/opt/rviz_ogre_vendor/share/OGRE/Media
[0.727s] -- OGRE_LIBRARIES: OgreHLMS;OgreMeshLodGenerator;OgreOverlay;OgrePaging;OgreProperty;OgreRTShaderSystem;OgreTerrain;OgreVolume;OgreMain
[0.727s] -- OGRE_LIBRARY_DIRS: /opt/ros/humble/opt/rviz_ogre_vendor/lib
[0.727s] -- OGRE_PLUGINS: Plugin_BSPSceneManager;Plugin_OctreeSceneManager;Plugin_PCZSceneManager;Plugin_ParticleFX;RenderSystem_GL;RenderSystem_GL3Plus;Codec_STBI
[0.727s] -- OGRE_PLUGIN_DIR: /opt/ros/humble/opt/rviz_ogre_vendor/lib/OGRE
[0.728s] -- rviz_ogre_vendor::OgreOverlay for IMPORTED_LOCATION_RELEASE: /opt/ros/humble/opt/rviz_ogre_vendor/lib/libOgreOverlay.so
[0.728s] -- rviz_ogre_vendor::OgreOverlay for IMPORTED_LOCATION_DEBUG: /opt/ros/humble/opt/rviz_ogre_vendor/lib/libOgreOverlay.so
[0.728s] -- rviz_ogre_vendor::OgreMain for IMPORTED_LOCATION_RELEASE: /opt/ros/humble/opt/rviz_ogre_vendor/lib/libOgreMain.so
[0.728s] -- rviz_ogre_vendor::OgreMain for IMPORTED_LOCATION_DEBUG: /opt/ros/humble/opt/rviz_ogre_vendor/lib/libOgreMain.so
[0.728s] -- Could not find freeimage library
[0.804s] -- library: /usr/lib/x86_64-linux-gnu/libcurl.so
[0.896s] -- Found ament_lint_auto: 0.12.12 (/opt/ros/humble/share/ament_lint_auto/cmake)
[0.958s] Error parsing '/home/lucas-fang/ros2_Nav_ws/src/slam_toolbox/package.xml':
[1.020s] Traceback (most recent call last):
[1.020s]   File "/opt/ros/humble/share/ament_cmake_core/cmake/core/package_xml_2_cmake.py", line 150, in <module>
[1.020s]     main()
[1.021s]   File "/opt/ros/humble/share/ament_cmake_core/cmake/core/package_xml_2_cmake.py", line 53, in main
[1.021s]     raise e
[1.021s]   File "/opt/ros/humble/share/ament_cmake_core/cmake/core/package_xml_2_cmake.py", line 49, in main
[1.021s]     package = parse_package_string(
[1.024s]   File "/usr/lib/python3/dist-packages/catkin_pkg/package.py", line 788, in parse_package_string
[1.024s]     pkg.validate(warnings=warnings)
[1.024s]   File "/usr/lib/python3/dist-packages/catkin_pkg/package.py", line 330, in validate
[1.024s]     raise InvalidPackage('\n'.join(errors), self.filename)
[1.024s] catkin_pkg.package.InvalidPackage: Error(s) in package '/home/lucas-fang/ros2_Nav_ws/src/slam_toolbox/package.xml':
[1.024s] The package "slam_toolbox" must not "build_depend" on a package with the same name as this package
[1.024s] The package "slam_toolbox" must not "build_export_depend" on a package with the same name as this package
[1.024s] The package "slam_toolbox" must not "exec_depend" on a package with the same name as this package
[1.047s] [31mCMake Error at /opt/ros/humble/share/ament_cmake_core/cmake/core/ament_package_xml.cmake:95 (message):
[1.047s]   execute_process(/usr/bin/python3
[1.047s]   /opt/ros/humble/share/ament_cmake_core/cmake/core/package_xml_2_cmake.py
[1.047s]   /home/lucas-fang/ros2_Nav_ws/src/slam_toolbox/package.xml
[1.050s]   /home/lucas-fang/ros2_Nav_ws/build/slam_toolbox/ament_cmake_core/package.cmake)
[1.050s]   returned error code 1
[1.050s] Call Stack (most recent call first):
[1.050s]   /opt/ros/humble/share/ament_cmake_core/cmake/core/ament_package_xml.cmake:49 (_ament_package_xml)
[1.050s]   /opt/ros/humble/share/ament_lint_auto/cmake/ament_lint_auto_find_test_dependencies.cmake:31 (ament_package_xml)
[1.050s]   CMakeLists.txt:25 (ament_lint_auto_find_test_dependencies)
[1.050s] 
[1.050s] [0m
[1.050s] -- Configuring incomplete, errors occurred!
[1.050s] See also "/home/lucas-fang/ros2_Nav_ws/build/slam_toolbox/CMakeFiles/CMakeOutput.log".
[1.068s] Invoked command in '/home/lucas-fang/ros2_Nav_ws/build/slam_toolbox' returned '1': /usr/bin/cmake /home/lucas-fang/ros2_Nav_ws/src/slam_toolbox -DCMAKE_EXPORT_COMPILE_COMMANDS=ON -DCMAKE_INSTALL_PREFIX=/home/lucas-fang/ros2_Nav_ws/install/slam_toolbox
