[01m[K/home/lucas-fang/ros2_Nav_ws/src/serial_pkg/src/odom.cpp:[m[K In constructor ‘[01m[KCala_Odom::Cala_Odom()[m[K’:
[01m[K/home/lucas-fang/ros2_Nav_ws/src/serial_pkg/src/odom.cpp:17:103:[m[K [01;31m[Kerror: [m[Kno matching function for call to ‘[01m[Kbind(<unresolved overloaded function type>, Cala_Odom*, const std::_Placeholder<1>&)[m[K’
   17 |         sub_my_imu_ = this->create_subscription<base_interfaces::msg::Imu>("myimu/data", 10, [01;31m[Kstd::bind([m[K
      |                                                                                              [01;31m[K~~~~~~~~~^[m[K
   18 | [01;31m[K            &Cala_Odom::topic_callback, this, std::placeholders::_1)[m[K);
      |             [01;31m[K~~~~~~~~~~~~~~~~~~~~~~~~~~~~~~~~~~~~~~~~~~~~~~~~~~~~~~~~[m[K                                   
In file included from [01m[K/usr/include/c++/11/pstl/glue_algorithm_defs.h:13[m[K,
                 from [01m[K/usr/include/c++/11/algorithm:74[m[K,
                 from [01m[K/opt/ros/humble/include/rclcpp/rclcpp/executor.hpp:18[m[K,
                 from [01m[K/opt/ros/humble/include/rclcpp/rclcpp/executors/multi_threaded_executor.hpp:25[m[K,
                 from [01m[K/opt/ros/humble/include/rclcpp/rclcpp/executors.hpp:21[m[K,
                 from [01m[K/opt/ros/humble/include/rclcpp/rclcpp/rclcpp.hpp:155[m[K,
                 from [01m[K/home/lucas-fang/ros2_Nav_ws/src/serial_pkg/src/odom.cpp:1[m[K:
[01m[K/usr/include/c++/11/functional:789:5:[m[K [01;36m[Knote: [m[Kcandidate: ‘[01m[Ktemplate<class _Func, class ... _BoundArgs> typename std::_Bind_helper<std::__is_socketlike<_Func>::value, _Func, _BoundArgs ...>::type std::bind(_Func&&, _BoundArgs&& ...)[m[K’
  789 |     [01;36m[Kbind[m[K(_Func&& __f, _BoundArgs&&... __args)
      |     [01;36m[K^~~~[m[K
[01m[K/usr/include/c++/11/functional:789:5:[m[K [01;36m[Knote: [m[K  template argument deduction/substitution failed:
[01m[K/home/lucas-fang/ros2_Nav_ws/src/serial_pkg/src/odom.cpp:17:103:[m[K [01;36m[Knote: [m[K  couldn’t deduce template parameter ‘[01m[K_Func[m[K’
   17 |         sub_my_imu_ = this->create_subscription<base_interfaces::msg::Imu>("myimu/data", 10, [01;36m[Kstd::bind([m[K
      |                                                                                              [01;36m[K~~~~~~~~~^[m[K
   18 | [01;36m[K            &Cala_Odom::topic_callback, this, std::placeholders::_1)[m[K);
      |             [01;36m[K~~~~~~~~~~~~~~~~~~~~~~~~~~~~~~~~~~~~~~~~~~~~~~~~~~~~~~~~[m[K                                   
In file included from [01m[K/usr/include/c++/11/pstl/glue_algorithm_defs.h:13[m[K,
                 from [01m[K/usr/include/c++/11/algorithm:74[m[K,
                 from [01m[K/opt/ros/humble/include/rclcpp/rclcpp/executor.hpp:18[m[K,
                 from [01m[K/opt/ros/humble/include/rclcpp/rclcpp/executors/multi_threaded_executor.hpp:25[m[K,
                 from [01m[K/opt/ros/humble/include/rclcpp/rclcpp/executors.hpp:21[m[K,
                 from [01m[K/opt/ros/humble/include/rclcpp/rclcpp/rclcpp.hpp:155[m[K,
                 from [01m[K/home/lucas-fang/ros2_Nav_ws/src/serial_pkg/src/odom.cpp:1[m[K:
[01m[K/usr/include/c++/11/functional:813:5:[m[K [01;36m[Knote: [m[Kcandidate: ‘[01m[Ktemplate<class _Result, class _Func, class ... _BoundArgs> typename std::_Bindres_helper<_Result, _Func, _BoundArgs>::type std::bind(_Func&&, _BoundArgs&& ...)[m[K’
  813 |     [01;36m[Kbind[m[K(_Func&& __f, _BoundArgs&&... __args)
      |     [01;36m[K^~~~[m[K
[01m[K/usr/include/c++/11/functional:813:5:[m[K [01;36m[Knote: [m[K  template argument deduction/substitution failed:
[01m[K/home/lucas-fang/ros2_Nav_ws/src/serial_pkg/src/odom.cpp:17:103:[m[K [01;36m[Knote: [m[K  couldn’t deduce template parameter ‘[01m[K_Result[m[K’
   17 |         sub_my_imu_ = this->create_subscription<base_interfaces::msg::Imu>("myimu/data", 10, [01;36m[Kstd::bind([m[K
      |                                                                                              [01;36m[K~~~~~~~~~^[m[K
   18 | [01;36m[K            &Cala_Odom::topic_callback, this, std::placeholders::_1)[m[K);
      |             [01;36m[K~~~~~~~~~~~~~~~~~~~~~~~~~~~~~~~~~~~~~~~~~~~~~~~~~~~~~~~~[m[K                                   
[01m[K/home/lucas-fang/ros2_Nav_ws/src/serial_pkg/src/odom.cpp:20:108:[m[K [01;31m[Kerror: [m[Kno matching function for call to ‘[01m[Kbind(<unresolved overloaded function type>, Cala_Odom*, const std::_Placeholder<1>&)[m[K’
   20 |         sub_my_robot_ = this->create_subscription<base_interfaces::msg::Robot>("robot/speed", 10, [01;31m[Kstd::bind([m[K
      |                                                                                                   [01;31m[K~~~~~~~~~^[m[K
   21 | [01;31m[K            &Cala_Odom::topic_callback, this, std::placeholders::_1)[m[K);
      |             [01;31m[K~~~~~~~~~~~~~~~~~~~~~~~~~~~~~~~~~~~~~~~~~~~~~~~~~~~~~~~~[m[K                                        
In file included from [01m[K/usr/include/c++/11/pstl/glue_algorithm_defs.h:13[m[K,
                 from [01m[K/usr/include/c++/11/algorithm:74[m[K,
                 from [01m[K/opt/ros/humble/include/rclcpp/rclcpp/executor.hpp:18[m[K,
                 from [01m[K/opt/ros/humble/include/rclcpp/rclcpp/executors/multi_threaded_executor.hpp:25[m[K,
                 from [01m[K/opt/ros/humble/include/rclcpp/rclcpp/executors.hpp:21[m[K,
                 from [01m[K/opt/ros/humble/include/rclcpp/rclcpp/rclcpp.hpp:155[m[K,
                 from [01m[K/home/lucas-fang/ros2_Nav_ws/src/serial_pkg/src/odom.cpp:1[m[K:
[01m[K/usr/include/c++/11/functional:789:5:[m[K [01;36m[Knote: [m[Kcandidate: ‘[01m[Ktemplate<class _Func, class ... _BoundArgs> typename std::_Bind_helper<std::__is_socketlike<_Func>::value, _Func, _BoundArgs ...>::type std::bind(_Func&&, _BoundArgs&& ...)[m[K’
  789 |     [01;36m[Kbind[m[K(_Func&& __f, _BoundArgs&&... __args)
      |     [01;36m[K^~~~[m[K
[01m[K/usr/include/c++/11/functional:789:5:[m[K [01;36m[Knote: [m[K  template argument deduction/substitution failed:
[01m[K/home/lucas-fang/ros2_Nav_ws/src/serial_pkg/src/odom.cpp:20:108:[m[K [01;36m[Knote: [m[K  couldn’t deduce template parameter ‘[01m[K_Func[m[K’
   20 |         sub_my_robot_ = this->create_subscription<base_interfaces::msg::Robot>("robot/speed", 10, [01;36m[Kstd::bind([m[K
      |                                                                                                   [01;36m[K~~~~~~~~~^[m[K
   21 | [01;36m[K            &Cala_Odom::topic_callback, this, std::placeholders::_1)[m[K);
      |             [01;36m[K~~~~~~~~~~~~~~~~~~~~~~~~~~~~~~~~~~~~~~~~~~~~~~~~~~~~~~~~[m[K                                        
In file included from [01m[K/usr/include/c++/11/pstl/glue_algorithm_defs.h:13[m[K,
                 from [01m[K/usr/include/c++/11/algorithm:74[m[K,
                 from [01m[K/opt/ros/humble/include/rclcpp/rclcpp/executor.hpp:18[m[K,
                 from [01m[K/opt/ros/humble/include/rclcpp/rclcpp/executors/multi_threaded_executor.hpp:25[m[K,
                 from [01m[K/opt/ros/humble/include/rclcpp/rclcpp/executors.hpp:21[m[K,
                 from [01m[K/opt/ros/humble/include/rclcpp/rclcpp/rclcpp.hpp:155[m[K,
                 from [01m[K/home/lucas-fang/ros2_Nav_ws/src/serial_pkg/src/odom.cpp:1[m[K:
[01m[K/usr/include/c++/11/functional:813:5:[m[K [01;36m[Knote: [m[Kcandidate: ‘[01m[Ktemplate<class _Result, class _Func, class ... _BoundArgs> typename std::_Bindres_helper<_Result, _Func, _BoundArgs>::type std::bind(_Func&&, _BoundArgs&& ...)[m[K’
  813 |     [01;36m[Kbind[m[K(_Func&& __f, _BoundArgs&&... __args)
      |     [01;36m[K^~~~[m[K
[01m[K/usr/include/c++/11/functional:813:5:[m[K [01;36m[Knote: [m[K  template argument deduction/substitution failed:
[01m[K/home/lucas-fang/ros2_Nav_ws/src/serial_pkg/src/odom.cpp:20:108:[m[K [01;36m[Knote: [m[K  couldn’t deduce template parameter ‘[01m[K_Result[m[K’
   20 |         sub_my_robot_ = this->create_subscription<base_interfaces::msg::Robot>("robot/speed", 10, [01;36m[Kstd::bind([m[K
      |                                                                                                   [01;36m[K~~~~~~~~~^[m[K
   21 | [01;36m[K            &Cala_Odom::topic_callback, this, std::placeholders::_1)[m[K);
      |             [01;36m[K~~~~~~~~~~~~~~~~~~~~~~~~~~~~~~~~~~~~~~~~~~~~~~~~~~~~~~~~[m[K                                        
gmake[2]: *** [CMakeFiles/odom.dir/build.make:76: CMakeFiles/odom.dir/src/odom.cpp.o] Error 1
gmake[1]: *** [CMakeFiles/Makefile2:195: CMakeFiles/odom.dir/all] Error 2
gmake: *** [Makefile:146: all] Error 2
