[0.010s] Invoking command in '/home/lucas-fang/ros2_Nav_ws/build/serial_pkg': CMAKE_PREFIX_PATH=/home/lucas-fang/ros2_Nav_ws/install/base_interfaces:/home/lucas-fang/ros2_Nav_ws/install/serial_pkg:/home/lucas-fang/ros2_Nav_ws/install/rplidar_ros:/opt/ros/humble /usr/bin/cmake --build /home/lucas-fang/ros2_Nav_ws/build/serial_pkg -- -j4 -l4
[0.062s] [35m[1mConsolidate compiler generated dependencies of target odom[0m
[0.077s] [ 25%] Built target my_serial_lib
[0.101s] [ 37%] [32mBuilding CXX object CMakeFiles/odom.dir/src/odom.cpp.o[0m
[0.112s] [35m[1mConsolidate compiler generated dependencies of target chat_stm32[0m
[0.115s] [35m[1mConsolidate compiler generated dependencies of target get_imu_ros2[0m
[0.143s] [ 62%] Built target get_imu_ros2
[0.149s] [ 87%] Built target chat_stm32
[2.960s] [01m[K/home/lucas-fang/ros2_Nav_ws/src/serial_pkg/src/odom.cpp:[m[K In constructor ‘[01m[KCala_Odom::Cala_Odom()[m[K’:
[2.961s] [01m[K/home/lucas-fang/ros2_Nav_ws/src/serial_pkg/src/odom.cpp:17:103:[m[K [01;31m[Kerror: [m[Kno matching function for call to ‘[01m[Kbind(<unresolved overloaded function type>, Cala_Odom*, const std::_Placeholder<1>&)[m[K’
[2.961s]    17 |         sub_my_imu_ = this->create_subscription<base_interfaces::msg::Imu>("myimu/data", 10, [01;31m[Kstd::bind([m[K
[2.961s]       |                                                                                              [01;31m[K~~~~~~~~~^[m[K
[2.961s]    18 | [01;31m[K            &Cala_Odom::topic_callback, this, std::placeholders::_1)[m[K);
[2.961s]       |             [01;31m[K~~~~~~~~~~~~~~~~~~~~~~~~~~~~~~~~~~~~~~~~~~~~~~~~~~~~~~~~[m[K                                   
[2.961s] In file included from [01m[K/usr/include/c++/11/pstl/glue_algorithm_defs.h:13[m[K,
[2.961s]                  from [01m[K/usr/include/c++/11/algorithm:74[m[K,
[2.961s]                  from [01m[K/opt/ros/humble/include/rclcpp/rclcpp/executor.hpp:18[m[K,
[2.961s]                  from [01m[K/opt/ros/humble/include/rclcpp/rclcpp/executors/multi_threaded_executor.hpp:25[m[K,
[2.961s]                  from [01m[K/opt/ros/humble/include/rclcpp/rclcpp/executors.hpp:21[m[K,
[2.961s]                  from [01m[K/opt/ros/humble/include/rclcpp/rclcpp/rclcpp.hpp:155[m[K,
[2.961s]                  from [01m[K/home/lucas-fang/ros2_Nav_ws/src/serial_pkg/src/odom.cpp:1[m[K:
[2.961s] [01m[K/usr/include/c++/11/functional:789:5:[m[K [01;36m[Knote: [m[Kcandidate: ‘[01m[Ktemplate<class _Func, class ... _BoundArgs> typename std::_Bind_helper<std::__is_socketlike<_Func>::value, _Func, _BoundArgs ...>::type std::bind(_Func&&, _BoundArgs&& ...)[m[K’
[2.962s]   789 |     [01;36m[Kbind[m[K(_Func&& __f, _BoundArgs&&... __args)
[2.962s]       |     [01;36m[K^~~~[m[K
[2.962s] [01m[K/usr/include/c++/11/functional:789:5:[m[K [01;36m[Knote: [m[K  template argument deduction/substitution failed:
[2.962s] [01m[K/home/lucas-fang/ros2_Nav_ws/src/serial_pkg/src/odom.cpp:17:103:[m[K [01;36m[Knote: [m[K  couldn’t deduce template parameter ‘[01m[K_Func[m[K’
[2.962s]    17 |         sub_my_imu_ = this->create_subscription<base_interfaces::msg::Imu>("myimu/data", 10, [01;36m[Kstd::bind([m[K
[2.962s]       |                                                                                              [01;36m[K~~~~~~~~~^[m[K
[2.962s]    18 | [01;36m[K            &Cala_Odom::topic_callback, this, std::placeholders::_1)[m[K);
[2.962s]       |             [01;36m[K~~~~~~~~~~~~~~~~~~~~~~~~~~~~~~~~~~~~~~~~~~~~~~~~~~~~~~~~[m[K                                   
[2.962s] In file included from [01m[K/usr/include/c++/11/pstl/glue_algorithm_defs.h:13[m[K,
[2.962s]                  from [01m[K/usr/include/c++/11/algorithm:74[m[K,
[2.962s]                  from [01m[K/opt/ros/humble/include/rclcpp/rclcpp/executor.hpp:18[m[K,
[2.962s]                  from [01m[K/opt/ros/humble/include/rclcpp/rclcpp/executors/multi_threaded_executor.hpp:25[m[K,
[2.962s]                  from [01m[K/opt/ros/humble/include/rclcpp/rclcpp/executors.hpp:21[m[K,
[2.963s]                  from [01m[K/opt/ros/humble/include/rclcpp/rclcpp/rclcpp.hpp:155[m[K,
[2.963s]                  from [01m[K/home/lucas-fang/ros2_Nav_ws/src/serial_pkg/src/odom.cpp:1[m[K:
[2.963s] [01m[K/usr/include/c++/11/functional:813:5:[m[K [01;36m[Knote: [m[Kcandidate: ‘[01m[Ktemplate<class _Result, class _Func, class ... _BoundArgs> typename std::_Bindres_helper<_Result, _Func, _BoundArgs>::type std::bind(_Func&&, _BoundArgs&& ...)[m[K’
[2.963s]   813 |     [01;36m[Kbind[m[K(_Func&& __f, _BoundArgs&&... __args)
[2.963s]       |     [01;36m[K^~~~[m[K
[2.963s] [01m[K/usr/include/c++/11/functional:813:5:[m[K [01;36m[Knote: [m[K  template argument deduction/substitution failed:
[2.963s] [01m[K/home/lucas-fang/ros2_Nav_ws/src/serial_pkg/src/odom.cpp:17:103:[m[K [01;36m[Knote: [m[K  couldn’t deduce template parameter ‘[01m[K_Result[m[K’
[2.964s]    17 |         sub_my_imu_ = this->create_subscription<base_interfaces::msg::Imu>("myimu/data", 10, [01;36m[Kstd::bind([m[K
[2.964s]       |                                                                                              [01;36m[K~~~~~~~~~^[m[K
[2.964s]    18 | [01;36m[K            &Cala_Odom::topic_callback, this, std::placeholders::_1)[m[K);
[2.964s]       |             [01;36m[K~~~~~~~~~~~~~~~~~~~~~~~~~~~~~~~~~~~~~~~~~~~~~~~~~~~~~~~~[m[K                                   
[2.964s] [01m[K/home/lucas-fang/ros2_Nav_ws/src/serial_pkg/src/odom.cpp:20:108:[m[K [01;31m[Kerror: [m[Kno matching function for call to ‘[01m[Kbind(<unresolved overloaded function type>, Cala_Odom*, const std::_Placeholder<1>&)[m[K’
[2.964s]    20 |         sub_my_robot_ = this->create_subscription<base_interfaces::msg::Robot>("robot/speed", 10, [01;31m[Kstd::bind([m[K
[2.964s]       |                                                                                                   [01;31m[K~~~~~~~~~^[m[K
[2.964s]    21 | [01;31m[K            &Cala_Odom::topic_callback, this, std::placeholders::_1)[m[K);
[2.964s]       |             [01;31m[K~~~~~~~~~~~~~~~~~~~~~~~~~~~~~~~~~~~~~~~~~~~~~~~~~~~~~~~~[m[K                                        
[2.964s] In file included from [01m[K/usr/include/c++/11/pstl/glue_algorithm_defs.h:13[m[K,
[2.964s]                  from [01m[K/usr/include/c++/11/algorithm:74[m[K,
[2.964s]                  from [01m[K/opt/ros/humble/include/rclcpp/rclcpp/executor.hpp:18[m[K,
[2.965s]                  from [01m[K/opt/ros/humble/include/rclcpp/rclcpp/executors/multi_threaded_executor.hpp:25[m[K,
[2.965s]                  from [01m[K/opt/ros/humble/include/rclcpp/rclcpp/executors.hpp:21[m[K,
[2.965s]                  from [01m[K/opt/ros/humble/include/rclcpp/rclcpp/rclcpp.hpp:155[m[K,
[2.965s]                  from [01m[K/home/lucas-fang/ros2_Nav_ws/src/serial_pkg/src/odom.cpp:1[m[K:
[2.965s] [01m[K/usr/include/c++/11/functional:789:5:[m[K [01;36m[Knote: [m[Kcandidate: ‘[01m[Ktemplate<class _Func, class ... _BoundArgs> typename std::_Bind_helper<std::__is_socketlike<_Func>::value, _Func, _BoundArgs ...>::type std::bind(_Func&&, _BoundArgs&& ...)[m[K’
[2.965s]   789 |     [01;36m[Kbind[m[K(_Func&& __f, _BoundArgs&&... __args)
[2.965s]       |     [01;36m[K^~~~[m[K
[2.965s] [01m[K/usr/include/c++/11/functional:789:5:[m[K [01;36m[Knote: [m[K  template argument deduction/substitution failed:
[2.965s] [01m[K/home/lucas-fang/ros2_Nav_ws/src/serial_pkg/src/odom.cpp:20:108:[m[K [01;36m[Knote: [m[K  couldn’t deduce template parameter ‘[01m[K_Func[m[K’
[2.965s]    20 |         sub_my_robot_ = this->create_subscription<base_interfaces::msg::Robot>("robot/speed", 10, [01;36m[Kstd::bind([m[K
[2.965s]       |                                                                                                   [01;36m[K~~~~~~~~~^[m[K
[2.966s]    21 | [01;36m[K            &Cala_Odom::topic_callback, this, std::placeholders::_1)[m[K);
[2.966s]       |             [01;36m[K~~~~~~~~~~~~~~~~~~~~~~~~~~~~~~~~~~~~~~~~~~~~~~~~~~~~~~~~[m[K                                        
[2.966s] In file included from [01m[K/usr/include/c++/11/pstl/glue_algorithm_defs.h:13[m[K,
[2.966s]                  from [01m[K/usr/include/c++/11/algorithm:74[m[K,
[2.966s]                  from [01m[K/opt/ros/humble/include/rclcpp/rclcpp/executor.hpp:18[m[K,
[2.966s]                  from [01m[K/opt/ros/humble/include/rclcpp/rclcpp/executors/multi_threaded_executor.hpp:25[m[K,
[2.966s]                  from [01m[K/opt/ros/humble/include/rclcpp/rclcpp/executors.hpp:21[m[K,
[2.966s]                  from [01m[K/opt/ros/humble/include/rclcpp/rclcpp/rclcpp.hpp:155[m[K,
[2.966s]                  from [01m[K/home/lucas-fang/ros2_Nav_ws/src/serial_pkg/src/odom.cpp:1[m[K:
[2.966s] [01m[K/usr/include/c++/11/functional:813:5:[m[K [01;36m[Knote: [m[Kcandidate: ‘[01m[Ktemplate<class _Result, class _Func, class ... _BoundArgs> typename std::_Bindres_helper<_Result, _Func, _BoundArgs>::type std::bind(_Func&&, _BoundArgs&& ...)[m[K’
[2.966s]   813 |     [01;36m[Kbind[m[K(_Func&& __f, _BoundArgs&&... __args)
[2.966s]       |     [01;36m[K^~~~[m[K
[2.966s] [01m[K/usr/include/c++/11/functional:813:5:[m[K [01;36m[Knote: [m[K  template argument deduction/substitution failed:
[2.967s] [01m[K/home/lucas-fang/ros2_Nav_ws/src/serial_pkg/src/odom.cpp:20:108:[m[K [01;36m[Knote: [m[K  couldn’t deduce template parameter ‘[01m[K_Result[m[K’
[2.967s]    20 |         sub_my_robot_ = this->create_subscription<base_interfaces::msg::Robot>("robot/speed", 10, [01;36m[Kstd::bind([m[K
[2.967s]       |                                                                                                   [01;36m[K~~~~~~~~~^[m[K
[2.967s]    21 | [01;36m[K            &Cala_Odom::topic_callback, this, std::placeholders::_1)[m[K);
[2.967s]       |             [01;36m[K~~~~~~~~~~~~~~~~~~~~~~~~~~~~~~~~~~~~~~~~~~~~~~~~~~~~~~~~[m[K                                        
[3.578s] gmake[2]: *** [CMakeFiles/odom.dir/build.make:76: CMakeFiles/odom.dir/src/odom.cpp.o] Error 1
[3.578s] gmake[1]: *** [CMakeFiles/Makefile2:195: CMakeFiles/odom.dir/all] Error 2
[3.578s] gmake: *** [Makefile:146: all] Error 2
[3.580s] Invoked command in '/home/lucas-fang/ros2_Nav_ws/build/serial_pkg' returned '2': CMAKE_PREFIX_PATH=/home/lucas-fang/ros2_Nav_ws/install/base_interfaces:/home/lucas-fang/ros2_Nav_ws/install/serial_pkg:/home/lucas-fang/ros2_Nav_ws/install/rplidar_ros:/opt/ros/humble /usr/bin/cmake --build /home/lucas-fang/ros2_Nav_ws/build/serial_pkg -- -j4 -l4
