-- Install configuration: ""
-- Up-to-date: /home/lucas-fang/ros2_Nav_ws/install/navigation2_config/share/navigation2_config/launch
-- Installing: /home/lucas-fang/ros2_Nav_ws/install/navigation2_config/share/navigation2_config/launch/bringup.launch.py
-- Up-to-date: /home/lucas-fang/ros2_Nav_ws/install/navigation2_config/share/navigation2_config/launch/nav2.launch.py
-- Up-to-date: /home/lucas-fang/ros2_Nav_ws/install/navigation2_config/share/navigation2_config/params
-- Up-to-date: /home/lucas-fang/ros2_Nav_ws/install/navigation2_config/share/navigation2_config/params/behavior.yaml
-- Up-to-date: /home/lucas-fang/ros2_Nav_ws/install/navigation2_config/share/navigation2_config/params/velocity.yaml
-- Up-to-date: /home/lucas-fang/ros2_Nav_ws/install/navigation2_config/share/navigation2_config/params/controller.yaml
-- Up-to-date: /home/lucas-fang/ros2_Nav_ws/install/navigation2_config/share/navigation2_config/params/waypoint.yaml
-- Up-to-date: /home/lucas-fang/ros2_Nav_ws/install/navigation2_config/share/navigation2_config/params/smootherr.yaml
-- Up-to-date: /home/lucas-fang/ros2_Nav_ws/install/navigation2_config/share/navigation2_config/params/planner.yaml
-- Up-to-date: /home/lucas-fang/ros2_Nav_ws/install/navigation2_config/share/navigation2_config/params/bt.yaml
-- Up-to-date: /home/lucas-fang/ros2_Nav_ws/install/navigation2_config/share/navigation2_config/bts
-- Up-to-date: /home/lucas-fang/ros2_Nav_ws/install/navigation2_config/share/navigation2_config/bts/bt_planner_controller_behavior.xml
-- Up-to-date: /home/lucas-fang/ros2_Nav_ws/install/navigation2_config/share/navigation2_config/bts/bt_planner_controller_behavior_poses.xml
-- Up-to-date: /home/lucas-fang/ros2_Nav_ws/install/navigation2_config/share/ament_index/resource_index/package_run_dependencies/navigation2_config
-- Up-to-date: /home/lucas-fang/ros2_Nav_ws/install/navigation2_config/share/ament_index/resource_index/parent_prefix_path/navigation2_config
-- Up-to-date: /home/lucas-fang/ros2_Nav_ws/install/navigation2_config/share/navigation2_config/environment/ament_prefix_path.sh
-- Up-to-date: /home/lucas-fang/ros2_Nav_ws/install/navigation2_config/share/navigation2_config/environment/ament_prefix_path.dsv
-- Up-to-date: /home/lucas-fang/ros2_Nav_ws/install/navigation2_config/share/navigation2_config/environment/path.sh
-- Up-to-date: /home/lucas-fang/ros2_Nav_ws/install/navigation2_config/share/navigation2_config/environment/path.dsv
-- Up-to-date: /home/lucas-fang/ros2_Nav_ws/install/navigation2_config/share/navigation2_config/local_setup.bash
-- Up-to-date: /home/lucas-fang/ros2_Nav_ws/install/navigation2_config/share/navigation2_config/local_setup.sh
-- Up-to-date: /home/lucas-fang/ros2_Nav_ws/install/navigation2_config/share/navigation2_config/local_setup.zsh
-- Up-to-date: /home/lucas-fang/ros2_Nav_ws/install/navigation2_config/share/navigation2_config/local_setup.dsv
-- Installing: /home/lucas-fang/ros2_Nav_ws/install/navigation2_config/share/navigation2_config/package.dsv
-- Up-to-date: /home/lucas-fang/ros2_Nav_ws/install/navigation2_config/share/ament_index/resource_index/packages/navigation2_config
-- Up-to-date: /home/lucas-fang/ros2_Nav_ws/install/navigation2_config/share/navigation2_config/cmake/navigation2_configConfig.cmake
-- Up-to-date: /home/lucas-fang/ros2_Nav_ws/install/navigation2_config/share/navigation2_config/cmake/navigation2_configConfig-version.cmake
-- Up-to-date: /home/lucas-fang/ros2_Nav_ws/install/navigation2_config/share/navigation2_config/package.xml
