[0.017s] Invoking command in '/home/lucas-fang/ros2_Nav_ws/build/navigation2_config': CMAKE_PREFIX_PATH=/opt/ros/humble /usr/bin/cmake --build /home/lucas-fang/ros2_Nav_ws/build/navigation2_config -- -j4 -l4
[0.074s] Invoked command in '/home/lucas-fang/ros2_Nav_ws/build/navigation2_config' returned '0': CMAKE_PREFIX_PATH=/opt/ros/humble /usr/bin/cmake --build /home/lucas-fang/ros2_Nav_ws/build/navigation2_config -- -j4 -l4
[0.078s] Invoking command in '/home/lucas-fang/ros2_Nav_ws/build/navigation2_config': CMAKE_PREFIX_PATH=/opt/ros/humble /usr/bin/cmake --install /home/lucas-fang/ros2_Nav_ws/build/navigation2_config
[0.092s] -- Install configuration: ""
[0.092s] -- Up-to-date: /home/lucas-fang/ros2_Nav_ws/install/navigation2_config/share/navigation2_config/launch
[0.093s] -- Installing: /home/lucas-fang/ros2_Nav_ws/install/navigation2_config/share/navigation2_config/launch/fish_robot_nav2.launch.py
[0.094s] -- Up-to-date: /home/lucas-fang/ros2_Nav_ws/install/navigation2_config/share/navigation2_config/launch/bringup.launch.py
[0.101s] -- Up-to-date: /home/lucas-fang/ros2_Nav_ws/install/navigation2_config/share/navigation2_config/launch/nav2.launch.py
[0.101s] -- Up-to-date: /home/lucas-fang/ros2_Nav_ws/install/navigation2_config/share/navigation2_config/params
[0.101s] -- Up-to-date: /home/lucas-fang/ros2_Nav_ws/install/navigation2_config/share/navigation2_config/params/behavior.yaml
[0.101s] -- Up-to-date: /home/lucas-fang/ros2_Nav_ws/install/navigation2_config/share/navigation2_config/params/velocity.yaml
[0.101s] -- Up-to-date: /home/lucas-fang/ros2_Nav_ws/install/navigation2_config/share/navigation2_config/params/controller.yaml
[0.101s] -- Up-to-date: /home/lucas-fang/ros2_Nav_ws/install/navigation2_config/share/navigation2_config/params/waypoint.yaml
[0.101s] -- Up-to-date: /home/lucas-fang/ros2_Nav_ws/install/navigation2_config/share/navigation2_config/params/smootherr.yaml
[0.101s] -- Up-to-date: /home/lucas-fang/ros2_Nav_ws/install/navigation2_config/share/navigation2_config/params/planner.yaml
[0.101s] -- Up-to-date: /home/lucas-fang/ros2_Nav_ws/install/navigation2_config/share/navigation2_config/params/bt.yaml
[0.101s] -- Up-to-date: /home/lucas-fang/ros2_Nav_ws/install/navigation2_config/share/navigation2_config/bts
[0.101s] -- Up-to-date: /home/lucas-fang/ros2_Nav_ws/install/navigation2_config/share/navigation2_config/bts/bt_planner_controller_behavior.xml
[0.102s] -- Up-to-date: /home/lucas-fang/ros2_Nav_ws/install/navigation2_config/share/navigation2_config/bts/bt_planner_controller_behavior_poses.xml
[0.102s] -- Up-to-date: /home/lucas-fang/ros2_Nav_ws/install/navigation2_config/share/ament_index/resource_index/package_run_dependencies/navigation2_config
[0.102s] -- Up-to-date: /home/lucas-fang/ros2_Nav_ws/install/navigation2_config/share/ament_index/resource_index/parent_prefix_path/navigation2_config
[0.102s] -- Up-to-date: /home/lucas-fang/ros2_Nav_ws/install/navigation2_config/share/navigation2_config/environment/ament_prefix_path.sh
[0.102s] -- Up-to-date: /home/lucas-fang/ros2_Nav_ws/install/navigation2_config/share/navigation2_config/environment/ament_prefix_path.dsv
[0.102s] -- Up-to-date: /home/lucas-fang/ros2_Nav_ws/install/navigation2_config/share/navigation2_config/environment/path.sh
[0.102s] -- Up-to-date: /home/lucas-fang/ros2_Nav_ws/install/navigation2_config/share/navigation2_config/environment/path.dsv
[0.102s] -- Up-to-date: /home/lucas-fang/ros2_Nav_ws/install/navigation2_config/share/navigation2_config/local_setup.bash
[0.102s] -- Up-to-date: /home/lucas-fang/ros2_Nav_ws/install/navigation2_config/share/navigation2_config/local_setup.sh
[0.102s] -- Up-to-date: /home/lucas-fang/ros2_Nav_ws/install/navigation2_config/share/navigation2_config/local_setup.zsh
[0.102s] -- Up-to-date: /home/lucas-fang/ros2_Nav_ws/install/navigation2_config/share/navigation2_config/local_setup.dsv
[0.102s] -- Installing: /home/lucas-fang/ros2_Nav_ws/install/navigation2_config/share/navigation2_config/package.dsv
[0.102s] -- Up-to-date: /home/lucas-fang/ros2_Nav_ws/install/navigation2_config/share/ament_index/resource_index/packages/navigation2_config
[0.102s] -- Up-to-date: /home/lucas-fang/ros2_Nav_ws/install/navigation2_config/share/navigation2_config/cmake/navigation2_configConfig.cmake
[0.103s] -- Up-to-date: /home/lucas-fang/ros2_Nav_ws/install/navigation2_config/share/navigation2_config/cmake/navigation2_configConfig-version.cmake
[0.103s] -- Up-to-date: /home/lucas-fang/ros2_Nav_ws/install/navigation2_config/share/navigation2_config/package.xml
[0.103s] Invoked command in '/home/lucas-fang/ros2_Nav_ws/build/navigation2_config' returned '0': CMAKE_PREFIX_PATH=/opt/ros/humble /usr/bin/cmake --install /home/lucas-fang/ros2_Nav_ws/build/navigation2_config
