[0.111s] DEBUG:colcon:Command line arguments: ['/usr/bin/colcon', 'build']
[0.111s] DEBUG:colcon:Parsed command line arguments: Namespace(log_base=None, log_level=None, verb_name='build', build_base='build', install_base='install', merge_install=False, symlink_install=False, test_result_base=None, continue_on_error=False, executor='parallel', parallel_workers=4, event_handlers=None, ignore_user_meta=False, metas=['./colcon.meta'], base_paths=['.'], packages_ignore=None, packages_ignore_regex=None, paths=None, packages_up_to=None, packages_up_to_regex=None, packages_above=None, packages_above_and_dependencies=None, packages_above_depth=None, packages_select_by_dep=None, packages_skip_by_dep=None, packages_skip_up_to=None, packages_select_build_failed=False, packages_skip_build_finished=False, packages_select_test_failures=False, packages_skip_test_passed=False, packages_select=None, packages_skip=None, packages_select_regex=None, packages_skip_regex=None, packages_start=None, packages_end=None, allow_overriding=[], cmake_args=['-DCMAKE_EXPORT_COMPILE_COMMANDS=ON'], cmake_target=None, cmake_target_skip_unavailable=False, cmake_clean_cache=False, cmake_clean_first=False, cmake_force_configure=False, ament_cmake_args=None, catkin_cmake_args=None, catkin_skip_building_tests=False, mixin_files=None, mixin=None, verb_parser=<colcon_mixin.mixin.mixin_argument.MixinArgumentDecorator object at 0x7f0d0ce68b50>, verb_extension=<colcon_core.verb.build.BuildVerb object at 0x7f0d0cf79a50>, main=<bound method BuildVerb.main of <colcon_core.verb.build.BuildVerb object at 0x7f0d0cf79a50>>, mixin_verb=('build',))
[0.287s] Level 1:colcon.colcon_core.package_discovery:discover_packages(colcon_meta) check parameters
[0.287s] Level 1:colcon.colcon_core.package_discovery:discover_packages(recursive) check parameters
[0.287s] Level 1:colcon.colcon_core.package_discovery:discover_packages(ignore) check parameters
[0.287s] Level 1:colcon.colcon_core.package_discovery:discover_packages(path) check parameters
[0.287s] Level 1:colcon.colcon_core.package_discovery:discover_packages(colcon_meta) discover
[0.287s] Level 1:colcon.colcon_core.package_discovery:discover_packages(recursive) discover
[0.287s] INFO:colcon.colcon_core.package_discovery:Crawling recursively for packages in '/home/lucas-fang/ros2_Nav_ws'
[0.287s] Level 1:colcon.colcon_core.package_identification:_identify(.) by extensions ['ignore', 'ignore_ament_install']
[0.287s] Level 1:colcon.colcon_core.package_identification:_identify(.) by extension 'ignore'
[0.287s] Level 1:colcon.colcon_core.package_identification:_identify(.) by extension 'ignore_ament_install'
[0.287s] Level 1:colcon.colcon_core.package_identification:_identify(.) by extensions ['colcon_pkg']
[0.287s] Level 1:colcon.colcon_core.package_identification:_identify(.) by extension 'colcon_pkg'
[0.287s] Level 1:colcon.colcon_core.package_identification:_identify(.) by extensions ['colcon_meta']
[0.287s] Level 1:colcon.colcon_core.package_identification:_identify(.) by extension 'colcon_meta'
[0.287s] Level 1:colcon.colcon_core.package_identification:_identify(.) by extensions ['ros']
[0.287s] Level 1:colcon.colcon_core.package_identification:_identify(.) by extension 'ros'
[0.298s] Level 1:colcon.colcon_core.package_identification:_identify(.) by extensions ['cmake', 'python']
[0.298s] Level 1:colcon.colcon_core.package_identification:_identify(.) by extension 'cmake'
[0.298s] Level 1:colcon.colcon_core.package_identification:_identify(.) by extension 'python'
[0.298s] Level 1:colcon.colcon_core.package_identification:_identify(.) by extensions ['python_setup_py']
[0.298s] Level 1:colcon.colcon_core.package_identification:_identify(.) by extension 'python_setup_py'
[0.298s] Level 1:colcon.colcon_core.package_identification:_identify(build) by extensions ['ignore', 'ignore_ament_install']
[0.298s] Level 1:colcon.colcon_core.package_identification:_identify(build) by extension 'ignore'
[0.298s] Level 1:colcon.colcon_core.package_identification:_identify(build) ignored
[0.298s] Level 1:colcon.colcon_core.package_identification:_identify(install) by extensions ['ignore', 'ignore_ament_install']
[0.298s] Level 1:colcon.colcon_core.package_identification:_identify(install) by extension 'ignore'
[0.298s] Level 1:colcon.colcon_core.package_identification:_identify(install) ignored
[0.299s] Level 1:colcon.colcon_core.package_identification:_identify(log) by extensions ['ignore', 'ignore_ament_install']
[0.299s] Level 1:colcon.colcon_core.package_identification:_identify(log) by extension 'ignore'
[0.299s] Level 1:colcon.colcon_core.package_identification:_identify(log) ignored
[0.299s] Level 1:colcon.colcon_core.package_identification:_identify(map) by extensions ['ignore', 'ignore_ament_install']
[0.299s] Level 1:colcon.colcon_core.package_identification:_identify(map) by extension 'ignore'
[0.299s] Level 1:colcon.colcon_core.package_identification:_identify(map) by extension 'ignore_ament_install'
[0.299s] Level 1:colcon.colcon_core.package_identification:_identify(map) by extensions ['colcon_pkg']
[0.299s] Level 1:colcon.colcon_core.package_identification:_identify(map) by extension 'colcon_pkg'
[0.299s] Level 1:colcon.colcon_core.package_identification:_identify(map) by extensions ['colcon_meta']
[0.299s] Level 1:colcon.colcon_core.package_identification:_identify(map) by extension 'colcon_meta'
[0.299s] Level 1:colcon.colcon_core.package_identification:_identify(map) by extensions ['ros']
[0.299s] Level 1:colcon.colcon_core.package_identification:_identify(map) by extension 'ros'
[0.299s] Level 1:colcon.colcon_core.package_identification:_identify(map) by extensions ['cmake', 'python']
[0.299s] Level 1:colcon.colcon_core.package_identification:_identify(map) by extension 'cmake'
[0.299s] Level 1:colcon.colcon_core.package_identification:_identify(map) by extension 'python'
[0.300s] Level 1:colcon.colcon_core.package_identification:_identify(map) by extensions ['python_setup_py']
[0.300s] Level 1:colcon.colcon_core.package_identification:_identify(map) by extension 'python_setup_py'
[0.300s] Level 1:colcon.colcon_core.package_identification:_identify(src) by extensions ['ignore', 'ignore_ament_install']
[0.300s] Level 1:colcon.colcon_core.package_identification:_identify(src) by extension 'ignore'
[0.300s] Level 1:colcon.colcon_core.package_identification:_identify(src) by extension 'ignore_ament_install'
[0.300s] Level 1:colcon.colcon_core.package_identification:_identify(src) by extensions ['colcon_pkg']
[0.300s] Level 1:colcon.colcon_core.package_identification:_identify(src) by extension 'colcon_pkg'
[0.300s] Level 1:colcon.colcon_core.package_identification:_identify(src) by extensions ['colcon_meta']
[0.300s] Level 1:colcon.colcon_core.package_identification:_identify(src) by extension 'colcon_meta'
[0.300s] Level 1:colcon.colcon_core.package_identification:_identify(src) by extensions ['ros']
[0.300s] Level 1:colcon.colcon_core.package_identification:_identify(src) by extension 'ros'
[0.300s] Level 1:colcon.colcon_core.package_identification:_identify(src) by extensions ['cmake', 'python']
[0.300s] Level 1:colcon.colcon_core.package_identification:_identify(src) by extension 'cmake'
[0.300s] Level 1:colcon.colcon_core.package_identification:_identify(src) by extension 'python'
[0.300s] Level 1:colcon.colcon_core.package_identification:_identify(src) by extensions ['python_setup_py']
[0.300s] Level 1:colcon.colcon_core.package_identification:_identify(src) by extension 'python_setup_py'
[0.300s] Level 1:colcon.colcon_core.package_identification:_identify(src/base_driver_pkg) by extensions ['ignore', 'ignore_ament_install']
[0.300s] Level 1:colcon.colcon_core.package_identification:_identify(src/base_driver_pkg) by extension 'ignore'
[0.301s] Level 1:colcon.colcon_core.package_identification:_identify(src/base_driver_pkg) by extension 'ignore_ament_install'
[0.301s] Level 1:colcon.colcon_core.package_identification:_identify(src/base_driver_pkg) by extensions ['colcon_pkg']
[0.301s] Level 1:colcon.colcon_core.package_identification:_identify(src/base_driver_pkg) by extension 'colcon_pkg'
[0.301s] Level 1:colcon.colcon_core.package_identification:_identify(src/base_driver_pkg) by extensions ['colcon_meta']
[0.301s] Level 1:colcon.colcon_core.package_identification:_identify(src/base_driver_pkg) by extension 'colcon_meta'
[0.301s] Level 1:colcon.colcon_core.package_identification:_identify(src/base_driver_pkg) by extensions ['ros']
[0.301s] Level 1:colcon.colcon_core.package_identification:_identify(src/base_driver_pkg) by extension 'ros'
[0.304s] DEBUG:colcon.colcon_core.package_identification:Package 'src/base_driver_pkg' with type 'ros.ament_cmake' and name 'base_driver_pkg'
[0.304s] Level 1:colcon.colcon_core.package_identification:_identify(src/base_interfaces) by extensions ['ignore', 'ignore_ament_install']
[0.304s] Level 1:colcon.colcon_core.package_identification:_identify(src/base_interfaces) by extension 'ignore'
[0.304s] Level 1:colcon.colcon_core.package_identification:_identify(src/base_interfaces) by extension 'ignore_ament_install'
[0.304s] Level 1:colcon.colcon_core.package_identification:_identify(src/base_interfaces) by extensions ['colcon_pkg']
[0.304s] Level 1:colcon.colcon_core.package_identification:_identify(src/base_interfaces) by extension 'colcon_pkg'
[0.304s] Level 1:colcon.colcon_core.package_identification:_identify(src/base_interfaces) by extensions ['colcon_meta']
[0.304s] Level 1:colcon.colcon_core.package_identification:_identify(src/base_interfaces) by extension 'colcon_meta'
[0.304s] Level 1:colcon.colcon_core.package_identification:_identify(src/base_interfaces) by extensions ['ros']
[0.304s] Level 1:colcon.colcon_core.package_identification:_identify(src/base_interfaces) by extension 'ros'
[0.305s] DEBUG:colcon.colcon_core.package_identification:Package 'src/base_interfaces' with type 'ros.ament_cmake' and name 'base_interfaces'
[0.305s] Level 1:colcon.colcon_core.package_identification:_identify(src/localization_pkg) by extensions ['ignore', 'ignore_ament_install']
[0.306s] Level 1:colcon.colcon_core.package_identification:_identify(src/localization_pkg) by extension 'ignore'
[0.306s] Level 1:colcon.colcon_core.package_identification:_identify(src/localization_pkg) by extension 'ignore_ament_install'
[0.306s] Level 1:colcon.colcon_core.package_identification:_identify(src/localization_pkg) by extensions ['colcon_pkg']
[0.306s] Level 1:colcon.colcon_core.package_identification:_identify(src/localization_pkg) by extension 'colcon_pkg'
[0.306s] Level 1:colcon.colcon_core.package_identification:_identify(src/localization_pkg) by extensions ['colcon_meta']
[0.306s] Level 1:colcon.colcon_core.package_identification:_identify(src/localization_pkg) by extension 'colcon_meta'
[0.306s] Level 1:colcon.colcon_core.package_identification:_identify(src/localization_pkg) by extensions ['ros']
[0.306s] Level 1:colcon.colcon_core.package_identification:_identify(src/localization_pkg) by extension 'ros'
[0.307s] DEBUG:colcon.colcon_core.package_identification:Package 'src/localization_pkg' with type 'ros.ament_cmake' and name 'localization_pkg'
[0.307s] Level 1:colcon.colcon_core.package_identification:_identify(src/my_map_server) by extensions ['ignore', 'ignore_ament_install']
[0.307s] Level 1:colcon.colcon_core.package_identification:_identify(src/my_map_server) by extension 'ignore'
[0.307s] Level 1:colcon.colcon_core.package_identification:_identify(src/my_map_server) by extension 'ignore_ament_install'
[0.308s] Level 1:colcon.colcon_core.package_identification:_identify(src/my_map_server) by extensions ['colcon_pkg']
[0.308s] Level 1:colcon.colcon_core.package_identification:_identify(src/my_map_server) by extension 'colcon_pkg'
[0.308s] Level 1:colcon.colcon_core.package_identification:_identify(src/my_map_server) by extensions ['colcon_meta']
[0.308s] Level 1:colcon.colcon_core.package_identification:_identify(src/my_map_server) by extension 'colcon_meta'
[0.308s] Level 1:colcon.colcon_core.package_identification:_identify(src/my_map_server) by extensions ['ros']
[0.308s] Level 1:colcon.colcon_core.package_identification:_identify(src/my_map_server) by extension 'ros'
[0.308s] DEBUG:colcon.colcon_core.package_identification:Package 'src/my_map_server' with type 'ros.ament_cmake' and name 'my_map_server'
[0.308s] Level 1:colcon.colcon_core.package_identification:_identify(src/my_slam_toolbox) by extensions ['ignore', 'ignore_ament_install']
[0.309s] Level 1:colcon.colcon_core.package_identification:_identify(src/my_slam_toolbox) by extension 'ignore'
[0.309s] Level 1:colcon.colcon_core.package_identification:_identify(src/my_slam_toolbox) by extension 'ignore_ament_install'
[0.309s] Level 1:colcon.colcon_core.package_identification:_identify(src/my_slam_toolbox) by extensions ['colcon_pkg']
[0.309s] Level 1:colcon.colcon_core.package_identification:_identify(src/my_slam_toolbox) by extension 'colcon_pkg'
[0.309s] Level 1:colcon.colcon_core.package_identification:_identify(src/my_slam_toolbox) by extensions ['colcon_meta']
[0.309s] Level 1:colcon.colcon_core.package_identification:_identify(src/my_slam_toolbox) by extension 'colcon_meta'
[0.309s] Level 1:colcon.colcon_core.package_identification:_identify(src/my_slam_toolbox) by extensions ['ros']
[0.309s] Level 1:colcon.colcon_core.package_identification:_identify(src/my_slam_toolbox) by extension 'ros'
[0.309s] DEBUG:colcon.colcon_core.package_identification:Package 'src/my_slam_toolbox' with type 'ros.ament_cmake' and name 'my_slam_toolbox'
[0.309s] Level 1:colcon.colcon_core.package_identification:_identify(src/rplidar_ros) by extensions ['ignore', 'ignore_ament_install']
[0.310s] Level 1:colcon.colcon_core.package_identification:_identify(src/rplidar_ros) by extension 'ignore'
[0.310s] Level 1:colcon.colcon_core.package_identification:_identify(src/rplidar_ros) by extension 'ignore_ament_install'
[0.310s] Level 1:colcon.colcon_core.package_identification:_identify(src/rplidar_ros) by extensions ['colcon_pkg']
[0.310s] Level 1:colcon.colcon_core.package_identification:_identify(src/rplidar_ros) by extension 'colcon_pkg'
[0.310s] Level 1:colcon.colcon_core.package_identification:_identify(src/rplidar_ros) by extensions ['colcon_meta']
[0.310s] Level 1:colcon.colcon_core.package_identification:_identify(src/rplidar_ros) by extension 'colcon_meta'
[0.310s] Level 1:colcon.colcon_core.package_identification:_identify(src/rplidar_ros) by extensions ['ros']
[0.310s] Level 1:colcon.colcon_core.package_identification:_identify(src/rplidar_ros) by extension 'ros'
[0.310s] DEBUG:colcon.colcon_core.package_identification:Package 'src/rplidar_ros' with type 'ros.ament_cmake' and name 'rplidar_ros'
[0.311s] Level 1:colcon.colcon_core.package_identification:_identify(src/senson_pkg) by extensions ['ignore', 'ignore_ament_install']
[0.311s] Level 1:colcon.colcon_core.package_identification:_identify(src/senson_pkg) by extension 'ignore'
[0.311s] Level 1:colcon.colcon_core.package_identification:_identify(src/senson_pkg) by extension 'ignore_ament_install'
[0.311s] Level 1:colcon.colcon_core.package_identification:_identify(src/senson_pkg) by extensions ['colcon_pkg']
[0.311s] Level 1:colcon.colcon_core.package_identification:_identify(src/senson_pkg) by extension 'colcon_pkg'
[0.311s] Level 1:colcon.colcon_core.package_identification:_identify(src/senson_pkg) by extensions ['colcon_meta']
[0.311s] Level 1:colcon.colcon_core.package_identification:_identify(src/senson_pkg) by extension 'colcon_meta'
[0.311s] Level 1:colcon.colcon_core.package_identification:_identify(src/senson_pkg) by extensions ['ros']
[0.311s] Level 1:colcon.colcon_core.package_identification:_identify(src/senson_pkg) by extension 'ros'
[0.312s] DEBUG:colcon.colcon_core.package_identification:Package 'src/senson_pkg' with type 'ros.ament_cmake' and name 'senson_pkg'
[0.312s] Level 1:colcon.colcon_core.package_identification:_identify(src/serial_pkg) by extensions ['ignore', 'ignore_ament_install']
[0.312s] Level 1:colcon.colcon_core.package_identification:_identify(src/serial_pkg) by extension 'ignore'
[0.312s] Level 1:colcon.colcon_core.package_identification:_identify(src/serial_pkg) by extension 'ignore_ament_install'
[0.312s] Level 1:colcon.colcon_core.package_identification:_identify(src/serial_pkg) by extensions ['colcon_pkg']
[0.312s] Level 1:colcon.colcon_core.package_identification:_identify(src/serial_pkg) by extension 'colcon_pkg'
[0.312s] Level 1:colcon.colcon_core.package_identification:_identify(src/serial_pkg) by extensions ['colcon_meta']
[0.312s] Level 1:colcon.colcon_core.package_identification:_identify(src/serial_pkg) by extension 'colcon_meta'
[0.312s] Level 1:colcon.colcon_core.package_identification:_identify(src/serial_pkg) by extensions ['ros']
[0.312s] Level 1:colcon.colcon_core.package_identification:_identify(src/serial_pkg) by extension 'ros'
[0.313s] DEBUG:colcon.colcon_core.package_identification:Package 'src/serial_pkg' with type 'ros.ament_cmake' and name 'serial_pkg'
[0.313s] Level 1:colcon.colcon_core.package_discovery:discover_packages(recursive) using defaults
[0.314s] Level 1:colcon.colcon_core.package_discovery:discover_packages(ignore) discover
[0.314s] Level 1:colcon.colcon_core.package_discovery:discover_packages(ignore) using defaults
[0.314s] Level 1:colcon.colcon_core.package_discovery:discover_packages(path) discover
[0.314s] Level 1:colcon.colcon_core.package_discovery:discover_packages(path) using defaults
[0.344s] Level 1:colcon.colcon_core.package_discovery:discover_packages(prefix_path) check parameters
[0.344s] Level 1:colcon.colcon_core.package_discovery:discover_packages(prefix_path) discover
[0.347s] DEBUG:colcon.colcon_installed_package_information.package_discovery:Found 321 installed packages in /opt/ros/humble
[0.348s] Level 1:colcon.colcon_core.package_discovery:discover_packages(prefix_path) using defaults
[0.386s] Level 5:colcon.colcon_core.verb:set package 'base_driver_pkg' build argument 'cmake_args' from command line to '['-DCMAKE_EXPORT_COMPILE_COMMANDS=ON']'
[0.386s] Level 5:colcon.colcon_core.verb:set package 'base_driver_pkg' build argument 'cmake_target' from command line to 'None'
[0.386s] Level 5:colcon.colcon_core.verb:set package 'base_driver_pkg' build argument 'cmake_target_skip_unavailable' from command line to 'False'
[0.386s] Level 5:colcon.colcon_core.verb:set package 'base_driver_pkg' build argument 'cmake_clean_cache' from command line to 'False'
[0.386s] Level 5:colcon.colcon_core.verb:set package 'base_driver_pkg' build argument 'cmake_clean_first' from command line to 'False'
[0.387s] Level 5:colcon.colcon_core.verb:set package 'base_driver_pkg' build argument 'cmake_force_configure' from command line to 'False'
[0.387s] Level 5:colcon.colcon_core.verb:set package 'base_driver_pkg' build argument 'ament_cmake_args' from command line to 'None'
[0.387s] Level 5:colcon.colcon_core.verb:set package 'base_driver_pkg' build argument 'catkin_cmake_args' from command line to 'None'
[0.387s] Level 5:colcon.colcon_core.verb:set package 'base_driver_pkg' build argument 'catkin_skip_building_tests' from command line to 'False'
[0.387s] DEBUG:colcon.colcon_core.verb:Building package 'base_driver_pkg' with the following arguments: {'ament_cmake_args': None, 'build_base': '/home/lucas-fang/ros2_Nav_ws/build/base_driver_pkg', 'catkin_cmake_args': None, 'catkin_skip_building_tests': False, 'cmake_args': ['-DCMAKE_EXPORT_COMPILE_COMMANDS=ON'], 'cmake_clean_cache': False, 'cmake_clean_first': False, 'cmake_force_configure': False, 'cmake_target': None, 'cmake_target_skip_unavailable': False, 'install_base': '/home/lucas-fang/ros2_Nav_ws/install/base_driver_pkg', 'merge_install': False, 'path': '/home/lucas-fang/ros2_Nav_ws/src/base_driver_pkg', 'symlink_install': False, 'test_result_base': None}
[0.387s] Level 5:colcon.colcon_core.verb:set package 'base_interfaces' build argument 'cmake_args' from command line to '['-DCMAKE_EXPORT_COMPILE_COMMANDS=ON']'
[0.387s] Level 5:colcon.colcon_core.verb:set package 'base_interfaces' build argument 'cmake_target' from command line to 'None'
[0.387s] Level 5:colcon.colcon_core.verb:set package 'base_interfaces' build argument 'cmake_target_skip_unavailable' from command line to 'False'
[0.387s] Level 5:colcon.colcon_core.verb:set package 'base_interfaces' build argument 'cmake_clean_cache' from command line to 'False'
[0.387s] Level 5:colcon.colcon_core.verb:set package 'base_interfaces' build argument 'cmake_clean_first' from command line to 'False'
[0.387s] Level 5:colcon.colcon_core.verb:set package 'base_interfaces' build argument 'cmake_force_configure' from command line to 'False'
[0.387s] Level 5:colcon.colcon_core.verb:set package 'base_interfaces' build argument 'ament_cmake_args' from command line to 'None'
[0.387s] Level 5:colcon.colcon_core.verb:set package 'base_interfaces' build argument 'catkin_cmake_args' from command line to 'None'
[0.387s] Level 5:colcon.colcon_core.verb:set package 'base_interfaces' build argument 'catkin_skip_building_tests' from command line to 'False'
[0.387s] DEBUG:colcon.colcon_core.verb:Building package 'base_interfaces' with the following arguments: {'ament_cmake_args': None, 'build_base': '/home/lucas-fang/ros2_Nav_ws/build/base_interfaces', 'catkin_cmake_args': None, 'catkin_skip_building_tests': False, 'cmake_args': ['-DCMAKE_EXPORT_COMPILE_COMMANDS=ON'], 'cmake_clean_cache': False, 'cmake_clean_first': False, 'cmake_force_configure': False, 'cmake_target': None, 'cmake_target_skip_unavailable': False, 'install_base': '/home/lucas-fang/ros2_Nav_ws/install/base_interfaces', 'merge_install': False, 'path': '/home/lucas-fang/ros2_Nav_ws/src/base_interfaces', 'symlink_install': False, 'test_result_base': None}
[0.388s] Level 5:colcon.colcon_core.verb:set package 'localization_pkg' build argument 'cmake_args' from command line to '['-DCMAKE_EXPORT_COMPILE_COMMANDS=ON']'
[0.388s] Level 5:colcon.colcon_core.verb:set package 'localization_pkg' build argument 'cmake_target' from command line to 'None'
[0.388s] Level 5:colcon.colcon_core.verb:set package 'localization_pkg' build argument 'cmake_target_skip_unavailable' from command line to 'False'
[0.388s] Level 5:colcon.colcon_core.verb:set package 'localization_pkg' build argument 'cmake_clean_cache' from command line to 'False'
[0.388s] Level 5:colcon.colcon_core.verb:set package 'localization_pkg' build argument 'cmake_clean_first' from command line to 'False'
[0.388s] Level 5:colcon.colcon_core.verb:set package 'localization_pkg' build argument 'cmake_force_configure' from command line to 'False'
[0.388s] Level 5:colcon.colcon_core.verb:set package 'localization_pkg' build argument 'ament_cmake_args' from command line to 'None'
[0.388s] Level 5:colcon.colcon_core.verb:set package 'localization_pkg' build argument 'catkin_cmake_args' from command line to 'None'
[0.388s] Level 5:colcon.colcon_core.verb:set package 'localization_pkg' build argument 'catkin_skip_building_tests' from command line to 'False'
[0.388s] DEBUG:colcon.colcon_core.verb:Building package 'localization_pkg' with the following arguments: {'ament_cmake_args': None, 'build_base': '/home/lucas-fang/ros2_Nav_ws/build/localization_pkg', 'catkin_cmake_args': None, 'catkin_skip_building_tests': False, 'cmake_args': ['-DCMAKE_EXPORT_COMPILE_COMMANDS=ON'], 'cmake_clean_cache': False, 'cmake_clean_first': False, 'cmake_force_configure': False, 'cmake_target': None, 'cmake_target_skip_unavailable': False, 'install_base': '/home/lucas-fang/ros2_Nav_ws/install/localization_pkg', 'merge_install': False, 'path': '/home/lucas-fang/ros2_Nav_ws/src/localization_pkg', 'symlink_install': False, 'test_result_base': None}
[0.388s] Level 5:colcon.colcon_core.verb:set package 'my_map_server' build argument 'cmake_args' from command line to '['-DCMAKE_EXPORT_COMPILE_COMMANDS=ON']'
[0.388s] Level 5:colcon.colcon_core.verb:set package 'my_map_server' build argument 'cmake_target' from command line to 'None'
[0.388s] Level 5:colcon.colcon_core.verb:set package 'my_map_server' build argument 'cmake_target_skip_unavailable' from command line to 'False'
[0.388s] Level 5:colcon.colcon_core.verb:set package 'my_map_server' build argument 'cmake_clean_cache' from command line to 'False'
[0.388s] Level 5:colcon.colcon_core.verb:set package 'my_map_server' build argument 'cmake_clean_first' from command line to 'False'
[0.388s] Level 5:colcon.colcon_core.verb:set package 'my_map_server' build argument 'cmake_force_configure' from command line to 'False'
[0.388s] Level 5:colcon.colcon_core.verb:set package 'my_map_server' build argument 'ament_cmake_args' from command line to 'None'
[0.388s] Level 5:colcon.colcon_core.verb:set package 'my_map_server' build argument 'catkin_cmake_args' from command line to 'None'
[0.388s] Level 5:colcon.colcon_core.verb:set package 'my_map_server' build argument 'catkin_skip_building_tests' from command line to 'False'
[0.389s] DEBUG:colcon.colcon_core.verb:Building package 'my_map_server' with the following arguments: {'ament_cmake_args': None, 'build_base': '/home/lucas-fang/ros2_Nav_ws/build/my_map_server', 'catkin_cmake_args': None, 'catkin_skip_building_tests': False, 'cmake_args': ['-DCMAKE_EXPORT_COMPILE_COMMANDS=ON'], 'cmake_clean_cache': False, 'cmake_clean_first': False, 'cmake_force_configure': False, 'cmake_target': None, 'cmake_target_skip_unavailable': False, 'install_base': '/home/lucas-fang/ros2_Nav_ws/install/my_map_server', 'merge_install': False, 'path': '/home/lucas-fang/ros2_Nav_ws/src/my_map_server', 'symlink_install': False, 'test_result_base': None}
[0.389s] Level 5:colcon.colcon_core.verb:set package 'my_slam_toolbox' build argument 'cmake_args' from command line to '['-DCMAKE_EXPORT_COMPILE_COMMANDS=ON']'
[0.389s] Level 5:colcon.colcon_core.verb:set package 'my_slam_toolbox' build argument 'cmake_target' from command line to 'None'
[0.389s] Level 5:colcon.colcon_core.verb:set package 'my_slam_toolbox' build argument 'cmake_target_skip_unavailable' from command line to 'False'
[0.389s] Level 5:colcon.colcon_core.verb:set package 'my_slam_toolbox' build argument 'cmake_clean_cache' from command line to 'False'
[0.389s] Level 5:colcon.colcon_core.verb:set package 'my_slam_toolbox' build argument 'cmake_clean_first' from command line to 'False'
[0.389s] Level 5:colcon.colcon_core.verb:set package 'my_slam_toolbox' build argument 'cmake_force_configure' from command line to 'False'
[0.389s] Level 5:colcon.colcon_core.verb:set package 'my_slam_toolbox' build argument 'ament_cmake_args' from command line to 'None'
[0.389s] Level 5:colcon.colcon_core.verb:set package 'my_slam_toolbox' build argument 'catkin_cmake_args' from command line to 'None'
[0.389s] Level 5:colcon.colcon_core.verb:set package 'my_slam_toolbox' build argument 'catkin_skip_building_tests' from command line to 'False'
[0.389s] DEBUG:colcon.colcon_core.verb:Building package 'my_slam_toolbox' with the following arguments: {'ament_cmake_args': None, 'build_base': '/home/lucas-fang/ros2_Nav_ws/build/my_slam_toolbox', 'catkin_cmake_args': None, 'catkin_skip_building_tests': False, 'cmake_args': ['-DCMAKE_EXPORT_COMPILE_COMMANDS=ON'], 'cmake_clean_cache': False, 'cmake_clean_first': False, 'cmake_force_configure': False, 'cmake_target': None, 'cmake_target_skip_unavailable': False, 'install_base': '/home/lucas-fang/ros2_Nav_ws/install/my_slam_toolbox', 'merge_install': False, 'path': '/home/lucas-fang/ros2_Nav_ws/src/my_slam_toolbox', 'symlink_install': False, 'test_result_base': None}
[0.389s] Level 5:colcon.colcon_core.verb:set package 'rplidar_ros' build argument 'cmake_args' from command line to '['-DCMAKE_EXPORT_COMPILE_COMMANDS=ON']'
[0.390s] Level 5:colcon.colcon_core.verb:set package 'rplidar_ros' build argument 'cmake_target' from command line to 'None'
[0.390s] Level 5:colcon.colcon_core.verb:set package 'rplidar_ros' build argument 'cmake_target_skip_unavailable' from command line to 'False'
[0.390s] Level 5:colcon.colcon_core.verb:set package 'rplidar_ros' build argument 'cmake_clean_cache' from command line to 'False'
[0.390s] Level 5:colcon.colcon_core.verb:set package 'rplidar_ros' build argument 'cmake_clean_first' from command line to 'False'
[0.390s] Level 5:colcon.colcon_core.verb:set package 'rplidar_ros' build argument 'cmake_force_configure' from command line to 'False'
[0.390s] Level 5:colcon.colcon_core.verb:set package 'rplidar_ros' build argument 'ament_cmake_args' from command line to 'None'
[0.390s] Level 5:colcon.colcon_core.verb:set package 'rplidar_ros' build argument 'catkin_cmake_args' from command line to 'None'
[0.390s] Level 5:colcon.colcon_core.verb:set package 'rplidar_ros' build argument 'catkin_skip_building_tests' from command line to 'False'
[0.390s] DEBUG:colcon.colcon_core.verb:Building package 'rplidar_ros' with the following arguments: {'ament_cmake_args': None, 'build_base': '/home/lucas-fang/ros2_Nav_ws/build/rplidar_ros', 'catkin_cmake_args': None, 'catkin_skip_building_tests': False, 'cmake_args': ['-DCMAKE_EXPORT_COMPILE_COMMANDS=ON'], 'cmake_clean_cache': False, 'cmake_clean_first': False, 'cmake_force_configure': False, 'cmake_target': None, 'cmake_target_skip_unavailable': False, 'install_base': '/home/lucas-fang/ros2_Nav_ws/install/rplidar_ros', 'merge_install': False, 'path': '/home/lucas-fang/ros2_Nav_ws/src/rplidar_ros', 'symlink_install': False, 'test_result_base': None}
[0.390s] Level 5:colcon.colcon_core.verb:set package 'senson_pkg' build argument 'cmake_args' from command line to '['-DCMAKE_EXPORT_COMPILE_COMMANDS=ON']'
[0.390s] Level 5:colcon.colcon_core.verb:set package 'senson_pkg' build argument 'cmake_target' from command line to 'None'
[0.390s] Level 5:colcon.colcon_core.verb:set package 'senson_pkg' build argument 'cmake_target_skip_unavailable' from command line to 'False'
[0.390s] Level 5:colcon.colcon_core.verb:set package 'senson_pkg' build argument 'cmake_clean_cache' from command line to 'False'
[0.390s] Level 5:colcon.colcon_core.verb:set package 'senson_pkg' build argument 'cmake_clean_first' from command line to 'False'
[0.390s] Level 5:colcon.colcon_core.verb:set package 'senson_pkg' build argument 'cmake_force_configure' from command line to 'False'
[0.390s] Level 5:colcon.colcon_core.verb:set package 'senson_pkg' build argument 'ament_cmake_args' from command line to 'None'
[0.390s] Level 5:colcon.colcon_core.verb:set package 'senson_pkg' build argument 'catkin_cmake_args' from command line to 'None'
[0.390s] Level 5:colcon.colcon_core.verb:set package 'senson_pkg' build argument 'catkin_skip_building_tests' from command line to 'False'
[0.390s] DEBUG:colcon.colcon_core.verb:Building package 'senson_pkg' with the following arguments: {'ament_cmake_args': None, 'build_base': '/home/lucas-fang/ros2_Nav_ws/build/senson_pkg', 'catkin_cmake_args': None, 'catkin_skip_building_tests': False, 'cmake_args': ['-DCMAKE_EXPORT_COMPILE_COMMANDS=ON'], 'cmake_clean_cache': False, 'cmake_clean_first': False, 'cmake_force_configure': False, 'cmake_target': None, 'cmake_target_skip_unavailable': False, 'install_base': '/home/lucas-fang/ros2_Nav_ws/install/senson_pkg', 'merge_install': False, 'path': '/home/lucas-fang/ros2_Nav_ws/src/senson_pkg', 'symlink_install': False, 'test_result_base': None}
[0.391s] Level 5:colcon.colcon_core.verb:set package 'serial_pkg' build argument 'cmake_args' from command line to '['-DCMAKE_EXPORT_COMPILE_COMMANDS=ON']'
[0.391s] Level 5:colcon.colcon_core.verb:set package 'serial_pkg' build argument 'cmake_target' from command line to 'None'
[0.391s] Level 5:colcon.colcon_core.verb:set package 'serial_pkg' build argument 'cmake_target_skip_unavailable' from command line to 'False'
[0.391s] Level 5:colcon.colcon_core.verb:set package 'serial_pkg' build argument 'cmake_clean_cache' from command line to 'False'
[0.391s] Level 5:colcon.colcon_core.verb:set package 'serial_pkg' build argument 'cmake_clean_first' from command line to 'False'
[0.391s] Level 5:colcon.colcon_core.verb:set package 'serial_pkg' build argument 'cmake_force_configure' from command line to 'False'
[0.391s] Level 5:colcon.colcon_core.verb:set package 'serial_pkg' build argument 'ament_cmake_args' from command line to 'None'
[0.391s] Level 5:colcon.colcon_core.verb:set package 'serial_pkg' build argument 'catkin_cmake_args' from command line to 'None'
[0.391s] Level 5:colcon.colcon_core.verb:set package 'serial_pkg' build argument 'catkin_skip_building_tests' from command line to 'False'
[0.391s] DEBUG:colcon.colcon_core.verb:Building package 'serial_pkg' with the following arguments: {'ament_cmake_args': None, 'build_base': '/home/lucas-fang/ros2_Nav_ws/build/serial_pkg', 'catkin_cmake_args': None, 'catkin_skip_building_tests': False, 'cmake_args': ['-DCMAKE_EXPORT_COMPILE_COMMANDS=ON'], 'cmake_clean_cache': False, 'cmake_clean_first': False, 'cmake_force_configure': False, 'cmake_target': None, 'cmake_target_skip_unavailable': False, 'install_base': '/home/lucas-fang/ros2_Nav_ws/install/serial_pkg', 'merge_install': False, 'path': '/home/lucas-fang/ros2_Nav_ws/src/serial_pkg', 'symlink_install': False, 'test_result_base': None}
[0.391s] INFO:colcon.colcon_core.executor:Executing jobs using 'parallel' executor
[0.392s] DEBUG:colcon.colcon_parallel_executor.executor.parallel:run_until_complete
[0.392s] INFO:colcon.colcon_ros.task.ament_cmake.build:Building ROS package in '/home/lucas-fang/ros2_Nav_ws/src/base_interfaces' with build type 'ament_cmake'
[0.392s] INFO:colcon.colcon_cmake.task.cmake.build:Building CMake package in '/home/lucas-fang/ros2_Nav_ws/src/base_interfaces'
[0.395s] INFO:colcon.colcon_core.plugin_system:Skipping extension 'colcon_core.shell.bat': Not used on non-Windows systems
[0.395s] INFO:colcon.colcon_core.shell:Skip shell extension 'powershell' for command environment: Not usable outside of PowerShell
[0.395s] DEBUG:colcon.colcon_core.shell:Skip shell extension 'dsv' for command environment
[0.398s] INFO:colcon.colcon_ros.task.ament_cmake.build:Building ROS package in '/home/lucas-fang/ros2_Nav_ws/src/base_driver_pkg' with build type 'ament_cmake'
[0.398s] INFO:colcon.colcon_cmake.task.cmake.build:Building CMake package in '/home/lucas-fang/ros2_Nav_ws/src/base_driver_pkg'
[0.398s] INFO:colcon.colcon_core.shell:Skip shell extension 'powershell' for command environment: Not usable outside of PowerShell
[0.398s] DEBUG:colcon.colcon_core.shell:Skip shell extension 'dsv' for command environment
[0.401s] INFO:colcon.colcon_ros.task.ament_cmake.build:Building ROS package in '/home/lucas-fang/ros2_Nav_ws/src/localization_pkg' with build type 'ament_cmake'
[0.401s] INFO:colcon.colcon_cmake.task.cmake.build:Building CMake package in '/home/lucas-fang/ros2_Nav_ws/src/localization_pkg'
[0.402s] INFO:colcon.colcon_core.shell:Skip shell extension 'powershell' for command environment: Not usable outside of PowerShell
[0.402s] DEBUG:colcon.colcon_core.shell:Skip shell extension 'dsv' for command environment
[0.404s] INFO:colcon.colcon_ros.task.ament_cmake.build:Building ROS package in '/home/lucas-fang/ros2_Nav_ws/src/my_map_server' with build type 'ament_cmake'
[0.405s] INFO:colcon.colcon_cmake.task.cmake.build:Building CMake package in '/home/lucas-fang/ros2_Nav_ws/src/my_map_server'
[0.405s] INFO:colcon.colcon_core.shell:Skip shell extension 'powershell' for command environment: Not usable outside of PowerShell
[0.405s] DEBUG:colcon.colcon_core.shell:Skip shell extension 'dsv' for command environment
[0.413s] DEBUG:colcon.colcon_core.event_handler.log_command:Invoking command in '/home/lucas-fang/ros2_Nav_ws/build/base_interfaces': CMAKE_PREFIX_PATH=/opt/ros/humble /usr/bin/cmake --build /home/lucas-fang/ros2_Nav_ws/build/base_interfaces -- -j4 -l4
[0.416s] DEBUG:colcon.colcon_core.event_handler.log_command:Invoking command in '/home/lucas-fang/ros2_Nav_ws/build/base_driver_pkg': CMAKE_PREFIX_PATH=/opt/ros/humble /usr/bin/cmake --build /home/lucas-fang/ros2_Nav_ws/build/base_driver_pkg -- -j4 -l4
[0.418s] DEBUG:colcon.colcon_core.event_handler.log_command:Invoking command in '/home/lucas-fang/ros2_Nav_ws/build/localization_pkg': CMAKE_PREFIX_PATH=/opt/ros/humble /usr/bin/cmake --build /home/lucas-fang/ros2_Nav_ws/build/localization_pkg -- -j4 -l4
[0.428s] DEBUG:colcon.colcon_core.event_handler.log_command:Invoking command in '/home/lucas-fang/ros2_Nav_ws/build/my_map_server': CMAKE_PREFIX_PATH=/opt/ros/humble /usr/bin/cmake --build /home/lucas-fang/ros2_Nav_ws/build/my_map_server -- -j4 -l4
[0.507s] DEBUG:colcon.colcon_core.event_handler.log_command:Invoked command in '/home/lucas-fang/ros2_Nav_ws/build/my_map_server' returned '0': CMAKE_PREFIX_PATH=/opt/ros/humble /usr/bin/cmake --build /home/lucas-fang/ros2_Nav_ws/build/my_map_server -- -j4 -l4
[0.524s] DEBUG:colcon.colcon_core.event_handler.log_command:Invoking command in '/home/lucas-fang/ros2_Nav_ws/build/my_map_server': CMAKE_PREFIX_PATH=/opt/ros/humble /usr/bin/cmake --install /home/lucas-fang/ros2_Nav_ws/build/my_map_server
[0.555s] Level 1:colcon.colcon_core.environment:create_environment_scripts_only(my_map_server)
[0.558s] DEBUG:colcon.colcon_core.event_handler.log_command:Invoked command in '/home/lucas-fang/ros2_Nav_ws/build/my_map_server' returned '0': CMAKE_PREFIX_PATH=/opt/ros/humble /usr/bin/cmake --install /home/lucas-fang/ros2_Nav_ws/build/my_map_server
[0.559s] Level 1:colcon.colcon_core.environment:checking '/home/lucas-fang/ros2_Nav_ws/install/my_map_server' for CMake module files
[0.560s] Level 1:colcon.colcon_core.environment:checking '/home/lucas-fang/ros2_Nav_ws/install/my_map_server' for CMake config files
[0.560s] Level 1:colcon.colcon_core.shell:create_environment_hook('my_map_server', 'cmake_prefix_path')
[0.560s] INFO:colcon.colcon_core.shell:Creating environment hook '/home/lucas-fang/ros2_Nav_ws/install/my_map_server/share/my_map_server/hook/cmake_prefix_path.ps1'
[0.561s] INFO:colcon.colcon_core.shell:Creating environment descriptor '/home/lucas-fang/ros2_Nav_ws/install/my_map_server/share/my_map_server/hook/cmake_prefix_path.dsv'
[0.562s] INFO:colcon.colcon_core.shell:Creating environment hook '/home/lucas-fang/ros2_Nav_ws/install/my_map_server/share/my_map_server/hook/cmake_prefix_path.sh'
[0.563s] Level 1:colcon.colcon_core.environment:checking '/home/lucas-fang/ros2_Nav_ws/install/my_map_server/bin'
[0.563s] Level 1:colcon.colcon_core.environment:checking '/home/lucas-fang/ros2_Nav_ws/install/my_map_server/lib/pkgconfig/my_map_server.pc'
[0.563s] Level 1:colcon.colcon_core.environment:checking '/home/lucas-fang/ros2_Nav_ws/install/my_map_server/lib/python3.10/site-packages'
[0.564s] Level 1:colcon.colcon_core.environment:checking '/home/lucas-fang/ros2_Nav_ws/install/my_map_server/bin'
[0.564s] INFO:colcon.colcon_core.shell:Creating package script '/home/lucas-fang/ros2_Nav_ws/install/my_map_server/share/my_map_server/package.ps1'
[0.565s] INFO:colcon.colcon_core.shell:Creating package descriptor '/home/lucas-fang/ros2_Nav_ws/install/my_map_server/share/my_map_server/package.dsv'
[0.566s] INFO:colcon.colcon_core.shell:Creating package script '/home/lucas-fang/ros2_Nav_ws/install/my_map_server/share/my_map_server/package.sh'
[0.567s] INFO:colcon.colcon_core.shell:Creating package script '/home/lucas-fang/ros2_Nav_ws/install/my_map_server/share/my_map_server/package.bash'
[0.568s] INFO:colcon.colcon_core.shell:Creating package script '/home/lucas-fang/ros2_Nav_ws/install/my_map_server/share/my_map_server/package.zsh'
[0.569s] Level 1:colcon.colcon_core.environment:create_file_with_runtime_dependencies(/home/lucas-fang/ros2_Nav_ws/install/my_map_server/share/colcon-core/packages/my_map_server)
[0.570s] Level 1:colcon.colcon_core.environment:create_environment_scripts_only(my_map_server)
[0.570s] Level 1:colcon.colcon_core.environment:checking '/home/lucas-fang/ros2_Nav_ws/install/my_map_server' for CMake module files
[0.571s] Level 1:colcon.colcon_core.environment:checking '/home/lucas-fang/ros2_Nav_ws/install/my_map_server' for CMake config files
[0.571s] Level 1:colcon.colcon_core.shell:create_environment_hook('my_map_server', 'cmake_prefix_path')
[0.572s] INFO:colcon.colcon_core.shell:Creating environment hook '/home/lucas-fang/ros2_Nav_ws/install/my_map_server/share/my_map_server/hook/cmake_prefix_path.ps1'
[0.572s] INFO:colcon.colcon_core.shell:Creating environment descriptor '/home/lucas-fang/ros2_Nav_ws/install/my_map_server/share/my_map_server/hook/cmake_prefix_path.dsv'
[0.573s] INFO:colcon.colcon_core.shell:Creating environment hook '/home/lucas-fang/ros2_Nav_ws/install/my_map_server/share/my_map_server/hook/cmake_prefix_path.sh'
[0.574s] Level 1:colcon.colcon_core.environment:checking '/home/lucas-fang/ros2_Nav_ws/install/my_map_server/bin'
[0.574s] Level 1:colcon.colcon_core.environment:checking '/home/lucas-fang/ros2_Nav_ws/install/my_map_server/lib/pkgconfig/my_map_server.pc'
[0.574s] Level 1:colcon.colcon_core.environment:checking '/home/lucas-fang/ros2_Nav_ws/install/my_map_server/lib/python3.10/site-packages'
[0.574s] Level 1:colcon.colcon_core.environment:checking '/home/lucas-fang/ros2_Nav_ws/install/my_map_server/bin'
[0.575s] INFO:colcon.colcon_core.shell:Creating package script '/home/lucas-fang/ros2_Nav_ws/install/my_map_server/share/my_map_server/package.ps1'
[0.575s] INFO:colcon.colcon_core.shell:Creating package descriptor '/home/lucas-fang/ros2_Nav_ws/install/my_map_server/share/my_map_server/package.dsv'
[0.576s] INFO:colcon.colcon_core.shell:Creating package script '/home/lucas-fang/ros2_Nav_ws/install/my_map_server/share/my_map_server/package.sh'
[0.577s] INFO:colcon.colcon_core.shell:Creating package script '/home/lucas-fang/ros2_Nav_ws/install/my_map_server/share/my_map_server/package.bash'
[0.577s] INFO:colcon.colcon_core.shell:Creating package script '/home/lucas-fang/ros2_Nav_ws/install/my_map_server/share/my_map_server/package.zsh'
[0.578s] Level 1:colcon.colcon_core.environment:create_file_with_runtime_dependencies(/home/lucas-fang/ros2_Nav_ws/install/my_map_server/share/colcon-core/packages/my_map_server)
[0.579s] INFO:colcon.colcon_ros.task.ament_cmake.build:Building ROS package in '/home/lucas-fang/ros2_Nav_ws/src/my_slam_toolbox' with build type 'ament_cmake'
[0.580s] INFO:colcon.colcon_cmake.task.cmake.build:Building CMake package in '/home/lucas-fang/ros2_Nav_ws/src/my_slam_toolbox'
[0.580s] INFO:colcon.colcon_core.shell:Skip shell extension 'powershell' for command environment: Not usable outside of PowerShell
[0.580s] DEBUG:colcon.colcon_core.shell:Skip shell extension 'dsv' for command environment
[0.586s] DEBUG:colcon.colcon_core.event_handler.log_command:Invoked command in '/home/lucas-fang/ros2_Nav_ws/build/base_driver_pkg' returned '0': CMAKE_PREFIX_PATH=/opt/ros/humble /usr/bin/cmake --build /home/lucas-fang/ros2_Nav_ws/build/base_driver_pkg -- -j4 -l4
[0.593s] DEBUG:colcon.colcon_core.event_handler.log_command:Invoking command in '/home/lucas-fang/ros2_Nav_ws/build/base_driver_pkg': CMAKE_PREFIX_PATH=/opt/ros/humble /usr/bin/cmake --install /home/lucas-fang/ros2_Nav_ws/build/base_driver_pkg
[0.597s] DEBUG:colcon.colcon_core.event_handler.log_command:Invoking command in '/home/lucas-fang/ros2_Nav_ws/build/my_slam_toolbox': CMAKE_PREFIX_PATH=/opt/ros/humble /usr/bin/cmake --build /home/lucas-fang/ros2_Nav_ws/build/my_slam_toolbox -- -j4 -l4
[0.613s] Level 1:colcon.colcon_core.environment:create_environment_scripts_only(base_driver_pkg)
[0.613s] Level 1:colcon.colcon_core.environment:checking '/home/lucas-fang/ros2_Nav_ws/install/base_driver_pkg' for CMake module files
[0.614s] Level 1:colcon.colcon_core.environment:checking '/home/lucas-fang/ros2_Nav_ws/install/base_driver_pkg' for CMake config files
[0.614s] DEBUG:colcon.colcon_core.event_handler.log_command:Invoked command in '/home/lucas-fang/ros2_Nav_ws/build/base_driver_pkg' returned '0': CMAKE_PREFIX_PATH=/opt/ros/humble /usr/bin/cmake --install /home/lucas-fang/ros2_Nav_ws/build/base_driver_pkg
[0.614s] Level 1:colcon.colcon_core.shell:create_environment_hook('base_driver_pkg', 'cmake_prefix_path')
[0.615s] INFO:colcon.colcon_core.shell:Creating environment hook '/home/lucas-fang/ros2_Nav_ws/install/base_driver_pkg/share/base_driver_pkg/hook/cmake_prefix_path.ps1'
[0.615s] INFO:colcon.colcon_core.shell:Creating environment descriptor '/home/lucas-fang/ros2_Nav_ws/install/base_driver_pkg/share/base_driver_pkg/hook/cmake_prefix_path.dsv'
[0.616s] INFO:colcon.colcon_core.shell:Creating environment hook '/home/lucas-fang/ros2_Nav_ws/install/base_driver_pkg/share/base_driver_pkg/hook/cmake_prefix_path.sh'
[0.617s] Level 1:colcon.colcon_core.environment:checking '/home/lucas-fang/ros2_Nav_ws/install/base_driver_pkg/lib'
[0.617s] Level 1:colcon.colcon_core.environment:checking '/home/lucas-fang/ros2_Nav_ws/install/base_driver_pkg/bin'
[0.617s] Level 1:colcon.colcon_core.environment:checking '/home/lucas-fang/ros2_Nav_ws/install/base_driver_pkg/lib/pkgconfig/base_driver_pkg.pc'
[0.617s] Level 1:colcon.colcon_core.environment:checking '/home/lucas-fang/ros2_Nav_ws/install/base_driver_pkg/lib/python3.10/site-packages'
[0.617s] Level 1:colcon.colcon_core.environment:checking '/home/lucas-fang/ros2_Nav_ws/install/base_driver_pkg/bin'
[0.618s] INFO:colcon.colcon_core.shell:Creating package script '/home/lucas-fang/ros2_Nav_ws/install/base_driver_pkg/share/base_driver_pkg/package.ps1'
[0.619s] INFO:colcon.colcon_core.shell:Creating package descriptor '/home/lucas-fang/ros2_Nav_ws/install/base_driver_pkg/share/base_driver_pkg/package.dsv'
[0.619s] INFO:colcon.colcon_core.shell:Creating package script '/home/lucas-fang/ros2_Nav_ws/install/base_driver_pkg/share/base_driver_pkg/package.sh'
[0.620s] INFO:colcon.colcon_core.shell:Creating package script '/home/lucas-fang/ros2_Nav_ws/install/base_driver_pkg/share/base_driver_pkg/package.bash'
[0.620s] INFO:colcon.colcon_core.shell:Creating package script '/home/lucas-fang/ros2_Nav_ws/install/base_driver_pkg/share/base_driver_pkg/package.zsh'
[0.621s] Level 1:colcon.colcon_core.environment:create_file_with_runtime_dependencies(/home/lucas-fang/ros2_Nav_ws/install/base_driver_pkg/share/colcon-core/packages/base_driver_pkg)
[0.622s] Level 1:colcon.colcon_core.environment:create_environment_scripts_only(base_driver_pkg)
[0.622s] Level 1:colcon.colcon_core.environment:checking '/home/lucas-fang/ros2_Nav_ws/install/base_driver_pkg' for CMake module files
[0.622s] Level 1:colcon.colcon_core.environment:checking '/home/lucas-fang/ros2_Nav_ws/install/base_driver_pkg' for CMake config files
[0.623s] Level 1:colcon.colcon_core.shell:create_environment_hook('base_driver_pkg', 'cmake_prefix_path')
[0.623s] INFO:colcon.colcon_core.shell:Creating environment hook '/home/lucas-fang/ros2_Nav_ws/install/base_driver_pkg/share/base_driver_pkg/hook/cmake_prefix_path.ps1'
[0.624s] INFO:colcon.colcon_core.shell:Creating environment descriptor '/home/lucas-fang/ros2_Nav_ws/install/base_driver_pkg/share/base_driver_pkg/hook/cmake_prefix_path.dsv'
[0.624s] INFO:colcon.colcon_core.shell:Creating environment hook '/home/lucas-fang/ros2_Nav_ws/install/base_driver_pkg/share/base_driver_pkg/hook/cmake_prefix_path.sh'
[0.625s] Level 1:colcon.colcon_core.environment:checking '/home/lucas-fang/ros2_Nav_ws/install/base_driver_pkg/lib'
[0.625s] Level 1:colcon.colcon_core.environment:checking '/home/lucas-fang/ros2_Nav_ws/install/base_driver_pkg/bin'
[0.625s] Level 1:colcon.colcon_core.environment:checking '/home/lucas-fang/ros2_Nav_ws/install/base_driver_pkg/lib/pkgconfig/base_driver_pkg.pc'
[0.625s] Level 1:colcon.colcon_core.environment:checking '/home/lucas-fang/ros2_Nav_ws/install/base_driver_pkg/lib/python3.10/site-packages'
[0.626s] Level 1:colcon.colcon_core.environment:checking '/home/lucas-fang/ros2_Nav_ws/install/base_driver_pkg/bin'
[0.626s] INFO:colcon.colcon_core.shell:Creating package script '/home/lucas-fang/ros2_Nav_ws/install/base_driver_pkg/share/base_driver_pkg/package.ps1'
[0.627s] INFO:colcon.colcon_core.shell:Creating package descriptor '/home/lucas-fang/ros2_Nav_ws/install/base_driver_pkg/share/base_driver_pkg/package.dsv'
[0.627s] INFO:colcon.colcon_core.shell:Creating package script '/home/lucas-fang/ros2_Nav_ws/install/base_driver_pkg/share/base_driver_pkg/package.sh'
[0.628s] INFO:colcon.colcon_core.shell:Creating package script '/home/lucas-fang/ros2_Nav_ws/install/base_driver_pkg/share/base_driver_pkg/package.bash'
[0.628s] INFO:colcon.colcon_core.shell:Creating package script '/home/lucas-fang/ros2_Nav_ws/install/base_driver_pkg/share/base_driver_pkg/package.zsh'
[0.629s] Level 1:colcon.colcon_core.environment:create_file_with_runtime_dependencies(/home/lucas-fang/ros2_Nav_ws/install/base_driver_pkg/share/colcon-core/packages/base_driver_pkg)
[0.630s] INFO:colcon.colcon_ros.task.ament_cmake.build:Building ROS package in '/home/lucas-fang/ros2_Nav_ws/src/rplidar_ros' with build type 'ament_cmake'
[0.630s] INFO:colcon.colcon_cmake.task.cmake.build:Building CMake package in '/home/lucas-fang/ros2_Nav_ws/src/rplidar_ros'
[0.630s] INFO:colcon.colcon_core.shell:Skip shell extension 'powershell' for command environment: Not usable outside of PowerShell
[0.630s] DEBUG:colcon.colcon_core.shell:Skip shell extension 'dsv' for command environment
[0.642s] DEBUG:colcon.colcon_core.event_handler.log_command:Invoking command in '/home/lucas-fang/ros2_Nav_ws/build/rplidar_ros': CMAKE_PREFIX_PATH=/opt/ros/humble /usr/bin/cmake --build /home/lucas-fang/ros2_Nav_ws/build/rplidar_ros -- -j4 -l4
[0.673s] DEBUG:colcon.colcon_core.event_handler.log_command:Invoked command in '/home/lucas-fang/ros2_Nav_ws/build/my_slam_toolbox' returned '0': CMAKE_PREFIX_PATH=/opt/ros/humble /usr/bin/cmake --build /home/lucas-fang/ros2_Nav_ws/build/my_slam_toolbox -- -j4 -l4
[0.674s] DEBUG:colcon.colcon_core.event_handler.log_command:Invoking command in '/home/lucas-fang/ros2_Nav_ws/build/my_slam_toolbox': CMAKE_PREFIX_PATH=/opt/ros/humble /usr/bin/cmake --install /home/lucas-fang/ros2_Nav_ws/build/my_slam_toolbox
[0.687s] Level 1:colcon.colcon_core.environment:create_environment_scripts_only(my_slam_toolbox)
[0.687s] Level 1:colcon.colcon_core.environment:checking '/home/lucas-fang/ros2_Nav_ws/install/my_slam_toolbox' for CMake module files
[0.688s] Level 1:colcon.colcon_core.environment:checking '/home/lucas-fang/ros2_Nav_ws/install/my_slam_toolbox' for CMake config files
[0.688s] Level 1:colcon.colcon_core.shell:create_environment_hook('my_slam_toolbox', 'cmake_prefix_path')
[0.688s] INFO:colcon.colcon_core.shell:Creating environment hook '/home/lucas-fang/ros2_Nav_ws/install/my_slam_toolbox/share/my_slam_toolbox/hook/cmake_prefix_path.ps1'
[0.689s] INFO:colcon.colcon_core.shell:Creating environment descriptor '/home/lucas-fang/ros2_Nav_ws/install/my_slam_toolbox/share/my_slam_toolbox/hook/cmake_prefix_path.dsv'
[0.692s] INFO:colcon.colcon_core.shell:Creating environment hook '/home/lucas-fang/ros2_Nav_ws/install/my_slam_toolbox/share/my_slam_toolbox/hook/cmake_prefix_path.sh'
[0.693s] Level 1:colcon.colcon_core.environment:checking '/home/lucas-fang/ros2_Nav_ws/install/my_slam_toolbox/bin'
[0.693s] Level 1:colcon.colcon_core.environment:checking '/home/lucas-fang/ros2_Nav_ws/install/my_slam_toolbox/lib/pkgconfig/my_slam_toolbox.pc'
[0.693s] Level 1:colcon.colcon_core.environment:checking '/home/lucas-fang/ros2_Nav_ws/install/my_slam_toolbox/lib/python3.10/site-packages'
[0.694s] Level 1:colcon.colcon_core.environment:checking '/home/lucas-fang/ros2_Nav_ws/install/my_slam_toolbox/bin'
[0.694s] INFO:colcon.colcon_core.shell:Creating package script '/home/lucas-fang/ros2_Nav_ws/install/my_slam_toolbox/share/my_slam_toolbox/package.ps1'
[0.694s] DEBUG:colcon.colcon_core.event_handler.log_command:Invoked command in '/home/lucas-fang/ros2_Nav_ws/build/my_slam_toolbox' returned '0': CMAKE_PREFIX_PATH=/opt/ros/humble /usr/bin/cmake --install /home/lucas-fang/ros2_Nav_ws/build/my_slam_toolbox
[0.695s] INFO:colcon.colcon_core.shell:Creating package descriptor '/home/lucas-fang/ros2_Nav_ws/install/my_slam_toolbox/share/my_slam_toolbox/package.dsv'
[0.696s] INFO:colcon.colcon_core.shell:Creating package script '/home/lucas-fang/ros2_Nav_ws/install/my_slam_toolbox/share/my_slam_toolbox/package.sh'
[0.696s] INFO:colcon.colcon_core.shell:Creating package script '/home/lucas-fang/ros2_Nav_ws/install/my_slam_toolbox/share/my_slam_toolbox/package.bash'
[0.697s] INFO:colcon.colcon_core.shell:Creating package script '/home/lucas-fang/ros2_Nav_ws/install/my_slam_toolbox/share/my_slam_toolbox/package.zsh'
[0.697s] Level 1:colcon.colcon_core.environment:create_file_with_runtime_dependencies(/home/lucas-fang/ros2_Nav_ws/install/my_slam_toolbox/share/colcon-core/packages/my_slam_toolbox)
[0.703s] Level 1:colcon.colcon_core.environment:create_environment_scripts_only(my_slam_toolbox)
[0.704s] Level 1:colcon.colcon_core.environment:checking '/home/lucas-fang/ros2_Nav_ws/install/my_slam_toolbox' for CMake module files
[0.704s] Level 1:colcon.colcon_core.environment:checking '/home/lucas-fang/ros2_Nav_ws/install/my_slam_toolbox' for CMake config files
[0.705s] Level 1:colcon.colcon_core.shell:create_environment_hook('my_slam_toolbox', 'cmake_prefix_path')
[0.705s] INFO:colcon.colcon_core.shell:Creating environment hook '/home/lucas-fang/ros2_Nav_ws/install/my_slam_toolbox/share/my_slam_toolbox/hook/cmake_prefix_path.ps1'
[0.706s] INFO:colcon.colcon_core.shell:Creating environment descriptor '/home/lucas-fang/ros2_Nav_ws/install/my_slam_toolbox/share/my_slam_toolbox/hook/cmake_prefix_path.dsv'
[0.709s] INFO:colcon.colcon_core.shell:Creating environment hook '/home/lucas-fang/ros2_Nav_ws/install/my_slam_toolbox/share/my_slam_toolbox/hook/cmake_prefix_path.sh'
[0.709s] Level 1:colcon.colcon_core.environment:checking '/home/lucas-fang/ros2_Nav_ws/install/my_slam_toolbox/bin'
[0.710s] Level 1:colcon.colcon_core.environment:checking '/home/lucas-fang/ros2_Nav_ws/install/my_slam_toolbox/lib/pkgconfig/my_slam_toolbox.pc'
[0.711s] Level 1:colcon.colcon_core.environment:checking '/home/lucas-fang/ros2_Nav_ws/install/my_slam_toolbox/lib/python3.10/site-packages'
[0.711s] Level 1:colcon.colcon_core.environment:checking '/home/lucas-fang/ros2_Nav_ws/install/my_slam_toolbox/bin'
[0.712s] INFO:colcon.colcon_core.shell:Creating package script '/home/lucas-fang/ros2_Nav_ws/install/my_slam_toolbox/share/my_slam_toolbox/package.ps1'
[0.718s] INFO:colcon.colcon_core.shell:Creating package descriptor '/home/lucas-fang/ros2_Nav_ws/install/my_slam_toolbox/share/my_slam_toolbox/package.dsv'
[0.719s] INFO:colcon.colcon_core.shell:Creating package script '/home/lucas-fang/ros2_Nav_ws/install/my_slam_toolbox/share/my_slam_toolbox/package.sh'
[0.720s] INFO:colcon.colcon_core.shell:Creating package script '/home/lucas-fang/ros2_Nav_ws/install/my_slam_toolbox/share/my_slam_toolbox/package.bash'
[0.725s] INFO:colcon.colcon_core.shell:Creating package script '/home/lucas-fang/ros2_Nav_ws/install/my_slam_toolbox/share/my_slam_toolbox/package.zsh'
[0.725s] Level 1:colcon.colcon_core.environment:create_file_with_runtime_dependencies(/home/lucas-fang/ros2_Nav_ws/install/my_slam_toolbox/share/colcon-core/packages/my_slam_toolbox)
[0.728s] INFO:colcon.colcon_ros.task.ament_cmake.build:Building ROS package in '/home/lucas-fang/ros2_Nav_ws/src/senson_pkg' with build type 'ament_cmake'
[0.728s] INFO:colcon.colcon_cmake.task.cmake.build:Building CMake package in '/home/lucas-fang/ros2_Nav_ws/src/senson_pkg'
[0.728s] INFO:colcon.colcon_core.shell:Skip shell extension 'powershell' for command environment: Not usable outside of PowerShell
[0.728s] DEBUG:colcon.colcon_core.shell:Skip shell extension 'dsv' for command environment
[0.751s] DEBUG:colcon.colcon_core.event_handler.log_command:Invoking command in '/home/lucas-fang/ros2_Nav_ws/build/senson_pkg': CMAKE_PREFIX_PATH=/opt/ros/humble /usr/bin/cmake --build /home/lucas-fang/ros2_Nav_ws/build/senson_pkg -- -j4 -l4
[0.783s] DEBUG:colcon.colcon_core.event_handler.log_command:Invoked command in '/home/lucas-fang/ros2_Nav_ws/build/rplidar_ros' returned '0': CMAKE_PREFIX_PATH=/opt/ros/humble /usr/bin/cmake --build /home/lucas-fang/ros2_Nav_ws/build/rplidar_ros -- -j4 -l4
[0.784s] DEBUG:colcon.colcon_core.event_handler.log_command:Invoking command in '/home/lucas-fang/ros2_Nav_ws/build/rplidar_ros': CMAKE_PREFIX_PATH=/opt/ros/humble /usr/bin/cmake --install /home/lucas-fang/ros2_Nav_ws/build/rplidar_ros
[0.826s] Level 1:colcon.colcon_core.environment:create_environment_scripts_only(rplidar_ros)
[0.826s] Level 1:colcon.colcon_core.environment:checking '/home/lucas-fang/ros2_Nav_ws/install/rplidar_ros' for CMake module files
[0.828s] Level 1:colcon.colcon_core.environment:checking '/home/lucas-fang/ros2_Nav_ws/install/rplidar_ros' for CMake config files
[0.829s] Level 1:colcon.colcon_core.shell:create_environment_hook('rplidar_ros', 'cmake_prefix_path')
[0.828s] DEBUG:colcon.colcon_core.event_handler.log_command:Invoked command in '/home/lucas-fang/ros2_Nav_ws/build/rplidar_ros' returned '0': CMAKE_PREFIX_PATH=/opt/ros/humble /usr/bin/cmake --install /home/lucas-fang/ros2_Nav_ws/build/rplidar_ros
[0.830s] INFO:colcon.colcon_core.shell:Creating environment hook '/home/lucas-fang/ros2_Nav_ws/install/rplidar_ros/share/rplidar_ros/hook/cmake_prefix_path.ps1'
[0.832s] INFO:colcon.colcon_core.shell:Creating environment descriptor '/home/lucas-fang/ros2_Nav_ws/install/rplidar_ros/share/rplidar_ros/hook/cmake_prefix_path.dsv'
[0.832s] INFO:colcon.colcon_core.shell:Creating environment hook '/home/lucas-fang/ros2_Nav_ws/install/rplidar_ros/share/rplidar_ros/hook/cmake_prefix_path.sh'
[0.833s] Level 1:colcon.colcon_core.environment:checking '/home/lucas-fang/ros2_Nav_ws/install/rplidar_ros/lib'
[0.833s] Level 1:colcon.colcon_core.environment:checking '/home/lucas-fang/ros2_Nav_ws/install/rplidar_ros/bin'
[0.833s] Level 1:colcon.colcon_core.environment:checking '/home/lucas-fang/ros2_Nav_ws/install/rplidar_ros/lib/pkgconfig/rplidar_ros.pc'
[0.833s] Level 1:colcon.colcon_core.environment:checking '/home/lucas-fang/ros2_Nav_ws/install/rplidar_ros/lib/python3.10/site-packages'
[0.833s] Level 1:colcon.colcon_core.environment:checking '/home/lucas-fang/ros2_Nav_ws/install/rplidar_ros/bin'
[0.834s] INFO:colcon.colcon_core.shell:Creating package script '/home/lucas-fang/ros2_Nav_ws/install/rplidar_ros/share/rplidar_ros/package.ps1'
[0.834s] INFO:colcon.colcon_core.shell:Creating package descriptor '/home/lucas-fang/ros2_Nav_ws/install/rplidar_ros/share/rplidar_ros/package.dsv'
[0.835s] INFO:colcon.colcon_core.shell:Creating package script '/home/lucas-fang/ros2_Nav_ws/install/rplidar_ros/share/rplidar_ros/package.sh'
[0.836s] INFO:colcon.colcon_core.shell:Creating package script '/home/lucas-fang/ros2_Nav_ws/install/rplidar_ros/share/rplidar_ros/package.bash'
[0.836s] INFO:colcon.colcon_core.shell:Creating package script '/home/lucas-fang/ros2_Nav_ws/install/rplidar_ros/share/rplidar_ros/package.zsh'
[0.836s] Level 1:colcon.colcon_core.environment:create_file_with_runtime_dependencies(/home/lucas-fang/ros2_Nav_ws/install/rplidar_ros/share/colcon-core/packages/rplidar_ros)
[0.837s] Level 1:colcon.colcon_core.environment:create_environment_scripts_only(rplidar_ros)
[0.837s] Level 1:colcon.colcon_core.environment:checking '/home/lucas-fang/ros2_Nav_ws/install/rplidar_ros' for CMake module files
[0.838s] Level 1:colcon.colcon_core.environment:checking '/home/lucas-fang/ros2_Nav_ws/install/rplidar_ros' for CMake config files
[0.838s] Level 1:colcon.colcon_core.shell:create_environment_hook('rplidar_ros', 'cmake_prefix_path')
[0.839s] INFO:colcon.colcon_core.shell:Creating environment hook '/home/lucas-fang/ros2_Nav_ws/install/rplidar_ros/share/rplidar_ros/hook/cmake_prefix_path.ps1'
[0.839s] INFO:colcon.colcon_core.shell:Creating environment descriptor '/home/lucas-fang/ros2_Nav_ws/install/rplidar_ros/share/rplidar_ros/hook/cmake_prefix_path.dsv'
[0.840s] INFO:colcon.colcon_core.shell:Creating environment hook '/home/lucas-fang/ros2_Nav_ws/install/rplidar_ros/share/rplidar_ros/hook/cmake_prefix_path.sh'
[0.840s] Level 1:colcon.colcon_core.environment:checking '/home/lucas-fang/ros2_Nav_ws/install/rplidar_ros/lib'
[0.841s] Level 1:colcon.colcon_core.environment:checking '/home/lucas-fang/ros2_Nav_ws/install/rplidar_ros/bin'
[0.841s] Level 1:colcon.colcon_core.environment:checking '/home/lucas-fang/ros2_Nav_ws/install/rplidar_ros/lib/pkgconfig/rplidar_ros.pc'
[0.841s] Level 1:colcon.colcon_core.environment:checking '/home/lucas-fang/ros2_Nav_ws/install/rplidar_ros/lib/python3.10/site-packages'
[0.841s] Level 1:colcon.colcon_core.environment:checking '/home/lucas-fang/ros2_Nav_ws/install/rplidar_ros/bin'
[0.842s] INFO:colcon.colcon_core.shell:Creating package script '/home/lucas-fang/ros2_Nav_ws/install/rplidar_ros/share/rplidar_ros/package.ps1'
[0.842s] INFO:colcon.colcon_core.shell:Creating package descriptor '/home/lucas-fang/ros2_Nav_ws/install/rplidar_ros/share/rplidar_ros/package.dsv'
[0.843s] INFO:colcon.colcon_core.shell:Creating package script '/home/lucas-fang/ros2_Nav_ws/install/rplidar_ros/share/rplidar_ros/package.sh'
[0.843s] INFO:colcon.colcon_core.shell:Creating package script '/home/lucas-fang/ros2_Nav_ws/install/rplidar_ros/share/rplidar_ros/package.bash'
[0.844s] INFO:colcon.colcon_core.shell:Creating package script '/home/lucas-fang/ros2_Nav_ws/install/rplidar_ros/share/rplidar_ros/package.zsh'
[0.845s] Level 1:colcon.colcon_core.environment:create_file_with_runtime_dependencies(/home/lucas-fang/ros2_Nav_ws/install/rplidar_ros/share/colcon-core/packages/rplidar_ros)
[0.873s] DEBUG:colcon.colcon_core.event_handler.log_command:Invoked command in '/home/lucas-fang/ros2_Nav_ws/build/senson_pkg' returned '0': CMAKE_PREFIX_PATH=/opt/ros/humble /usr/bin/cmake --build /home/lucas-fang/ros2_Nav_ws/build/senson_pkg -- -j4 -l4
[0.875s] DEBUG:colcon.colcon_core.event_handler.log_command:Invoking command in '/home/lucas-fang/ros2_Nav_ws/build/senson_pkg': CMAKE_PREFIX_PATH=/opt/ros/humble /usr/bin/cmake --install /home/lucas-fang/ros2_Nav_ws/build/senson_pkg
[0.887s] Level 1:colcon.colcon_core.environment:create_environment_scripts_only(senson_pkg)
[0.887s] Level 1:colcon.colcon_core.environment:checking '/home/lucas-fang/ros2_Nav_ws/install/senson_pkg' for CMake module files
[0.888s] Level 1:colcon.colcon_core.environment:checking '/home/lucas-fang/ros2_Nav_ws/install/senson_pkg' for CMake config files
[0.888s] Level 1:colcon.colcon_core.shell:create_environment_hook('senson_pkg', 'cmake_prefix_path')
[0.888s] INFO:colcon.colcon_core.shell:Creating environment hook '/home/lucas-fang/ros2_Nav_ws/install/senson_pkg/share/senson_pkg/hook/cmake_prefix_path.ps1'
[0.889s] DEBUG:colcon.colcon_core.event_handler.log_command:Invoked command in '/home/lucas-fang/ros2_Nav_ws/build/senson_pkg' returned '0': CMAKE_PREFIX_PATH=/opt/ros/humble /usr/bin/cmake --install /home/lucas-fang/ros2_Nav_ws/build/senson_pkg
[0.889s] INFO:colcon.colcon_core.shell:Creating environment descriptor '/home/lucas-fang/ros2_Nav_ws/install/senson_pkg/share/senson_pkg/hook/cmake_prefix_path.dsv'
[0.890s] INFO:colcon.colcon_core.shell:Creating environment hook '/home/lucas-fang/ros2_Nav_ws/install/senson_pkg/share/senson_pkg/hook/cmake_prefix_path.sh'
[0.890s] Level 1:colcon.colcon_core.environment:checking '/home/lucas-fang/ros2_Nav_ws/install/senson_pkg/lib'
[0.891s] Level 1:colcon.colcon_core.environment:checking '/home/lucas-fang/ros2_Nav_ws/install/senson_pkg/bin'
[0.891s] Level 1:colcon.colcon_core.environment:checking '/home/lucas-fang/ros2_Nav_ws/install/senson_pkg/lib/pkgconfig/senson_pkg.pc'
[0.891s] Level 1:colcon.colcon_core.environment:checking '/home/lucas-fang/ros2_Nav_ws/install/senson_pkg/lib/python3.10/site-packages'
[0.891s] Level 1:colcon.colcon_core.environment:checking '/home/lucas-fang/ros2_Nav_ws/install/senson_pkg/bin'
[0.892s] INFO:colcon.colcon_core.shell:Creating package script '/home/lucas-fang/ros2_Nav_ws/install/senson_pkg/share/senson_pkg/package.ps1'
[0.892s] INFO:colcon.colcon_core.shell:Creating package descriptor '/home/lucas-fang/ros2_Nav_ws/install/senson_pkg/share/senson_pkg/package.dsv'
[0.893s] INFO:colcon.colcon_core.shell:Creating package script '/home/lucas-fang/ros2_Nav_ws/install/senson_pkg/share/senson_pkg/package.sh'
[0.893s] INFO:colcon.colcon_core.shell:Creating package script '/home/lucas-fang/ros2_Nav_ws/install/senson_pkg/share/senson_pkg/package.bash'
[0.894s] INFO:colcon.colcon_core.shell:Creating package script '/home/lucas-fang/ros2_Nav_ws/install/senson_pkg/share/senson_pkg/package.zsh'
[0.894s] Level 1:colcon.colcon_core.environment:create_file_with_runtime_dependencies(/home/lucas-fang/ros2_Nav_ws/install/senson_pkg/share/colcon-core/packages/senson_pkg)
[0.895s] Level 1:colcon.colcon_core.environment:create_environment_scripts_only(senson_pkg)
[0.896s] Level 1:colcon.colcon_core.environment:checking '/home/lucas-fang/ros2_Nav_ws/install/senson_pkg' for CMake module files
[0.896s] Level 1:colcon.colcon_core.environment:checking '/home/lucas-fang/ros2_Nav_ws/install/senson_pkg' for CMake config files
[0.897s] Level 1:colcon.colcon_core.shell:create_environment_hook('senson_pkg', 'cmake_prefix_path')
[0.897s] INFO:colcon.colcon_core.shell:Creating environment hook '/home/lucas-fang/ros2_Nav_ws/install/senson_pkg/share/senson_pkg/hook/cmake_prefix_path.ps1'
[0.898s] INFO:colcon.colcon_core.shell:Creating environment descriptor '/home/lucas-fang/ros2_Nav_ws/install/senson_pkg/share/senson_pkg/hook/cmake_prefix_path.dsv'
[0.898s] INFO:colcon.colcon_core.shell:Creating environment hook '/home/lucas-fang/ros2_Nav_ws/install/senson_pkg/share/senson_pkg/hook/cmake_prefix_path.sh'
[0.899s] Level 1:colcon.colcon_core.environment:checking '/home/lucas-fang/ros2_Nav_ws/install/senson_pkg/lib'
[0.899s] Level 1:colcon.colcon_core.environment:checking '/home/lucas-fang/ros2_Nav_ws/install/senson_pkg/bin'
[0.899s] Level 1:colcon.colcon_core.environment:checking '/home/lucas-fang/ros2_Nav_ws/install/senson_pkg/lib/pkgconfig/senson_pkg.pc'
[0.900s] Level 1:colcon.colcon_core.environment:checking '/home/lucas-fang/ros2_Nav_ws/install/senson_pkg/lib/python3.10/site-packages'
[0.900s] Level 1:colcon.colcon_core.environment:checking '/home/lucas-fang/ros2_Nav_ws/install/senson_pkg/bin'
[0.900s] INFO:colcon.colcon_core.shell:Creating package script '/home/lucas-fang/ros2_Nav_ws/install/senson_pkg/share/senson_pkg/package.ps1'
[0.901s] INFO:colcon.colcon_core.shell:Creating package descriptor '/home/lucas-fang/ros2_Nav_ws/install/senson_pkg/share/senson_pkg/package.dsv'
[0.902s] INFO:colcon.colcon_core.shell:Creating package script '/home/lucas-fang/ros2_Nav_ws/install/senson_pkg/share/senson_pkg/package.sh'
[0.902s] INFO:colcon.colcon_core.shell:Creating package script '/home/lucas-fang/ros2_Nav_ws/install/senson_pkg/share/senson_pkg/package.bash'
[0.903s] INFO:colcon.colcon_core.shell:Creating package script '/home/lucas-fang/ros2_Nav_ws/install/senson_pkg/share/senson_pkg/package.zsh'
[0.904s] Level 1:colcon.colcon_core.environment:create_file_with_runtime_dependencies(/home/lucas-fang/ros2_Nav_ws/install/senson_pkg/share/colcon-core/packages/senson_pkg)
[0.933s] DEBUG:colcon.colcon_core.event_handler.log_command:Invoked command in '/home/lucas-fang/ros2_Nav_ws/build/base_interfaces' returned '0': CMAKE_PREFIX_PATH=/opt/ros/humble /usr/bin/cmake --build /home/lucas-fang/ros2_Nav_ws/build/base_interfaces -- -j4 -l4
[0.935s] DEBUG:colcon.colcon_core.event_handler.log_command:Invoking command in '/home/lucas-fang/ros2_Nav_ws/build/base_interfaces': CMAKE_PREFIX_PATH=/opt/ros/humble /usr/bin/cmake --install /home/lucas-fang/ros2_Nav_ws/build/base_interfaces
[0.992s] Level 1:colcon.colcon_core.environment:create_environment_scripts_only(base_interfaces)
[0.993s] Level 1:colcon.colcon_core.environment:checking '/home/lucas-fang/ros2_Nav_ws/install/base_interfaces' for CMake module files
[0.993s] DEBUG:colcon.colcon_core.event_handler.log_command:Invoked command in '/home/lucas-fang/ros2_Nav_ws/build/base_interfaces' returned '0': CMAKE_PREFIX_PATH=/opt/ros/humble /usr/bin/cmake --install /home/lucas-fang/ros2_Nav_ws/build/base_interfaces
[0.994s] Level 1:colcon.colcon_core.environment:checking '/home/lucas-fang/ros2_Nav_ws/install/base_interfaces' for CMake config files
[0.994s] Level 1:colcon.colcon_core.shell:create_environment_hook('base_interfaces', 'cmake_prefix_path')
[0.994s] INFO:colcon.colcon_core.shell:Creating environment hook '/home/lucas-fang/ros2_Nav_ws/install/base_interfaces/share/base_interfaces/hook/cmake_prefix_path.ps1'
[0.995s] INFO:colcon.colcon_core.shell:Creating environment descriptor '/home/lucas-fang/ros2_Nav_ws/install/base_interfaces/share/base_interfaces/hook/cmake_prefix_path.dsv'
[0.996s] INFO:colcon.colcon_core.shell:Creating environment hook '/home/lucas-fang/ros2_Nav_ws/install/base_interfaces/share/base_interfaces/hook/cmake_prefix_path.sh'
[0.996s] Level 1:colcon.colcon_core.environment:checking '/home/lucas-fang/ros2_Nav_ws/install/base_interfaces/lib'
[0.996s] Level 1:colcon.colcon_core.shell:create_environment_hook('base_interfaces', 'ld_library_path_lib')
[0.997s] INFO:colcon.colcon_core.shell:Creating environment hook '/home/lucas-fang/ros2_Nav_ws/install/base_interfaces/share/base_interfaces/hook/ld_library_path_lib.ps1'
[0.997s] INFO:colcon.colcon_core.shell:Creating environment descriptor '/home/lucas-fang/ros2_Nav_ws/install/base_interfaces/share/base_interfaces/hook/ld_library_path_lib.dsv'
[0.998s] INFO:colcon.colcon_core.shell:Creating environment hook '/home/lucas-fang/ros2_Nav_ws/install/base_interfaces/share/base_interfaces/hook/ld_library_path_lib.sh'
[0.998s] Level 1:colcon.colcon_core.environment:checking '/home/lucas-fang/ros2_Nav_ws/install/base_interfaces/bin'
[0.998s] Level 1:colcon.colcon_core.environment:checking '/home/lucas-fang/ros2_Nav_ws/install/base_interfaces/lib/pkgconfig/base_interfaces.pc'
[0.998s] Level 1:colcon.colcon_core.environment:checking '/home/lucas-fang/ros2_Nav_ws/install/base_interfaces/lib/python3.10/site-packages'
[0.999s] Level 1:colcon.colcon_core.environment:checking '/home/lucas-fang/ros2_Nav_ws/install/base_interfaces/bin'
[0.999s] INFO:colcon.colcon_core.shell:Creating package script '/home/lucas-fang/ros2_Nav_ws/install/base_interfaces/share/base_interfaces/package.ps1'
[0.999s] INFO:colcon.colcon_core.shell:Creating package descriptor '/home/lucas-fang/ros2_Nav_ws/install/base_interfaces/share/base_interfaces/package.dsv'
[1.000s] INFO:colcon.colcon_core.shell:Creating package script '/home/lucas-fang/ros2_Nav_ws/install/base_interfaces/share/base_interfaces/package.sh'
[1.000s] INFO:colcon.colcon_core.shell:Creating package script '/home/lucas-fang/ros2_Nav_ws/install/base_interfaces/share/base_interfaces/package.bash'
[1.001s] INFO:colcon.colcon_core.shell:Creating package script '/home/lucas-fang/ros2_Nav_ws/install/base_interfaces/share/base_interfaces/package.zsh'
[1.001s] Level 1:colcon.colcon_core.environment:create_file_with_runtime_dependencies(/home/lucas-fang/ros2_Nav_ws/install/base_interfaces/share/colcon-core/packages/base_interfaces)
[1.002s] Level 1:colcon.colcon_core.environment:create_environment_scripts_only(base_interfaces)
[1.002s] Level 1:colcon.colcon_core.environment:checking '/home/lucas-fang/ros2_Nav_ws/install/base_interfaces' for CMake module files
[1.003s] Level 1:colcon.colcon_core.environment:checking '/home/lucas-fang/ros2_Nav_ws/install/base_interfaces' for CMake config files
[1.003s] Level 1:colcon.colcon_core.shell:create_environment_hook('base_interfaces', 'cmake_prefix_path')
[1.004s] INFO:colcon.colcon_core.shell:Creating environment hook '/home/lucas-fang/ros2_Nav_ws/install/base_interfaces/share/base_interfaces/hook/cmake_prefix_path.ps1'
[1.004s] INFO:colcon.colcon_core.shell:Creating environment descriptor '/home/lucas-fang/ros2_Nav_ws/install/base_interfaces/share/base_interfaces/hook/cmake_prefix_path.dsv'
[1.004s] INFO:colcon.colcon_core.shell:Creating environment hook '/home/lucas-fang/ros2_Nav_ws/install/base_interfaces/share/base_interfaces/hook/cmake_prefix_path.sh'
[1.005s] Level 1:colcon.colcon_core.environment:checking '/home/lucas-fang/ros2_Nav_ws/install/base_interfaces/lib'
[1.005s] Level 1:colcon.colcon_core.shell:create_environment_hook('base_interfaces', 'ld_library_path_lib')
[1.005s] INFO:colcon.colcon_core.shell:Creating environment hook '/home/lucas-fang/ros2_Nav_ws/install/base_interfaces/share/base_interfaces/hook/ld_library_path_lib.ps1'
[1.006s] INFO:colcon.colcon_core.shell:Creating environment descriptor '/home/lucas-fang/ros2_Nav_ws/install/base_interfaces/share/base_interfaces/hook/ld_library_path_lib.dsv'
[1.006s] INFO:colcon.colcon_core.shell:Creating environment hook '/home/lucas-fang/ros2_Nav_ws/install/base_interfaces/share/base_interfaces/hook/ld_library_path_lib.sh'
[1.007s] Level 1:colcon.colcon_core.environment:checking '/home/lucas-fang/ros2_Nav_ws/install/base_interfaces/bin'
[1.007s] Level 1:colcon.colcon_core.environment:checking '/home/lucas-fang/ros2_Nav_ws/install/base_interfaces/lib/pkgconfig/base_interfaces.pc'
[1.007s] Level 1:colcon.colcon_core.environment:checking '/home/lucas-fang/ros2_Nav_ws/install/base_interfaces/lib/python3.10/site-packages'
[1.007s] Level 1:colcon.colcon_core.environment:checking '/home/lucas-fang/ros2_Nav_ws/install/base_interfaces/bin'
[1.007s] INFO:colcon.colcon_core.shell:Creating package script '/home/lucas-fang/ros2_Nav_ws/install/base_interfaces/share/base_interfaces/package.ps1'
[1.008s] INFO:colcon.colcon_core.shell:Creating package descriptor '/home/lucas-fang/ros2_Nav_ws/install/base_interfaces/share/base_interfaces/package.dsv'
[1.009s] INFO:colcon.colcon_core.shell:Creating package script '/home/lucas-fang/ros2_Nav_ws/install/base_interfaces/share/base_interfaces/package.sh'
[1.009s] INFO:colcon.colcon_core.shell:Creating package script '/home/lucas-fang/ros2_Nav_ws/install/base_interfaces/share/base_interfaces/package.bash'
[1.009s] INFO:colcon.colcon_core.shell:Creating package script '/home/lucas-fang/ros2_Nav_ws/install/base_interfaces/share/base_interfaces/package.zsh'
[1.010s] Level 1:colcon.colcon_core.environment:create_file_with_runtime_dependencies(/home/lucas-fang/ros2_Nav_ws/install/base_interfaces/share/colcon-core/packages/base_interfaces)
[1.010s] INFO:colcon.colcon_ros.task.ament_cmake.build:Building ROS package in '/home/lucas-fang/ros2_Nav_ws/src/serial_pkg' with build type 'ament_cmake'
[1.010s] INFO:colcon.colcon_cmake.task.cmake.build:Building CMake package in '/home/lucas-fang/ros2_Nav_ws/src/serial_pkg'
[1.011s] INFO:colcon.colcon_core.shell:Skip shell extension 'powershell' for command environment: Not usable outside of PowerShell
[1.011s] DEBUG:colcon.colcon_core.shell:Skip shell extension 'dsv' for command environment
[1.020s] DEBUG:colcon.colcon_core.event_handler.log_command:Invoking command in '/home/lucas-fang/ros2_Nav_ws/build/serial_pkg': AMENT_PREFIX_PATH=/home/lucas-fang/ros2_Nav_ws/install/base_interfaces:${AMENT_PREFIX_PATH} CMAKE_PREFIX_PATH=/home/lucas-fang/ros2_Nav_ws/install/base_interfaces:/opt/ros/humble LD_LIBRARY_PATH=/home/lucas-fang/ros2_Nav_ws/install/base_interfaces/lib:${LD_LIBRARY_PATH} PYTHONPATH=/home/lucas-fang/ros2_Nav_ws/install/base_interfaces/local/lib/python3.10/dist-packages:${PYTHONPATH} /usr/bin/cmake --build /home/lucas-fang/ros2_Nav_ws/build/serial_pkg -- -j4 -l4
[1.145s] DEBUG:colcon.colcon_core.event_handler.log_command:Invoked command in '/home/lucas-fang/ros2_Nav_ws/build/serial_pkg' returned '0': AMENT_PREFIX_PATH=/home/lucas-fang/ros2_Nav_ws/install/base_interfaces:${AMENT_PREFIX_PATH} CMAKE_PREFIX_PATH=/home/lucas-fang/ros2_Nav_ws/install/base_interfaces:/opt/ros/humble LD_LIBRARY_PATH=/home/lucas-fang/ros2_Nav_ws/install/base_interfaces/lib:${LD_LIBRARY_PATH} PYTHONPATH=/home/lucas-fang/ros2_Nav_ws/install/base_interfaces/local/lib/python3.10/dist-packages:${PYTHONPATH} /usr/bin/cmake --build /home/lucas-fang/ros2_Nav_ws/build/serial_pkg -- -j4 -l4
[1.146s] DEBUG:colcon.colcon_core.event_handler.log_command:Invoking command in '/home/lucas-fang/ros2_Nav_ws/build/serial_pkg': AMENT_PREFIX_PATH=/home/lucas-fang/ros2_Nav_ws/install/base_interfaces:${AMENT_PREFIX_PATH} CMAKE_PREFIX_PATH=/home/lucas-fang/ros2_Nav_ws/install/base_interfaces:/opt/ros/humble LD_LIBRARY_PATH=/home/lucas-fang/ros2_Nav_ws/install/base_interfaces/lib:${LD_LIBRARY_PATH} PYTHONPATH=/home/lucas-fang/ros2_Nav_ws/install/base_interfaces/local/lib/python3.10/dist-packages:${PYTHONPATH} /usr/bin/cmake --install /home/lucas-fang/ros2_Nav_ws/build/serial_pkg
[1.164s] Level 1:colcon.colcon_core.environment:create_environment_scripts_only(serial_pkg)
[1.164s] Level 1:colcon.colcon_core.environment:checking '/home/lucas-fang/ros2_Nav_ws/install/serial_pkg' for CMake module files
[1.165s] Level 1:colcon.colcon_core.environment:checking '/home/lucas-fang/ros2_Nav_ws/install/serial_pkg' for CMake config files
[1.165s] DEBUG:colcon.colcon_core.event_handler.log_command:Invoked command in '/home/lucas-fang/ros2_Nav_ws/build/serial_pkg' returned '0': AMENT_PREFIX_PATH=/home/lucas-fang/ros2_Nav_ws/install/base_interfaces:${AMENT_PREFIX_PATH} CMAKE_PREFIX_PATH=/home/lucas-fang/ros2_Nav_ws/install/base_interfaces:/opt/ros/humble LD_LIBRARY_PATH=/home/lucas-fang/ros2_Nav_ws/install/base_interfaces/lib:${LD_LIBRARY_PATH} PYTHONPATH=/home/lucas-fang/ros2_Nav_ws/install/base_interfaces/local/lib/python3.10/dist-packages:${PYTHONPATH} /usr/bin/cmake --install /home/lucas-fang/ros2_Nav_ws/build/serial_pkg
[1.166s] Level 1:colcon.colcon_core.shell:create_environment_hook('serial_pkg', 'cmake_prefix_path')
[1.166s] INFO:colcon.colcon_core.shell:Creating environment hook '/home/lucas-fang/ros2_Nav_ws/install/serial_pkg/share/serial_pkg/hook/cmake_prefix_path.ps1'
[1.166s] INFO:colcon.colcon_core.shell:Creating environment descriptor '/home/lucas-fang/ros2_Nav_ws/install/serial_pkg/share/serial_pkg/hook/cmake_prefix_path.dsv'
[1.167s] INFO:colcon.colcon_core.shell:Creating environment hook '/home/lucas-fang/ros2_Nav_ws/install/serial_pkg/share/serial_pkg/hook/cmake_prefix_path.sh'
[1.168s] Level 1:colcon.colcon_core.environment:checking '/home/lucas-fang/ros2_Nav_ws/install/serial_pkg/lib'
[1.168s] Level 1:colcon.colcon_core.environment:checking '/home/lucas-fang/ros2_Nav_ws/install/serial_pkg/bin'
[1.168s] Level 1:colcon.colcon_core.environment:checking '/home/lucas-fang/ros2_Nav_ws/install/serial_pkg/lib/pkgconfig/serial_pkg.pc'
[1.168s] Level 1:colcon.colcon_core.environment:checking '/home/lucas-fang/ros2_Nav_ws/install/serial_pkg/lib/python3.10/site-packages'
[1.168s] Level 1:colcon.colcon_core.environment:checking '/home/lucas-fang/ros2_Nav_ws/install/serial_pkg/bin'
[1.169s] INFO:colcon.colcon_core.shell:Creating package script '/home/lucas-fang/ros2_Nav_ws/install/serial_pkg/share/serial_pkg/package.ps1'
[1.169s] INFO:colcon.colcon_core.shell:Creating package descriptor '/home/lucas-fang/ros2_Nav_ws/install/serial_pkg/share/serial_pkg/package.dsv'
[1.170s] INFO:colcon.colcon_core.shell:Creating package script '/home/lucas-fang/ros2_Nav_ws/install/serial_pkg/share/serial_pkg/package.sh'
[1.170s] INFO:colcon.colcon_core.shell:Creating package script '/home/lucas-fang/ros2_Nav_ws/install/serial_pkg/share/serial_pkg/package.bash'
[1.171s] INFO:colcon.colcon_core.shell:Creating package script '/home/lucas-fang/ros2_Nav_ws/install/serial_pkg/share/serial_pkg/package.zsh'
[1.171s] Level 1:colcon.colcon_core.environment:create_file_with_runtime_dependencies(/home/lucas-fang/ros2_Nav_ws/install/serial_pkg/share/colcon-core/packages/serial_pkg)
[1.172s] Level 1:colcon.colcon_core.environment:create_environment_scripts_only(serial_pkg)
[1.173s] Level 1:colcon.colcon_core.environment:checking '/home/lucas-fang/ros2_Nav_ws/install/serial_pkg' for CMake module files
[1.174s] Level 1:colcon.colcon_core.environment:checking '/home/lucas-fang/ros2_Nav_ws/install/serial_pkg' for CMake config files
[1.174s] Level 1:colcon.colcon_core.shell:create_environment_hook('serial_pkg', 'cmake_prefix_path')
[1.174s] INFO:colcon.colcon_core.shell:Creating environment hook '/home/lucas-fang/ros2_Nav_ws/install/serial_pkg/share/serial_pkg/hook/cmake_prefix_path.ps1'
[1.175s] INFO:colcon.colcon_core.shell:Creating environment descriptor '/home/lucas-fang/ros2_Nav_ws/install/serial_pkg/share/serial_pkg/hook/cmake_prefix_path.dsv'
[1.176s] INFO:colcon.colcon_core.shell:Creating environment hook '/home/lucas-fang/ros2_Nav_ws/install/serial_pkg/share/serial_pkg/hook/cmake_prefix_path.sh'
[1.177s] Level 1:colcon.colcon_core.environment:checking '/home/lucas-fang/ros2_Nav_ws/install/serial_pkg/lib'
[1.177s] Level 1:colcon.colcon_core.environment:checking '/home/lucas-fang/ros2_Nav_ws/install/serial_pkg/bin'
[1.177s] Level 1:colcon.colcon_core.environment:checking '/home/lucas-fang/ros2_Nav_ws/install/serial_pkg/lib/pkgconfig/serial_pkg.pc'
[1.177s] Level 1:colcon.colcon_core.environment:checking '/home/lucas-fang/ros2_Nav_ws/install/serial_pkg/lib/python3.10/site-packages'
[1.177s] Level 1:colcon.colcon_core.environment:checking '/home/lucas-fang/ros2_Nav_ws/install/serial_pkg/bin'
[1.178s] INFO:colcon.colcon_core.shell:Creating package script '/home/lucas-fang/ros2_Nav_ws/install/serial_pkg/share/serial_pkg/package.ps1'
[1.178s] INFO:colcon.colcon_core.shell:Creating package descriptor '/home/lucas-fang/ros2_Nav_ws/install/serial_pkg/share/serial_pkg/package.dsv'
[1.179s] INFO:colcon.colcon_core.shell:Creating package script '/home/lucas-fang/ros2_Nav_ws/install/serial_pkg/share/serial_pkg/package.sh'
[1.180s] INFO:colcon.colcon_core.shell:Creating package script '/home/lucas-fang/ros2_Nav_ws/install/serial_pkg/share/serial_pkg/package.bash'
[1.180s] INFO:colcon.colcon_core.shell:Creating package script '/home/lucas-fang/ros2_Nav_ws/install/serial_pkg/share/serial_pkg/package.zsh'
[1.181s] Level 1:colcon.colcon_core.environment:create_file_with_runtime_dependencies(/home/lucas-fang/ros2_Nav_ws/install/serial_pkg/share/colcon-core/packages/serial_pkg)
[1.508s] DEBUG:colcon.colcon_core.event_handler.log_command:Invoked command in '/home/lucas-fang/ros2_Nav_ws/build/localization_pkg' returned '0': CMAKE_PREFIX_PATH=/opt/ros/humble /usr/bin/cmake --build /home/lucas-fang/ros2_Nav_ws/build/localization_pkg -- -j4 -l4
[1.509s] DEBUG:colcon.colcon_core.event_handler.log_command:Invoking command in '/home/lucas-fang/ros2_Nav_ws/build/localization_pkg': CMAKE_PREFIX_PATH=/opt/ros/humble /usr/bin/cmake --install /home/lucas-fang/ros2_Nav_ws/build/localization_pkg
[1.523s] Level 1:colcon.colcon_core.environment:create_environment_scripts_only(localization_pkg)
[1.523s] Level 1:colcon.colcon_core.environment:checking '/home/lucas-fang/ros2_Nav_ws/install/localization_pkg' for CMake module files
[1.524s] Level 1:colcon.colcon_core.environment:checking '/home/lucas-fang/ros2_Nav_ws/install/localization_pkg' for CMake config files
[1.524s] Level 1:colcon.colcon_core.shell:create_environment_hook('localization_pkg', 'cmake_prefix_path')
[1.524s] INFO:colcon.colcon_core.shell:Creating environment hook '/home/lucas-fang/ros2_Nav_ws/install/localization_pkg/share/localization_pkg/hook/cmake_prefix_path.ps1'
[1.525s] INFO:colcon.colcon_core.shell:Creating environment descriptor '/home/lucas-fang/ros2_Nav_ws/install/localization_pkg/share/localization_pkg/hook/cmake_prefix_path.dsv'
[1.525s] DEBUG:colcon.colcon_core.event_handler.log_command:Invoked command in '/home/lucas-fang/ros2_Nav_ws/build/localization_pkg' returned '0': CMAKE_PREFIX_PATH=/opt/ros/humble /usr/bin/cmake --install /home/lucas-fang/ros2_Nav_ws/build/localization_pkg
[1.526s] INFO:colcon.colcon_core.shell:Creating environment hook '/home/lucas-fang/ros2_Nav_ws/install/localization_pkg/share/localization_pkg/hook/cmake_prefix_path.sh'
[1.526s] Level 1:colcon.colcon_core.environment:checking '/home/lucas-fang/ros2_Nav_ws/install/localization_pkg/bin'
[1.527s] Level 1:colcon.colcon_core.environment:checking '/home/lucas-fang/ros2_Nav_ws/install/localization_pkg/lib/pkgconfig/localization_pkg.pc'
[1.527s] Level 1:colcon.colcon_core.environment:checking '/home/lucas-fang/ros2_Nav_ws/install/localization_pkg/lib/python3.10/site-packages'
[1.527s] Level 1:colcon.colcon_core.environment:checking '/home/lucas-fang/ros2_Nav_ws/install/localization_pkg/bin'
[1.527s] INFO:colcon.colcon_core.shell:Creating package script '/home/lucas-fang/ros2_Nav_ws/install/localization_pkg/share/localization_pkg/package.ps1'
[1.528s] INFO:colcon.colcon_core.shell:Creating package descriptor '/home/lucas-fang/ros2_Nav_ws/install/localization_pkg/share/localization_pkg/package.dsv'
[1.528s] INFO:colcon.colcon_core.shell:Creating package script '/home/lucas-fang/ros2_Nav_ws/install/localization_pkg/share/localization_pkg/package.sh'
[1.529s] INFO:colcon.colcon_core.shell:Creating package script '/home/lucas-fang/ros2_Nav_ws/install/localization_pkg/share/localization_pkg/package.bash'
[1.529s] INFO:colcon.colcon_core.shell:Creating package script '/home/lucas-fang/ros2_Nav_ws/install/localization_pkg/share/localization_pkg/package.zsh'
[1.530s] Level 1:colcon.colcon_core.environment:create_file_with_runtime_dependencies(/home/lucas-fang/ros2_Nav_ws/install/localization_pkg/share/colcon-core/packages/localization_pkg)
[1.530s] Level 1:colcon.colcon_core.environment:create_environment_scripts_only(localization_pkg)
[1.531s] Level 1:colcon.colcon_core.environment:checking '/home/lucas-fang/ros2_Nav_ws/install/localization_pkg' for CMake module files
[1.531s] Level 1:colcon.colcon_core.environment:checking '/home/lucas-fang/ros2_Nav_ws/install/localization_pkg' for CMake config files
[1.531s] Level 1:colcon.colcon_core.shell:create_environment_hook('localization_pkg', 'cmake_prefix_path')
[1.532s] INFO:colcon.colcon_core.shell:Creating environment hook '/home/lucas-fang/ros2_Nav_ws/install/localization_pkg/share/localization_pkg/hook/cmake_prefix_path.ps1'
[1.532s] INFO:colcon.colcon_core.shell:Creating environment descriptor '/home/lucas-fang/ros2_Nav_ws/install/localization_pkg/share/localization_pkg/hook/cmake_prefix_path.dsv'
[1.533s] INFO:colcon.colcon_core.shell:Creating environment hook '/home/lucas-fang/ros2_Nav_ws/install/localization_pkg/share/localization_pkg/hook/cmake_prefix_path.sh'
[1.533s] Level 1:colcon.colcon_core.environment:checking '/home/lucas-fang/ros2_Nav_ws/install/localization_pkg/bin'
[1.533s] Level 1:colcon.colcon_core.environment:checking '/home/lucas-fang/ros2_Nav_ws/install/localization_pkg/lib/pkgconfig/localization_pkg.pc'
[1.534s] Level 1:colcon.colcon_core.environment:checking '/home/lucas-fang/ros2_Nav_ws/install/localization_pkg/lib/python3.10/site-packages'
[1.534s] Level 1:colcon.colcon_core.environment:checking '/home/lucas-fang/ros2_Nav_ws/install/localization_pkg/bin'
[1.534s] INFO:colcon.colcon_core.shell:Creating package script '/home/lucas-fang/ros2_Nav_ws/install/localization_pkg/share/localization_pkg/package.ps1'
[1.535s] INFO:colcon.colcon_core.shell:Creating package descriptor '/home/lucas-fang/ros2_Nav_ws/install/localization_pkg/share/localization_pkg/package.dsv'
[1.536s] INFO:colcon.colcon_core.shell:Creating package script '/home/lucas-fang/ros2_Nav_ws/install/localization_pkg/share/localization_pkg/package.sh'
[1.536s] INFO:colcon.colcon_core.shell:Creating package script '/home/lucas-fang/ros2_Nav_ws/install/localization_pkg/share/localization_pkg/package.bash'
[1.537s] INFO:colcon.colcon_core.shell:Creating package script '/home/lucas-fang/ros2_Nav_ws/install/localization_pkg/share/localization_pkg/package.zsh'
[1.537s] Level 1:colcon.colcon_core.environment:create_file_with_runtime_dependencies(/home/lucas-fang/ros2_Nav_ws/install/localization_pkg/share/colcon-core/packages/localization_pkg)
[1.538s] DEBUG:colcon.colcon_parallel_executor.executor.parallel:closing loop
[1.539s] DEBUG:colcon.colcon_parallel_executor.executor.parallel:loop closed
[1.539s] DEBUG:colcon.colcon_parallel_executor.executor.parallel:run_until_complete finished with '0'
[1.539s] DEBUG:colcon.colcon_core.event_reactor:joining thread
[1.546s] INFO:colcon.colcon_core.plugin_system:Skipping extension 'colcon_notification.desktop_notification.notify_send': Could not find 'notify-send'
[1.546s] INFO:colcon.colcon_core.plugin_system:Skipping extension 'colcon_notification.desktop_notification.terminal_notifier': Not used on non-Darwin systems
[1.547s] INFO:colcon.colcon_core.plugin_system:Skipping extension 'colcon_notification.desktop_notification.win32': Not used on non-Windows systems
[1.547s] INFO:colcon.colcon_notification.desktop_notification:Sending desktop notification using 'notify2'
[1.584s] DEBUG:colcon.colcon_core.event_reactor:joined thread
[1.585s] INFO:colcon.colcon_core.shell:Creating prefix script '/home/lucas-fang/ros2_Nav_ws/install/local_setup.ps1'
[1.586s] INFO:colcon.colcon_core.shell:Creating prefix util module '/home/lucas-fang/ros2_Nav_ws/install/_local_setup_util_ps1.py'
[1.592s] INFO:colcon.colcon_core.shell:Creating prefix chain script '/home/lucas-fang/ros2_Nav_ws/install/setup.ps1'
[1.594s] INFO:colcon.colcon_core.shell:Creating prefix script '/home/lucas-fang/ros2_Nav_ws/install/local_setup.sh'
[1.594s] INFO:colcon.colcon_core.shell:Creating prefix util module '/home/lucas-fang/ros2_Nav_ws/install/_local_setup_util_sh.py'
[1.595s] INFO:colcon.colcon_core.shell:Creating prefix chain script '/home/lucas-fang/ros2_Nav_ws/install/setup.sh'
[1.597s] INFO:colcon.colcon_core.shell:Creating prefix script '/home/lucas-fang/ros2_Nav_ws/install/local_setup.bash'
[1.598s] INFO:colcon.colcon_core.shell:Creating prefix chain script '/home/lucas-fang/ros2_Nav_ws/install/setup.bash'
[1.599s] INFO:colcon.colcon_core.shell:Creating prefix script '/home/lucas-fang/ros2_Nav_ws/install/local_setup.zsh'
[1.600s] INFO:colcon.colcon_core.shell:Creating prefix chain script '/home/lucas-fang/ros2_Nav_ws/install/setup.zsh'
