[0.017s] Invoking command in '/home/lucas-fang/ros2_Nav_ws/build/base_interfaces': CMAKE_PREFIX_PATH=${CMAKE_PREFIX_PATH}:/opt/ros/humble /usr/bin/cmake --build /home/lucas-fang/ros2_Nav_ws/build/base_interfaces -- -j4 -l4
[0.065s] [35m[1mConsolidate compiler generated dependencies of target base_interfaces__rosidl_generator_c[0m
[0.074s] [  2%] Built target base_interfaces__cpp
[0.086s] [ 12%] Built target base_interfaces__rosidl_generator_c
[0.102s] [35m[1mConsolidate compiler generated dependencies of target base_interfaces__rosidl_typesupport_fastrtps_cpp[0m
[0.108s] [35m[1mConsolidate compiler generated dependencies of target base_interfaces__rosidl_typesupport_introspection_cpp[0m
[0.120s] [35m[1mConsolidate compiler generated dependencies of target base_interfaces__rosidl_typesupport_cpp[0m
[0.122s] [ 12%] Built target ament_cmake_python_copy_base_interfaces
[0.134s] [ 33%] Built target base_interfaces__rosidl_typesupport_fastrtps_cpp
[0.135s] [ 33%] Built target base_interfaces__rosidl_typesupport_introspection_cpp
[0.142s] [35m[1mConsolidate compiler generated dependencies of target base_interfaces__rosidl_typesupport_fastrtps_c[0m
[0.142s] [ 43%] Built target base_interfaces__rosidl_typesupport_cpp
[0.147s] [35m[1mConsolidate compiler generated dependencies of target base_interfaces__rosidl_typesupport_c[0m
[0.156s] [35m[1mConsolidate compiler generated dependencies of target base_interfaces__rosidl_typesupport_introspection_c[0m
[0.161s] [ 53%] Built target base_interfaces__rosidl_typesupport_fastrtps_c
[0.171s] [ 64%] Built target base_interfaces__rosidl_typesupport_c
[0.174s] [ 74%] Built target base_interfaces__rosidl_typesupport_introspection_c
[0.202s] [ 74%] Built target base_interfaces
[0.226s] [ 76%] Built target base_interfaces__py
[0.240s] [35m[1mConsolidate compiler generated dependencies of target base_interfaces__rosidl_generator_py[0m
[0.256s] [ 84%] Built target base_interfaces__rosidl_generator_py
[0.270s] [35m[1mConsolidate compiler generated dependencies of target base_interfaces__rosidl_typesupport_fastrtps_c__pyext[0m
[0.270s] [35m[1mConsolidate compiler generated dependencies of target base_interfaces__rosidl_typesupport_introspection_c__pyext[0m
[0.276s] [35m[1mConsolidate compiler generated dependencies of target base_interfaces__rosidl_typesupport_c__pyext[0m
[0.287s] [ 89%] Built target base_interfaces__rosidl_typesupport_introspection_c__pyext
[0.294s] [ 94%] Built target base_interfaces__rosidl_typesupport_c__pyext
[0.295s] [100%] Built target base_interfaces__rosidl_typesupport_fastrtps_c__pyext
[0.444s] running egg_info
[0.445s] writing base_interfaces.egg-info/PKG-INFO
[0.445s] writing dependency_links to base_interfaces.egg-info/dependency_links.txt
[0.446s] writing top-level names to base_interfaces.egg-info/top_level.txt
[0.448s] reading manifest file 'base_interfaces.egg-info/SOURCES.txt'
[0.449s] writing manifest file 'base_interfaces.egg-info/SOURCES.txt'
[0.481s] [100%] Built target ament_cmake_python_build_base_interfaces_egg
[0.494s] Invoked command in '/home/lucas-fang/ros2_Nav_ws/build/base_interfaces' returned '0': CMAKE_PREFIX_PATH=${CMAKE_PREFIX_PATH}:/opt/ros/humble /usr/bin/cmake --build /home/lucas-fang/ros2_Nav_ws/build/base_interfaces -- -j4 -l4
[0.496s] Invoking command in '/home/lucas-fang/ros2_Nav_ws/build/base_interfaces': CMAKE_PREFIX_PATH=${CMAKE_PREFIX_PATH}:/opt/ros/humble /usr/bin/cmake --install /home/lucas-fang/ros2_Nav_ws/build/base_interfaces
[0.506s] -- Install configuration: ""
[0.507s] -- Up-to-date: /home/lucas-fang/ros2_Nav_ws/install/base_interfaces/share/ament_index/resource_index/rosidl_interfaces/base_interfaces
[0.507s] -- Up-to-date: /home/lucas-fang/ros2_Nav_ws/install/base_interfaces/include/base_interfaces/base_interfaces
[0.508s] -- Up-to-date: /home/lucas-fang/ros2_Nav_ws/install/base_interfaces/include/base_interfaces/base_interfaces/msg
[0.508s] -- Up-to-date: /home/lucas-fang/ros2_Nav_ws/install/base_interfaces/include/base_interfaces/base_interfaces/msg/detail
[0.508s] -- Up-to-date: /home/lucas-fang/ros2_Nav_ws/install/base_interfaces/include/base_interfaces/base_interfaces/msg/detail/robot__type_support.h
[0.508s] -- Up-to-date: /home/lucas-fang/ros2_Nav_ws/install/base_interfaces/include/base_interfaces/base_interfaces/msg/detail/imu__functions.h
[0.508s] -- Up-to-date: /home/lucas-fang/ros2_Nav_ws/install/base_interfaces/include/base_interfaces/base_interfaces/msg/detail/imu__functions.c
[0.509s] -- Up-to-date: /home/lucas-fang/ros2_Nav_ws/install/base_interfaces/include/base_interfaces/base_interfaces/msg/detail/imu__type_support.h
[0.509s] -- Up-to-date: /home/lucas-fang/ros2_Nav_ws/install/base_interfaces/include/base_interfaces/base_interfaces/msg/detail/robot__functions.h
[0.510s] -- Up-to-date: /home/lucas-fang/ros2_Nav_ws/install/base_interfaces/include/base_interfaces/base_interfaces/msg/detail/robot__struct.h
[0.510s] -- Up-to-date: /home/lucas-fang/ros2_Nav_ws/install/base_interfaces/include/base_interfaces/base_interfaces/msg/detail/robot__functions.c
[0.511s] -- Up-to-date: /home/lucas-fang/ros2_Nav_ws/install/base_interfaces/include/base_interfaces/base_interfaces/msg/detail/imu__struct.h
[0.511s] -- Up-to-date: /home/lucas-fang/ros2_Nav_ws/install/base_interfaces/include/base_interfaces/base_interfaces/msg/imu.h
[0.511s] -- Up-to-date: /home/lucas-fang/ros2_Nav_ws/install/base_interfaces/include/base_interfaces/base_interfaces/msg/robot.h
[0.511s] -- Up-to-date: /home/lucas-fang/ros2_Nav_ws/install/base_interfaces/include/base_interfaces/base_interfaces/msg/rosidl_generator_c__visibility_control.h
[0.511s] -- Up-to-date: /home/lucas-fang/ros2_Nav_ws/install/base_interfaces/share/base_interfaces/environment/library_path.sh
[0.512s] -- Up-to-date: /home/lucas-fang/ros2_Nav_ws/install/base_interfaces/share/base_interfaces/environment/library_path.dsv
[0.512s] -- Up-to-date: /home/lucas-fang/ros2_Nav_ws/install/base_interfaces/lib/libbase_interfaces__rosidl_generator_c.so
[0.512s] -- Up-to-date: /home/lucas-fang/ros2_Nav_ws/install/base_interfaces/include/base_interfaces/base_interfaces
[0.512s] -- Up-to-date: /home/lucas-fang/ros2_Nav_ws/install/base_interfaces/include/base_interfaces/base_interfaces/msg
[0.512s] -- Up-to-date: /home/lucas-fang/ros2_Nav_ws/install/base_interfaces/include/base_interfaces/base_interfaces/msg/detail
[0.512s] -- Up-to-date: /home/lucas-fang/ros2_Nav_ws/install/base_interfaces/include/base_interfaces/base_interfaces/msg/detail/imu__rosidl_typesupport_fastrtps_c.h
[0.513s] -- Up-to-date: /home/lucas-fang/ros2_Nav_ws/install/base_interfaces/include/base_interfaces/base_interfaces/msg/detail/robot__rosidl_typesupport_fastrtps_c.h
[0.513s] -- Up-to-date: /home/lucas-fang/ros2_Nav_ws/install/base_interfaces/include/base_interfaces/base_interfaces/msg/rosidl_typesupport_fastrtps_c__visibility_control.h
[0.513s] -- Up-to-date: /home/lucas-fang/ros2_Nav_ws/install/base_interfaces/lib/libbase_interfaces__rosidl_typesupport_fastrtps_c.so
[0.513s] -- Up-to-date: /home/lucas-fang/ros2_Nav_ws/install/base_interfaces/include/base_interfaces/base_interfaces
[0.513s] -- Up-to-date: /home/lucas-fang/ros2_Nav_ws/install/base_interfaces/include/base_interfaces/base_interfaces/msg
[0.514s] -- Up-to-date: /home/lucas-fang/ros2_Nav_ws/install/base_interfaces/include/base_interfaces/base_interfaces/msg/detail
[0.514s] -- Up-to-date: /home/lucas-fang/ros2_Nav_ws/install/base_interfaces/include/base_interfaces/base_interfaces/msg/detail/imu__rosidl_typesupport_introspection_c.h
[0.516s] -- Up-to-date: /home/lucas-fang/ros2_Nav_ws/install/base_interfaces/include/base_interfaces/base_interfaces/msg/detail/robot__type_support.c
[0.516s] -- Up-to-date: /home/lucas-fang/ros2_Nav_ws/install/base_interfaces/include/base_interfaces/base_interfaces/msg/detail/robot__rosidl_typesupport_introspection_c.h
[0.516s] -- Up-to-date: /home/lucas-fang/ros2_Nav_ws/install/base_interfaces/include/base_interfaces/base_interfaces/msg/detail/imu__type_support.c
[0.517s] -- Up-to-date: /home/lucas-fang/ros2_Nav_ws/install/base_interfaces/include/base_interfaces/base_interfaces/msg/rosidl_typesupport_introspection_c__visibility_control.h
[0.517s] -- Up-to-date: /home/lucas-fang/ros2_Nav_ws/install/base_interfaces/lib/libbase_interfaces__rosidl_typesupport_introspection_c.so
[0.517s] -- Up-to-date: /home/lucas-fang/ros2_Nav_ws/install/base_interfaces/lib/libbase_interfaces__rosidl_typesupport_c.so
[0.517s] -- Up-to-date: /home/lucas-fang/ros2_Nav_ws/install/base_interfaces/include/base_interfaces/base_interfaces
[0.517s] -- Up-to-date: /home/lucas-fang/ros2_Nav_ws/install/base_interfaces/include/base_interfaces/base_interfaces/msg
[0.517s] -- Up-to-date: /home/lucas-fang/ros2_Nav_ws/install/base_interfaces/include/base_interfaces/base_interfaces/msg/rosidl_generator_cpp__visibility_control.hpp
[0.518s] -- Up-to-date: /home/lucas-fang/ros2_Nav_ws/install/base_interfaces/include/base_interfaces/base_interfaces/msg/robot.hpp
[0.518s] -- Up-to-date: /home/lucas-fang/ros2_Nav_ws/install/base_interfaces/include/base_interfaces/base_interfaces/msg/detail
[0.518s] -- Up-to-date: /home/lucas-fang/ros2_Nav_ws/install/base_interfaces/include/base_interfaces/base_interfaces/msg/detail/robot__struct.hpp
[0.519s] -- Up-to-date: /home/lucas-fang/ros2_Nav_ws/install/base_interfaces/include/base_interfaces/base_interfaces/msg/detail/imu__type_support.hpp
[0.519s] -- Up-to-date: /home/lucas-fang/ros2_Nav_ws/install/base_interfaces/include/base_interfaces/base_interfaces/msg/detail/robot__traits.hpp
[0.519s] -- Up-to-date: /home/lucas-fang/ros2_Nav_ws/install/base_interfaces/include/base_interfaces/base_interfaces/msg/detail/robot__builder.hpp
[0.519s] -- Up-to-date: /home/lucas-fang/ros2_Nav_ws/install/base_interfaces/include/base_interfaces/base_interfaces/msg/detail/robot__type_support.hpp
[0.520s] -- Up-to-date: /home/lucas-fang/ros2_Nav_ws/install/base_interfaces/include/base_interfaces/base_interfaces/msg/detail/imu__traits.hpp
[0.520s] -- Up-to-date: /home/lucas-fang/ros2_Nav_ws/install/base_interfaces/include/base_interfaces/base_interfaces/msg/detail/imu__builder.hpp
[0.521s] -- Up-to-date: /home/lucas-fang/ros2_Nav_ws/install/base_interfaces/include/base_interfaces/base_interfaces/msg/detail/imu__struct.hpp
[0.521s] -- Up-to-date: /home/lucas-fang/ros2_Nav_ws/install/base_interfaces/include/base_interfaces/base_interfaces/msg/imu.hpp
[0.521s] -- Up-to-date: /home/lucas-fang/ros2_Nav_ws/install/base_interfaces/include/base_interfaces/base_interfaces
[0.522s] -- Up-to-date: /home/lucas-fang/ros2_Nav_ws/install/base_interfaces/include/base_interfaces/base_interfaces/msg
[0.522s] -- Up-to-date: /home/lucas-fang/ros2_Nav_ws/install/base_interfaces/include/base_interfaces/base_interfaces/msg/detail
[0.522s] -- Up-to-date: /home/lucas-fang/ros2_Nav_ws/install/base_interfaces/include/base_interfaces/base_interfaces/msg/detail/robot__rosidl_typesupport_fastrtps_cpp.hpp
[0.522s] -- Up-to-date: /home/lucas-fang/ros2_Nav_ws/install/base_interfaces/include/base_interfaces/base_interfaces/msg/detail/imu__rosidl_typesupport_fastrtps_cpp.hpp
[0.524s] -- Up-to-date: /home/lucas-fang/ros2_Nav_ws/install/base_interfaces/include/base_interfaces/base_interfaces/msg/detail/dds_fastrtps
[0.524s] -- Up-to-date: /home/lucas-fang/ros2_Nav_ws/install/base_interfaces/include/base_interfaces/base_interfaces/msg/rosidl_typesupport_fastrtps_cpp__visibility_control.h
[0.524s] -- Up-to-date: /home/lucas-fang/ros2_Nav_ws/install/base_interfaces/lib/libbase_interfaces__rosidl_typesupport_fastrtps_cpp.so
[0.524s] -- Up-to-date: /home/lucas-fang/ros2_Nav_ws/install/base_interfaces/include/base_interfaces/base_interfaces
[0.525s] -- Up-to-date: /home/lucas-fang/ros2_Nav_ws/install/base_interfaces/include/base_interfaces/base_interfaces/msg
[0.525s] -- Up-to-date: /home/lucas-fang/ros2_Nav_ws/install/base_interfaces/include/base_interfaces/base_interfaces/msg/detail
[0.525s] -- Up-to-date: /home/lucas-fang/ros2_Nav_ws/install/base_interfaces/include/base_interfaces/base_interfaces/msg/detail/robot__rosidl_typesupport_introspection_cpp.hpp
[0.525s] -- Up-to-date: /home/lucas-fang/ros2_Nav_ws/install/base_interfaces/include/base_interfaces/base_interfaces/msg/detail/robot__type_support.cpp
[0.525s] -- Up-to-date: /home/lucas-fang/ros2_Nav_ws/install/base_interfaces/include/base_interfaces/base_interfaces/msg/detail/imu__rosidl_typesupport_introspection_cpp.hpp
[0.525s] -- Up-to-date: /home/lucas-fang/ros2_Nav_ws/install/base_interfaces/include/base_interfaces/base_interfaces/msg/detail/imu__type_support.cpp
[0.526s] -- Up-to-date: /home/lucas-fang/ros2_Nav_ws/install/base_interfaces/lib/libbase_interfaces__rosidl_typesupport_introspection_cpp.so
[0.526s] -- Up-to-date: /home/lucas-fang/ros2_Nav_ws/install/base_interfaces/lib/libbase_interfaces__rosidl_typesupport_cpp.so
[0.526s] -- Up-to-date: /home/lucas-fang/ros2_Nav_ws/install/base_interfaces/share/base_interfaces/environment/pythonpath.sh
[0.526s] -- Up-to-date: /home/lucas-fang/ros2_Nav_ws/install/base_interfaces/share/base_interfaces/environment/pythonpath.dsv
[0.526s] -- Up-to-date: /home/lucas-fang/ros2_Nav_ws/install/base_interfaces/local/lib/python3.10/dist-packages/base_interfaces-0.0.0-py3.10.egg-info
[0.527s] -- Installing: /home/lucas-fang/ros2_Nav_ws/install/base_interfaces/local/lib/python3.10/dist-packages/base_interfaces-0.0.0-py3.10.egg-info/top_level.txt
[0.527s] -- Installing: /home/lucas-fang/ros2_Nav_ws/install/base_interfaces/local/lib/python3.10/dist-packages/base_interfaces-0.0.0-py3.10.egg-info/SOURCES.txt
[0.527s] -- Installing: /home/lucas-fang/ros2_Nav_ws/install/base_interfaces/local/lib/python3.10/dist-packages/base_interfaces-0.0.0-py3.10.egg-info/PKG-INFO
[0.527s] -- Installing: /home/lucas-fang/ros2_Nav_ws/install/base_interfaces/local/lib/python3.10/dist-packages/base_interfaces-0.0.0-py3.10.egg-info/dependency_links.txt
[0.527s] -- Up-to-date: /home/lucas-fang/ros2_Nav_ws/install/base_interfaces/local/lib/python3.10/dist-packages/base_interfaces
[0.528s] -- Up-to-date: /home/lucas-fang/ros2_Nav_ws/install/base_interfaces/local/lib/python3.10/dist-packages/base_interfaces/__init__.py
[0.528s] -- Up-to-date: /home/lucas-fang/ros2_Nav_ws/install/base_interfaces/local/lib/python3.10/dist-packages/base_interfaces/_base_interfaces_s.ep.rosidl_typesupport_c.c
[0.528s] -- Up-to-date: /home/lucas-fang/ros2_Nav_ws/install/base_interfaces/local/lib/python3.10/dist-packages/base_interfaces/base_interfaces_s__rosidl_typesupport_introspection_c.cpython-310-x86_64-linux-gnu.so
[0.528s] -- Up-to-date: /home/lucas-fang/ros2_Nav_ws/install/base_interfaces/local/lib/python3.10/dist-packages/base_interfaces/_base_interfaces_s.ep.rosidl_typesupport_fastrtps_c.c
[0.528s] -- Up-to-date: /home/lucas-fang/ros2_Nav_ws/install/base_interfaces/local/lib/python3.10/dist-packages/base_interfaces/msg
[0.528s] -- Up-to-date: /home/lucas-fang/ros2_Nav_ws/install/base_interfaces/local/lib/python3.10/dist-packages/base_interfaces/msg/__init__.py
[0.529s] -- Up-to-date: /home/lucas-fang/ros2_Nav_ws/install/base_interfaces/local/lib/python3.10/dist-packages/base_interfaces/msg/_robot.py
[0.529s] -- Up-to-date: /home/lucas-fang/ros2_Nav_ws/install/base_interfaces/local/lib/python3.10/dist-packages/base_interfaces/msg/_robot_s.c
[0.529s] -- Up-to-date: /home/lucas-fang/ros2_Nav_ws/install/base_interfaces/local/lib/python3.10/dist-packages/base_interfaces/msg/_imu.py
[0.529s] -- Up-to-date: /home/lucas-fang/ros2_Nav_ws/install/base_interfaces/local/lib/python3.10/dist-packages/base_interfaces/msg/_imu_s.c
[0.529s] -- Up-to-date: /home/lucas-fang/ros2_Nav_ws/install/base_interfaces/local/lib/python3.10/dist-packages/base_interfaces/base_interfaces_s__rosidl_typesupport_fastrtps_c.cpython-310-x86_64-linux-gnu.so
[0.529s] -- Up-to-date: /home/lucas-fang/ros2_Nav_ws/install/base_interfaces/local/lib/python3.10/dist-packages/base_interfaces/_base_interfaces_s.ep.rosidl_typesupport_introspection_c.c
[0.530s] -- Up-to-date: /home/lucas-fang/ros2_Nav_ws/install/base_interfaces/local/lib/python3.10/dist-packages/base_interfaces/libbase_interfaces__rosidl_generator_py.so
[0.530s] -- Up-to-date: /home/lucas-fang/ros2_Nav_ws/install/base_interfaces/local/lib/python3.10/dist-packages/base_interfaces/base_interfaces_s__rosidl_typesupport_c.cpython-310-x86_64-linux-gnu.so
[0.564s] Listing '/home/lucas-fang/ros2_Nav_ws/install/base_interfaces/local/lib/python3.10/dist-packages/base_interfaces'...
[0.564s] Listing '/home/lucas-fang/ros2_Nav_ws/install/base_interfaces/local/lib/python3.10/dist-packages/base_interfaces/msg'...
[0.569s] -- Up-to-date: /home/lucas-fang/ros2_Nav_ws/install/base_interfaces/local/lib/python3.10/dist-packages/base_interfaces/base_interfaces_s__rosidl_typesupport_fastrtps_c.cpython-310-x86_64-linux-gnu.so
[0.570s] -- Up-to-date: /home/lucas-fang/ros2_Nav_ws/install/base_interfaces/local/lib/python3.10/dist-packages/base_interfaces/base_interfaces_s__rosidl_typesupport_introspection_c.cpython-310-x86_64-linux-gnu.so
[0.570s] -- Up-to-date: /home/lucas-fang/ros2_Nav_ws/install/base_interfaces/local/lib/python3.10/dist-packages/base_interfaces/base_interfaces_s__rosidl_typesupport_c.cpython-310-x86_64-linux-gnu.so
[0.570s] -- Up-to-date: /home/lucas-fang/ros2_Nav_ws/install/base_interfaces/lib/libbase_interfaces__rosidl_generator_py.so
[0.570s] -- Up-to-date: /home/lucas-fang/ros2_Nav_ws/install/base_interfaces/share/base_interfaces/msg/Imu.idl
[0.570s] -- Up-to-date: /home/lucas-fang/ros2_Nav_ws/install/base_interfaces/share/base_interfaces/msg/Robot.idl
[0.571s] -- Up-to-date: /home/lucas-fang/ros2_Nav_ws/install/base_interfaces/share/base_interfaces/msg/Imu.msg
[0.571s] -- Up-to-date: /home/lucas-fang/ros2_Nav_ws/install/base_interfaces/share/base_interfaces/msg/Robot.msg
[0.571s] -- Up-to-date: /home/lucas-fang/ros2_Nav_ws/install/base_interfaces/share/ament_index/resource_index/package_run_dependencies/base_interfaces
[0.571s] -- Up-to-date: /home/lucas-fang/ros2_Nav_ws/install/base_interfaces/share/ament_index/resource_index/parent_prefix_path/base_interfaces
[0.571s] -- Up-to-date: /home/lucas-fang/ros2_Nav_ws/install/base_interfaces/share/base_interfaces/environment/ament_prefix_path.sh
[0.571s] -- Up-to-date: /home/lucas-fang/ros2_Nav_ws/install/base_interfaces/share/base_interfaces/environment/ament_prefix_path.dsv
[0.571s] -- Up-to-date: /home/lucas-fang/ros2_Nav_ws/install/base_interfaces/share/base_interfaces/environment/path.sh
[0.571s] -- Up-to-date: /home/lucas-fang/ros2_Nav_ws/install/base_interfaces/share/base_interfaces/environment/path.dsv
[0.571s] -- Up-to-date: /home/lucas-fang/ros2_Nav_ws/install/base_interfaces/share/base_interfaces/local_setup.bash
[0.572s] -- Up-to-date: /home/lucas-fang/ros2_Nav_ws/install/base_interfaces/share/base_interfaces/local_setup.sh
[0.572s] -- Up-to-date: /home/lucas-fang/ros2_Nav_ws/install/base_interfaces/share/base_interfaces/local_setup.zsh
[0.572s] -- Up-to-date: /home/lucas-fang/ros2_Nav_ws/install/base_interfaces/share/base_interfaces/local_setup.dsv
[0.572s] -- Installing: /home/lucas-fang/ros2_Nav_ws/install/base_interfaces/share/base_interfaces/package.dsv
[0.572s] -- Up-to-date: /home/lucas-fang/ros2_Nav_ws/install/base_interfaces/share/ament_index/resource_index/packages/base_interfaces
[0.572s] -- Up-to-date: /home/lucas-fang/ros2_Nav_ws/install/base_interfaces/share/base_interfaces/cmake/export_base_interfaces__rosidl_generator_cExport.cmake
[0.572s] -- Up-to-date: /home/lucas-fang/ros2_Nav_ws/install/base_interfaces/share/base_interfaces/cmake/export_base_interfaces__rosidl_generator_cExport-noconfig.cmake
[0.572s] -- Up-to-date: /home/lucas-fang/ros2_Nav_ws/install/base_interfaces/share/base_interfaces/cmake/export_base_interfaces__rosidl_typesupport_fastrtps_cExport.cmake
[0.572s] -- Up-to-date: /home/lucas-fang/ros2_Nav_ws/install/base_interfaces/share/base_interfaces/cmake/export_base_interfaces__rosidl_typesupport_fastrtps_cExport-noconfig.cmake
[0.573s] -- Up-to-date: /home/lucas-fang/ros2_Nav_ws/install/base_interfaces/share/base_interfaces/cmake/base_interfaces__rosidl_typesupport_introspection_cExport.cmake
[0.573s] -- Up-to-date: /home/lucas-fang/ros2_Nav_ws/install/base_interfaces/share/base_interfaces/cmake/base_interfaces__rosidl_typesupport_introspection_cExport-noconfig.cmake
[0.573s] -- Up-to-date: /home/lucas-fang/ros2_Nav_ws/install/base_interfaces/share/base_interfaces/cmake/base_interfaces__rosidl_typesupport_cExport.cmake
[0.573s] -- Up-to-date: /home/lucas-fang/ros2_Nav_ws/install/base_interfaces/share/base_interfaces/cmake/base_interfaces__rosidl_typesupport_cExport-noconfig.cmake
[0.573s] -- Up-to-date: /home/lucas-fang/ros2_Nav_ws/install/base_interfaces/share/base_interfaces/cmake/export_base_interfaces__rosidl_generator_cppExport.cmake
[0.573s] -- Up-to-date: /home/lucas-fang/ros2_Nav_ws/install/base_interfaces/share/base_interfaces/cmake/export_base_interfaces__rosidl_typesupport_fastrtps_cppExport.cmake
[0.573s] -- Up-to-date: /home/lucas-fang/ros2_Nav_ws/install/base_interfaces/share/base_interfaces/cmake/export_base_interfaces__rosidl_typesupport_fastrtps_cppExport-noconfig.cmake
[0.573s] -- Up-to-date: /home/lucas-fang/ros2_Nav_ws/install/base_interfaces/share/base_interfaces/cmake/base_interfaces__rosidl_typesupport_introspection_cppExport.cmake
[0.573s] -- Up-to-date: /home/lucas-fang/ros2_Nav_ws/install/base_interfaces/share/base_interfaces/cmake/base_interfaces__rosidl_typesupport_introspection_cppExport-noconfig.cmake
[0.573s] -- Up-to-date: /home/lucas-fang/ros2_Nav_ws/install/base_interfaces/share/base_interfaces/cmake/base_interfaces__rosidl_typesupport_cppExport.cmake
[0.573s] -- Up-to-date: /home/lucas-fang/ros2_Nav_ws/install/base_interfaces/share/base_interfaces/cmake/base_interfaces__rosidl_typesupport_cppExport-noconfig.cmake
[0.573s] -- Up-to-date: /home/lucas-fang/ros2_Nav_ws/install/base_interfaces/share/base_interfaces/cmake/export_base_interfaces__rosidl_generator_pyExport.cmake
[0.573s] -- Up-to-date: /home/lucas-fang/ros2_Nav_ws/install/base_interfaces/share/base_interfaces/cmake/export_base_interfaces__rosidl_generator_pyExport-noconfig.cmake
[0.574s] -- Up-to-date: /home/lucas-fang/ros2_Nav_ws/install/base_interfaces/share/base_interfaces/cmake/rosidl_cmake-extras.cmake
[0.574s] -- Up-to-date: /home/lucas-fang/ros2_Nav_ws/install/base_interfaces/share/base_interfaces/cmake/ament_cmake_export_include_directories-extras.cmake
[0.574s] -- Up-to-date: /home/lucas-fang/ros2_Nav_ws/install/base_interfaces/share/base_interfaces/cmake/ament_cmake_export_libraries-extras.cmake
[0.574s] -- Up-to-date: /home/lucas-fang/ros2_Nav_ws/install/base_interfaces/share/base_interfaces/cmake/ament_cmake_export_targets-extras.cmake
[0.574s] -- Up-to-date: /home/lucas-fang/ros2_Nav_ws/install/base_interfaces/share/base_interfaces/cmake/rosidl_cmake_export_typesupport_targets-extras.cmake
[0.574s] -- Up-to-date: /home/lucas-fang/ros2_Nav_ws/install/base_interfaces/share/base_interfaces/cmake/ament_cmake_export_dependencies-extras.cmake
[0.574s] -- Up-to-date: /home/lucas-fang/ros2_Nav_ws/install/base_interfaces/share/base_interfaces/cmake/rosidl_cmake_export_typesupport_libraries-extras.cmake
[0.574s] -- Up-to-date: /home/lucas-fang/ros2_Nav_ws/install/base_interfaces/share/base_interfaces/cmake/base_interfacesConfig.cmake
[0.574s] -- Up-to-date: /home/lucas-fang/ros2_Nav_ws/install/base_interfaces/share/base_interfaces/cmake/base_interfacesConfig-version.cmake
[0.574s] -- Up-to-date: /home/lucas-fang/ros2_Nav_ws/install/base_interfaces/share/base_interfaces/package.xml
[0.576s] Invoked command in '/home/lucas-fang/ros2_Nav_ws/build/base_interfaces' returned '0': CMAKE_PREFIX_PATH=${CMAKE_PREFIX_PATH}:/opt/ros/humble /usr/bin/cmake --install /home/lucas-fang/ros2_Nav_ws/build/base_interfaces
