[0.025s] Invoking command in '/home/lucas-fang/ros2_Nav_ws/build/my_map_server': CMAKE_PREFIX_PATH=/opt/ros/humble /usr/bin/cmake --build /home/lucas-fang/ros2_Nav_ws/build/my_map_server -- -j4 -l4
[0.104s] Invoked command in '/home/lucas-fang/ros2_Nav_ws/build/my_map_server' returned '0': CMAKE_PREFIX_PATH=/opt/ros/humble /usr/bin/cmake --build /home/lucas-fang/ros2_Nav_ws/build/my_map_server -- -j4 -l4
[0.108s] Invoking command in '/home/lucas-fang/ros2_Nav_ws/build/my_map_server': CMAKE_PREFIX_PATH=/opt/ros/humble /usr/bin/cmake --install /home/lucas-fang/ros2_Nav_ws/build/my_map_server
[0.114s] -- Install configuration: ""
[0.120s] -- Up-to-date: /home/lucas-fang/ros2_Nav_ws/install/my_map_server/share/my_map_server/launch
[0.120s] -- Up-to-date: /home/lucas-fang/ros2_Nav_ws/install/my_map_server/share/my_map_server/launch/read_map_server.launch.py
[0.120s] -- Up-to-date: /home/lucas-fang/ros2_Nav_ws/install/my_map_server/share/ament_index/resource_index/package_run_dependencies/my_map_server
[0.120s] -- Up-to-date: /home/lucas-fang/ros2_Nav_ws/install/my_map_server/share/ament_index/resource_index/parent_prefix_path/my_map_server
[0.121s] -- Up-to-date: /home/lucas-fang/ros2_Nav_ws/install/my_map_server/share/my_map_server/environment/ament_prefix_path.sh
[0.121s] -- Up-to-date: /home/lucas-fang/ros2_Nav_ws/install/my_map_server/share/my_map_server/environment/ament_prefix_path.dsv
[0.121s] -- Up-to-date: /home/lucas-fang/ros2_Nav_ws/install/my_map_server/share/my_map_server/environment/path.sh
[0.121s] -- Up-to-date: /home/lucas-fang/ros2_Nav_ws/install/my_map_server/share/my_map_server/environment/path.dsv
[0.121s] -- Up-to-date: /home/lucas-fang/ros2_Nav_ws/install/my_map_server/share/my_map_server/local_setup.bash
[0.121s] -- Up-to-date: /home/lucas-fang/ros2_Nav_ws/install/my_map_server/share/my_map_server/local_setup.sh
[0.121s] -- Up-to-date: /home/lucas-fang/ros2_Nav_ws/install/my_map_server/share/my_map_server/local_setup.zsh
[0.121s] -- Up-to-date: /home/lucas-fang/ros2_Nav_ws/install/my_map_server/share/my_map_server/local_setup.dsv
[0.122s] -- Installing: /home/lucas-fang/ros2_Nav_ws/install/my_map_server/share/my_map_server/package.dsv
[0.126s] -- Up-to-date: /home/lucas-fang/ros2_Nav_ws/install/my_map_server/share/ament_index/resource_index/packages/my_map_server
[0.126s] -- Up-to-date: /home/lucas-fang/ros2_Nav_ws/install/my_map_server/share/my_map_server/cmake/my_map_serverConfig.cmake
[0.126s] -- Up-to-date: /home/lucas-fang/ros2_Nav_ws/install/my_map_server/share/my_map_server/cmake/my_map_serverConfig-version.cmake
[0.127s] -- Up-to-date: /home/lucas-fang/ros2_Nav_ws/install/my_map_server/share/my_map_server/package.xml
[0.183s] Invoked command in '/home/lucas-fang/ros2_Nav_ws/build/my_map_server' returned '0': CMAKE_PREFIX_PATH=/opt/ros/humble /usr/bin/cmake --install /home/lucas-fang/ros2_Nav_ws/build/my_map_server
