[0.011s] Invoking command in '/home/lucas-fang/ros2_Nav_ws/build/senson_pkg': CMAKE_PREFIX_PATH=${CMAKE_PREFIX_PATH}:/opt/ros/humble /usr/bin/cmake --build /home/lucas-fang/ros2_Nav_ws/build/senson_pkg -- -j4 -l4
[0.033s] -- Found ament_cmake: 1.3.11 (/opt/ros/humble/share/ament_cmake/cmake)
[0.146s] -- Found rclcpp: 16.0.12 (/opt/ros/humble/share/rclcpp/cmake)
[0.171s] -- Found rosidl_generator_c: 3.1.6 (/opt/ros/humble/share/rosidl_generator_c/cmake)
[0.173s] -- Found rosidl_adapter: 3.1.6 (/opt/ros/humble/share/rosidl_adapter/cmake)
[0.179s] -- Found rosidl_generator_cpp: 3.1.6 (/opt/ros/humble/share/rosidl_generator_cpp/cmake)
[0.187s] -- Using all available rosidl_typesupport_c: rosidl_typesupport_fastrtps_c;rosidl_typesupport_introspection_c
[0.198s] -- Using all available rosidl_typesupport_cpp: rosidl_typesupport_fastrtps_cpp;rosidl_typesupport_introspection_cpp
[0.226s] -- Found rmw_implementation_cmake: 6.1.2 (/opt/ros/humble/share/rmw_implementation_cmake/cmake)
[0.228s] -- Found rmw_fastrtps_cpp: 6.2.7 (/opt/ros/humble/share/rmw_fastrtps_cpp/cmake)
[0.315s] -- Using RMW implementation 'rmw_fastrtps_cpp' as default
[0.359s] -- Found serial_driver: 1.2.0 (/opt/ros/humble/share/serial_driver/cmake)
[0.373s] -- Found asio_cmake_module: 1.2.0 (/opt/ros/humble/share/asio_cmake_module/cmake)
[0.409s] -- Found geometry_msgs: 4.9.0 (/opt/ros/humble/share/geometry_msgs/cmake)
[0.420s] -- Found sensor_msgs: 4.9.0 (/opt/ros/humble/share/sensor_msgs/cmake)
[0.435s] -- Found tf2: 0.25.13 (/opt/ros/humble/share/tf2/cmake)
[0.438s] -- Found tf2_ros: 0.25.13 (/opt/ros/humble/share/tf2_ros/cmake)
[0.497s] -- Found ament_lint_auto: 0.12.12 (/opt/ros/humble/share/ament_lint_auto/cmake)
[0.560s] -- Added test 'cppcheck' to perform static code analysis on C / C++ code
[0.560s] -- Configured cppcheck include dirs: $<BUILD_INTERFACE:/home/lucas-fang/ros2_Nav_ws/src/senson_pkg/include>
[0.560s] -- Configured cppcheck exclude dirs and/or files: 
[0.561s] -- Added test 'lint_cmake' to check CMake code style
[0.562s] -- Added test 'uncrustify' to check C / C++ code style
[0.562s] -- Configured uncrustify additional arguments: 
[0.562s] -- Added test 'xmllint' to check XML markup files
[0.563s] -- Configuring done
[0.589s] -- Generating done
[0.595s] -- Build files have been written to: /home/lucas-fang/ros2_Nav_ws/build/senson_pkg
[0.620s] [35m[1mConsolidate compiler generated dependencies of target my_serial_lib[0m
[0.629s] [ 50%] Built target my_serial_lib
[0.639s] [35m[1mConsolidate compiler generated dependencies of target imu_node[0m
[0.659s] [ 75%] [32m[1mLinking CXX executable imu_node[0m
[0.903s] [100%] Built target imu_node
[0.913s] Invoked command in '/home/lucas-fang/ros2_Nav_ws/build/senson_pkg' returned '0': CMAKE_PREFIX_PATH=${CMAKE_PREFIX_PATH}:/opt/ros/humble /usr/bin/cmake --build /home/lucas-fang/ros2_Nav_ws/build/senson_pkg -- -j4 -l4
[0.922s] Invoking command in '/home/lucas-fang/ros2_Nav_ws/build/senson_pkg': CMAKE_PREFIX_PATH=${CMAKE_PREFIX_PATH}:/opt/ros/humble /usr/bin/cmake --install /home/lucas-fang/ros2_Nav_ws/build/senson_pkg
[0.930s] -- Install configuration: ""
[0.930s] -- Installing: /home/lucas-fang/ros2_Nav_ws/install/senson_pkg/lib/senson_pkg/imu_node
[0.931s] -- Set runtime path of "/home/lucas-fang/ros2_Nav_ws/install/senson_pkg/lib/senson_pkg/imu_node" to ""
[0.931s] -- Up-to-date: /home/lucas-fang/ros2_Nav_ws/install/senson_pkg/share/ament_index/resource_index/package_run_dependencies/senson_pkg
[0.931s] -- Up-to-date: /home/lucas-fang/ros2_Nav_ws/install/senson_pkg/share/ament_index/resource_index/parent_prefix_path/senson_pkg
[0.931s] -- Up-to-date: /home/lucas-fang/ros2_Nav_ws/install/senson_pkg/share/senson_pkg/environment/ament_prefix_path.sh
[0.931s] -- Installing: /home/lucas-fang/ros2_Nav_ws/install/senson_pkg/share/senson_pkg/environment/ament_prefix_path.dsv
[0.931s] -- Up-to-date: /home/lucas-fang/ros2_Nav_ws/install/senson_pkg/share/senson_pkg/environment/path.sh
[0.931s] -- Installing: /home/lucas-fang/ros2_Nav_ws/install/senson_pkg/share/senson_pkg/environment/path.dsv
[0.932s] -- Up-to-date: /home/lucas-fang/ros2_Nav_ws/install/senson_pkg/share/senson_pkg/local_setup.bash
[0.932s] -- Up-to-date: /home/lucas-fang/ros2_Nav_ws/install/senson_pkg/share/senson_pkg/local_setup.sh
[0.932s] -- Up-to-date: /home/lucas-fang/ros2_Nav_ws/install/senson_pkg/share/senson_pkg/local_setup.zsh
[0.932s] -- Installing: /home/lucas-fang/ros2_Nav_ws/install/senson_pkg/share/senson_pkg/local_setup.dsv
[0.932s] -- Installing: /home/lucas-fang/ros2_Nav_ws/install/senson_pkg/share/senson_pkg/package.dsv
[0.932s] -- Up-to-date: /home/lucas-fang/ros2_Nav_ws/install/senson_pkg/share/ament_index/resource_index/packages/senson_pkg
[0.932s] -- Up-to-date: /home/lucas-fang/ros2_Nav_ws/install/senson_pkg/share/senson_pkg/cmake/senson_pkgConfig.cmake
[0.932s] -- Up-to-date: /home/lucas-fang/ros2_Nav_ws/install/senson_pkg/share/senson_pkg/cmake/senson_pkgConfig-version.cmake
[0.932s] -- Up-to-date: /home/lucas-fang/ros2_Nav_ws/install/senson_pkg/share/senson_pkg/package.xml
[0.934s] Invoked command in '/home/lucas-fang/ros2_Nav_ws/build/senson_pkg' returned '0': CMAKE_PREFIX_PATH=${CMAKE_PREFIX_PATH}:/opt/ros/humble /usr/bin/cmake --install /home/lucas-fang/ros2_Nav_ws/build/senson_pkg
