[0.026s] Invoking command in '/home/lucas-fang/ros2_Nav_ws/build/rplidar_ros': CMAKE_PREFIX_PATH=${CMAKE_PREFIX_PATH}:/opt/ros/humble /usr/bin/cmake --build /home/lucas-fang/ros2_Nav_ws/build/rplidar_ros -- -j4 -l4
[0.130s] [ 47%] Built target rplidar_composition
[0.134s] [ 52%] Built target rplidar_client
[0.143s] [100%] Built target rplidar_node
[0.175s] Invoked command in '/home/lucas-fang/ros2_Nav_ws/build/rplidar_ros' returned '0': CMAKE_PREFIX_PATH=${CMAKE_PREFIX_PATH}:/opt/ros/humble /usr/bin/cmake --build /home/lucas-fang/ros2_Nav_ws/build/rplidar_ros -- -j4 -l4
[0.175s] Invoking command in '/home/lucas-fang/ros2_Nav_ws/build/rplidar_ros': CMAKE_PREFIX_PATH=${CMAKE_PREFIX_PATH}:/opt/ros/humble /usr/bin/cmake --install /home/lucas-fang/ros2_Nav_ws/build/rplidar_ros
[0.182s] -- Install configuration: ""
[0.182s] -- Up-to-date: /home/lucas-fang/ros2_Nav_ws/install/rplidar_ros/share/rplidar_ros/launch
[0.183s] -- Up-to-date: /home/lucas-fang/ros2_Nav_ws/install/rplidar_ros/share/rplidar_ros/launch/rplidar_a1_launch.py
[0.183s] -- Up-to-date: /home/lucas-fang/ros2_Nav_ws/install/rplidar_ros/share/rplidar_ros/launch/rplidar_a2m8_launch.py
[0.183s] -- Up-to-date: /home/lucas-fang/ros2_Nav_ws/install/rplidar_ros/share/rplidar_ros/launch/view_rplidar_a3_launch.py
[0.183s] -- Up-to-date: /home/lucas-fang/ros2_Nav_ws/install/rplidar_ros/share/rplidar_ros/launch/rplidar_s2e_launch.py
[0.183s] -- Up-to-date: /home/lucas-fang/ros2_Nav_ws/install/rplidar_ros/share/rplidar_ros/launch/view_rplidar_a1_launch.py
[0.184s] -- Up-to-date: /home/lucas-fang/ros2_Nav_ws/install/rplidar_ros/share/rplidar_ros/launch/view_rplidar_s2e_launch.py
[0.184s] -- Up-to-date: /home/lucas-fang/ros2_Nav_ws/install/rplidar_ros/share/rplidar_ros/launch/rplidar_s2_launch.py
[0.184s] -- Up-to-date: /home/lucas-fang/ros2_Nav_ws/install/rplidar_ros/share/rplidar_ros/launch/view_rplidar_a2m8_launch.py
[0.184s] -- Up-to-date: /home/lucas-fang/ros2_Nav_ws/install/rplidar_ros/share/rplidar_ros/launch/rplidar_s1_launch.py
[0.186s] -- Up-to-date: /home/lucas-fang/ros2_Nav_ws/install/rplidar_ros/share/rplidar_ros/launch/rplidar_a3_launch.py
[0.187s] -- Up-to-date: /home/lucas-fang/ros2_Nav_ws/install/rplidar_ros/share/rplidar_ros/launch/view_rplidar_s3_launch.py
[0.187s] -- Up-to-date: /home/lucas-fang/ros2_Nav_ws/install/rplidar_ros/share/rplidar_ros/launch/view_rplidar_t1_launch.py
[0.187s] -- Up-to-date: /home/lucas-fang/ros2_Nav_ws/install/rplidar_ros/share/rplidar_ros/launch/view_rplidar_a2m7_launch.py
[0.187s] -- Up-to-date: /home/lucas-fang/ros2_Nav_ws/install/rplidar_ros/share/rplidar_ros/launch/view_rplidar_s1_launch.py
[0.187s] -- Up-to-date: /home/lucas-fang/ros2_Nav_ws/install/rplidar_ros/share/rplidar_ros/launch/rplidar_s1_tcp_launch.py
[0.187s] -- Up-to-date: /home/lucas-fang/ros2_Nav_ws/install/rplidar_ros/share/rplidar_ros/launch/rplidar_c1_launch.py
[0.187s] -- Up-to-date: /home/lucas-fang/ros2_Nav_ws/install/rplidar_ros/share/rplidar_ros/launch/rplidar_t1_launch.py
[0.187s] -- Up-to-date: /home/lucas-fang/ros2_Nav_ws/install/rplidar_ros/share/rplidar_ros/launch/rplidar_a2m12_launch.py
[0.187s] -- Up-to-date: /home/lucas-fang/ros2_Nav_ws/install/rplidar_ros/share/rplidar_ros/launch/view_rplidar_s1_tcp_launch.py
[0.187s] -- Up-to-date: /home/lucas-fang/ros2_Nav_ws/install/rplidar_ros/share/rplidar_ros/launch/rplidar_a2m7_launch.py
[0.187s] -- Up-to-date: /home/lucas-fang/ros2_Nav_ws/install/rplidar_ros/share/rplidar_ros/launch/view_rplidar_s2_launch.py
[0.187s] -- Up-to-date: /home/lucas-fang/ros2_Nav_ws/install/rplidar_ros/share/rplidar_ros/launch/view_rplidar_a2m12_launch.py
[0.188s] -- Up-to-date: /home/lucas-fang/ros2_Nav_ws/install/rplidar_ros/share/rplidar_ros/launch/rplidar_s3_launch.py
[0.188s] -- Up-to-date: /home/lucas-fang/ros2_Nav_ws/install/rplidar_ros/share/rplidar_ros/launch/view_rplidar_c1_launch.py
[0.188s] -- Up-to-date: /home/lucas-fang/ros2_Nav_ws/install/rplidar_ros/share/rplidar_ros/rviz
[0.188s] -- Up-to-date: /home/lucas-fang/ros2_Nav_ws/install/rplidar_ros/share/rplidar_ros/rviz/rplidar_ros.rviz
[0.188s] -- Up-to-date: /home/lucas-fang/ros2_Nav_ws/install/rplidar_ros/lib/rplidar_ros/rplidar_node
[0.188s] -- Up-to-date: /home/lucas-fang/ros2_Nav_ws/install/rplidar_ros/lib/rplidar_ros/rplidar_composition
[0.188s] -- Up-to-date: /home/lucas-fang/ros2_Nav_ws/install/rplidar_ros/lib/rplidar_ros/rplidar_client
[0.188s] -- Up-to-date: /home/lucas-fang/ros2_Nav_ws/install/rplidar_ros/share/ament_index/resource_index/package_run_dependencies/rplidar_ros
[0.188s] -- Up-to-date: /home/lucas-fang/ros2_Nav_ws/install/rplidar_ros/share/ament_index/resource_index/parent_prefix_path/rplidar_ros
[0.188s] -- Up-to-date: /home/lucas-fang/ros2_Nav_ws/install/rplidar_ros/share/rplidar_ros/environment/ament_prefix_path.sh
[0.188s] -- Up-to-date: /home/lucas-fang/ros2_Nav_ws/install/rplidar_ros/share/rplidar_ros/environment/ament_prefix_path.dsv
[0.189s] -- Up-to-date: /home/lucas-fang/ros2_Nav_ws/install/rplidar_ros/share/rplidar_ros/environment/path.sh
[0.189s] -- Up-to-date: /home/lucas-fang/ros2_Nav_ws/install/rplidar_ros/share/rplidar_ros/environment/path.dsv
[0.189s] -- Up-to-date: /home/lucas-fang/ros2_Nav_ws/install/rplidar_ros/share/rplidar_ros/local_setup.bash
[0.189s] -- Up-to-date: /home/lucas-fang/ros2_Nav_ws/install/rplidar_ros/share/rplidar_ros/local_setup.sh
[0.189s] -- Up-to-date: /home/lucas-fang/ros2_Nav_ws/install/rplidar_ros/share/rplidar_ros/local_setup.zsh
[0.189s] -- Up-to-date: /home/lucas-fang/ros2_Nav_ws/install/rplidar_ros/share/rplidar_ros/local_setup.dsv
[0.190s] -- Installing: /home/lucas-fang/ros2_Nav_ws/install/rplidar_ros/share/rplidar_ros/package.dsv
[0.190s] -- Up-to-date: /home/lucas-fang/ros2_Nav_ws/install/rplidar_ros/share/ament_index/resource_index/packages/rplidar_ros
[0.190s] -- Up-to-date: /home/lucas-fang/ros2_Nav_ws/install/rplidar_ros/share/rplidar_ros/cmake/ament_cmake_export_dependencies-extras.cmake
[0.191s] -- Up-to-date: /home/lucas-fang/ros2_Nav_ws/install/rplidar_ros/share/rplidar_ros/cmake/ament_cmake_export_include_directories-extras.cmake
[0.191s] -- Up-to-date: /home/lucas-fang/ros2_Nav_ws/install/rplidar_ros/share/rplidar_ros/cmake/rplidar_rosConfig.cmake
[0.191s] -- Up-to-date: /home/lucas-fang/ros2_Nav_ws/install/rplidar_ros/share/rplidar_ros/cmake/rplidar_rosConfig-version.cmake
[0.191s] -- Up-to-date: /home/lucas-fang/ros2_Nav_ws/install/rplidar_ros/share/rplidar_ros/package.xml
[0.199s] Invoked command in '/home/lucas-fang/ros2_Nav_ws/build/rplidar_ros' returned '0': CMAKE_PREFIX_PATH=${CMAKE_PREFIX_PATH}:/opt/ros/humble /usr/bin/cmake --install /home/lucas-fang/ros2_Nav_ws/build/rplidar_ros
