[0.029s] Invoking command in '/home/lucas-fang/ros2_Nav_ws/build/my_map_server': CMAKE_PREFIX_PATH=${CMAKE_PREFIX_PATH}:/opt/ros/humble /usr/bin/cmake --build /home/lucas-fang/ros2_Nav_ws/build/my_map_server -- -j4 -l4
[0.109s] Invoked command in '/home/lucas-fang/ros2_Nav_ws/build/my_map_server' returned '0': CMAKE_PREFIX_PATH=${CMAKE_PREFIX_PATH}:/opt/ros/humble /usr/bin/cmake --build /home/lucas-fang/ros2_Nav_ws/build/my_map_server -- -j4 -l4
[0.138s] Invoking command in '/home/lucas-fang/ros2_Nav_ws/build/my_map_server': CMAKE_PREFIX_PATH=${CMAKE_PREFIX_PATH}:/opt/ros/humble /usr/bin/cmake --install /home/lucas-fang/ros2_Nav_ws/build/my_map_server
[0.163s] -- Install configuration: ""
[0.163s] -- Up-to-date: /home/lucas-fang/ros2_Nav_ws/install/my_map_server/share/my_map_server/launch
[0.163s] -- Up-to-date: /home/lucas-fang/ros2_Nav_ws/install/my_map_server/share/my_map_server/launch/read_map_server.launch.py
[0.163s] -- Up-to-date: /home/lucas-fang/ros2_Nav_ws/install/my_map_server/share/ament_index/resource_index/package_run_dependencies/my_map_server
[0.163s] -- Up-to-date: /home/lucas-fang/ros2_Nav_ws/install/my_map_server/share/ament_index/resource_index/parent_prefix_path/my_map_server
[0.163s] -- Up-to-date: /home/lucas-fang/ros2_Nav_ws/install/my_map_server/share/my_map_server/environment/ament_prefix_path.sh
[0.163s] -- Up-to-date: /home/lucas-fang/ros2_Nav_ws/install/my_map_server/share/my_map_server/environment/ament_prefix_path.dsv
[0.164s] -- Up-to-date: /home/lucas-fang/ros2_Nav_ws/install/my_map_server/share/my_map_server/environment/path.sh
[0.164s] -- Up-to-date: /home/lucas-fang/ros2_Nav_ws/install/my_map_server/share/my_map_server/environment/path.dsv
[0.164s] -- Up-to-date: /home/lucas-fang/ros2_Nav_ws/install/my_map_server/share/my_map_server/local_setup.bash
[0.166s] -- Up-to-date: /home/lucas-fang/ros2_Nav_ws/install/my_map_server/share/my_map_server/local_setup.sh
[0.167s] -- Up-to-date: /home/lucas-fang/ros2_Nav_ws/install/my_map_server/share/my_map_server/local_setup.zsh
[0.168s] -- Up-to-date: /home/lucas-fang/ros2_Nav_ws/install/my_map_server/share/my_map_server/local_setup.dsv
[0.168s] -- Installing: /home/lucas-fang/ros2_Nav_ws/install/my_map_server/share/my_map_server/package.dsv
[0.169s] -- Up-to-date: /home/lucas-fang/ros2_Nav_ws/install/my_map_server/share/ament_index/resource_index/packages/my_map_server
[0.169s] -- Up-to-date: /home/lucas-fang/ros2_Nav_ws/install/my_map_server/share/my_map_server/cmake/my_map_serverConfig.cmake
[0.170s] -- Up-to-date: /home/lucas-fang/ros2_Nav_ws/install/my_map_server/share/my_map_server/cmake/my_map_serverConfig-version.cmake
[0.170s] -- Up-to-date: /home/lucas-fang/ros2_Nav_ws/install/my_map_server/share/my_map_server/package.xml
[0.171s] Invoked command in '/home/lucas-fang/ros2_Nav_ws/build/my_map_server' returned '0': CMAKE_PREFIX_PATH=${CMAKE_PREFIX_PATH}:/opt/ros/humble /usr/bin/cmake --install /home/lucas-fang/ros2_Nav_ws/build/my_map_server
