[0.031s] Invoking command in '/home/lucas-fang/ros2_Nav_ws/build/rplidar_ros': CMAKE_PREFIX_PATH=${CMAKE_PREFIX_PATH}:/opt/ros/humble /usr/bin/cmake --build /home/lucas-fang/ros2_Nav_ws/build/rplidar_ros -- -j4 -l4
[0.199s] [  5%] Built target rplidar_client
[0.236s] [ 52%] Built target rplidar_node
[0.236s] [100%] Built target rplidar_composition
[0.269s] Invoked command in '/home/lucas-fang/ros2_Nav_ws/build/rplidar_ros' returned '0': CMAKE_PREFIX_PATH=${CMAKE_PREFIX_PATH}:/opt/ros/humble /usr/bin/cmake --build /home/lucas-fang/ros2_Nav_ws/build/rplidar_ros -- -j4 -l4
[0.270s] Invoking command in '/home/lucas-fang/ros2_Nav_ws/build/rplidar_ros': CMAKE_PREFIX_PATH=${CMAKE_PREFIX_PATH}:/opt/ros/humble /usr/bin/cmake --install /home/lucas-fang/ros2_Nav_ws/build/rplidar_ros
[0.286s] -- Install configuration: ""
[0.287s] -- Up-to-date: /home/lucas-fang/ros2_Nav_ws/install/rplidar_ros/share/rplidar_ros/launch
[0.287s] -- Up-to-date: /home/lucas-fang/ros2_Nav_ws/install/rplidar_ros/share/rplidar_ros/launch/rplidar_a1_launch.py
[0.288s] -- Up-to-date: /home/lucas-fang/ros2_Nav_ws/install/rplidar_ros/share/rplidar_ros/launch/rplidar_a2m8_launch.py
[0.289s] -- Up-to-date: /home/lucas-fang/ros2_Nav_ws/install/rplidar_ros/share/rplidar_ros/launch/view_rplidar_a3_launch.py
[0.290s] -- Up-to-date: /home/lucas-fang/ros2_Nav_ws/install/rplidar_ros/share/rplidar_ros/launch/rplidar_s2e_launch.py
[0.290s] -- Up-to-date: /home/lucas-fang/ros2_Nav_ws/install/rplidar_ros/share/rplidar_ros/launch/view_rplidar_a1_launch.py
[0.293s] -- Up-to-date: /home/lucas-fang/ros2_Nav_ws/install/rplidar_ros/share/rplidar_ros/launch/view_rplidar_s2e_launch.py
[0.294s] -- Up-to-date: /home/lucas-fang/ros2_Nav_ws/install/rplidar_ros/share/rplidar_ros/launch/rplidar_s2_launch.py
[0.294s] -- Up-to-date: /home/lucas-fang/ros2_Nav_ws/install/rplidar_ros/share/rplidar_ros/launch/view_rplidar_a2m8_launch.py
[0.296s] -- Up-to-date: /home/lucas-fang/ros2_Nav_ws/install/rplidar_ros/share/rplidar_ros/launch/rplidar_s1_launch.py
[0.296s] -- Up-to-date: /home/lucas-fang/ros2_Nav_ws/install/rplidar_ros/share/rplidar_ros/launch/rplidar_a3_launch.py
[0.298s] -- Up-to-date: /home/lucas-fang/ros2_Nav_ws/install/rplidar_ros/share/rplidar_ros/launch/view_rplidar_s3_launch.py
[0.298s] -- Up-to-date: /home/lucas-fang/ros2_Nav_ws/install/rplidar_ros/share/rplidar_ros/launch/view_rplidar_t1_launch.py
[0.298s] -- Up-to-date: /home/lucas-fang/ros2_Nav_ws/install/rplidar_ros/share/rplidar_ros/launch/view_rplidar_a2m7_launch.py
[0.299s] -- Up-to-date: /home/lucas-fang/ros2_Nav_ws/install/rplidar_ros/share/rplidar_ros/launch/view_rplidar_s1_launch.py
[0.299s] -- Up-to-date: /home/lucas-fang/ros2_Nav_ws/install/rplidar_ros/share/rplidar_ros/launch/rplidar_s1_tcp_launch.py
[0.299s] -- Up-to-date: /home/lucas-fang/ros2_Nav_ws/install/rplidar_ros/share/rplidar_ros/launch/rplidar_c1_launch.py
[0.300s] -- Up-to-date: /home/lucas-fang/ros2_Nav_ws/install/rplidar_ros/share/rplidar_ros/launch/rplidar_t1_launch.py
[0.301s] -- Up-to-date: /home/lucas-fang/ros2_Nav_ws/install/rplidar_ros/share/rplidar_ros/launch/rplidar_a2m12_launch.py
[0.301s] -- Up-to-date: /home/lucas-fang/ros2_Nav_ws/install/rplidar_ros/share/rplidar_ros/launch/view_rplidar_s1_tcp_launch.py
[0.301s] -- Up-to-date: /home/lucas-fang/ros2_Nav_ws/install/rplidar_ros/share/rplidar_ros/launch/rplidar_a2m7_launch.py
[0.301s] -- Up-to-date: /home/lucas-fang/ros2_Nav_ws/install/rplidar_ros/share/rplidar_ros/launch/view_rplidar_s2_launch.py
[0.301s] -- Up-to-date: /home/lucas-fang/ros2_Nav_ws/install/rplidar_ros/share/rplidar_ros/launch/view_rplidar_a2m12_launch.py
[0.301s] -- Up-to-date: /home/lucas-fang/ros2_Nav_ws/install/rplidar_ros/share/rplidar_ros/launch/rplidar_s3_launch.py
[0.301s] -- Up-to-date: /home/lucas-fang/ros2_Nav_ws/install/rplidar_ros/share/rplidar_ros/launch/view_rplidar_c1_launch.py
[0.301s] -- Up-to-date: /home/lucas-fang/ros2_Nav_ws/install/rplidar_ros/share/rplidar_ros/rviz
[0.302s] -- Up-to-date: /home/lucas-fang/ros2_Nav_ws/install/rplidar_ros/share/rplidar_ros/rviz/rplidar_ros.rviz
[0.302s] -- Up-to-date: /home/lucas-fang/ros2_Nav_ws/install/rplidar_ros/lib/rplidar_ros/rplidar_node
[0.302s] -- Up-to-date: /home/lucas-fang/ros2_Nav_ws/install/rplidar_ros/lib/rplidar_ros/rplidar_composition
[0.302s] -- Up-to-date: /home/lucas-fang/ros2_Nav_ws/install/rplidar_ros/lib/rplidar_ros/rplidar_client
[0.302s] -- Up-to-date: /home/lucas-fang/ros2_Nav_ws/install/rplidar_ros/share/ament_index/resource_index/package_run_dependencies/rplidar_ros
[0.302s] -- Up-to-date: /home/lucas-fang/ros2_Nav_ws/install/rplidar_ros/share/ament_index/resource_index/parent_prefix_path/rplidar_ros
[0.302s] -- Up-to-date: /home/lucas-fang/ros2_Nav_ws/install/rplidar_ros/share/rplidar_ros/environment/ament_prefix_path.sh
[0.306s] -- Up-to-date: /home/lucas-fang/ros2_Nav_ws/install/rplidar_ros/share/rplidar_ros/environment/ament_prefix_path.dsv
[0.307s] -- Up-to-date: /home/lucas-fang/ros2_Nav_ws/install/rplidar_ros/share/rplidar_ros/environment/path.sh
[0.308s] -- Up-to-date: /home/lucas-fang/ros2_Nav_ws/install/rplidar_ros/share/rplidar_ros/environment/path.dsv
[0.308s] -- Up-to-date: /home/lucas-fang/ros2_Nav_ws/install/rplidar_ros/share/rplidar_ros/local_setup.bash
[0.310s] -- Up-to-date: /home/lucas-fang/ros2_Nav_ws/install/rplidar_ros/share/rplidar_ros/local_setup.sh
[0.310s] -- Up-to-date: /home/lucas-fang/ros2_Nav_ws/install/rplidar_ros/share/rplidar_ros/local_setup.zsh
[0.311s] -- Up-to-date: /home/lucas-fang/ros2_Nav_ws/install/rplidar_ros/share/rplidar_ros/local_setup.dsv
[0.312s] -- Installing: /home/lucas-fang/ros2_Nav_ws/install/rplidar_ros/share/rplidar_ros/package.dsv
[0.312s] -- Up-to-date: /home/lucas-fang/ros2_Nav_ws/install/rplidar_ros/share/ament_index/resource_index/packages/rplidar_ros
[0.312s] -- Up-to-date: /home/lucas-fang/ros2_Nav_ws/install/rplidar_ros/share/rplidar_ros/cmake/ament_cmake_export_dependencies-extras.cmake
[0.312s] -- Up-to-date: /home/lucas-fang/ros2_Nav_ws/install/rplidar_ros/share/rplidar_ros/cmake/ament_cmake_export_include_directories-extras.cmake
[0.312s] -- Up-to-date: /home/lucas-fang/ros2_Nav_ws/install/rplidar_ros/share/rplidar_ros/cmake/rplidar_rosConfig.cmake
[0.313s] -- Up-to-date: /home/lucas-fang/ros2_Nav_ws/install/rplidar_ros/share/rplidar_ros/cmake/rplidar_rosConfig-version.cmake
[0.314s] -- Up-to-date: /home/lucas-fang/ros2_Nav_ws/install/rplidar_ros/share/rplidar_ros/package.xml
[0.315s] Invoked command in '/home/lucas-fang/ros2_Nav_ws/build/rplidar_ros' returned '0': CMAKE_PREFIX_PATH=${CMAKE_PREFIX_PATH}:/opt/ros/humble /usr/bin/cmake --install /home/lucas-fang/ros2_Nav_ws/build/rplidar_ros
