[0.024s] Invoking command in '/home/lucas-fang/ros2_Nav_ws/build/navigation2_config': CMAKE_PREFIX_PATH=${CMAKE_PREFIX_PATH}:/opt/ros/humble /usr/bin/cmake --build /home/lucas-fang/ros2_Nav_ws/build/navigation2_config -- -j4 -l4
[0.078s] Invoked command in '/home/lucas-fang/ros2_Nav_ws/build/navigation2_config' returned '0': CMAKE_PREFIX_PATH=${CMAKE_PREFIX_PATH}:/opt/ros/humble /usr/bin/cmake --build /home/lucas-fang/ros2_Nav_ws/build/navigation2_config -- -j4 -l4
[0.079s] Invoking command in '/home/lucas-fang/ros2_Nav_ws/build/navigation2_config': CMAKE_PREFIX_PATH=${CMAKE_PREFIX_PATH}:/opt/ros/humble /usr/bin/cmake --install /home/lucas-fang/ros2_Nav_ws/build/navigation2_config
[0.097s] -- Install configuration: ""
[0.098s] -- Up-to-date: /home/lucas-fang/ros2_Nav_ws/install/navigation2_config/share/navigation2_config/launch
[0.098s] -- Up-to-date: /home/lucas-fang/ros2_Nav_ws/install/navigation2_config/share/navigation2_config/launch/fish_robot_nav2.launch.py
[0.099s] -- Up-to-date: /home/lucas-fang/ros2_Nav_ws/install/navigation2_config/share/navigation2_config/launch/bringup.launch.py
[0.099s] -- Up-to-date: /home/lucas-fang/ros2_Nav_ws/install/navigation2_config/share/navigation2_config/launch/nav2.launch.py
[0.099s] -- Up-to-date: /home/lucas-fang/ros2_Nav_ws/install/navigation2_config/share/navigation2_config/params
[0.099s] -- Up-to-date: /home/lucas-fang/ros2_Nav_ws/install/navigation2_config/share/navigation2_config/params/behavior.yaml
[0.099s] -- Up-to-date: /home/lucas-fang/ros2_Nav_ws/install/navigation2_config/share/navigation2_config/params/velocity.yaml
[0.099s] -- Up-to-date: /home/lucas-fang/ros2_Nav_ws/install/navigation2_config/share/navigation2_config/params/controller.yaml
[0.099s] -- Up-to-date: /home/lucas-fang/ros2_Nav_ws/install/navigation2_config/share/navigation2_config/params/waypoint.yaml
[0.099s] -- Up-to-date: /home/lucas-fang/ros2_Nav_ws/install/navigation2_config/share/navigation2_config/params/smootherr.yaml
[0.099s] -- Installing: /home/lucas-fang/ros2_Nav_ws/install/navigation2_config/share/navigation2_config/params/planner.yaml
[0.100s] -- Up-to-date: /home/lucas-fang/ros2_Nav_ws/install/navigation2_config/share/navigation2_config/params/bt.yaml
[0.100s] -- Up-to-date: /home/lucas-fang/ros2_Nav_ws/install/navigation2_config/share/navigation2_config/bts
[0.100s] -- Up-to-date: /home/lucas-fang/ros2_Nav_ws/install/navigation2_config/share/navigation2_config/bts/bt_planner_controller_behavior.xml
[0.100s] -- Up-to-date: /home/lucas-fang/ros2_Nav_ws/install/navigation2_config/share/navigation2_config/bts/bt_planner_controller_behavior_poses.xml
[0.100s] -- Up-to-date: /home/lucas-fang/ros2_Nav_ws/install/navigation2_config/share/navigation2_config/config
[0.103s] -- Installing: /home/lucas-fang/ros2_Nav_ws/install/navigation2_config/share/navigation2_config/config/nav2_params.yaml
[0.107s] -- Up-to-date: /home/lucas-fang/ros2_Nav_ws/install/navigation2_config/share/ament_index/resource_index/package_run_dependencies/navigation2_config
[0.108s] -- Up-to-date: /home/lucas-fang/ros2_Nav_ws/install/navigation2_config/share/ament_index/resource_index/parent_prefix_path/navigation2_config
[0.108s] -- Up-to-date: /home/lucas-fang/ros2_Nav_ws/install/navigation2_config/share/navigation2_config/environment/ament_prefix_path.sh
[0.109s] -- Up-to-date: /home/lucas-fang/ros2_Nav_ws/install/navigation2_config/share/navigation2_config/environment/ament_prefix_path.dsv
[0.109s] -- Up-to-date: /home/lucas-fang/ros2_Nav_ws/install/navigation2_config/share/navigation2_config/environment/path.sh
[0.110s] -- Up-to-date: /home/lucas-fang/ros2_Nav_ws/install/navigation2_config/share/navigation2_config/environment/path.dsv
[0.111s] -- Up-to-date: /home/lucas-fang/ros2_Nav_ws/install/navigation2_config/share/navigation2_config/local_setup.bash
[0.111s] -- Up-to-date: /home/lucas-fang/ros2_Nav_ws/install/navigation2_config/share/navigation2_config/local_setup.sh
[0.113s] -- Up-to-date: /home/lucas-fang/ros2_Nav_ws/install/navigation2_config/share/navigation2_config/local_setup.zsh
[0.114s] -- Up-to-date: /home/lucas-fang/ros2_Nav_ws/install/navigation2_config/share/navigation2_config/local_setup.dsv
[0.114s] -- Installing: /home/lucas-fang/ros2_Nav_ws/install/navigation2_config/share/navigation2_config/package.dsv
[0.115s] -- Up-to-date: /home/lucas-fang/ros2_Nav_ws/install/navigation2_config/share/ament_index/resource_index/packages/navigation2_config
[0.116s] -- Up-to-date: /home/lucas-fang/ros2_Nav_ws/install/navigation2_config/share/navigation2_config/cmake/navigation2_configConfig.cmake
[0.116s] -- Up-to-date: /home/lucas-fang/ros2_Nav_ws/install/navigation2_config/share/navigation2_config/cmake/navigation2_configConfig-version.cmake
[0.118s] -- Up-to-date: /home/lucas-fang/ros2_Nav_ws/install/navigation2_config/share/navigation2_config/package.xml
[0.128s] Invoked command in '/home/lucas-fang/ros2_Nav_ws/build/navigation2_config' returned '0': CMAKE_PREFIX_PATH=${CMAKE_PREFIX_PATH}:/opt/ros/humble /usr/bin/cmake --install /home/lucas-fang/ros2_Nav_ws/build/navigation2_config
