[0.013s] Invoking command in '/home/lucas-fang/ros2_Nav_ws/build/serial_pkg': CMAKE_PREFIX_PATH=/home/lucas-fang/ros2_Nav_ws/install/base_interfaces:/home/lucas-fang/ros2_Nav_ws/install/serial_pkg:/home/lucas-fang/ros2_Nav_ws/install/rplidar_ros:/opt/ros/humble /usr/bin/cmake --build /home/lucas-fang/ros2_Nav_ws/build/serial_pkg -- -j4 -l4
[0.035s] -- Found ament_cmake: 1.3.11 (/opt/ros/humble/share/ament_cmake/cmake)
[0.147s] -- Found rclcpp: 16.0.12 (/opt/ros/humble/share/rclcpp/cmake)
[0.172s] -- Found rosidl_generator_c: 3.1.6 (/opt/ros/humble/share/rosidl_generator_c/cmake)
[0.174s] -- Found rosidl_adapter: 3.1.6 (/opt/ros/humble/share/rosidl_adapter/cmake)
[0.179s] -- Found rosidl_generator_cpp: 3.1.6 (/opt/ros/humble/share/rosidl_generator_cpp/cmake)
[0.188s] -- Using all available rosidl_typesupport_c: rosidl_typesupport_fastrtps_c;rosidl_typesupport_introspection_c
[0.200s] -- Using all available rosidl_typesupport_cpp: rosidl_typesupport_fastrtps_cpp;rosidl_typesupport_introspection_cpp
[0.228s] -- Found rmw_implementation_cmake: 6.1.2 (/opt/ros/humble/share/rmw_implementation_cmake/cmake)
[0.230s] -- Found rmw_fastrtps_cpp: 6.2.7 (/opt/ros/humble/share/rmw_fastrtps_cpp/cmake)
[0.318s] -- Using RMW implementation 'rmw_fastrtps_cpp' as default
[0.361s] -- Found geometry_msgs: 4.9.0 (/opt/ros/humble/share/geometry_msgs/cmake)
[0.372s] -- Found sensor_msgs: 4.9.0 (/opt/ros/humble/share/sensor_msgs/cmake)
[0.388s] -- Found serial_driver: 1.2.0 (/opt/ros/humble/share/serial_driver/cmake)
[0.402s] -- Found asio_cmake_module: 1.2.0 (/opt/ros/humble/share/asio_cmake_module/cmake)
[0.438s] -- Found tf2: 0.25.13 (/opt/ros/humble/share/tf2/cmake)
[0.440s] -- Found tf2_ros: 0.25.13 (/opt/ros/humble/share/tf2_ros/cmake)
[0.494s] -- Found base_interfaces: 0.0.0 (/home/lucas-fang/ros2_Nav_ws/install/base_interfaces/share/base_interfaces/cmake)
[0.501s] -- Found nav_msgs: 4.9.0 (/opt/ros/humble/share/nav_msgs/cmake)
[0.527s] [31mCMake Error at CMakeLists.txt:18 (find_package):
[0.527s]   By not providing "Findros2launch.cmake" in CMAKE_MODULE_PATH this project
[0.527s]   has asked CMake to find a package configuration file provided by
[0.527s]   "ros2launch", but CMake did not find one.
[0.527s] 
[0.528s]   Could not find a package configuration file provided by "ros2launch" with
[0.528s]   any of the following names:
[0.528s] 
[0.528s]     ros2launchConfig.cmake
[0.528s]     ros2launch-config.cmake
[0.528s] 
[0.528s]   Add the installation prefix of "ros2launch" to CMAKE_PREFIX_PATH or set
[0.528s]   "ros2launch_DIR" to a directory containing one of the above files.  If
[0.528s]   "ros2launch" provides a separate development package or SDK, be sure it has
[0.528s]   been installed.
[0.528s] 
[0.528s] [0m
[0.529s] -- Configuring incomplete, errors occurred!
[0.529s] See also "/home/lucas-fang/ros2_Nav_ws/build/serial_pkg/CMakeFiles/CMakeOutput.log".
[0.534s] gmake: *** [Makefile:390: cmake_check_build_system] Error 1
[0.536s] Invoked command in '/home/lucas-fang/ros2_Nav_ws/build/serial_pkg' returned '2': CMAKE_PREFIX_PATH=/home/lucas-fang/ros2_Nav_ws/install/base_interfaces:/home/lucas-fang/ros2_Nav_ws/install/serial_pkg:/home/lucas-fang/ros2_Nav_ws/install/rplidar_ros:/opt/ros/humble /usr/bin/cmake --build /home/lucas-fang/ros2_Nav_ws/build/serial_pkg -- -j4 -l4
