-- Found ament_cmake: 1.3.11 (/opt/ros/humble/share/ament_cmake/cmake)
-- Found rclcpp: 16.0.12 (/opt/ros/humble/share/rclcpp/cmake)
-- Found rosidl_generator_c: 3.1.6 (/opt/ros/humble/share/rosidl_generator_c/cmake)
-- Found rosidl_adapter: 3.1.6 (/opt/ros/humble/share/rosidl_adapter/cmake)
-- Found rosidl_generator_cpp: 3.1.6 (/opt/ros/humble/share/rosidl_generator_cpp/cmake)
-- Using all available rosidl_typesupport_c: rosidl_typesupport_fastrtps_c;rosidl_typesupport_introspection_c
-- Using all available rosidl_typesupport_cpp: rosidl_typesupport_fastrtps_cpp;rosidl_typesupport_introspection_cpp
-- Found rmw_implementation_cmake: 6.1.2 (/opt/ros/humble/share/rmw_implementation_cmake/cmake)
-- Found rmw_fastrtps_cpp: 6.2.7 (/opt/ros/humble/share/rmw_fastrtps_cpp/cmake)
-- Using RMW implementation 'rmw_fastrtps_cpp' as default
-- Found geometry_msgs: 4.9.0 (/opt/ros/humble/share/geometry_msgs/cmake)
-- Found sensor_msgs: 4.9.0 (/opt/ros/humble/share/sensor_msgs/cmake)
-- Found serial_driver: 1.2.0 (/opt/ros/humble/share/serial_driver/cmake)
-- Found asio_cmake_module: 1.2.0 (/opt/ros/humble/share/asio_cmake_module/cmake)
-- Found tf2: 0.25.13 (/opt/ros/humble/share/tf2/cmake)
-- Found tf2_ros: 0.25.13 (/opt/ros/humble/share/tf2_ros/cmake)
-- Found base_interfaces: 0.0.0 (/home/lucas-fang/ros2_Nav_ws/install/base_interfaces/share/base_interfaces/cmake)
[31mCMake Error at /opt/ros/humble/share/ament_cmake_target_dependencies/cmake/ament_target_dependencies.cmake:77 (message):
  ament_target_dependencies() the passed package name 'nav_msgs' was not
  found before
Call Stack (most recent call first):
  CMakeLists.txt:53 (ament_target_dependencies)

[0m
-- Configuring incomplete, errors occurred!
See also "/home/lucas-fang/ros2_Nav_ws/build/serial_pkg/CMakeFiles/CMakeOutput.log".
gmake: *** [Makefile:390: cmake_check_build_system] Error 1
