[0.100s] DEBUG:colcon:Command line arguments: ['/usr/bin/colcon', 'build']
[0.100s] DEBUG:colcon:Parsed command line arguments: Namespace(log_base=None, log_level=None, verb_name='build', build_base='build', install_base='install', merge_install=False, symlink_install=False, test_result_base=None, continue_on_error=False, executor='parallel', parallel_workers=4, event_handlers=None, ignore_user_meta=False, metas=['./colcon.meta'], base_paths=['.'], packages_ignore=None, packages_ignore_regex=None, paths=None, packages_up_to=None, packages_up_to_regex=None, packages_above=None, packages_above_and_dependencies=None, packages_above_depth=None, packages_select_by_dep=None, packages_skip_by_dep=None, packages_skip_up_to=None, packages_select_build_failed=False, packages_skip_build_finished=False, packages_select_test_failures=False, packages_skip_test_passed=False, packages_select=None, packages_skip=None, packages_select_regex=None, packages_skip_regex=None, packages_start=None, packages_end=None, allow_overriding=[], cmake_args=['-DCMAKE_EXPORT_COMPILE_COMMANDS=ON'], cmake_target=None, cmake_target_skip_unavailable=False, cmake_clean_cache=False, cmake_clean_first=False, cmake_force_configure=False, ament_cmake_args=None, catkin_cmake_args=None, catkin_skip_building_tests=False, mixin_files=None, mixin=None, verb_parser=<colcon_mixin.mixin.mixin_argument.MixinArgumentDecorator object at 0x712096b60d60>, verb_extension=<colcon_core.verb.build.BuildVerb object at 0x712096c69c60>, main=<bound method BuildVerb.main of <colcon_core.verb.build.BuildVerb object at 0x712096c69c60>>, mixin_verb=('build',))
[0.261s] Level 1:colcon.colcon_core.package_discovery:discover_packages(colcon_meta) check parameters
[0.261s] Level 1:colcon.colcon_core.package_discovery:discover_packages(recursive) check parameters
[0.261s] Level 1:colcon.colcon_core.package_discovery:discover_packages(ignore) check parameters
[0.261s] Level 1:colcon.colcon_core.package_discovery:discover_packages(path) check parameters
[0.261s] Level 1:colcon.colcon_core.package_discovery:discover_packages(colcon_meta) discover
[0.261s] Level 1:colcon.colcon_core.package_discovery:discover_packages(recursive) discover
[0.261s] INFO:colcon.colcon_core.package_discovery:Crawling recursively for packages in '/home/lucas-fang/ros2_Nav_ws'
[0.261s] Level 1:colcon.colcon_core.package_identification:_identify(.) by extensions ['ignore', 'ignore_ament_install']
[0.261s] Level 1:colcon.colcon_core.package_identification:_identify(.) by extension 'ignore'
[0.261s] Level 1:colcon.colcon_core.package_identification:_identify(.) by extension 'ignore_ament_install'
[0.261s] Level 1:colcon.colcon_core.package_identification:_identify(.) by extensions ['colcon_pkg']
[0.261s] Level 1:colcon.colcon_core.package_identification:_identify(.) by extension 'colcon_pkg'
[0.261s] Level 1:colcon.colcon_core.package_identification:_identify(.) by extensions ['colcon_meta']
[0.261s] Level 1:colcon.colcon_core.package_identification:_identify(.) by extension 'colcon_meta'
[0.262s] Level 1:colcon.colcon_core.package_identification:_identify(.) by extensions ['ros']
[0.262s] Level 1:colcon.colcon_core.package_identification:_identify(.) by extension 'ros'
[0.272s] Level 1:colcon.colcon_core.package_identification:_identify(.) by extensions ['cmake', 'python']
[0.272s] Level 1:colcon.colcon_core.package_identification:_identify(.) by extension 'cmake'
[0.272s] Level 1:colcon.colcon_core.package_identification:_identify(.) by extension 'python'
[0.272s] Level 1:colcon.colcon_core.package_identification:_identify(.) by extensions ['python_setup_py']
[0.272s] Level 1:colcon.colcon_core.package_identification:_identify(.) by extension 'python_setup_py'
[0.273s] Level 1:colcon.colcon_core.package_identification:_identify(build) by extensions ['ignore', 'ignore_ament_install']
[0.273s] Level 1:colcon.colcon_core.package_identification:_identify(build) by extension 'ignore'
[0.273s] Level 1:colcon.colcon_core.package_identification:_identify(build) ignored
[0.273s] Level 1:colcon.colcon_core.package_identification:_identify(install) by extensions ['ignore', 'ignore_ament_install']
[0.273s] Level 1:colcon.colcon_core.package_identification:_identify(install) by extension 'ignore'
[0.273s] Level 1:colcon.colcon_core.package_identification:_identify(install) ignored
[0.273s] Level 1:colcon.colcon_core.package_identification:_identify(log) by extensions ['ignore', 'ignore_ament_install']
[0.273s] Level 1:colcon.colcon_core.package_identification:_identify(log) by extension 'ignore'
[0.273s] Level 1:colcon.colcon_core.package_identification:_identify(log) ignored
[0.274s] Level 1:colcon.colcon_core.package_identification:_identify(map) by extensions ['ignore', 'ignore_ament_install']
[0.274s] Level 1:colcon.colcon_core.package_identification:_identify(map) by extension 'ignore'
[0.274s] Level 1:colcon.colcon_core.package_identification:_identify(map) by extension 'ignore_ament_install'
[0.274s] Level 1:colcon.colcon_core.package_identification:_identify(map) by extensions ['colcon_pkg']
[0.274s] Level 1:colcon.colcon_core.package_identification:_identify(map) by extension 'colcon_pkg'
[0.274s] Level 1:colcon.colcon_core.package_identification:_identify(map) by extensions ['colcon_meta']
[0.274s] Level 1:colcon.colcon_core.package_identification:_identify(map) by extension 'colcon_meta'
[0.274s] Level 1:colcon.colcon_core.package_identification:_identify(map) by extensions ['ros']
[0.274s] Level 1:colcon.colcon_core.package_identification:_identify(map) by extension 'ros'
[0.274s] Level 1:colcon.colcon_core.package_identification:_identify(map) by extensions ['cmake', 'python']
[0.274s] Level 1:colcon.colcon_core.package_identification:_identify(map) by extension 'cmake'
[0.274s] Level 1:colcon.colcon_core.package_identification:_identify(map) by extension 'python'
[0.274s] Level 1:colcon.colcon_core.package_identification:_identify(map) by extensions ['python_setup_py']
[0.274s] Level 1:colcon.colcon_core.package_identification:_identify(map) by extension 'python_setup_py'
[0.274s] Level 1:colcon.colcon_core.package_identification:_identify(src) by extensions ['ignore', 'ignore_ament_install']
[0.274s] Level 1:colcon.colcon_core.package_identification:_identify(src) by extension 'ignore'
[0.274s] Level 1:colcon.colcon_core.package_identification:_identify(src) by extension 'ignore_ament_install'
[0.274s] Level 1:colcon.colcon_core.package_identification:_identify(src) by extensions ['colcon_pkg']
[0.275s] Level 1:colcon.colcon_core.package_identification:_identify(src) by extension 'colcon_pkg'
[0.275s] Level 1:colcon.colcon_core.package_identification:_identify(src) by extensions ['colcon_meta']
[0.275s] Level 1:colcon.colcon_core.package_identification:_identify(src) by extension 'colcon_meta'
[0.275s] Level 1:colcon.colcon_core.package_identification:_identify(src) by extensions ['ros']
[0.275s] Level 1:colcon.colcon_core.package_identification:_identify(src) by extension 'ros'
[0.275s] Level 1:colcon.colcon_core.package_identification:_identify(src) by extensions ['cmake', 'python']
[0.275s] Level 1:colcon.colcon_core.package_identification:_identify(src) by extension 'cmake'
[0.275s] Level 1:colcon.colcon_core.package_identification:_identify(src) by extension 'python'
[0.275s] Level 1:colcon.colcon_core.package_identification:_identify(src) by extensions ['python_setup_py']
[0.275s] Level 1:colcon.colcon_core.package_identification:_identify(src) by extension 'python_setup_py'
[0.275s] Level 1:colcon.colcon_core.package_identification:_identify(src/base_driver_pkg) by extensions ['ignore', 'ignore_ament_install']
[0.275s] Level 1:colcon.colcon_core.package_identification:_identify(src/base_driver_pkg) by extension 'ignore'
[0.275s] Level 1:colcon.colcon_core.package_identification:_identify(src/base_driver_pkg) by extension 'ignore_ament_install'
[0.275s] Level 1:colcon.colcon_core.package_identification:_identify(src/base_driver_pkg) by extensions ['colcon_pkg']
[0.275s] Level 1:colcon.colcon_core.package_identification:_identify(src/base_driver_pkg) by extension 'colcon_pkg'
[0.275s] Level 1:colcon.colcon_core.package_identification:_identify(src/base_driver_pkg) by extensions ['colcon_meta']
[0.275s] Level 1:colcon.colcon_core.package_identification:_identify(src/base_driver_pkg) by extension 'colcon_meta'
[0.275s] Level 1:colcon.colcon_core.package_identification:_identify(src/base_driver_pkg) by extensions ['ros']
[0.275s] Level 1:colcon.colcon_core.package_identification:_identify(src/base_driver_pkg) by extension 'ros'
[0.278s] DEBUG:colcon.colcon_core.package_identification:Package 'src/base_driver_pkg' with type 'ros.ament_cmake' and name 'base_driver_pkg'
[0.279s] Level 1:colcon.colcon_core.package_identification:_identify(src/base_interfaces) by extensions ['ignore', 'ignore_ament_install']
[0.279s] Level 1:colcon.colcon_core.package_identification:_identify(src/base_interfaces) by extension 'ignore'
[0.279s] Level 1:colcon.colcon_core.package_identification:_identify(src/base_interfaces) by extension 'ignore_ament_install'
[0.279s] Level 1:colcon.colcon_core.package_identification:_identify(src/base_interfaces) by extensions ['colcon_pkg']
[0.279s] Level 1:colcon.colcon_core.package_identification:_identify(src/base_interfaces) by extension 'colcon_pkg'
[0.279s] Level 1:colcon.colcon_core.package_identification:_identify(src/base_interfaces) by extensions ['colcon_meta']
[0.279s] Level 1:colcon.colcon_core.package_identification:_identify(src/base_interfaces) by extension 'colcon_meta'
[0.279s] Level 1:colcon.colcon_core.package_identification:_identify(src/base_interfaces) by extensions ['ros']
[0.279s] Level 1:colcon.colcon_core.package_identification:_identify(src/base_interfaces) by extension 'ros'
[0.280s] DEBUG:colcon.colcon_core.package_identification:Package 'src/base_interfaces' with type 'ros.ament_cmake' and name 'base_interfaces'
[0.280s] Level 1:colcon.colcon_core.package_identification:_identify(src/localization_pkg) by extensions ['ignore', 'ignore_ament_install']
[0.280s] Level 1:colcon.colcon_core.package_identification:_identify(src/localization_pkg) by extension 'ignore'
[0.280s] Level 1:colcon.colcon_core.package_identification:_identify(src/localization_pkg) by extension 'ignore_ament_install'
[0.280s] Level 1:colcon.colcon_core.package_identification:_identify(src/localization_pkg) by extensions ['colcon_pkg']
[0.280s] Level 1:colcon.colcon_core.package_identification:_identify(src/localization_pkg) by extension 'colcon_pkg'
[0.280s] Level 1:colcon.colcon_core.package_identification:_identify(src/localization_pkg) by extensions ['colcon_meta']
[0.280s] Level 1:colcon.colcon_core.package_identification:_identify(src/localization_pkg) by extension 'colcon_meta'
[0.280s] Level 1:colcon.colcon_core.package_identification:_identify(src/localization_pkg) by extensions ['ros']
[0.280s] Level 1:colcon.colcon_core.package_identification:_identify(src/localization_pkg) by extension 'ros'
[0.282s] DEBUG:colcon.colcon_core.package_identification:Package 'src/localization_pkg' with type 'ros.ament_cmake' and name 'localization_pkg'
[0.282s] Level 1:colcon.colcon_core.package_identification:_identify(src/rplidar_ros) by extensions ['ignore', 'ignore_ament_install']
[0.282s] Level 1:colcon.colcon_core.package_identification:_identify(src/rplidar_ros) by extension 'ignore'
[0.282s] Level 1:colcon.colcon_core.package_identification:_identify(src/rplidar_ros) by extension 'ignore_ament_install'
[0.282s] Level 1:colcon.colcon_core.package_identification:_identify(src/rplidar_ros) by extensions ['colcon_pkg']
[0.282s] Level 1:colcon.colcon_core.package_identification:_identify(src/rplidar_ros) by extension 'colcon_pkg'
[0.282s] Level 1:colcon.colcon_core.package_identification:_identify(src/rplidar_ros) by extensions ['colcon_meta']
[0.282s] Level 1:colcon.colcon_core.package_identification:_identify(src/rplidar_ros) by extension 'colcon_meta'
[0.282s] Level 1:colcon.colcon_core.package_identification:_identify(src/rplidar_ros) by extensions ['ros']
[0.282s] Level 1:colcon.colcon_core.package_identification:_identify(src/rplidar_ros) by extension 'ros'
[0.283s] DEBUG:colcon.colcon_core.package_identification:Package 'src/rplidar_ros' with type 'ros.ament_cmake' and name 'rplidar_ros'
[0.283s] Level 1:colcon.colcon_core.package_identification:_identify(src/senson_pkg) by extensions ['ignore', 'ignore_ament_install']
[0.283s] Level 1:colcon.colcon_core.package_identification:_identify(src/senson_pkg) by extension 'ignore'
[0.283s] Level 1:colcon.colcon_core.package_identification:_identify(src/senson_pkg) by extension 'ignore_ament_install'
[0.283s] Level 1:colcon.colcon_core.package_identification:_identify(src/senson_pkg) by extensions ['colcon_pkg']
[0.283s] Level 1:colcon.colcon_core.package_identification:_identify(src/senson_pkg) by extension 'colcon_pkg'
[0.283s] Level 1:colcon.colcon_core.package_identification:_identify(src/senson_pkg) by extensions ['colcon_meta']
[0.283s] Level 1:colcon.colcon_core.package_identification:_identify(src/senson_pkg) by extension 'colcon_meta'
[0.283s] Level 1:colcon.colcon_core.package_identification:_identify(src/senson_pkg) by extensions ['ros']
[0.283s] Level 1:colcon.colcon_core.package_identification:_identify(src/senson_pkg) by extension 'ros'
[0.284s] DEBUG:colcon.colcon_core.package_identification:Package 'src/senson_pkg' with type 'ros.ament_cmake' and name 'senson_pkg'
[0.284s] Level 1:colcon.colcon_core.package_identification:_identify(src/serial_pkg) by extensions ['ignore', 'ignore_ament_install']
[0.285s] Level 1:colcon.colcon_core.package_identification:_identify(src/serial_pkg) by extension 'ignore'
[0.285s] Level 1:colcon.colcon_core.package_identification:_identify(src/serial_pkg) by extension 'ignore_ament_install'
[0.285s] Level 1:colcon.colcon_core.package_identification:_identify(src/serial_pkg) by extensions ['colcon_pkg']
[0.285s] Level 1:colcon.colcon_core.package_identification:_identify(src/serial_pkg) by extension 'colcon_pkg'
[0.285s] Level 1:colcon.colcon_core.package_identification:_identify(src/serial_pkg) by extensions ['colcon_meta']
[0.285s] Level 1:colcon.colcon_core.package_identification:_identify(src/serial_pkg) by extension 'colcon_meta'
[0.285s] Level 1:colcon.colcon_core.package_identification:_identify(src/serial_pkg) by extensions ['ros']
[0.285s] Level 1:colcon.colcon_core.package_identification:_identify(src/serial_pkg) by extension 'ros'
[0.286s] DEBUG:colcon.colcon_core.package_identification:Package 'src/serial_pkg' with type 'ros.ament_cmake' and name 'serial_pkg'
[0.286s] Level 1:colcon.colcon_core.package_discovery:discover_packages(recursive) using defaults
[0.286s] Level 1:colcon.colcon_core.package_discovery:discover_packages(ignore) discover
[0.286s] Level 1:colcon.colcon_core.package_discovery:discover_packages(ignore) using defaults
[0.286s] Level 1:colcon.colcon_core.package_discovery:discover_packages(path) discover
[0.286s] Level 1:colcon.colcon_core.package_discovery:discover_packages(path) using defaults
[0.320s] Level 1:colcon.colcon_core.package_discovery:discover_packages(prefix_path) check parameters
[0.320s] Level 1:colcon.colcon_core.package_discovery:discover_packages(prefix_path) discover
[0.322s] DEBUG:colcon.colcon_installed_package_information.package_discovery:Found 6 installed packages in /home/lucas-fang/ros2_Nav_ws/install
[0.323s] DEBUG:colcon.colcon_installed_package_information.package_discovery:Found 321 installed packages in /opt/ros/humble
[0.325s] Level 1:colcon.colcon_core.package_discovery:discover_packages(prefix_path) using defaults
[0.372s] Level 5:colcon.colcon_core.verb:set package 'base_driver_pkg' build argument 'cmake_args' from command line to '['-DCMAKE_EXPORT_COMPILE_COMMANDS=ON']'
[0.372s] Level 5:colcon.colcon_core.verb:set package 'base_driver_pkg' build argument 'cmake_target' from command line to 'None'
[0.372s] Level 5:colcon.colcon_core.verb:set package 'base_driver_pkg' build argument 'cmake_target_skip_unavailable' from command line to 'False'
[0.372s] Level 5:colcon.colcon_core.verb:set package 'base_driver_pkg' build argument 'cmake_clean_cache' from command line to 'False'
[0.372s] Level 5:colcon.colcon_core.verb:set package 'base_driver_pkg' build argument 'cmake_clean_first' from command line to 'False'
[0.372s] Level 5:colcon.colcon_core.verb:set package 'base_driver_pkg' build argument 'cmake_force_configure' from command line to 'False'
[0.372s] Level 5:colcon.colcon_core.verb:set package 'base_driver_pkg' build argument 'ament_cmake_args' from command line to 'None'
[0.372s] Level 5:colcon.colcon_core.verb:set package 'base_driver_pkg' build argument 'catkin_cmake_args' from command line to 'None'
[0.372s] Level 5:colcon.colcon_core.verb:set package 'base_driver_pkg' build argument 'catkin_skip_building_tests' from command line to 'False'
[0.372s] DEBUG:colcon.colcon_core.verb:Building package 'base_driver_pkg' with the following arguments: {'ament_cmake_args': None, 'build_base': '/home/lucas-fang/ros2_Nav_ws/build/base_driver_pkg', 'catkin_cmake_args': None, 'catkin_skip_building_tests': False, 'cmake_args': ['-DCMAKE_EXPORT_COMPILE_COMMANDS=ON'], 'cmake_clean_cache': False, 'cmake_clean_first': False, 'cmake_force_configure': False, 'cmake_target': None, 'cmake_target_skip_unavailable': False, 'install_base': '/home/lucas-fang/ros2_Nav_ws/install/base_driver_pkg', 'merge_install': False, 'path': '/home/lucas-fang/ros2_Nav_ws/src/base_driver_pkg', 'symlink_install': False, 'test_result_base': None}
[0.373s] Level 5:colcon.colcon_core.verb:set package 'base_interfaces' build argument 'cmake_args' from command line to '['-DCMAKE_EXPORT_COMPILE_COMMANDS=ON']'
[0.373s] Level 5:colcon.colcon_core.verb:set package 'base_interfaces' build argument 'cmake_target' from command line to 'None'
[0.373s] Level 5:colcon.colcon_core.verb:set package 'base_interfaces' build argument 'cmake_target_skip_unavailable' from command line to 'False'
[0.373s] Level 5:colcon.colcon_core.verb:set package 'base_interfaces' build argument 'cmake_clean_cache' from command line to 'False'
[0.373s] Level 5:colcon.colcon_core.verb:set package 'base_interfaces' build argument 'cmake_clean_first' from command line to 'False'
[0.373s] Level 5:colcon.colcon_core.verb:set package 'base_interfaces' build argument 'cmake_force_configure' from command line to 'False'
[0.373s] Level 5:colcon.colcon_core.verb:set package 'base_interfaces' build argument 'ament_cmake_args' from command line to 'None'
[0.373s] Level 5:colcon.colcon_core.verb:set package 'base_interfaces' build argument 'catkin_cmake_args' from command line to 'None'
[0.373s] Level 5:colcon.colcon_core.verb:set package 'base_interfaces' build argument 'catkin_skip_building_tests' from command line to 'False'
[0.373s] DEBUG:colcon.colcon_core.verb:Building package 'base_interfaces' with the following arguments: {'ament_cmake_args': None, 'build_base': '/home/lucas-fang/ros2_Nav_ws/build/base_interfaces', 'catkin_cmake_args': None, 'catkin_skip_building_tests': False, 'cmake_args': ['-DCMAKE_EXPORT_COMPILE_COMMANDS=ON'], 'cmake_clean_cache': False, 'cmake_clean_first': False, 'cmake_force_configure': False, 'cmake_target': None, 'cmake_target_skip_unavailable': False, 'install_base': '/home/lucas-fang/ros2_Nav_ws/install/base_interfaces', 'merge_install': False, 'path': '/home/lucas-fang/ros2_Nav_ws/src/base_interfaces', 'symlink_install': False, 'test_result_base': None}
[0.373s] Level 5:colcon.colcon_core.verb:set package 'localization_pkg' build argument 'cmake_args' from command line to '['-DCMAKE_EXPORT_COMPILE_COMMANDS=ON']'
[0.373s] Level 5:colcon.colcon_core.verb:set package 'localization_pkg' build argument 'cmake_target' from command line to 'None'
[0.374s] Level 5:colcon.colcon_core.verb:set package 'localization_pkg' build argument 'cmake_target_skip_unavailable' from command line to 'False'
[0.374s] Level 5:colcon.colcon_core.verb:set package 'localization_pkg' build argument 'cmake_clean_cache' from command line to 'False'
[0.374s] Level 5:colcon.colcon_core.verb:set package 'localization_pkg' build argument 'cmake_clean_first' from command line to 'False'
[0.374s] Level 5:colcon.colcon_core.verb:set package 'localization_pkg' build argument 'cmake_force_configure' from command line to 'False'
[0.374s] Level 5:colcon.colcon_core.verb:set package 'localization_pkg' build argument 'ament_cmake_args' from command line to 'None'
[0.374s] Level 5:colcon.colcon_core.verb:set package 'localization_pkg' build argument 'catkin_cmake_args' from command line to 'None'
[0.374s] Level 5:colcon.colcon_core.verb:set package 'localization_pkg' build argument 'catkin_skip_building_tests' from command line to 'False'
[0.374s] DEBUG:colcon.colcon_core.verb:Building package 'localization_pkg' with the following arguments: {'ament_cmake_args': None, 'build_base': '/home/lucas-fang/ros2_Nav_ws/build/localization_pkg', 'catkin_cmake_args': None, 'catkin_skip_building_tests': False, 'cmake_args': ['-DCMAKE_EXPORT_COMPILE_COMMANDS=ON'], 'cmake_clean_cache': False, 'cmake_clean_first': False, 'cmake_force_configure': False, 'cmake_target': None, 'cmake_target_skip_unavailable': False, 'install_base': '/home/lucas-fang/ros2_Nav_ws/install/localization_pkg', 'merge_install': False, 'path': '/home/lucas-fang/ros2_Nav_ws/src/localization_pkg', 'symlink_install': False, 'test_result_base': None}
[0.374s] Level 5:colcon.colcon_core.verb:set package 'rplidar_ros' build argument 'cmake_args' from command line to '['-DCMAKE_EXPORT_COMPILE_COMMANDS=ON']'
[0.374s] Level 5:colcon.colcon_core.verb:set package 'rplidar_ros' build argument 'cmake_target' from command line to 'None'
[0.374s] Level 5:colcon.colcon_core.verb:set package 'rplidar_ros' build argument 'cmake_target_skip_unavailable' from command line to 'False'
[0.374s] Level 5:colcon.colcon_core.verb:set package 'rplidar_ros' build argument 'cmake_clean_cache' from command line to 'False'
[0.374s] Level 5:colcon.colcon_core.verb:set package 'rplidar_ros' build argument 'cmake_clean_first' from command line to 'False'
[0.374s] Level 5:colcon.colcon_core.verb:set package 'rplidar_ros' build argument 'cmake_force_configure' from command line to 'False'
[0.374s] Level 5:colcon.colcon_core.verb:set package 'rplidar_ros' build argument 'ament_cmake_args' from command line to 'None'
[0.374s] Level 5:colcon.colcon_core.verb:set package 'rplidar_ros' build argument 'catkin_cmake_args' from command line to 'None'
[0.374s] Level 5:colcon.colcon_core.verb:set package 'rplidar_ros' build argument 'catkin_skip_building_tests' from command line to 'False'
[0.374s] DEBUG:colcon.colcon_core.verb:Building package 'rplidar_ros' with the following arguments: {'ament_cmake_args': None, 'build_base': '/home/lucas-fang/ros2_Nav_ws/build/rplidar_ros', 'catkin_cmake_args': None, 'catkin_skip_building_tests': False, 'cmake_args': ['-DCMAKE_EXPORT_COMPILE_COMMANDS=ON'], 'cmake_clean_cache': False, 'cmake_clean_first': False, 'cmake_force_configure': False, 'cmake_target': None, 'cmake_target_skip_unavailable': False, 'install_base': '/home/lucas-fang/ros2_Nav_ws/install/rplidar_ros', 'merge_install': False, 'path': '/home/lucas-fang/ros2_Nav_ws/src/rplidar_ros', 'symlink_install': False, 'test_result_base': None}
[0.375s] Level 5:colcon.colcon_core.verb:set package 'senson_pkg' build argument 'cmake_args' from command line to '['-DCMAKE_EXPORT_COMPILE_COMMANDS=ON']'
[0.375s] Level 5:colcon.colcon_core.verb:set package 'senson_pkg' build argument 'cmake_target' from command line to 'None'
[0.375s] Level 5:colcon.colcon_core.verb:set package 'senson_pkg' build argument 'cmake_target_skip_unavailable' from command line to 'False'
[0.375s] Level 5:colcon.colcon_core.verb:set package 'senson_pkg' build argument 'cmake_clean_cache' from command line to 'False'
[0.375s] Level 5:colcon.colcon_core.verb:set package 'senson_pkg' build argument 'cmake_clean_first' from command line to 'False'
[0.375s] Level 5:colcon.colcon_core.verb:set package 'senson_pkg' build argument 'cmake_force_configure' from command line to 'False'
[0.375s] Level 5:colcon.colcon_core.verb:set package 'senson_pkg' build argument 'ament_cmake_args' from command line to 'None'
[0.375s] Level 5:colcon.colcon_core.verb:set package 'senson_pkg' build argument 'catkin_cmake_args' from command line to 'None'
[0.375s] Level 5:colcon.colcon_core.verb:set package 'senson_pkg' build argument 'catkin_skip_building_tests' from command line to 'False'
[0.375s] DEBUG:colcon.colcon_core.verb:Building package 'senson_pkg' with the following arguments: {'ament_cmake_args': None, 'build_base': '/home/lucas-fang/ros2_Nav_ws/build/senson_pkg', 'catkin_cmake_args': None, 'catkin_skip_building_tests': False, 'cmake_args': ['-DCMAKE_EXPORT_COMPILE_COMMANDS=ON'], 'cmake_clean_cache': False, 'cmake_clean_first': False, 'cmake_force_configure': False, 'cmake_target': None, 'cmake_target_skip_unavailable': False, 'install_base': '/home/lucas-fang/ros2_Nav_ws/install/senson_pkg', 'merge_install': False, 'path': '/home/lucas-fang/ros2_Nav_ws/src/senson_pkg', 'symlink_install': False, 'test_result_base': None}
[0.375s] Level 5:colcon.colcon_core.verb:set package 'serial_pkg' build argument 'cmake_args' from command line to '['-DCMAKE_EXPORT_COMPILE_COMMANDS=ON']'
[0.375s] Level 5:colcon.colcon_core.verb:set package 'serial_pkg' build argument 'cmake_target' from command line to 'None'
[0.376s] Level 5:colcon.colcon_core.verb:set package 'serial_pkg' build argument 'cmake_target_skip_unavailable' from command line to 'False'
[0.376s] Level 5:colcon.colcon_core.verb:set package 'serial_pkg' build argument 'cmake_clean_cache' from command line to 'False'
[0.376s] Level 5:colcon.colcon_core.verb:set package 'serial_pkg' build argument 'cmake_clean_first' from command line to 'False'
[0.376s] Level 5:colcon.colcon_core.verb:set package 'serial_pkg' build argument 'cmake_force_configure' from command line to 'False'
[0.376s] Level 5:colcon.colcon_core.verb:set package 'serial_pkg' build argument 'ament_cmake_args' from command line to 'None'
[0.376s] Level 5:colcon.colcon_core.verb:set package 'serial_pkg' build argument 'catkin_cmake_args' from command line to 'None'
[0.376s] Level 5:colcon.colcon_core.verb:set package 'serial_pkg' build argument 'catkin_skip_building_tests' from command line to 'False'
[0.376s] DEBUG:colcon.colcon_core.verb:Building package 'serial_pkg' with the following arguments: {'ament_cmake_args': None, 'build_base': '/home/lucas-fang/ros2_Nav_ws/build/serial_pkg', 'catkin_cmake_args': None, 'catkin_skip_building_tests': False, 'cmake_args': ['-DCMAKE_EXPORT_COMPILE_COMMANDS=ON'], 'cmake_clean_cache': False, 'cmake_clean_first': False, 'cmake_force_configure': False, 'cmake_target': None, 'cmake_target_skip_unavailable': False, 'install_base': '/home/lucas-fang/ros2_Nav_ws/install/serial_pkg', 'merge_install': False, 'path': '/home/lucas-fang/ros2_Nav_ws/src/serial_pkg', 'symlink_install': False, 'test_result_base': None}
[0.376s] INFO:colcon.colcon_core.executor:Executing jobs using 'parallel' executor
[0.377s] DEBUG:colcon.colcon_parallel_executor.executor.parallel:run_until_complete
[0.377s] INFO:colcon.colcon_ros.task.ament_cmake.build:Building ROS package in '/home/lucas-fang/ros2_Nav_ws/src/base_interfaces' with build type 'ament_cmake'
[0.377s] INFO:colcon.colcon_cmake.task.cmake.build:Building CMake package in '/home/lucas-fang/ros2_Nav_ws/src/base_interfaces'
[0.380s] INFO:colcon.colcon_core.plugin_system:Skipping extension 'colcon_core.shell.bat': Not used on non-Windows systems
[0.380s] INFO:colcon.colcon_core.shell:Skip shell extension 'powershell' for command environment: Not usable outside of PowerShell
[0.380s] DEBUG:colcon.colcon_core.shell:Skip shell extension 'dsv' for command environment
[0.384s] INFO:colcon.colcon_ros.task.ament_cmake.build:Building ROS package in '/home/lucas-fang/ros2_Nav_ws/src/base_driver_pkg' with build type 'ament_cmake'
[0.384s] INFO:colcon.colcon_cmake.task.cmake.build:Building CMake package in '/home/lucas-fang/ros2_Nav_ws/src/base_driver_pkg'
[0.384s] INFO:colcon.colcon_core.shell:Skip shell extension 'powershell' for command environment: Not usable outside of PowerShell
[0.385s] DEBUG:colcon.colcon_core.shell:Skip shell extension 'dsv' for command environment
[0.388s] INFO:colcon.colcon_ros.task.ament_cmake.build:Building ROS package in '/home/lucas-fang/ros2_Nav_ws/src/localization_pkg' with build type 'ament_cmake'
[0.388s] INFO:colcon.colcon_cmake.task.cmake.build:Building CMake package in '/home/lucas-fang/ros2_Nav_ws/src/localization_pkg'
[0.389s] INFO:colcon.colcon_core.shell:Skip shell extension 'powershell' for command environment: Not usable outside of PowerShell
[0.389s] DEBUG:colcon.colcon_core.shell:Skip shell extension 'dsv' for command environment
[0.393s] INFO:colcon.colcon_ros.task.ament_cmake.build:Building ROS package in '/home/lucas-fang/ros2_Nav_ws/src/rplidar_ros' with build type 'ament_cmake'
[0.393s] INFO:colcon.colcon_cmake.task.cmake.build:Building CMake package in '/home/lucas-fang/ros2_Nav_ws/src/rplidar_ros'
[0.393s] INFO:colcon.colcon_core.shell:Skip shell extension 'powershell' for command environment: Not usable outside of PowerShell
[0.393s] DEBUG:colcon.colcon_core.shell:Skip shell extension 'dsv' for command environment
[0.403s] DEBUG:colcon.colcon_core.event_handler.log_command:Invoking command in '/home/lucas-fang/ros2_Nav_ws/build/base_interfaces': CMAKE_PREFIX_PATH=${CMAKE_PREFIX_PATH}:/opt/ros/humble /usr/bin/cmake --build /home/lucas-fang/ros2_Nav_ws/build/base_interfaces -- -j4 -l4
[0.410s] DEBUG:colcon.colcon_core.event_handler.log_command:Invoking command in '/home/lucas-fang/ros2_Nav_ws/build/base_driver_pkg': CMAKE_PREFIX_PATH=${CMAKE_PREFIX_PATH}:/opt/ros/humble /usr/bin/cmake --build /home/lucas-fang/ros2_Nav_ws/build/base_driver_pkg -- -j4 -l4
[0.412s] DEBUG:colcon.colcon_core.event_handler.log_command:Invoking command in '/home/lucas-fang/ros2_Nav_ws/build/localization_pkg': CMAKE_PREFIX_PATH=${CMAKE_PREFIX_PATH}:/opt/ros/humble /usr/bin/cmake --build /home/lucas-fang/ros2_Nav_ws/build/localization_pkg -- -j4 -l4
[0.420s] DEBUG:colcon.colcon_core.event_handler.log_command:Invoking command in '/home/lucas-fang/ros2_Nav_ws/build/rplidar_ros': CMAKE_PREFIX_PATH=${CMAKE_PREFIX_PATH}:/opt/ros/humble /usr/bin/cmake --build /home/lucas-fang/ros2_Nav_ws/build/rplidar_ros -- -j4 -l4
[0.488s] DEBUG:colcon.colcon_core.event_handler.log_command:Invoked command in '/home/lucas-fang/ros2_Nav_ws/build/localization_pkg' returned '0': CMAKE_PREFIX_PATH=${CMAKE_PREFIX_PATH}:/opt/ros/humble /usr/bin/cmake --build /home/lucas-fang/ros2_Nav_ws/build/localization_pkg -- -j4 -l4
[0.496s] DEBUG:colcon.colcon_core.event_handler.log_command:Invoking command in '/home/lucas-fang/ros2_Nav_ws/build/localization_pkg': CMAKE_PREFIX_PATH=${CMAKE_PREFIX_PATH}:/opt/ros/humble /usr/bin/cmake --install /home/lucas-fang/ros2_Nav_ws/build/localization_pkg
[0.511s] Level 1:colcon.colcon_core.environment:create_environment_scripts_only(localization_pkg)
[0.515s] DEBUG:colcon.colcon_core.event_handler.log_command:Invoked command in '/home/lucas-fang/ros2_Nav_ws/build/localization_pkg' returned '0': CMAKE_PREFIX_PATH=${CMAKE_PREFIX_PATH}:/opt/ros/humble /usr/bin/cmake --install /home/lucas-fang/ros2_Nav_ws/build/localization_pkg
[0.516s] Level 1:colcon.colcon_core.environment:checking '/home/lucas-fang/ros2_Nav_ws/install/localization_pkg' for CMake module files
[0.517s] Level 1:colcon.colcon_core.environment:checking '/home/lucas-fang/ros2_Nav_ws/install/localization_pkg' for CMake config files
[0.517s] Level 1:colcon.colcon_core.shell:create_environment_hook('localization_pkg', 'cmake_prefix_path')
[0.521s] INFO:colcon.colcon_core.shell:Creating environment hook '/home/lucas-fang/ros2_Nav_ws/install/localization_pkg/share/localization_pkg/hook/cmake_prefix_path.ps1'
[0.523s] INFO:colcon.colcon_core.shell:Creating environment descriptor '/home/lucas-fang/ros2_Nav_ws/install/localization_pkg/share/localization_pkg/hook/cmake_prefix_path.dsv'
[0.524s] INFO:colcon.colcon_core.shell:Creating environment hook '/home/lucas-fang/ros2_Nav_ws/install/localization_pkg/share/localization_pkg/hook/cmake_prefix_path.sh'
[0.525s] Level 1:colcon.colcon_core.environment:checking '/home/lucas-fang/ros2_Nav_ws/install/localization_pkg/bin'
[0.525s] Level 1:colcon.colcon_core.environment:checking '/home/lucas-fang/ros2_Nav_ws/install/localization_pkg/lib/pkgconfig/localization_pkg.pc'
[0.525s] Level 1:colcon.colcon_core.environment:checking '/home/lucas-fang/ros2_Nav_ws/install/localization_pkg/lib/python3.10/site-packages'
[0.529s] Level 1:colcon.colcon_core.environment:checking '/home/lucas-fang/ros2_Nav_ws/install/localization_pkg/bin'
[0.530s] INFO:colcon.colcon_core.shell:Creating package script '/home/lucas-fang/ros2_Nav_ws/install/localization_pkg/share/localization_pkg/package.ps1'
[0.533s] INFO:colcon.colcon_core.shell:Creating package descriptor '/home/lucas-fang/ros2_Nav_ws/install/localization_pkg/share/localization_pkg/package.dsv'
[0.538s] INFO:colcon.colcon_core.shell:Creating package script '/home/lucas-fang/ros2_Nav_ws/install/localization_pkg/share/localization_pkg/package.sh'
[0.539s] INFO:colcon.colcon_core.shell:Creating package script '/home/lucas-fang/ros2_Nav_ws/install/localization_pkg/share/localization_pkg/package.bash'
[0.540s] INFO:colcon.colcon_core.shell:Creating package script '/home/lucas-fang/ros2_Nav_ws/install/localization_pkg/share/localization_pkg/package.zsh'
[0.544s] Level 1:colcon.colcon_core.environment:create_file_with_runtime_dependencies(/home/lucas-fang/ros2_Nav_ws/install/localization_pkg/share/colcon-core/packages/localization_pkg)
[0.545s] Level 1:colcon.colcon_core.environment:create_environment_scripts_only(localization_pkg)
[0.546s] Level 1:colcon.colcon_core.environment:checking '/home/lucas-fang/ros2_Nav_ws/install/localization_pkg' for CMake module files
[0.549s] Level 1:colcon.colcon_core.environment:checking '/home/lucas-fang/ros2_Nav_ws/install/localization_pkg' for CMake config files
[0.549s] Level 1:colcon.colcon_core.shell:create_environment_hook('localization_pkg', 'cmake_prefix_path')
[0.550s] INFO:colcon.colcon_core.shell:Creating environment hook '/home/lucas-fang/ros2_Nav_ws/install/localization_pkg/share/localization_pkg/hook/cmake_prefix_path.ps1'
[0.551s] INFO:colcon.colcon_core.shell:Creating environment descriptor '/home/lucas-fang/ros2_Nav_ws/install/localization_pkg/share/localization_pkg/hook/cmake_prefix_path.dsv'
[0.551s] INFO:colcon.colcon_core.shell:Creating environment hook '/home/lucas-fang/ros2_Nav_ws/install/localization_pkg/share/localization_pkg/hook/cmake_prefix_path.sh'
[0.552s] Level 1:colcon.colcon_core.environment:checking '/home/lucas-fang/ros2_Nav_ws/install/localization_pkg/bin'
[0.553s] Level 1:colcon.colcon_core.environment:checking '/home/lucas-fang/ros2_Nav_ws/install/localization_pkg/lib/pkgconfig/localization_pkg.pc'
[0.553s] Level 1:colcon.colcon_core.environment:checking '/home/lucas-fang/ros2_Nav_ws/install/localization_pkg/lib/python3.10/site-packages'
[0.553s] Level 1:colcon.colcon_core.environment:checking '/home/lucas-fang/ros2_Nav_ws/install/localization_pkg/bin'
[0.554s] INFO:colcon.colcon_core.shell:Creating package script '/home/lucas-fang/ros2_Nav_ws/install/localization_pkg/share/localization_pkg/package.ps1'
[0.555s] INFO:colcon.colcon_core.shell:Creating package descriptor '/home/lucas-fang/ros2_Nav_ws/install/localization_pkg/share/localization_pkg/package.dsv'
[0.556s] INFO:colcon.colcon_core.shell:Creating package script '/home/lucas-fang/ros2_Nav_ws/install/localization_pkg/share/localization_pkg/package.sh'
[0.557s] INFO:colcon.colcon_core.shell:Creating package script '/home/lucas-fang/ros2_Nav_ws/install/localization_pkg/share/localization_pkg/package.bash'
[0.560s] INFO:colcon.colcon_core.shell:Creating package script '/home/lucas-fang/ros2_Nav_ws/install/localization_pkg/share/localization_pkg/package.zsh'
[0.560s] Level 1:colcon.colcon_core.environment:create_file_with_runtime_dependencies(/home/lucas-fang/ros2_Nav_ws/install/localization_pkg/share/colcon-core/packages/localization_pkg)
[0.562s] INFO:colcon.colcon_ros.task.ament_cmake.build:Building ROS package in '/home/lucas-fang/ros2_Nav_ws/src/senson_pkg' with build type 'ament_cmake'
[0.562s] INFO:colcon.colcon_cmake.task.cmake.build:Building CMake package in '/home/lucas-fang/ros2_Nav_ws/src/senson_pkg'
[0.562s] INFO:colcon.colcon_core.shell:Skip shell extension 'powershell' for command environment: Not usable outside of PowerShell
[0.562s] DEBUG:colcon.colcon_core.shell:Skip shell extension 'dsv' for command environment
[0.574s] DEBUG:colcon.colcon_core.event_handler.log_command:Invoked command in '/home/lucas-fang/ros2_Nav_ws/build/rplidar_ros' returned '0': CMAKE_PREFIX_PATH=${CMAKE_PREFIX_PATH}:/opt/ros/humble /usr/bin/cmake --build /home/lucas-fang/ros2_Nav_ws/build/rplidar_ros -- -j4 -l4
[0.579s] DEBUG:colcon.colcon_core.event_handler.log_command:Invoking command in '/home/lucas-fang/ros2_Nav_ws/build/rplidar_ros': CMAKE_PREFIX_PATH=${CMAKE_PREFIX_PATH}:/opt/ros/humble /usr/bin/cmake --install /home/lucas-fang/ros2_Nav_ws/build/rplidar_ros
[0.585s] DEBUG:colcon.colcon_core.event_handler.log_command:Invoking command in '/home/lucas-fang/ros2_Nav_ws/build/senson_pkg': CMAKE_PREFIX_PATH=${CMAKE_PREFIX_PATH}:/opt/ros/humble /usr/bin/cmake --build /home/lucas-fang/ros2_Nav_ws/build/senson_pkg -- -j4 -l4
[0.603s] Level 1:colcon.colcon_core.environment:create_environment_scripts_only(rplidar_ros)
[0.603s] Level 1:colcon.colcon_core.environment:checking '/home/lucas-fang/ros2_Nav_ws/install/rplidar_ros' for CMake module files
[0.604s] Level 1:colcon.colcon_core.environment:checking '/home/lucas-fang/ros2_Nav_ws/install/rplidar_ros' for CMake config files
[0.604s] Level 1:colcon.colcon_core.shell:create_environment_hook('rplidar_ros', 'cmake_prefix_path')
[0.605s] INFO:colcon.colcon_core.shell:Creating environment hook '/home/lucas-fang/ros2_Nav_ws/install/rplidar_ros/share/rplidar_ros/hook/cmake_prefix_path.ps1'
[0.605s] INFO:colcon.colcon_core.shell:Creating environment descriptor '/home/lucas-fang/ros2_Nav_ws/install/rplidar_ros/share/rplidar_ros/hook/cmake_prefix_path.dsv'
[0.608s] DEBUG:colcon.colcon_core.event_handler.log_command:Invoked command in '/home/lucas-fang/ros2_Nav_ws/build/rplidar_ros' returned '0': CMAKE_PREFIX_PATH=${CMAKE_PREFIX_PATH}:/opt/ros/humble /usr/bin/cmake --install /home/lucas-fang/ros2_Nav_ws/build/rplidar_ros
[0.609s] INFO:colcon.colcon_core.shell:Creating environment hook '/home/lucas-fang/ros2_Nav_ws/install/rplidar_ros/share/rplidar_ros/hook/cmake_prefix_path.sh'
[0.609s] Level 1:colcon.colcon_core.environment:checking '/home/lucas-fang/ros2_Nav_ws/install/rplidar_ros/lib'
[0.610s] Level 1:colcon.colcon_core.environment:checking '/home/lucas-fang/ros2_Nav_ws/install/rplidar_ros/bin'
[0.610s] Level 1:colcon.colcon_core.environment:checking '/home/lucas-fang/ros2_Nav_ws/install/rplidar_ros/lib/pkgconfig/rplidar_ros.pc'
[0.610s] Level 1:colcon.colcon_core.environment:checking '/home/lucas-fang/ros2_Nav_ws/install/rplidar_ros/lib/python3.10/site-packages'
[0.610s] Level 1:colcon.colcon_core.environment:checking '/home/lucas-fang/ros2_Nav_ws/install/rplidar_ros/bin'
[0.611s] INFO:colcon.colcon_core.shell:Creating package script '/home/lucas-fang/ros2_Nav_ws/install/rplidar_ros/share/rplidar_ros/package.ps1'
[0.615s] INFO:colcon.colcon_core.shell:Creating package descriptor '/home/lucas-fang/ros2_Nav_ws/install/rplidar_ros/share/rplidar_ros/package.dsv'
[0.616s] INFO:colcon.colcon_core.shell:Creating package script '/home/lucas-fang/ros2_Nav_ws/install/rplidar_ros/share/rplidar_ros/package.sh'
[0.617s] INFO:colcon.colcon_core.shell:Creating package script '/home/lucas-fang/ros2_Nav_ws/install/rplidar_ros/share/rplidar_ros/package.bash'
[0.617s] INFO:colcon.colcon_core.shell:Creating package script '/home/lucas-fang/ros2_Nav_ws/install/rplidar_ros/share/rplidar_ros/package.zsh'
[0.618s] Level 1:colcon.colcon_core.environment:create_file_with_runtime_dependencies(/home/lucas-fang/ros2_Nav_ws/install/rplidar_ros/share/colcon-core/packages/rplidar_ros)
[0.620s] Level 1:colcon.colcon_core.environment:create_environment_scripts_only(rplidar_ros)
[0.620s] Level 1:colcon.colcon_core.environment:checking '/home/lucas-fang/ros2_Nav_ws/install/rplidar_ros' for CMake module files
[0.621s] Level 1:colcon.colcon_core.environment:checking '/home/lucas-fang/ros2_Nav_ws/install/rplidar_ros' for CMake config files
[0.621s] Level 1:colcon.colcon_core.shell:create_environment_hook('rplidar_ros', 'cmake_prefix_path')
[0.621s] INFO:colcon.colcon_core.shell:Creating environment hook '/home/lucas-fang/ros2_Nav_ws/install/rplidar_ros/share/rplidar_ros/hook/cmake_prefix_path.ps1'
[0.622s] INFO:colcon.colcon_core.shell:Creating environment descriptor '/home/lucas-fang/ros2_Nav_ws/install/rplidar_ros/share/rplidar_ros/hook/cmake_prefix_path.dsv'
[0.623s] INFO:colcon.colcon_core.shell:Creating environment hook '/home/lucas-fang/ros2_Nav_ws/install/rplidar_ros/share/rplidar_ros/hook/cmake_prefix_path.sh'
[0.624s] Level 1:colcon.colcon_core.environment:checking '/home/lucas-fang/ros2_Nav_ws/install/rplidar_ros/lib'
[0.624s] Level 1:colcon.colcon_core.environment:checking '/home/lucas-fang/ros2_Nav_ws/install/rplidar_ros/bin'
[0.624s] Level 1:colcon.colcon_core.environment:checking '/home/lucas-fang/ros2_Nav_ws/install/rplidar_ros/lib/pkgconfig/rplidar_ros.pc'
[0.624s] Level 1:colcon.colcon_core.environment:checking '/home/lucas-fang/ros2_Nav_ws/install/rplidar_ros/lib/python3.10/site-packages'
[0.625s] Level 1:colcon.colcon_core.environment:checking '/home/lucas-fang/ros2_Nav_ws/install/rplidar_ros/bin'
[0.625s] INFO:colcon.colcon_core.shell:Creating package script '/home/lucas-fang/ros2_Nav_ws/install/rplidar_ros/share/rplidar_ros/package.ps1'
[0.626s] INFO:colcon.colcon_core.shell:Creating package descriptor '/home/lucas-fang/ros2_Nav_ws/install/rplidar_ros/share/rplidar_ros/package.dsv'
[0.626s] INFO:colcon.colcon_core.shell:Creating package script '/home/lucas-fang/ros2_Nav_ws/install/rplidar_ros/share/rplidar_ros/package.sh'
[0.627s] INFO:colcon.colcon_core.shell:Creating package script '/home/lucas-fang/ros2_Nav_ws/install/rplidar_ros/share/rplidar_ros/package.bash'
[0.627s] INFO:colcon.colcon_core.shell:Creating package script '/home/lucas-fang/ros2_Nav_ws/install/rplidar_ros/share/rplidar_ros/package.zsh'
[0.628s] Level 1:colcon.colcon_core.environment:create_file_with_runtime_dependencies(/home/lucas-fang/ros2_Nav_ws/install/rplidar_ros/share/colcon-core/packages/rplidar_ros)
[0.728s] DEBUG:colcon.colcon_core.event_handler.log_command:Invoked command in '/home/lucas-fang/ros2_Nav_ws/build/senson_pkg' returned '0': CMAKE_PREFIX_PATH=${CMAKE_PREFIX_PATH}:/opt/ros/humble /usr/bin/cmake --build /home/lucas-fang/ros2_Nav_ws/build/senson_pkg -- -j4 -l4
[0.729s] DEBUG:colcon.colcon_core.event_handler.log_command:Invoking command in '/home/lucas-fang/ros2_Nav_ws/build/senson_pkg': CMAKE_PREFIX_PATH=${CMAKE_PREFIX_PATH}:/opt/ros/humble /usr/bin/cmake --install /home/lucas-fang/ros2_Nav_ws/build/senson_pkg
[0.741s] Level 1:colcon.colcon_core.environment:create_environment_scripts_only(senson_pkg)
[0.741s] Level 1:colcon.colcon_core.environment:checking '/home/lucas-fang/ros2_Nav_ws/install/senson_pkg' for CMake module files
[0.743s] Level 1:colcon.colcon_core.environment:checking '/home/lucas-fang/ros2_Nav_ws/install/senson_pkg' for CMake config files
[0.744s] DEBUG:colcon.colcon_core.event_handler.log_command:Invoked command in '/home/lucas-fang/ros2_Nav_ws/build/senson_pkg' returned '0': CMAKE_PREFIX_PATH=${CMAKE_PREFIX_PATH}:/opt/ros/humble /usr/bin/cmake --install /home/lucas-fang/ros2_Nav_ws/build/senson_pkg
[0.744s] Level 1:colcon.colcon_core.shell:create_environment_hook('senson_pkg', 'cmake_prefix_path')
[0.744s] INFO:colcon.colcon_core.shell:Creating environment hook '/home/lucas-fang/ros2_Nav_ws/install/senson_pkg/share/senson_pkg/hook/cmake_prefix_path.ps1'
[0.745s] INFO:colcon.colcon_core.shell:Creating environment descriptor '/home/lucas-fang/ros2_Nav_ws/install/senson_pkg/share/senson_pkg/hook/cmake_prefix_path.dsv'
[0.745s] INFO:colcon.colcon_core.shell:Creating environment hook '/home/lucas-fang/ros2_Nav_ws/install/senson_pkg/share/senson_pkg/hook/cmake_prefix_path.sh'
[0.746s] Level 1:colcon.colcon_core.environment:checking '/home/lucas-fang/ros2_Nav_ws/install/senson_pkg/lib'
[0.746s] Level 1:colcon.colcon_core.environment:checking '/home/lucas-fang/ros2_Nav_ws/install/senson_pkg/bin'
[0.747s] Level 1:colcon.colcon_core.environment:checking '/home/lucas-fang/ros2_Nav_ws/install/senson_pkg/lib/pkgconfig/senson_pkg.pc'
[0.747s] Level 1:colcon.colcon_core.environment:checking '/home/lucas-fang/ros2_Nav_ws/install/senson_pkg/lib/python3.10/site-packages'
[0.747s] Level 1:colcon.colcon_core.environment:checking '/home/lucas-fang/ros2_Nav_ws/install/senson_pkg/bin'
[0.748s] INFO:colcon.colcon_core.shell:Creating package script '/home/lucas-fang/ros2_Nav_ws/install/senson_pkg/share/senson_pkg/package.ps1'
[0.748s] INFO:colcon.colcon_core.shell:Creating package descriptor '/home/lucas-fang/ros2_Nav_ws/install/senson_pkg/share/senson_pkg/package.dsv'
[0.749s] INFO:colcon.colcon_core.shell:Creating package script '/home/lucas-fang/ros2_Nav_ws/install/senson_pkg/share/senson_pkg/package.sh'
[0.749s] INFO:colcon.colcon_core.shell:Creating package script '/home/lucas-fang/ros2_Nav_ws/install/senson_pkg/share/senson_pkg/package.bash'
[0.750s] INFO:colcon.colcon_core.shell:Creating package script '/home/lucas-fang/ros2_Nav_ws/install/senson_pkg/share/senson_pkg/package.zsh'
[0.750s] Level 1:colcon.colcon_core.environment:create_file_with_runtime_dependencies(/home/lucas-fang/ros2_Nav_ws/install/senson_pkg/share/colcon-core/packages/senson_pkg)
[0.751s] Level 1:colcon.colcon_core.environment:create_environment_scripts_only(senson_pkg)
[0.751s] Level 1:colcon.colcon_core.environment:checking '/home/lucas-fang/ros2_Nav_ws/install/senson_pkg' for CMake module files
[0.751s] Level 1:colcon.colcon_core.environment:checking '/home/lucas-fang/ros2_Nav_ws/install/senson_pkg' for CMake config files
[0.752s] Level 1:colcon.colcon_core.shell:create_environment_hook('senson_pkg', 'cmake_prefix_path')
[0.752s] INFO:colcon.colcon_core.shell:Creating environment hook '/home/lucas-fang/ros2_Nav_ws/install/senson_pkg/share/senson_pkg/hook/cmake_prefix_path.ps1'
[0.752s] INFO:colcon.colcon_core.shell:Creating environment descriptor '/home/lucas-fang/ros2_Nav_ws/install/senson_pkg/share/senson_pkg/hook/cmake_prefix_path.dsv'
[0.753s] INFO:colcon.colcon_core.shell:Creating environment hook '/home/lucas-fang/ros2_Nav_ws/install/senson_pkg/share/senson_pkg/hook/cmake_prefix_path.sh'
[0.753s] Level 1:colcon.colcon_core.environment:checking '/home/lucas-fang/ros2_Nav_ws/install/senson_pkg/lib'
[0.753s] Level 1:colcon.colcon_core.environment:checking '/home/lucas-fang/ros2_Nav_ws/install/senson_pkg/bin'
[0.754s] Level 1:colcon.colcon_core.environment:checking '/home/lucas-fang/ros2_Nav_ws/install/senson_pkg/lib/pkgconfig/senson_pkg.pc'
[0.754s] Level 1:colcon.colcon_core.environment:checking '/home/lucas-fang/ros2_Nav_ws/install/senson_pkg/lib/python3.10/site-packages'
[0.754s] Level 1:colcon.colcon_core.environment:checking '/home/lucas-fang/ros2_Nav_ws/install/senson_pkg/bin'
[0.754s] INFO:colcon.colcon_core.shell:Creating package script '/home/lucas-fang/ros2_Nav_ws/install/senson_pkg/share/senson_pkg/package.ps1'
[0.755s] INFO:colcon.colcon_core.shell:Creating package descriptor '/home/lucas-fang/ros2_Nav_ws/install/senson_pkg/share/senson_pkg/package.dsv'
[0.755s] INFO:colcon.colcon_core.shell:Creating package script '/home/lucas-fang/ros2_Nav_ws/install/senson_pkg/share/senson_pkg/package.sh'
[0.756s] INFO:colcon.colcon_core.shell:Creating package script '/home/lucas-fang/ros2_Nav_ws/install/senson_pkg/share/senson_pkg/package.bash'
[0.756s] INFO:colcon.colcon_core.shell:Creating package script '/home/lucas-fang/ros2_Nav_ws/install/senson_pkg/share/senson_pkg/package.zsh'
[0.757s] Level 1:colcon.colcon_core.environment:create_file_with_runtime_dependencies(/home/lucas-fang/ros2_Nav_ws/install/senson_pkg/share/colcon-core/packages/senson_pkg)
[0.902s] DEBUG:colcon.colcon_core.event_handler.log_command:Invoked command in '/home/lucas-fang/ros2_Nav_ws/build/base_interfaces' returned '0': CMAKE_PREFIX_PATH=${CMAKE_PREFIX_PATH}:/opt/ros/humble /usr/bin/cmake --build /home/lucas-fang/ros2_Nav_ws/build/base_interfaces -- -j4 -l4
[0.904s] DEBUG:colcon.colcon_core.event_handler.log_command:Invoking command in '/home/lucas-fang/ros2_Nav_ws/build/base_interfaces': CMAKE_PREFIX_PATH=${CMAKE_PREFIX_PATH}:/opt/ros/humble /usr/bin/cmake --install /home/lucas-fang/ros2_Nav_ws/build/base_interfaces
[0.964s] Level 1:colcon.colcon_core.environment:create_environment_scripts_only(base_interfaces)
[0.964s] Level 1:colcon.colcon_core.environment:checking '/home/lucas-fang/ros2_Nav_ws/install/base_interfaces' for CMake module files
[0.965s] DEBUG:colcon.colcon_core.event_handler.log_command:Invoked command in '/home/lucas-fang/ros2_Nav_ws/build/base_interfaces' returned '0': CMAKE_PREFIX_PATH=${CMAKE_PREFIX_PATH}:/opt/ros/humble /usr/bin/cmake --install /home/lucas-fang/ros2_Nav_ws/build/base_interfaces
[0.966s] Level 1:colcon.colcon_core.environment:checking '/home/lucas-fang/ros2_Nav_ws/install/base_interfaces' for CMake config files
[0.966s] Level 1:colcon.colcon_core.shell:create_environment_hook('base_interfaces', 'cmake_prefix_path')
[0.967s] INFO:colcon.colcon_core.shell:Creating environment hook '/home/lucas-fang/ros2_Nav_ws/install/base_interfaces/share/base_interfaces/hook/cmake_prefix_path.ps1'
[0.967s] INFO:colcon.colcon_core.shell:Creating environment descriptor '/home/lucas-fang/ros2_Nav_ws/install/base_interfaces/share/base_interfaces/hook/cmake_prefix_path.dsv'
[0.968s] INFO:colcon.colcon_core.shell:Creating environment hook '/home/lucas-fang/ros2_Nav_ws/install/base_interfaces/share/base_interfaces/hook/cmake_prefix_path.sh'
[0.968s] Level 1:colcon.colcon_core.environment:checking '/home/lucas-fang/ros2_Nav_ws/install/base_interfaces/lib'
[0.969s] Level 1:colcon.colcon_core.shell:create_environment_hook('base_interfaces', 'ld_library_path_lib')
[0.969s] INFO:colcon.colcon_core.shell:Creating environment hook '/home/lucas-fang/ros2_Nav_ws/install/base_interfaces/share/base_interfaces/hook/ld_library_path_lib.ps1'
[0.969s] INFO:colcon.colcon_core.shell:Creating environment descriptor '/home/lucas-fang/ros2_Nav_ws/install/base_interfaces/share/base_interfaces/hook/ld_library_path_lib.dsv'
[0.970s] INFO:colcon.colcon_core.shell:Creating environment hook '/home/lucas-fang/ros2_Nav_ws/install/base_interfaces/share/base_interfaces/hook/ld_library_path_lib.sh'
[0.970s] Level 1:colcon.colcon_core.environment:checking '/home/lucas-fang/ros2_Nav_ws/install/base_interfaces/bin'
[0.970s] Level 1:colcon.colcon_core.environment:checking '/home/lucas-fang/ros2_Nav_ws/install/base_interfaces/lib/pkgconfig/base_interfaces.pc'
[0.971s] Level 1:colcon.colcon_core.environment:checking '/home/lucas-fang/ros2_Nav_ws/install/base_interfaces/lib/python3.10/site-packages'
[0.971s] Level 1:colcon.colcon_core.environment:checking '/home/lucas-fang/ros2_Nav_ws/install/base_interfaces/bin'
[0.971s] INFO:colcon.colcon_core.shell:Creating package script '/home/lucas-fang/ros2_Nav_ws/install/base_interfaces/share/base_interfaces/package.ps1'
[0.972s] INFO:colcon.colcon_core.shell:Creating package descriptor '/home/lucas-fang/ros2_Nav_ws/install/base_interfaces/share/base_interfaces/package.dsv'
[0.972s] INFO:colcon.colcon_core.shell:Creating package script '/home/lucas-fang/ros2_Nav_ws/install/base_interfaces/share/base_interfaces/package.sh'
[0.973s] INFO:colcon.colcon_core.shell:Creating package script '/home/lucas-fang/ros2_Nav_ws/install/base_interfaces/share/base_interfaces/package.bash'
[0.973s] INFO:colcon.colcon_core.shell:Creating package script '/home/lucas-fang/ros2_Nav_ws/install/base_interfaces/share/base_interfaces/package.zsh'
[0.973s] Level 1:colcon.colcon_core.environment:create_file_with_runtime_dependencies(/home/lucas-fang/ros2_Nav_ws/install/base_interfaces/share/colcon-core/packages/base_interfaces)
[0.974s] Level 1:colcon.colcon_core.environment:create_environment_scripts_only(base_interfaces)
[0.974s] Level 1:colcon.colcon_core.environment:checking '/home/lucas-fang/ros2_Nav_ws/install/base_interfaces' for CMake module files
[0.975s] Level 1:colcon.colcon_core.environment:checking '/home/lucas-fang/ros2_Nav_ws/install/base_interfaces' for CMake config files
[0.975s] Level 1:colcon.colcon_core.shell:create_environment_hook('base_interfaces', 'cmake_prefix_path')
[0.975s] INFO:colcon.colcon_core.shell:Creating environment hook '/home/lucas-fang/ros2_Nav_ws/install/base_interfaces/share/base_interfaces/hook/cmake_prefix_path.ps1'
[0.976s] INFO:colcon.colcon_core.shell:Creating environment descriptor '/home/lucas-fang/ros2_Nav_ws/install/base_interfaces/share/base_interfaces/hook/cmake_prefix_path.dsv'
[0.976s] INFO:colcon.colcon_core.shell:Creating environment hook '/home/lucas-fang/ros2_Nav_ws/install/base_interfaces/share/base_interfaces/hook/cmake_prefix_path.sh'
[0.977s] Level 1:colcon.colcon_core.environment:checking '/home/lucas-fang/ros2_Nav_ws/install/base_interfaces/lib'
[0.977s] Level 1:colcon.colcon_core.shell:create_environment_hook('base_interfaces', 'ld_library_path_lib')
[0.977s] INFO:colcon.colcon_core.shell:Creating environment hook '/home/lucas-fang/ros2_Nav_ws/install/base_interfaces/share/base_interfaces/hook/ld_library_path_lib.ps1'
[0.978s] INFO:colcon.colcon_core.shell:Creating environment descriptor '/home/lucas-fang/ros2_Nav_ws/install/base_interfaces/share/base_interfaces/hook/ld_library_path_lib.dsv'
[0.978s] INFO:colcon.colcon_core.shell:Creating environment hook '/home/lucas-fang/ros2_Nav_ws/install/base_interfaces/share/base_interfaces/hook/ld_library_path_lib.sh'
[0.978s] Level 1:colcon.colcon_core.environment:checking '/home/lucas-fang/ros2_Nav_ws/install/base_interfaces/bin'
[0.978s] Level 1:colcon.colcon_core.environment:checking '/home/lucas-fang/ros2_Nav_ws/install/base_interfaces/lib/pkgconfig/base_interfaces.pc'
[0.979s] Level 1:colcon.colcon_core.environment:checking '/home/lucas-fang/ros2_Nav_ws/install/base_interfaces/lib/python3.10/site-packages'
[0.979s] Level 1:colcon.colcon_core.environment:checking '/home/lucas-fang/ros2_Nav_ws/install/base_interfaces/bin'
[0.979s] INFO:colcon.colcon_core.shell:Creating package script '/home/lucas-fang/ros2_Nav_ws/install/base_interfaces/share/base_interfaces/package.ps1'
[0.980s] INFO:colcon.colcon_core.shell:Creating package descriptor '/home/lucas-fang/ros2_Nav_ws/install/base_interfaces/share/base_interfaces/package.dsv'
[0.980s] INFO:colcon.colcon_core.shell:Creating package script '/home/lucas-fang/ros2_Nav_ws/install/base_interfaces/share/base_interfaces/package.sh'
[0.981s] INFO:colcon.colcon_core.shell:Creating package script '/home/lucas-fang/ros2_Nav_ws/install/base_interfaces/share/base_interfaces/package.bash'
[0.981s] INFO:colcon.colcon_core.shell:Creating package script '/home/lucas-fang/ros2_Nav_ws/install/base_interfaces/share/base_interfaces/package.zsh'
[0.982s] Level 1:colcon.colcon_core.environment:create_file_with_runtime_dependencies(/home/lucas-fang/ros2_Nav_ws/install/base_interfaces/share/colcon-core/packages/base_interfaces)
[0.982s] INFO:colcon.colcon_ros.task.ament_cmake.build:Building ROS package in '/home/lucas-fang/ros2_Nav_ws/src/serial_pkg' with build type 'ament_cmake'
[0.982s] INFO:colcon.colcon_cmake.task.cmake.build:Building CMake package in '/home/lucas-fang/ros2_Nav_ws/src/serial_pkg'
[0.983s] INFO:colcon.colcon_core.shell:Skip shell extension 'powershell' for command environment: Not usable outside of PowerShell
[0.983s] DEBUG:colcon.colcon_core.shell:Skip shell extension 'dsv' for command environment
[0.993s] DEBUG:colcon.colcon_core.event_handler.log_command:Invoking command in '/home/lucas-fang/ros2_Nav_ws/build/serial_pkg': CMAKE_PREFIX_PATH=/home/lucas-fang/ros2_Nav_ws/install/base_interfaces:/home/lucas-fang/ros2_Nav_ws/install/serial_pkg:/home/lucas-fang/ros2_Nav_ws/install/senson_pkg:/home/lucas-fang/ros2_Nav_ws/install/rplidar_ros:/home/lucas-fang/ros2_Nav_ws/install/localization_pkg:/home/lucas-fang/ros2_Nav_ws/install/base_driver_pkg:/opt/ros/humble /usr/bin/cmake --build /home/lucas-fang/ros2_Nav_ws/build/serial_pkg -- -j4 -l4
[1.091s] DEBUG:colcon.colcon_core.event_handler.log_command:Invoked command in '/home/lucas-fang/ros2_Nav_ws/build/serial_pkg' returned '0': CMAKE_PREFIX_PATH=/home/lucas-fang/ros2_Nav_ws/install/base_interfaces:/home/lucas-fang/ros2_Nav_ws/install/serial_pkg:/home/lucas-fang/ros2_Nav_ws/install/senson_pkg:/home/lucas-fang/ros2_Nav_ws/install/rplidar_ros:/home/lucas-fang/ros2_Nav_ws/install/localization_pkg:/home/lucas-fang/ros2_Nav_ws/install/base_driver_pkg:/opt/ros/humble /usr/bin/cmake --build /home/lucas-fang/ros2_Nav_ws/build/serial_pkg -- -j4 -l4
[1.096s] DEBUG:colcon.colcon_core.event_handler.log_command:Invoking command in '/home/lucas-fang/ros2_Nav_ws/build/serial_pkg': CMAKE_PREFIX_PATH=/home/lucas-fang/ros2_Nav_ws/install/base_interfaces:/home/lucas-fang/ros2_Nav_ws/install/serial_pkg:/home/lucas-fang/ros2_Nav_ws/install/senson_pkg:/home/lucas-fang/ros2_Nav_ws/install/rplidar_ros:/home/lucas-fang/ros2_Nav_ws/install/localization_pkg:/home/lucas-fang/ros2_Nav_ws/install/base_driver_pkg:/opt/ros/humble /usr/bin/cmake --install /home/lucas-fang/ros2_Nav_ws/build/serial_pkg
[1.110s] Level 1:colcon.colcon_core.environment:create_environment_scripts_only(serial_pkg)
[1.110s] Level 1:colcon.colcon_core.environment:checking '/home/lucas-fang/ros2_Nav_ws/install/serial_pkg' for CMake module files
[1.111s] DEBUG:colcon.colcon_core.event_handler.log_command:Invoked command in '/home/lucas-fang/ros2_Nav_ws/build/serial_pkg' returned '0': CMAKE_PREFIX_PATH=/home/lucas-fang/ros2_Nav_ws/install/base_interfaces:/home/lucas-fang/ros2_Nav_ws/install/serial_pkg:/home/lucas-fang/ros2_Nav_ws/install/senson_pkg:/home/lucas-fang/ros2_Nav_ws/install/rplidar_ros:/home/lucas-fang/ros2_Nav_ws/install/localization_pkg:/home/lucas-fang/ros2_Nav_ws/install/base_driver_pkg:/opt/ros/humble /usr/bin/cmake --install /home/lucas-fang/ros2_Nav_ws/build/serial_pkg
[1.112s] Level 1:colcon.colcon_core.environment:checking '/home/lucas-fang/ros2_Nav_ws/install/serial_pkg' for CMake config files
[1.113s] Level 1:colcon.colcon_core.shell:create_environment_hook('serial_pkg', 'cmake_prefix_path')
[1.113s] INFO:colcon.colcon_core.shell:Creating environment hook '/home/lucas-fang/ros2_Nav_ws/install/serial_pkg/share/serial_pkg/hook/cmake_prefix_path.ps1'
[1.114s] INFO:colcon.colcon_core.shell:Creating environment descriptor '/home/lucas-fang/ros2_Nav_ws/install/serial_pkg/share/serial_pkg/hook/cmake_prefix_path.dsv'
[1.115s] INFO:colcon.colcon_core.shell:Creating environment hook '/home/lucas-fang/ros2_Nav_ws/install/serial_pkg/share/serial_pkg/hook/cmake_prefix_path.sh'
[1.117s] Level 1:colcon.colcon_core.environment:checking '/home/lucas-fang/ros2_Nav_ws/install/serial_pkg/lib'
[1.117s] Level 1:colcon.colcon_core.environment:checking '/home/lucas-fang/ros2_Nav_ws/install/serial_pkg/bin'
[1.117s] Level 1:colcon.colcon_core.environment:checking '/home/lucas-fang/ros2_Nav_ws/install/serial_pkg/lib/pkgconfig/serial_pkg.pc'
[1.118s] Level 1:colcon.colcon_core.environment:checking '/home/lucas-fang/ros2_Nav_ws/install/serial_pkg/lib/python3.10/site-packages'
[1.118s] Level 1:colcon.colcon_core.environment:checking '/home/lucas-fang/ros2_Nav_ws/install/serial_pkg/bin'
[1.119s] INFO:colcon.colcon_core.shell:Creating package script '/home/lucas-fang/ros2_Nav_ws/install/serial_pkg/share/serial_pkg/package.ps1'
[1.121s] INFO:colcon.colcon_core.shell:Creating package descriptor '/home/lucas-fang/ros2_Nav_ws/install/serial_pkg/share/serial_pkg/package.dsv'
[1.122s] INFO:colcon.colcon_core.shell:Creating package script '/home/lucas-fang/ros2_Nav_ws/install/serial_pkg/share/serial_pkg/package.sh'
[1.122s] INFO:colcon.colcon_core.shell:Creating package script '/home/lucas-fang/ros2_Nav_ws/install/serial_pkg/share/serial_pkg/package.bash'
[1.124s] INFO:colcon.colcon_core.shell:Creating package script '/home/lucas-fang/ros2_Nav_ws/install/serial_pkg/share/serial_pkg/package.zsh'
[1.124s] Level 1:colcon.colcon_core.environment:create_file_with_runtime_dependencies(/home/lucas-fang/ros2_Nav_ws/install/serial_pkg/share/colcon-core/packages/serial_pkg)
[1.126s] Level 1:colcon.colcon_core.environment:create_environment_scripts_only(serial_pkg)
[1.126s] Level 1:colcon.colcon_core.environment:checking '/home/lucas-fang/ros2_Nav_ws/install/serial_pkg' for CMake module files
[1.127s] Level 1:colcon.colcon_core.environment:checking '/home/lucas-fang/ros2_Nav_ws/install/serial_pkg' for CMake config files
[1.127s] Level 1:colcon.colcon_core.shell:create_environment_hook('serial_pkg', 'cmake_prefix_path')
[1.128s] INFO:colcon.colcon_core.shell:Creating environment hook '/home/lucas-fang/ros2_Nav_ws/install/serial_pkg/share/serial_pkg/hook/cmake_prefix_path.ps1'
[1.129s] INFO:colcon.colcon_core.shell:Creating environment descriptor '/home/lucas-fang/ros2_Nav_ws/install/serial_pkg/share/serial_pkg/hook/cmake_prefix_path.dsv'
[1.130s] INFO:colcon.colcon_core.shell:Creating environment hook '/home/lucas-fang/ros2_Nav_ws/install/serial_pkg/share/serial_pkg/hook/cmake_prefix_path.sh'
[1.130s] Level 1:colcon.colcon_core.environment:checking '/home/lucas-fang/ros2_Nav_ws/install/serial_pkg/lib'
[1.131s] Level 1:colcon.colcon_core.environment:checking '/home/lucas-fang/ros2_Nav_ws/install/serial_pkg/bin'
[1.131s] Level 1:colcon.colcon_core.environment:checking '/home/lucas-fang/ros2_Nav_ws/install/serial_pkg/lib/pkgconfig/serial_pkg.pc'
[1.131s] Level 1:colcon.colcon_core.environment:checking '/home/lucas-fang/ros2_Nav_ws/install/serial_pkg/lib/python3.10/site-packages'
[1.131s] Level 1:colcon.colcon_core.environment:checking '/home/lucas-fang/ros2_Nav_ws/install/serial_pkg/bin'
[1.132s] INFO:colcon.colcon_core.shell:Creating package script '/home/lucas-fang/ros2_Nav_ws/install/serial_pkg/share/serial_pkg/package.ps1'
[1.133s] INFO:colcon.colcon_core.shell:Creating package descriptor '/home/lucas-fang/ros2_Nav_ws/install/serial_pkg/share/serial_pkg/package.dsv'
[1.134s] INFO:colcon.colcon_core.shell:Creating package script '/home/lucas-fang/ros2_Nav_ws/install/serial_pkg/share/serial_pkg/package.sh'
[1.134s] INFO:colcon.colcon_core.shell:Creating package script '/home/lucas-fang/ros2_Nav_ws/install/serial_pkg/share/serial_pkg/package.bash'
[1.135s] INFO:colcon.colcon_core.shell:Creating package script '/home/lucas-fang/ros2_Nav_ws/install/serial_pkg/share/serial_pkg/package.zsh'
[1.135s] Level 1:colcon.colcon_core.environment:create_file_with_runtime_dependencies(/home/lucas-fang/ros2_Nav_ws/install/serial_pkg/share/colcon-core/packages/serial_pkg)
[7.293s] DEBUG:colcon.colcon_core.event_handler.log_command:Invoked command in '/home/lucas-fang/ros2_Nav_ws/build/base_driver_pkg' returned '2': CMAKE_PREFIX_PATH=${CMAKE_PREFIX_PATH}:/opt/ros/humble /usr/bin/cmake --build /home/lucas-fang/ros2_Nav_ws/build/base_driver_pkg -- -j4 -l4
[7.294s] Level 1:colcon.colcon_core.environment:create_environment_scripts_only(base_driver_pkg)
[7.294s] Level 1:colcon.colcon_core.environment:checking '/home/lucas-fang/ros2_Nav_ws/install/base_driver_pkg' for CMake module files
[7.294s] Level 1:colcon.colcon_core.environment:checking '/home/lucas-fang/ros2_Nav_ws/install/base_driver_pkg' for CMake config files
[7.295s] Level 1:colcon.colcon_core.shell:create_environment_hook('base_driver_pkg', 'cmake_prefix_path')
[7.295s] INFO:colcon.colcon_core.shell:Creating environment hook '/home/lucas-fang/ros2_Nav_ws/install/base_driver_pkg/share/base_driver_pkg/hook/cmake_prefix_path.ps1'
[7.295s] INFO:colcon.colcon_core.shell:Creating environment descriptor '/home/lucas-fang/ros2_Nav_ws/install/base_driver_pkg/share/base_driver_pkg/hook/cmake_prefix_path.dsv'
[7.296s] INFO:colcon.colcon_core.shell:Creating environment hook '/home/lucas-fang/ros2_Nav_ws/install/base_driver_pkg/share/base_driver_pkg/hook/cmake_prefix_path.sh'
[7.296s] Level 1:colcon.colcon_core.environment:checking '/home/lucas-fang/ros2_Nav_ws/install/base_driver_pkg/lib'
[7.297s] Level 1:colcon.colcon_core.environment:checking '/home/lucas-fang/ros2_Nav_ws/install/base_driver_pkg/bin'
[7.297s] Level 1:colcon.colcon_core.environment:checking '/home/lucas-fang/ros2_Nav_ws/install/base_driver_pkg/lib/pkgconfig/base_driver_pkg.pc'
[7.297s] Level 1:colcon.colcon_core.environment:checking '/home/lucas-fang/ros2_Nav_ws/install/base_driver_pkg/lib/python3.10/site-packages'
[7.297s] Level 1:colcon.colcon_core.environment:checking '/home/lucas-fang/ros2_Nav_ws/install/base_driver_pkg/bin'
[7.297s] INFO:colcon.colcon_core.shell:Creating package script '/home/lucas-fang/ros2_Nav_ws/install/base_driver_pkg/share/base_driver_pkg/package.ps1'
[7.298s] INFO:colcon.colcon_core.shell:Creating package descriptor '/home/lucas-fang/ros2_Nav_ws/install/base_driver_pkg/share/base_driver_pkg/package.dsv'
[7.298s] INFO:colcon.colcon_core.shell:Creating package script '/home/lucas-fang/ros2_Nav_ws/install/base_driver_pkg/share/base_driver_pkg/package.sh'
[7.299s] INFO:colcon.colcon_core.shell:Creating package script '/home/lucas-fang/ros2_Nav_ws/install/base_driver_pkg/share/base_driver_pkg/package.bash'
[7.299s] INFO:colcon.colcon_core.shell:Creating package script '/home/lucas-fang/ros2_Nav_ws/install/base_driver_pkg/share/base_driver_pkg/package.zsh'
[7.300s] Level 1:colcon.colcon_core.environment:create_file_with_runtime_dependencies(/home/lucas-fang/ros2_Nav_ws/install/base_driver_pkg/share/colcon-core/packages/base_driver_pkg)
[7.310s] DEBUG:colcon.colcon_parallel_executor.executor.parallel:closing loop
[7.311s] DEBUG:colcon.colcon_parallel_executor.executor.parallel:loop closed
[7.311s] DEBUG:colcon.colcon_parallel_executor.executor.parallel:run_until_complete finished with '2'
[7.311s] DEBUG:colcon.colcon_core.event_reactor:joining thread
[7.317s] INFO:colcon.colcon_core.plugin_system:Skipping extension 'colcon_notification.desktop_notification.notify_send': Could not find 'notify-send'
[7.317s] INFO:colcon.colcon_core.plugin_system:Skipping extension 'colcon_notification.desktop_notification.terminal_notifier': Not used on non-Darwin systems
[7.317s] INFO:colcon.colcon_core.plugin_system:Skipping extension 'colcon_notification.desktop_notification.win32': Not used on non-Windows systems
[7.317s] INFO:colcon.colcon_notification.desktop_notification:Sending desktop notification using 'notify2'
[7.340s] DEBUG:colcon.colcon_core.event_reactor:joined thread
[7.341s] INFO:colcon.colcon_core.shell:Creating prefix script '/home/lucas-fang/ros2_Nav_ws/install/local_setup.ps1'
[7.342s] INFO:colcon.colcon_core.shell:Creating prefix util module '/home/lucas-fang/ros2_Nav_ws/install/_local_setup_util_ps1.py'
[7.345s] INFO:colcon.colcon_core.shell:Creating prefix chain script '/home/lucas-fang/ros2_Nav_ws/install/setup.ps1'
[7.348s] INFO:colcon.colcon_core.shell:Creating prefix script '/home/lucas-fang/ros2_Nav_ws/install/local_setup.sh'
[7.349s] INFO:colcon.colcon_core.shell:Creating prefix util module '/home/lucas-fang/ros2_Nav_ws/install/_local_setup_util_sh.py'
[7.350s] INFO:colcon.colcon_core.shell:Creating prefix chain script '/home/lucas-fang/ros2_Nav_ws/install/setup.sh'
[7.352s] INFO:colcon.colcon_core.shell:Creating prefix script '/home/lucas-fang/ros2_Nav_ws/install/local_setup.bash'
[7.353s] INFO:colcon.colcon_core.shell:Creating prefix chain script '/home/lucas-fang/ros2_Nav_ws/install/setup.bash'
[7.355s] INFO:colcon.colcon_core.shell:Creating prefix script '/home/lucas-fang/ros2_Nav_ws/install/local_setup.zsh'
[7.357s] INFO:colcon.colcon_core.shell:Creating prefix chain script '/home/lucas-fang/ros2_Nav_ws/install/setup.zsh'
