[0.010s] Invoking command in '/home/lucas-fang/ros2_Nav_ws/build/base_interfaces': CMAKE_PREFIX_PATH=${CMAKE_PREFIX_PATH}:/opt/ros/humble /usr/bin/cmake /home/lucas-fang/ros2_Nav_ws/src/base_interfaces -DCMAKE_EXPORT_COMPILE_COMMANDS=ON -DCMAKE_INSTALL_PREFIX=/home/lucas-fang/ros2_Nav_ws/install/base_interfaces
[0.021s] -- Found rosidl_default_generators: 1.2.0 (/opt/ros/humble/share/rosidl_default_generators/cmake)
[0.021s] -- Found ament_cmake_core: 1.3.11 (/opt/ros/humble/share/ament_cmake_core/cmake)
[0.127s] -- Using all available rosidl_typesupport_c: rosidl_typesupport_fastrtps_c;rosidl_typesupport_introspection_c
[0.129s] -- Found rosidl_adapter: 3.1.6 (/opt/ros/humble/share/rosidl_adapter/cmake)
[0.161s] -- Using all available rosidl_typesupport_cpp: rosidl_typesupport_fastrtps_cpp;rosidl_typesupport_introspection_cpp
[0.327s] [31mCMake Error at /opt/ros/humble/share/rosidl_adapter/cmake/rosidl_adapt_interfaces.cmake:59 (message):
[0.327s]   execute_process(/usr/bin/python3 -m rosidl_adapter --package-name
[0.327s]   base_interfaces --arguments-file
[0.327s]   /home/lucas-fang/ros2_Nav_ws/build/base_interfaces/rosidl_adapter__arguments__base_interfaces.json
[0.328s]   --output-dir
[0.328s]   /home/lucas-fang/ros2_Nav_ws/build/base_interfaces/rosidl_adapter/base_interfaces
[0.328s]   --output-file
[0.328s]   /home/lucas-fang/ros2_Nav_ws/build/base_interfaces/rosidl_adapter/base_interfaces.idls)
[0.328s]   returned error code 1:
[0.328s] 
[0.328s]   Error processing 'float roll' of 'base_interfaces/imu': ''float' is an
[0.328s]   invalid message name.  It should have the pattern '^[A-Z][A-Za-z0-9]*$''
[0.328s] 
[0.328s]   Traceback (most recent call last):
[0.328s] 
[0.328s]     File "/usr/lib/python3.10/runpy.py", line 196, in _run_module_as_main
[0.328s]       return _run_code(code, main_globals, None,
[0.328s]     File "/usr/lib/python3.10/runpy.py", line 86, in _run_code
[0.328s]       exec(code, run_globals)
[0.329s]     File "/opt/ros/humble/local/lib/python3.10/dist-packages/rosidl_adapter/__main__.py", line 19, in <module>
[0.329s]       sys.exit(main())
[0.329s]     File "/opt/ros/humble/local/lib/python3.10/dist-packages/rosidl_adapter/main.py", line 53, in main
[0.329s]       abs_idl_file = convert_to_idl(
[0.329s]     File "/opt/ros/humble/local/lib/python3.10/dist-packages/rosidl_adapter/__init__.py", line 19, in convert_to_idl
[0.329s]       return convert_msg_to_idl(
[0.329s]     File "/opt/ros/humble/local/lib/python3.10/dist-packages/rosidl_adapter/msg/__init__.py", line 28, in convert_msg_to_idl
[0.329s]       msg = parse_message_string(package_name, input_file.stem, content)
[0.329s]     File "/opt/ros/humble/local/lib/python3.10/dist-packages/rosidl_adapter/parser.py", line 520, in parse_message_string
[0.329s]       Type(type_string, context_package_name=pkg_name),
[0.329s]     File "/opt/ros/humble/local/lib/python3.10/dist-packages/rosidl_adapter/parser.py", line 277, in __init__
[0.329s]       super(Type, self).__init__(
[0.329s]     File "/opt/ros/humble/local/lib/python3.10/dist-packages/rosidl_adapter/parser.py", line 205, in __init__
[0.329s]       raise InvalidResourceName(
[0.329s] 
[0.329s]   rosidl_adapter.parser.InvalidResourceName: 'float' is an invalid message
[0.330s]   name.  It should have the pattern '^[A-Z][A-Za-z0-9]*$'
[0.330s] 
[0.330s] Call Stack (most recent call first):
[0.330s]   /opt/ros/humble/share/rosidl_cmake/cmake/rosidl_generate_interfaces.cmake:130 (rosidl_adapt_interfaces)
[0.330s]   CMakeLists.txt:11 (rosidl_generate_interfaces)
[0.330s] 
[0.330s] [0m
[0.330s] -- Configuring incomplete, errors occurred!
[0.330s] See also "/home/lucas-fang/ros2_Nav_ws/build/base_interfaces/CMakeFiles/CMakeOutput.log".
[0.333s] Invoked command in '/home/lucas-fang/ros2_Nav_ws/build/base_interfaces' returned '1': CMAKE_PREFIX_PATH=${CMAKE_PREFIX_PATH}:/opt/ros/humble /usr/bin/cmake /home/lucas-fang/ros2_Nav_ws/src/base_interfaces -DCMAKE_EXPORT_COMPILE_COMMANDS=ON -DCMAKE_INSTALL_PREFIX=/home/lucas-fang/ros2_Nav_ws/install/base_interfaces
