[0.013s] Invoking command in '/home/lucas-fang/ros2_Nav_ws/build/serial_pkg': CMAKE_PREFIX_PATH=/home/lucas-fang/ros2_Nav_ws/install/base_interfaces:/home/lucas-fang/ros2_Nav_ws/install/serial_pkg:/home/lucas-fang/ros2_Nav_ws/install/rplidar_ros:/opt/ros/humble /usr/bin/cmake --build /home/lucas-fang/ros2_Nav_ws/build/serial_pkg -- -j4 -l4
[0.052s] [35m[1mConsolidate compiler generated dependencies of target odom[0m
[0.058s] [ 25%] Built target my_serial_lib
[0.072s] [ 37%] [32mBuilding CXX object CMakeFiles/odom.dir/src/odom.cpp.o[0m
[0.087s] [ 62%] Built target chat_stm32
[0.088s] [ 87%] Built target get_imu_ros2
[10.681s] [100%] [32m[1mLinking CXX executable odom[0m
[11.491s] [100%] Built target odom
[11.502s] Invoked command in '/home/lucas-fang/ros2_Nav_ws/build/serial_pkg' returned '0': CMAKE_PREFIX_PATH=/home/lucas-fang/ros2_Nav_ws/install/base_interfaces:/home/lucas-fang/ros2_Nav_ws/install/serial_pkg:/home/lucas-fang/ros2_Nav_ws/install/rplidar_ros:/opt/ros/humble /usr/bin/cmake --build /home/lucas-fang/ros2_Nav_ws/build/serial_pkg -- -j4 -l4
[11.511s] Invoking command in '/home/lucas-fang/ros2_Nav_ws/build/serial_pkg': CMAKE_PREFIX_PATH=/home/lucas-fang/ros2_Nav_ws/install/base_interfaces:/home/lucas-fang/ros2_Nav_ws/install/serial_pkg:/home/lucas-fang/ros2_Nav_ws/install/rplidar_ros:/opt/ros/humble /usr/bin/cmake --install /home/lucas-fang/ros2_Nav_ws/build/serial_pkg
[11.519s] -- Install configuration: ""
[11.519s] -- Up-to-date: /home/lucas-fang/ros2_Nav_ws/install/serial_pkg/lib/serial_pkg/libmy_serial_lib.a
[11.519s] -- Up-to-date: /home/lucas-fang/ros2_Nav_ws/install/serial_pkg/lib/serial_pkg/get_imu_ros2
[11.519s] -- Installing: /home/lucas-fang/ros2_Nav_ws/install/serial_pkg/lib/serial_pkg/odom
[11.525s] -- Set runtime path of "/home/lucas-fang/ros2_Nav_ws/install/serial_pkg/lib/serial_pkg/odom" to ""
[11.525s] -- Up-to-date: /home/lucas-fang/ros2_Nav_ws/install/serial_pkg/lib/serial_pkg/chat_stm32
[11.526s] -- Up-to-date: /home/lucas-fang/ros2_Nav_ws/install/serial_pkg/share/serial_pkg/launch
[11.526s] -- Up-to-date: /home/lucas-fang/ros2_Nav_ws/install/serial_pkg/share/serial_pkg/launch/odom_launch.py
[11.526s] -- Up-to-date: /home/lucas-fang/ros2_Nav_ws/install/serial_pkg/share/ament_index/resource_index/package_run_dependencies/serial_pkg
[11.526s] -- Up-to-date: /home/lucas-fang/ros2_Nav_ws/install/serial_pkg/share/ament_index/resource_index/parent_prefix_path/serial_pkg
[11.526s] -- Up-to-date: /home/lucas-fang/ros2_Nav_ws/install/serial_pkg/share/serial_pkg/environment/ament_prefix_path.sh
[11.526s] -- Up-to-date: /home/lucas-fang/ros2_Nav_ws/install/serial_pkg/share/serial_pkg/environment/ament_prefix_path.dsv
[11.526s] -- Up-to-date: /home/lucas-fang/ros2_Nav_ws/install/serial_pkg/share/serial_pkg/environment/path.sh
[11.526s] -- Up-to-date: /home/lucas-fang/ros2_Nav_ws/install/serial_pkg/share/serial_pkg/environment/path.dsv
[11.526s] -- Up-to-date: /home/lucas-fang/ros2_Nav_ws/install/serial_pkg/share/serial_pkg/local_setup.bash
[11.526s] -- Up-to-date: /home/lucas-fang/ros2_Nav_ws/install/serial_pkg/share/serial_pkg/local_setup.sh
[11.526s] -- Up-to-date: /home/lucas-fang/ros2_Nav_ws/install/serial_pkg/share/serial_pkg/local_setup.zsh
[11.527s] -- Up-to-date: /home/lucas-fang/ros2_Nav_ws/install/serial_pkg/share/serial_pkg/local_setup.dsv
[11.527s] -- Installing: /home/lucas-fang/ros2_Nav_ws/install/serial_pkg/share/serial_pkg/package.dsv
[11.527s] -- Up-to-date: /home/lucas-fang/ros2_Nav_ws/install/serial_pkg/share/ament_index/resource_index/packages/serial_pkg
[11.527s] -- Up-to-date: /home/lucas-fang/ros2_Nav_ws/install/serial_pkg/share/serial_pkg/cmake/serial_pkgConfig.cmake
[11.527s] -- Up-to-date: /home/lucas-fang/ros2_Nav_ws/install/serial_pkg/share/serial_pkg/cmake/serial_pkgConfig-version.cmake
[11.527s] -- Up-to-date: /home/lucas-fang/ros2_Nav_ws/install/serial_pkg/share/serial_pkg/package.xml
[11.528s] Invoked command in '/home/lucas-fang/ros2_Nav_ws/build/serial_pkg' returned '0': CMAKE_PREFIX_PATH=/home/lucas-fang/ros2_Nav_ws/install/base_interfaces:/home/lucas-fang/ros2_Nav_ws/install/serial_pkg:/home/lucas-fang/ros2_Nav_ws/install/rplidar_ros:/opt/ros/humble /usr/bin/cmake --install /home/lucas-fang/ros2_Nav_ws/build/serial_pkg
