-- Found ament_cmake: 1.3.11 (/opt/ros/humble/share/ament_cmake/cmake)
-- Found rclcpp: 16.0.12 (/opt/ros/humble/share/rclcpp/cmake)
-- Found rosidl_generator_c: 3.1.6 (/opt/ros/humble/share/rosidl_generator_c/cmake)
-- Found rosidl_adapter: 3.1.6 (/opt/ros/humble/share/rosidl_adapter/cmake)
-- Found rosidl_generator_cpp: 3.1.6 (/opt/ros/humble/share/rosidl_generator_cpp/cmake)
-- Using all available rosidl_typesupport_c: rosidl_typesupport_fastrtps_c;rosidl_typesupport_introspection_c
-- Using all available rosidl_typesupport_cpp: rosidl_typesupport_fastrtps_cpp;rosidl_typesupport_introspection_cpp
-- Found rmw_implementation_cmake: 6.1.2 (/opt/ros/humble/share/rmw_implementation_cmake/cmake)
-- Found rmw_fastrtps_cpp: 6.2.7 (/opt/ros/humble/share/rmw_fastrtps_cpp/cmake)
-- Using RMW implementation 'rmw_fastrtps_cpp' as default
-- Found geometry_msgs: 4.9.0 (/opt/ros/humble/share/geometry_msgs/cmake)
-- Found sensor_msgs: 4.9.0 (/opt/ros/humble/share/sensor_msgs/cmake)
-- Found serial_driver: 1.2.0 (/opt/ros/humble/share/serial_driver/cmake)
-- Found asio_cmake_module: 1.2.0 (/opt/ros/humble/share/asio_cmake_module/cmake)
-- Found tf2: 0.25.13 (/opt/ros/humble/share/tf2/cmake)
-- Found tf2_ros: 0.25.13 (/opt/ros/humble/share/tf2_ros/cmake)
-- Found base_interfaces: 0.0.0 (/home/lucas-fang/ros2_Nav_ws/install/base_interfaces/share/base_interfaces/cmake)
-- Found ament_lint_auto: 0.12.12 (/opt/ros/humble/share/ament_lint_auto/cmake)
-- Added test 'cppcheck' to perform static code analysis on C / C++ code
-- Configured cppcheck include dirs: $<BUILD_INTERFACE:/home/lucas-fang/ros2_Nav_ws/src/serial_pkg/include>
-- Configured cppcheck exclude dirs and/or files: 
-- Added test 'lint_cmake' to check CMake code style
-- Added test 'uncrustify' to check C / C++ code style
-- Configured uncrustify additional arguments: 
-- Added test 'xmllint' to check XML markup files
-- Configuring done
-- Generating done
-- Build files have been written to: /home/lucas-fang/ros2_Nav_ws/build/serial_pkg
[35m[1mConsolidate compiler generated dependencies of target my_serial_lib[0m
[35m[1mConsolidate compiler generated dependencies of target odom[0m
[ 25%] Built target my_serial_lib
[ 37%] [32mBuilding CXX object CMakeFiles/odom.dir/src/odom.cpp.o[0m
[35m[1mConsolidate compiler generated dependencies of target chat_stm32[0m
[35m[1mConsolidate compiler generated dependencies of target get_imu_ros2[0m
[ 62%] [32mBuilding CXX object CMakeFiles/chat_stm32.dir/src/chat_stm32.cpp.o[0m
[ 62%] [32mBuilding CXX object CMakeFiles/get_imu_ros2.dir/src/get_imu_ros2.cpp.o[0m
[01m[K/home/lucas-fang/ros2_Nav_ws/src/serial_pkg/src/odom.cpp:[m[K In constructor ‘[01m[KCala_Odom::Cala_Odom()[m[K’:
[01m[K/home/lucas-fang/ros2_Nav_ws/src/serial_pkg/src/odom.cpp:17:103:[m[K [01;31m[Kerror: [m[Kno matching function for call to ‘[01m[Kbind(<unresolved overloaded function type>, Cala_Odom*, const std::_Placeholder<1>&)[m[K’
   17 |         sub_my_imu_ = this->create_subscription<base_interfaces::msg::Imu>("myimu/data", 10, [01;31m[Kstd::bind([m[K
      |                                                                                              [01;31m[K~~~~~~~~~^[m[K
   18 | [01;31m[K            &Cala_Odom::topic_callback, this, std::placeholders::_1)[m[K);
      |             [01;31m[K~~~~~~~~~~~~~~~~~~~~~~~~~~~~~~~~~~~~~~~~~~~~~~~~~~~~~~~~[m[K                                   
In file included from [01m[K/usr/include/c++/11/pstl/glue_algorithm_defs.h:13[m[K,
                 from [01m[K/usr/include/c++/11/algorithm:74[m[K,
                 from [01m[K/opt/ros/humble/include/rclcpp/rclcpp/executor.hpp:18[m[K,
                 from [01m[K/opt/ros/humble/include/rclcpp/rclcpp/executors/multi_threaded_executor.hpp:25[m[K,
                 from [01m[K/opt/ros/humble/include/rclcpp/rclcpp/executors.hpp:21[m[K,
                 from [01m[K/opt/ros/humble/include/rclcpp/rclcpp/rclcpp.hpp:155[m[K,
                 from [01m[K/home/lucas-fang/ros2_Nav_ws/src/serial_pkg/src/odom.cpp:1[m[K:
[01m[K/usr/include/c++/11/functional:789:5:[m[K [01;36m[Knote: [m[Kcandidate: ‘[01m[Ktemplate<class _Func, class ... _BoundArgs> typename std::_Bind_helper<std::__is_socketlike<_Func>::value, _Func, _BoundArgs ...>::type std::bind(_Func&&, _BoundArgs&& ...)[m[K’
  789 |     [01;36m[Kbind[m[K(_Func&& __f, _BoundArgs&&... __args)
      |     [01;36m[K^~~~[m[K
[01m[K/usr/include/c++/11/functional:789:5:[m[K [01;36m[Knote: [m[K  template argument deduction/substitution failed:
[01m[K/home/lucas-fang/ros2_Nav_ws/src/serial_pkg/src/odom.cpp:17:103:[m[K [01;36m[Knote: [m[K  couldn’t deduce template parameter ‘[01m[K_Func[m[K’
   17 |         sub_my_imu_ = this->create_subscription<base_interfaces::msg::Imu>("myimu/data", 10, [01;36m[Kstd::bind([m[K
      |                                                                                              [01;36m[K~~~~~~~~~^[m[K
   18 | [01;36m[K            &Cala_Odom::topic_callback, this, std::placeholders::_1)[m[K);
      |             [01;36m[K~~~~~~~~~~~~~~~~~~~~~~~~~~~~~~~~~~~~~~~~~~~~~~~~~~~~~~~~[m[K                                   
In file included from [01m[K/usr/include/c++/11/pstl/glue_algorithm_defs.h:13[m[K,
                 from [01m[K/usr/include/c++/11/algorithm:74[m[K,
                 from [01m[K/opt/ros/humble/include/rclcpp/rclcpp/executor.hpp:18[m[K,
                 from [01m[K/opt/ros/humble/include/rclcpp/rclcpp/executors/multi_threaded_executor.hpp:25[m[K,
                 from [01m[K/opt/ros/humble/include/rclcpp/rclcpp/executors.hpp:21[m[K,
                 from [01m[K/opt/ros/humble/include/rclcpp/rclcpp/rclcpp.hpp:155[m[K,
                 from [01m[K/home/lucas-fang/ros2_Nav_ws/src/serial_pkg/src/odom.cpp:1[m[K:
[01m[K/usr/include/c++/11/functional:813:5:[m[K [01;36m[Knote: [m[Kcandidate: ‘[01m[Ktemplate<class _Result, class _Func, class ... _BoundArgs> typename std::_Bindres_helper<_Result, _Func, _BoundArgs>::type std::bind(_Func&&, _BoundArgs&& ...)[m[K’
  813 |     [01;36m[Kbind[m[K(_Func&& __f, _BoundArgs&&... __args)
      |     [01;36m[K^~~~[m[K
[01m[K/usr/include/c++/11/functional:813:5:[m[K [01;36m[Knote: [m[K  template argument deduction/substitution failed:
[01m[K/home/lucas-fang/ros2_Nav_ws/src/serial_pkg/src/odom.cpp:17:103:[m[K [01;36m[Knote: [m[K  couldn’t deduce template parameter ‘[01m[K_Result[m[K’
   17 |         sub_my_imu_ = this->create_subscription<base_interfaces::msg::Imu>("myimu/data", 10, [01;36m[Kstd::bind([m[K
      |                                                                                              [01;36m[K~~~~~~~~~^[m[K
   18 | [01;36m[K            &Cala_Odom::topic_callback, this, std::placeholders::_1)[m[K);
      |             [01;36m[K~~~~~~~~~~~~~~~~~~~~~~~~~~~~~~~~~~~~~~~~~~~~~~~~~~~~~~~~[m[K                                   
[01m[K/home/lucas-fang/ros2_Nav_ws/src/serial_pkg/src/odom.cpp:20:108:[m[K [01;31m[Kerror: [m[Kno matching function for call to ‘[01m[Kbind(<unresolved overloaded function type>, Cala_Odom*, const std::_Placeholder<1>&)[m[K’
   20 |         sub_my_robot_ = this->create_subscription<base_interfaces::msg::Robot>("robot/speed", 10, [01;31m[Kstd::bind([m[K
      |                                                                                                   [01;31m[K~~~~~~~~~^[m[K
   21 | [01;31m[K            &Cala_Odom::topic_callback, this, std::placeholders::_1)[m[K);
      |             [01;31m[K~~~~~~~~~~~~~~~~~~~~~~~~~~~~~~~~~~~~~~~~~~~~~~~~~~~~~~~~[m[K                                        
In file included from [01m[K/usr/include/c++/11/pstl/glue_algorithm_defs.h:13[m[K,
                 from [01m[K/usr/include/c++/11/algorithm:74[m[K,
                 from [01m[K/opt/ros/humble/include/rclcpp/rclcpp/executor.hpp:18[m[K,
                 from [01m[K/opt/ros/humble/include/rclcpp/rclcpp/executors/multi_threaded_executor.hpp:25[m[K,
                 from [01m[K/opt/ros/humble/include/rclcpp/rclcpp/executors.hpp:21[m[K,
                 from [01m[K/opt/ros/humble/include/rclcpp/rclcpp/rclcpp.hpp:155[m[K,
                 from [01m[K/home/lucas-fang/ros2_Nav_ws/src/serial_pkg/src/odom.cpp:1[m[K:
[01m[K/usr/include/c++/11/functional:789:5:[m[K [01;36m[Knote: [m[Kcandidate: ‘[01m[Ktemplate<class _Func, class ... _BoundArgs> typename std::_Bind_helper<std::__is_socketlike<_Func>::value, _Func, _BoundArgs ...>::type std::bind(_Func&&, _BoundArgs&& ...)[m[K’
  789 |     [01;36m[Kbind[m[K(_Func&& __f, _BoundArgs&&... __args)
      |     [01;36m[K^~~~[m[K
[01m[K/usr/include/c++/11/functional:789:5:[m[K [01;36m[Knote: [m[K  template argument deduction/substitution failed:
[01m[K/home/lucas-fang/ros2_Nav_ws/src/serial_pkg/src/odom.cpp:20:108:[m[K [01;36m[Knote: [m[K  couldn’t deduce template parameter ‘[01m[K_Func[m[K’
   20 |         sub_my_robot_ = this->create_subscription<base_interfaces::msg::Robot>("robot/speed", 10, [01;36m[Kstd::bind([m[K
      |                                                                                                   [01;36m[K~~~~~~~~~^[m[K
   21 | [01;36m[K            &Cala_Odom::topic_callback, this, std::placeholders::_1)[m[K);
      |             [01;36m[K~~~~~~~~~~~~~~~~~~~~~~~~~~~~~~~~~~~~~~~~~~~~~~~~~~~~~~~~[m[K                                        
In file included from [01m[K/usr/include/c++/11/pstl/glue_algorithm_defs.h:13[m[K,
                 from [01m[K/usr/include/c++/11/algorithm:74[m[K,
                 from [01m[K/opt/ros/humble/include/rclcpp/rclcpp/executor.hpp:18[m[K,
                 from [01m[K/opt/ros/humble/include/rclcpp/rclcpp/executors/multi_threaded_executor.hpp:25[m[K,
                 from [01m[K/opt/ros/humble/include/rclcpp/rclcpp/executors.hpp:21[m[K,
                 from [01m[K/opt/ros/humble/include/rclcpp/rclcpp/rclcpp.hpp:155[m[K,
                 from [01m[K/home/lucas-fang/ros2_Nav_ws/src/serial_pkg/src/odom.cpp:1[m[K:
[01m[K/usr/include/c++/11/functional:813:5:[m[K [01;36m[Knote: [m[Kcandidate: ‘[01m[Ktemplate<class _Result, class _Func, class ... _BoundArgs> typename std::_Bindres_helper<_Result, _Func, _BoundArgs>::type std::bind(_Func&&, _BoundArgs&& ...)[m[K’
  813 |     [01;36m[Kbind[m[K(_Func&& __f, _BoundArgs&&... __args)
      |     [01;36m[K^~~~[m[K
[01m[K/usr/include/c++/11/functional:813:5:[m[K [01;36m[Knote: [m[K  template argument deduction/substitution failed:
[01m[K/home/lucas-fang/ros2_Nav_ws/src/serial_pkg/src/odom.cpp:20:108:[m[K [01;36m[Knote: [m[K  couldn’t deduce template parameter ‘[01m[K_Result[m[K’
   20 |         sub_my_robot_ = this->create_subscription<base_interfaces::msg::Robot>("robot/speed", 10, [01;36m[Kstd::bind([m[K
      |                                                                                                   [01;36m[K~~~~~~~~~^[m[K
   21 | [01;36m[K            &Cala_Odom::topic_callback, this, std::placeholders::_1)[m[K);
      |             [01;36m[K~~~~~~~~~~~~~~~~~~~~~~~~~~~~~~~~~~~~~~~~~~~~~~~~~~~~~~~~[m[K                                        
gmake[2]: *** [CMakeFiles/odom.dir/build.make:76: CMakeFiles/odom.dir/src/odom.cpp.o] Error 1
gmake[1]: *** [CMakeFiles/Makefile2:195: CMakeFiles/odom.dir/all] Error 2
gmake[1]: *** Waiting for unfinished jobs....
[ 75%] [32m[1mLinking CXX executable get_imu_ros2[0m
[ 75%] Built target get_imu_ros2
[ 87%] [32m[1mLinking CXX executable chat_stm32[0m
[ 87%] Built target chat_stm32
gmake: *** [Makefile:146: all] Error 2
