[0.010s] Invoking command in '/home/lucas-fang/ros2_Nav_ws/build/get_IMU': CMAKE_PREFIX_PATH=/opt/ros/humble /usr/bin/cmake /home/lucas-fang/ros2_Nav_ws/src/get_IMU -DCMAKE_INSTALL_PREFIX=/home/lucas-fang/ros2_Nav_ws/install/get_IMU
[0.146s] -- The C compiler identification is GNU 11.4.0
[0.241s] -- The CXX compiler identification is GNU 11.4.0
[0.253s] -- Detecting C compiler ABI info
[0.324s] -- Detecting C compiler ABI info - done
[0.332s] -- Check for working C compiler: /usr/bin/cc - skipped
[0.332s] -- Detecting C compile features
[0.333s] -- Detecting C compile features - done
[0.336s] -- Detecting CXX compiler ABI info
[0.407s] -- Detecting CXX compiler ABI info - done
[0.415s] -- Check for working CXX compiler: /usr/bin/c++ - skipped
[0.416s] -- Detecting CXX compile features
[0.416s] -- Detecting CXX compile features - done
[0.421s] -- Found ament_cmake: 1.3.11 (/opt/ros/humble/share/ament_cmake/cmake)
[0.563s] -- Found Python3: /usr/bin/python3 (found version "3.10.12") found components: Interpreter 
[0.646s] -- Found rclcpp: 16.0.12 (/opt/ros/humble/share/rclcpp/cmake)
[0.688s] -- Found rosidl_generator_c: 3.1.6 (/opt/ros/humble/share/rosidl_generator_c/cmake)
[0.692s] -- Found rosidl_adapter: 3.1.6 (/opt/ros/humble/share/rosidl_adapter/cmake)
[0.700s] -- Found rosidl_generator_cpp: 3.1.6 (/opt/ros/humble/share/rosidl_generator_cpp/cmake)
[0.714s] -- Using all available rosidl_typesupport_c: rosidl_typesupport_fastrtps_c;rosidl_typesupport_introspection_c
[0.729s] -- Using all available rosidl_typesupport_cpp: rosidl_typesupport_fastrtps_cpp;rosidl_typesupport_introspection_cpp
[0.772s] -- Found rmw_implementation_cmake: 6.1.2 (/opt/ros/humble/share/rmw_implementation_cmake/cmake)
[0.775s] -- Found rmw_fastrtps_cpp: 6.2.7 (/opt/ros/humble/share/rmw_fastrtps_cpp/cmake)
[0.848s] -- Found OpenSSL: /usr/lib/x86_64-linux-gnu/libcrypto.so (found version "3.0.2")  
[0.871s] -- Found FastRTPS: /opt/ros/humble/include  
[0.905s] -- Using RMW implementation 'rmw_fastrtps_cpp' as default
[0.914s] -- Looking for pthread.h
[0.976s] -- Looking for pthread.h - found
[0.977s] -- Performing Test CMAKE_HAVE_LIBC_PTHREAD
[1.050s] -- Performing Test CMAKE_HAVE_LIBC_PTHREAD - Success
[1.051s] -- Found Threads: TRUE  
[1.110s] [31mCMake Error at CMakeLists.txt:11 (find_package):
[1.111s]   By not providing "Findserial_drive.cmake" in CMAKE_MODULE_PATH this project
[1.111s]   has asked CMake to find a package configuration file provided by
[1.111s]   "serial_drive", but CMake did not find one.
[1.111s] 
[1.111s]   Could not find a package configuration file provided by "serial_drive" with
[1.111s]   any of the following names:
[1.111s] 
[1.111s]     serial_driveConfig.cmake
[1.111s]     serial_drive-config.cmake
[1.111s] 
[1.111s]   Add the installation prefix of "serial_drive" to CMAKE_PREFIX_PATH or set
[1.111s]   "serial_drive_DIR" to a directory containing one of the above files.  If
[1.111s]   "serial_drive" provides a separate development package or SDK, be sure it
[1.111s]   has been installed.
[1.112s] 
[1.112s] [0m
[1.112s] -- Configuring incomplete, errors occurred!
[1.112s] See also "/home/lucas-fang/ros2_Nav_ws/build/get_IMU/CMakeFiles/CMakeOutput.log".
[1.118s] Invoked command in '/home/lucas-fang/ros2_Nav_ws/build/get_IMU' returned '1': CMAKE_PREFIX_PATH=/opt/ros/humble /usr/bin/cmake /home/lucas-fang/ros2_Nav_ws/src/get_IMU -DCMAKE_INSTALL_PREFIX=/home/lucas-fang/ros2_Nav_ws/install/get_IMU
