[0.013s] Invoking command in '/home/lucas-fang/ros2_Nav_ws/build/rplidar_ros': CMAKE_PREFIX_PATH=/opt/ros/humble /usr/bin/cmake /home/lucas-fang/ros2_Nav_ws/src/rplidar_ros -DCMAKE_EXPORT_COMPILE_COMMANDS=ON -DCMAKE_INSTALL_PREFIX=/home/lucas-fang/ros2_Nav_ws/install/rplidar_ros
[0.037s] -- Found ament_cmake: 1.3.11 (/opt/ros/humble/share/ament_cmake/cmake)
[0.178s] -- Found rclcpp: 16.0.12 (/opt/ros/humble/share/rclcpp/cmake)
[0.213s] -- Found rosidl_generator_c: 3.1.6 (/opt/ros/humble/share/rosidl_generator_c/cmake)
[0.216s] -- Found rosidl_adapter: 3.1.6 (/opt/ros/humble/share/rosidl_adapter/cmake)
[0.223s] -- Found rosidl_generator_cpp: 3.1.6 (/opt/ros/humble/share/rosidl_generator_cpp/cmake)
[0.234s] -- Using all available rosidl_typesupport_c: rosidl_typesupport_fastrtps_c;rosidl_typesupport_introspection_c
[0.249s] -- Using all available rosidl_typesupport_cpp: rosidl_typesupport_fastrtps_cpp;rosidl_typesupport_introspection_cpp
[0.288s] -- Found rmw_implementation_cmake: 6.1.2 (/opt/ros/humble/share/rmw_implementation_cmake/cmake)
[0.290s] -- Found rmw_fastrtps_cpp: 6.2.7 (/opt/ros/humble/share/rmw_fastrtps_cpp/cmake)
[0.392s] -- Using RMW implementation 'rmw_fastrtps_cpp' as default
[0.452s] -- Found sensor_msgs: 4.9.0 (/opt/ros/humble/share/sensor_msgs/cmake)
[0.486s] -- Found std_srvs: 4.9.0 (/opt/ros/humble/share/std_srvs/cmake)
[0.571s] -- Configuring done
[0.596s] -- Generating done
[0.604s] -- Build files have been written to: /home/lucas-fang/ros2_Nav_ws/build/rplidar_ros
[0.613s] Invoked command in '/home/lucas-fang/ros2_Nav_ws/build/rplidar_ros' returned '0': CMAKE_PREFIX_PATH=/opt/ros/humble /usr/bin/cmake /home/lucas-fang/ros2_Nav_ws/src/rplidar_ros -DCMAKE_EXPORT_COMPILE_COMMANDS=ON -DCMAKE_INSTALL_PREFIX=/home/lucas-fang/ros2_Nav_ws/install/rplidar_ros
[0.614s] Invoking command in '/home/lucas-fang/ros2_Nav_ws/build/rplidar_ros': CMAKE_PREFIX_PATH=/opt/ros/humble /usr/bin/cmake --build /home/lucas-fang/ros2_Nav_ws/build/rplidar_ros -- -j4 -l4
[0.655s] [35m[1mConsolidate compiler generated dependencies of target rplidar_client[0m
[0.664s] [35m[1mConsolidate compiler generated dependencies of target rplidar_node[0m
[0.675s] [  5%] Built target rplidar_client
[0.677s] [35m[1mConsolidate compiler generated dependencies of target rplidar_composition[0m
[0.696s] [ 52%] Built target rplidar_node
[0.709s] [100%] Built target rplidar_composition
[0.719s] Invoked command in '/home/lucas-fang/ros2_Nav_ws/build/rplidar_ros' returned '0': CMAKE_PREFIX_PATH=/opt/ros/humble /usr/bin/cmake --build /home/lucas-fang/ros2_Nav_ws/build/rplidar_ros -- -j4 -l4
[0.729s] Invoking command in '/home/lucas-fang/ros2_Nav_ws/build/rplidar_ros': CMAKE_PREFIX_PATH=/opt/ros/humble /usr/bin/cmake --install /home/lucas-fang/ros2_Nav_ws/build/rplidar_ros
[0.737s] -- Install configuration: ""
[0.737s] -- Up-to-date: /home/lucas-fang/ros2_Nav_ws/install/rplidar_ros/share/rplidar_ros/launch
[0.737s] -- Up-to-date: /home/lucas-fang/ros2_Nav_ws/install/rplidar_ros/share/rplidar_ros/launch/rplidar_a1_launch.py
[0.738s] -- Up-to-date: /home/lucas-fang/ros2_Nav_ws/install/rplidar_ros/share/rplidar_ros/launch/rplidar_a2m8_launch.py
[0.738s] -- Up-to-date: /home/lucas-fang/ros2_Nav_ws/install/rplidar_ros/share/rplidar_ros/launch/view_rplidar_a3_launch.py
[0.738s] -- Up-to-date: /home/lucas-fang/ros2_Nav_ws/install/rplidar_ros/share/rplidar_ros/launch/rplidar_s2e_launch.py
[0.738s] -- Up-to-date: /home/lucas-fang/ros2_Nav_ws/install/rplidar_ros/share/rplidar_ros/launch/view_rplidar_a1_launch.py
[0.738s] -- Up-to-date: /home/lucas-fang/ros2_Nav_ws/install/rplidar_ros/share/rplidar_ros/launch/view_rplidar_s2e_launch.py
[0.738s] -- Up-to-date: /home/lucas-fang/ros2_Nav_ws/install/rplidar_ros/share/rplidar_ros/launch/rplidar_s2_launch.py
[0.738s] -- Up-to-date: /home/lucas-fang/ros2_Nav_ws/install/rplidar_ros/share/rplidar_ros/launch/view_rplidar_a2m8_launch.py
[0.738s] -- Up-to-date: /home/lucas-fang/ros2_Nav_ws/install/rplidar_ros/share/rplidar_ros/launch/rplidar_s1_launch.py
[0.738s] -- Up-to-date: /home/lucas-fang/ros2_Nav_ws/install/rplidar_ros/share/rplidar_ros/launch/rplidar_a3_launch.py
[0.738s] -- Up-to-date: /home/lucas-fang/ros2_Nav_ws/install/rplidar_ros/share/rplidar_ros/launch/view_rplidar_s3_launch.py
[0.739s] -- Up-to-date: /home/lucas-fang/ros2_Nav_ws/install/rplidar_ros/share/rplidar_ros/launch/view_rplidar_t1_launch.py
[0.739s] -- Up-to-date: /home/lucas-fang/ros2_Nav_ws/install/rplidar_ros/share/rplidar_ros/launch/view_rplidar_a2m7_launch.py
[0.739s] -- Up-to-date: /home/lucas-fang/ros2_Nav_ws/install/rplidar_ros/share/rplidar_ros/launch/view_rplidar_s1_launch.py
[0.739s] -- Up-to-date: /home/lucas-fang/ros2_Nav_ws/install/rplidar_ros/share/rplidar_ros/launch/rplidar_s1_tcp_launch.py
[0.739s] -- Up-to-date: /home/lucas-fang/ros2_Nav_ws/install/rplidar_ros/share/rplidar_ros/launch/rplidar_c1_launch.py
[0.739s] -- Up-to-date: /home/lucas-fang/ros2_Nav_ws/install/rplidar_ros/share/rplidar_ros/launch/rplidar_t1_launch.py
[0.739s] -- Up-to-date: /home/lucas-fang/ros2_Nav_ws/install/rplidar_ros/share/rplidar_ros/launch/rplidar_a2m12_launch.py
[0.739s] -- Up-to-date: /home/lucas-fang/ros2_Nav_ws/install/rplidar_ros/share/rplidar_ros/launch/view_rplidar_s1_tcp_launch.py
[0.739s] -- Up-to-date: /home/lucas-fang/ros2_Nav_ws/install/rplidar_ros/share/rplidar_ros/launch/rplidar_a2m7_launch.py
[0.739s] -- Up-to-date: /home/lucas-fang/ros2_Nav_ws/install/rplidar_ros/share/rplidar_ros/launch/view_rplidar_s2_launch.py
[0.739s] -- Up-to-date: /home/lucas-fang/ros2_Nav_ws/install/rplidar_ros/share/rplidar_ros/launch/view_rplidar_a2m12_launch.py
[0.740s] -- Up-to-date: /home/lucas-fang/ros2_Nav_ws/install/rplidar_ros/share/rplidar_ros/launch/rplidar_s3_launch.py
[0.740s] -- Up-to-date: /home/lucas-fang/ros2_Nav_ws/install/rplidar_ros/share/rplidar_ros/launch/view_rplidar_c1_launch.py
[0.740s] -- Up-to-date: /home/lucas-fang/ros2_Nav_ws/install/rplidar_ros/share/rplidar_ros/rviz
[0.740s] -- Up-to-date: /home/lucas-fang/ros2_Nav_ws/install/rplidar_ros/share/rplidar_ros/rviz/rplidar_ros.rviz
[0.740s] -- Up-to-date: /home/lucas-fang/ros2_Nav_ws/install/rplidar_ros/lib/rplidar_ros/rplidar_node
[0.740s] -- Up-to-date: /home/lucas-fang/ros2_Nav_ws/install/rplidar_ros/lib/rplidar_ros/rplidar_composition
[0.741s] -- Up-to-date: /home/lucas-fang/ros2_Nav_ws/install/rplidar_ros/lib/rplidar_ros/rplidar_client
[0.741s] -- Up-to-date: /home/lucas-fang/ros2_Nav_ws/install/rplidar_ros/share/ament_index/resource_index/package_run_dependencies/rplidar_ros
[0.741s] -- Installing: /home/lucas-fang/ros2_Nav_ws/install/rplidar_ros/share/ament_index/resource_index/parent_prefix_path/rplidar_ros
[0.741s] -- Up-to-date: /home/lucas-fang/ros2_Nav_ws/install/rplidar_ros/share/rplidar_ros/environment/ament_prefix_path.sh
[0.741s] -- Installing: /home/lucas-fang/ros2_Nav_ws/install/rplidar_ros/share/rplidar_ros/environment/ament_prefix_path.dsv
[0.741s] -- Up-to-date: /home/lucas-fang/ros2_Nav_ws/install/rplidar_ros/share/rplidar_ros/environment/path.sh
[0.741s] -- Installing: /home/lucas-fang/ros2_Nav_ws/install/rplidar_ros/share/rplidar_ros/environment/path.dsv
[0.742s] -- Up-to-date: /home/lucas-fang/ros2_Nav_ws/install/rplidar_ros/share/rplidar_ros/local_setup.bash
[0.742s] -- Up-to-date: /home/lucas-fang/ros2_Nav_ws/install/rplidar_ros/share/rplidar_ros/local_setup.sh
[0.742s] -- Up-to-date: /home/lucas-fang/ros2_Nav_ws/install/rplidar_ros/share/rplidar_ros/local_setup.zsh
[0.742s] -- Installing: /home/lucas-fang/ros2_Nav_ws/install/rplidar_ros/share/rplidar_ros/local_setup.dsv
[0.742s] -- Installing: /home/lucas-fang/ros2_Nav_ws/install/rplidar_ros/share/rplidar_ros/package.dsv
[0.742s] -- Up-to-date: /home/lucas-fang/ros2_Nav_ws/install/rplidar_ros/share/ament_index/resource_index/packages/rplidar_ros
[0.742s] -- Up-to-date: /home/lucas-fang/ros2_Nav_ws/install/rplidar_ros/share/rplidar_ros/cmake/ament_cmake_export_dependencies-extras.cmake
[0.742s] -- Up-to-date: /home/lucas-fang/ros2_Nav_ws/install/rplidar_ros/share/rplidar_ros/cmake/ament_cmake_export_include_directories-extras.cmake
[0.742s] -- Up-to-date: /home/lucas-fang/ros2_Nav_ws/install/rplidar_ros/share/rplidar_ros/cmake/rplidar_rosConfig.cmake
[0.743s] -- Up-to-date: /home/lucas-fang/ros2_Nav_ws/install/rplidar_ros/share/rplidar_ros/cmake/rplidar_rosConfig-version.cmake
[0.743s] -- Up-to-date: /home/lucas-fang/ros2_Nav_ws/install/rplidar_ros/share/rplidar_ros/package.xml
[0.744s] Invoked command in '/home/lucas-fang/ros2_Nav_ws/build/rplidar_ros' returned '0': CMAKE_PREFIX_PATH=/opt/ros/humble /usr/bin/cmake --install /home/lucas-fang/ros2_Nav_ws/build/rplidar_ros
