[0.025s] Invoking command in '/home/lucas-fang/ros2_Nav_ws/build/navigation2_config': CMAKE_PREFIX_PATH=/opt/ros/humble /usr/bin/cmake --build /home/lucas-fang/ros2_Nav_ws/build/navigation2_config -- -j4 -l4
[0.079s] -- Found ament_cmake: 1.3.11 (/opt/ros/humble/share/ament_cmake/cmake)
[0.327s] -- Found navigation2: 1.1.18 (/opt/ros/humble/share/navigation2/cmake)
[0.327s] -- Found nav2_common: 1.1.18 (/opt/ros/humble/share/nav2_common/cmake)
[0.329s] -- Found ament_lint_auto: 0.12.12 (/opt/ros/humble/share/ament_lint_auto/cmake)
[0.415s] -- Added test 'flake8' to check Python code syntax and style conventions
[0.416s] -- Added test 'lint_cmake' to check CMake code style
[0.416s] -- Added test 'pep257' to check Python code against some of the docstring style conventions in PEP 257
[0.418s] -- Added test 'xmllint' to check XML markup files
[0.419s] -- Configuring done
[0.426s] -- Generating done
[0.428s] -- Build files have been written to: /home/lucas-fang/ros2_Nav_ws/build/navigation2_config
[0.451s] Invoked command in '/home/lucas-fang/ros2_Nav_ws/build/navigation2_config' returned '0': CMAKE_PREFIX_PATH=/opt/ros/humble /usr/bin/cmake --build /home/lucas-fang/ros2_Nav_ws/build/navigation2_config -- -j4 -l4
[0.455s] Invoking command in '/home/lucas-fang/ros2_Nav_ws/build/navigation2_config': CMAKE_PREFIX_PATH=/opt/ros/humble /usr/bin/cmake --install /home/lucas-fang/ros2_Nav_ws/build/navigation2_config
[0.460s] -- Install configuration: ""
[0.460s] -- Up-to-date: /home/lucas-fang/ros2_Nav_ws/install/navigation2_config/share/navigation2_config/launch
[0.460s] -- Up-to-date: /home/lucas-fang/ros2_Nav_ws/install/navigation2_config/share/navigation2_config/launch/fish_robot_nav2.launch.py
[0.461s] -- Up-to-date: /home/lucas-fang/ros2_Nav_ws/install/navigation2_config/share/navigation2_config/launch/bringup.launch.py
[0.461s] -- Up-to-date: /home/lucas-fang/ros2_Nav_ws/install/navigation2_config/share/navigation2_config/launch/nav2.launch.py
[0.461s] -- Up-to-date: /home/lucas-fang/ros2_Nav_ws/install/navigation2_config/share/navigation2_config/params
[0.461s] -- Up-to-date: /home/lucas-fang/ros2_Nav_ws/install/navigation2_config/share/navigation2_config/params/behavior.yaml
[0.461s] -- Up-to-date: /home/lucas-fang/ros2_Nav_ws/install/navigation2_config/share/navigation2_config/params/velocity.yaml
[0.461s] -- Up-to-date: /home/lucas-fang/ros2_Nav_ws/install/navigation2_config/share/navigation2_config/params/controller.yaml
[0.461s] -- Up-to-date: /home/lucas-fang/ros2_Nav_ws/install/navigation2_config/share/navigation2_config/params/waypoint.yaml
[0.461s] -- Up-to-date: /home/lucas-fang/ros2_Nav_ws/install/navigation2_config/share/navigation2_config/params/smootherr.yaml
[0.462s] -- Up-to-date: /home/lucas-fang/ros2_Nav_ws/install/navigation2_config/share/navigation2_config/params/planner.yaml
[0.462s] -- Up-to-date: /home/lucas-fang/ros2_Nav_ws/install/navigation2_config/share/navigation2_config/params/bt.yaml
[0.462s] -- Up-to-date: /home/lucas-fang/ros2_Nav_ws/install/navigation2_config/share/navigation2_config/bts
[0.462s] -- Up-to-date: /home/lucas-fang/ros2_Nav_ws/install/navigation2_config/share/navigation2_config/bts/bt_planner_controller_behavior.xml
[0.462s] -- Up-to-date: /home/lucas-fang/ros2_Nav_ws/install/navigation2_config/share/navigation2_config/bts/bt_planner_controller_behavior_poses.xml
[0.462s] -- Installing: /home/lucas-fang/ros2_Nav_ws/install/navigation2_config/share/navigation2_config/config
[0.462s] -- Installing: /home/lucas-fang/ros2_Nav_ws/install/navigation2_config/share/navigation2_config/config/nav2_params.yaml
[0.462s] -- Up-to-date: /home/lucas-fang/ros2_Nav_ws/install/navigation2_config/share/ament_index/resource_index/package_run_dependencies/navigation2_config
[0.462s] -- Up-to-date: /home/lucas-fang/ros2_Nav_ws/install/navigation2_config/share/ament_index/resource_index/parent_prefix_path/navigation2_config
[0.462s] -- Up-to-date: /home/lucas-fang/ros2_Nav_ws/install/navigation2_config/share/navigation2_config/environment/ament_prefix_path.sh
[0.462s] -- Installing: /home/lucas-fang/ros2_Nav_ws/install/navigation2_config/share/navigation2_config/environment/ament_prefix_path.dsv
[0.462s] -- Up-to-date: /home/lucas-fang/ros2_Nav_ws/install/navigation2_config/share/navigation2_config/environment/path.sh
[0.462s] -- Installing: /home/lucas-fang/ros2_Nav_ws/install/navigation2_config/share/navigation2_config/environment/path.dsv
[0.463s] -- Up-to-date: /home/lucas-fang/ros2_Nav_ws/install/navigation2_config/share/navigation2_config/local_setup.bash
[0.463s] -- Up-to-date: /home/lucas-fang/ros2_Nav_ws/install/navigation2_config/share/navigation2_config/local_setup.sh
[0.463s] -- Up-to-date: /home/lucas-fang/ros2_Nav_ws/install/navigation2_config/share/navigation2_config/local_setup.zsh
[0.463s] -- Installing: /home/lucas-fang/ros2_Nav_ws/install/navigation2_config/share/navigation2_config/local_setup.dsv
[0.463s] -- Installing: /home/lucas-fang/ros2_Nav_ws/install/navigation2_config/share/navigation2_config/package.dsv
[0.463s] -- Up-to-date: /home/lucas-fang/ros2_Nav_ws/install/navigation2_config/share/ament_index/resource_index/packages/navigation2_config
[0.463s] -- Up-to-date: /home/lucas-fang/ros2_Nav_ws/install/navigation2_config/share/navigation2_config/cmake/navigation2_configConfig.cmake
[0.463s] -- Up-to-date: /home/lucas-fang/ros2_Nav_ws/install/navigation2_config/share/navigation2_config/cmake/navigation2_configConfig-version.cmake
[0.463s] -- Up-to-date: /home/lucas-fang/ros2_Nav_ws/install/navigation2_config/share/navigation2_config/package.xml
[0.464s] Invoked command in '/home/lucas-fang/ros2_Nav_ws/build/navigation2_config' returned '0': CMAKE_PREFIX_PATH=/opt/ros/humble /usr/bin/cmake --install /home/lucas-fang/ros2_Nav_ws/build/navigation2_config
