[0.010s] Invoking command in '/home/lucas-fang/ros2_Nav_ws/build/serial_pkg': CMAKE_PREFIX_PATH=${CMAKE_PREFIX_PATH}:/opt/ros/humble /usr/bin/cmake --build /home/lucas-fang/ros2_Nav_ws/build/serial_pkg -- -j4 -l4
[0.033s] -- Found ament_cmake: 1.3.11 (/opt/ros/humble/share/ament_cmake/cmake)
[0.143s] -- Found rclcpp: 16.0.12 (/opt/ros/humble/share/rclcpp/cmake)
[0.167s] -- Found rosidl_generator_c: 3.1.6 (/opt/ros/humble/share/rosidl_generator_c/cmake)
[0.169s] -- Found rosidl_adapter: 3.1.6 (/opt/ros/humble/share/rosidl_adapter/cmake)
[0.175s] -- Found rosidl_generator_cpp: 3.1.6 (/opt/ros/humble/share/rosidl_generator_cpp/cmake)
[0.183s] -- Using all available rosidl_typesupport_c: rosidl_typesupport_fastrtps_c;rosidl_typesupport_introspection_c
[0.193s] -- Using all available rosidl_typesupport_cpp: rosidl_typesupport_fastrtps_cpp;rosidl_typesupport_introspection_cpp
[0.221s] -- Found rmw_implementation_cmake: 6.1.2 (/opt/ros/humble/share/rmw_implementation_cmake/cmake)
[0.222s] -- Found rmw_fastrtps_cpp: 6.2.7 (/opt/ros/humble/share/rmw_fastrtps_cpp/cmake)
[0.304s] -- Using RMW implementation 'rmw_fastrtps_cpp' as default
[0.346s] -- Found geometry_msgs: 4.9.0 (/opt/ros/humble/share/geometry_msgs/cmake)
[0.357s] -- Found sensor_msgs: 4.9.0 (/opt/ros/humble/share/sensor_msgs/cmake)
[0.376s] -- Found serial_driver: 1.2.0 (/opt/ros/humble/share/serial_driver/cmake)
[0.394s] -- Found asio_cmake_module: 1.2.0 (/opt/ros/humble/share/asio_cmake_module/cmake)
[0.439s] -- Found tf2: 0.25.13 (/opt/ros/humble/share/tf2/cmake)
[0.442s] -- Found tf2_ros: 0.25.13 (/opt/ros/humble/share/tf2_ros/cmake)
[0.516s] [31mCMake Error at CMakeLists.txt:16 (find_package):
[0.516s]   By not providing "Findbase_interfaces.cmake" in CMAKE_MODULE_PATH this
[0.516s]   project has asked CMake to find a package configuration file provided by
[0.517s]   "base_interfaces", but CMake did not find one.
[0.517s] 
[0.517s]   Could not find a package configuration file provided by "base_interfaces"
[0.517s]   with any of the following names:
[0.517s] 
[0.517s]     base_interfacesConfig.cmake
[0.517s]     base_interfaces-config.cmake
[0.517s] 
[0.517s]   Add the installation prefix of "base_interfaces" to CMAKE_PREFIX_PATH or
[0.517s]   set "base_interfaces_DIR" to a directory containing one of the above files.
[0.517s]   If "base_interfaces" provides a separate development package or SDK, be
[0.517s]   sure it has been installed.
[0.517s] 
[0.517s] [0m
[0.517s] -- Configuring incomplete, errors occurred!
[0.518s] See also "/home/lucas-fang/ros2_Nav_ws/build/serial_pkg/CMakeFiles/CMakeOutput.log".
[0.523s] gmake: *** [Makefile:349: cmake_check_build_system] Error 1
[0.524s] Invoked command in '/home/lucas-fang/ros2_Nav_ws/build/serial_pkg' returned '2': CMAKE_PREFIX_PATH=${CMAKE_PREFIX_PATH}:/opt/ros/humble /usr/bin/cmake --build /home/lucas-fang/ros2_Nav_ws/build/serial_pkg -- -j4 -l4
