[0.096s] DEBUG:colcon:Command line arguments: ['/usr/bin/colcon', 'build']
[0.097s] DEBUG:colcon:Parsed command line arguments: Namespace(log_base=None, log_level=None, verb_name='build', build_base='build', install_base='install', merge_install=False, symlink_install=False, test_result_base=None, continue_on_error=False, executor='parallel', parallel_workers=4, event_handlers=None, ignore_user_meta=False, metas=['./colcon.meta'], base_paths=['.'], packages_ignore=None, packages_ignore_regex=None, paths=None, packages_up_to=None, packages_up_to_regex=None, packages_above=None, packages_above_and_dependencies=None, packages_above_depth=None, packages_select_by_dep=None, packages_skip_by_dep=None, packages_skip_up_to=None, packages_select_build_failed=False, packages_skip_build_finished=False, packages_select_test_failures=False, packages_skip_test_passed=False, packages_select=None, packages_skip=None, packages_select_regex=None, packages_skip_regex=None, packages_start=None, packages_end=None, allow_overriding=[], cmake_args=['-DCMAKE_EXPORT_COMPILE_COMMANDS=ON'], cmake_target=None, cmake_target_skip_unavailable=False, cmake_clean_cache=False, cmake_clean_first=False, cmake_force_configure=False, ament_cmake_args=None, catkin_cmake_args=None, catkin_skip_building_tests=False, mixin_files=None, mixin=None, verb_parser=<colcon_mixin.mixin.mixin_argument.MixinArgumentDecorator object at 0x7e08baf74dc0>, verb_extension=<colcon_core.verb.build.BuildVerb object at 0x7e08bb07dd20>, main=<bound method BuildVerb.main of <colcon_core.verb.build.BuildVerb object at 0x7e08bb07dd20>>, mixin_verb=('build',))
[0.245s] Level 1:colcon.colcon_core.package_discovery:discover_packages(colcon_meta) check parameters
[0.245s] Level 1:colcon.colcon_core.package_discovery:discover_packages(recursive) check parameters
[0.245s] Level 1:colcon.colcon_core.package_discovery:discover_packages(ignore) check parameters
[0.245s] Level 1:colcon.colcon_core.package_discovery:discover_packages(path) check parameters
[0.245s] Level 1:colcon.colcon_core.package_discovery:discover_packages(colcon_meta) discover
[0.245s] Level 1:colcon.colcon_core.package_discovery:discover_packages(recursive) discover
[0.245s] INFO:colcon.colcon_core.package_discovery:Crawling recursively for packages in '/home/lucas-fang/ros2_Nav_ws'
[0.245s] Level 1:colcon.colcon_core.package_identification:_identify(.) by extensions ['ignore', 'ignore_ament_install']
[0.245s] Level 1:colcon.colcon_core.package_identification:_identify(.) by extension 'ignore'
[0.245s] Level 1:colcon.colcon_core.package_identification:_identify(.) by extension 'ignore_ament_install'
[0.245s] Level 1:colcon.colcon_core.package_identification:_identify(.) by extensions ['colcon_pkg']
[0.246s] Level 1:colcon.colcon_core.package_identification:_identify(.) by extension 'colcon_pkg'
[0.246s] Level 1:colcon.colcon_core.package_identification:_identify(.) by extensions ['colcon_meta']
[0.246s] Level 1:colcon.colcon_core.package_identification:_identify(.) by extension 'colcon_meta'
[0.246s] Level 1:colcon.colcon_core.package_identification:_identify(.) by extensions ['ros']
[0.246s] Level 1:colcon.colcon_core.package_identification:_identify(.) by extension 'ros'
[0.256s] Level 1:colcon.colcon_core.package_identification:_identify(.) by extensions ['cmake', 'python']
[0.257s] Level 1:colcon.colcon_core.package_identification:_identify(.) by extension 'cmake'
[0.257s] Level 1:colcon.colcon_core.package_identification:_identify(.) by extension 'python'
[0.257s] Level 1:colcon.colcon_core.package_identification:_identify(.) by extensions ['python_setup_py']
[0.257s] Level 1:colcon.colcon_core.package_identification:_identify(.) by extension 'python_setup_py'
[0.257s] Level 1:colcon.colcon_core.package_identification:_identify(build) by extensions ['ignore', 'ignore_ament_install']
[0.257s] Level 1:colcon.colcon_core.package_identification:_identify(build) by extension 'ignore'
[0.257s] Level 1:colcon.colcon_core.package_identification:_identify(build) ignored
[0.257s] Level 1:colcon.colcon_core.package_identification:_identify(install) by extensions ['ignore', 'ignore_ament_install']
[0.257s] Level 1:colcon.colcon_core.package_identification:_identify(install) by extension 'ignore'
[0.257s] Level 1:colcon.colcon_core.package_identification:_identify(install) ignored
[0.258s] Level 1:colcon.colcon_core.package_identification:_identify(log) by extensions ['ignore', 'ignore_ament_install']
[0.258s] Level 1:colcon.colcon_core.package_identification:_identify(log) by extension 'ignore'
[0.258s] Level 1:colcon.colcon_core.package_identification:_identify(log) ignored
[0.258s] Level 1:colcon.colcon_core.package_identification:_identify(src) by extensions ['ignore', 'ignore_ament_install']
[0.258s] Level 1:colcon.colcon_core.package_identification:_identify(src) by extension 'ignore'
[0.258s] Level 1:colcon.colcon_core.package_identification:_identify(src) by extension 'ignore_ament_install'
[0.258s] Level 1:colcon.colcon_core.package_identification:_identify(src) by extensions ['colcon_pkg']
[0.258s] Level 1:colcon.colcon_core.package_identification:_identify(src) by extension 'colcon_pkg'
[0.258s] Level 1:colcon.colcon_core.package_identification:_identify(src) by extensions ['colcon_meta']
[0.258s] Level 1:colcon.colcon_core.package_identification:_identify(src) by extension 'colcon_meta'
[0.258s] Level 1:colcon.colcon_core.package_identification:_identify(src) by extensions ['ros']
[0.258s] Level 1:colcon.colcon_core.package_identification:_identify(src) by extension 'ros'
[0.258s] Level 1:colcon.colcon_core.package_identification:_identify(src) by extensions ['cmake', 'python']
[0.258s] Level 1:colcon.colcon_core.package_identification:_identify(src) by extension 'cmake'
[0.258s] Level 1:colcon.colcon_core.package_identification:_identify(src) by extension 'python'
[0.258s] Level 1:colcon.colcon_core.package_identification:_identify(src) by extensions ['python_setup_py']
[0.258s] Level 1:colcon.colcon_core.package_identification:_identify(src) by extension 'python_setup_py'
[0.259s] Level 1:colcon.colcon_core.package_identification:_identify(src/base_driver_pkg) by extensions ['ignore', 'ignore_ament_install']
[0.259s] Level 1:colcon.colcon_core.package_identification:_identify(src/base_driver_pkg) by extension 'ignore'
[0.259s] Level 1:colcon.colcon_core.package_identification:_identify(src/base_driver_pkg) by extension 'ignore_ament_install'
[0.259s] Level 1:colcon.colcon_core.package_identification:_identify(src/base_driver_pkg) by extensions ['colcon_pkg']
[0.259s] Level 1:colcon.colcon_core.package_identification:_identify(src/base_driver_pkg) by extension 'colcon_pkg'
[0.259s] Level 1:colcon.colcon_core.package_identification:_identify(src/base_driver_pkg) by extensions ['colcon_meta']
[0.259s] Level 1:colcon.colcon_core.package_identification:_identify(src/base_driver_pkg) by extension 'colcon_meta'
[0.259s] Level 1:colcon.colcon_core.package_identification:_identify(src/base_driver_pkg) by extensions ['ros']
[0.259s] Level 1:colcon.colcon_core.package_identification:_identify(src/base_driver_pkg) by extension 'ros'
[0.262s] DEBUG:colcon.colcon_core.package_identification:Package 'src/base_driver_pkg' with type 'ros.ament_cmake' and name 'base_driver_pkg'
[0.262s] Level 1:colcon.colcon_core.package_identification:_identify(src/base_interfaces) by extensions ['ignore', 'ignore_ament_install']
[0.262s] Level 1:colcon.colcon_core.package_identification:_identify(src/base_interfaces) by extension 'ignore'
[0.262s] Level 1:colcon.colcon_core.package_identification:_identify(src/base_interfaces) by extension 'ignore_ament_install'
[0.262s] Level 1:colcon.colcon_core.package_identification:_identify(src/base_interfaces) by extensions ['colcon_pkg']
[0.262s] Level 1:colcon.colcon_core.package_identification:_identify(src/base_interfaces) by extension 'colcon_pkg'
[0.262s] Level 1:colcon.colcon_core.package_identification:_identify(src/base_interfaces) by extensions ['colcon_meta']
[0.262s] Level 1:colcon.colcon_core.package_identification:_identify(src/base_interfaces) by extension 'colcon_meta'
[0.262s] Level 1:colcon.colcon_core.package_identification:_identify(src/base_interfaces) by extensions ['ros']
[0.262s] Level 1:colcon.colcon_core.package_identification:_identify(src/base_interfaces) by extension 'ros'
[0.263s] DEBUG:colcon.colcon_core.package_identification:Package 'src/base_interfaces' with type 'ros.ament_cmake' and name 'base_interfaces'
[0.263s] Level 1:colcon.colcon_core.package_identification:_identify(src/localization_pkg) by extensions ['ignore', 'ignore_ament_install']
[0.264s] Level 1:colcon.colcon_core.package_identification:_identify(src/localization_pkg) by extension 'ignore'
[0.264s] Level 1:colcon.colcon_core.package_identification:_identify(src/localization_pkg) by extension 'ignore_ament_install'
[0.264s] Level 1:colcon.colcon_core.package_identification:_identify(src/localization_pkg) by extensions ['colcon_pkg']
[0.264s] Level 1:colcon.colcon_core.package_identification:_identify(src/localization_pkg) by extension 'colcon_pkg'
[0.264s] Level 1:colcon.colcon_core.package_identification:_identify(src/localization_pkg) by extensions ['colcon_meta']
[0.264s] Level 1:colcon.colcon_core.package_identification:_identify(src/localization_pkg) by extension 'colcon_meta'
[0.264s] Level 1:colcon.colcon_core.package_identification:_identify(src/localization_pkg) by extensions ['ros']
[0.264s] Level 1:colcon.colcon_core.package_identification:_identify(src/localization_pkg) by extension 'ros'
[0.265s] DEBUG:colcon.colcon_core.package_identification:Package 'src/localization_pkg' with type 'ros.ament_cmake' and name 'localization_pkg'
[0.265s] Level 1:colcon.colcon_core.package_identification:_identify(src/rplidar_ros) by extensions ['ignore', 'ignore_ament_install']
[0.265s] Level 1:colcon.colcon_core.package_identification:_identify(src/rplidar_ros) by extension 'ignore'
[0.265s] Level 1:colcon.colcon_core.package_identification:_identify(src/rplidar_ros) by extension 'ignore_ament_install'
[0.265s] Level 1:colcon.colcon_core.package_identification:_identify(src/rplidar_ros) by extensions ['colcon_pkg']
[0.265s] Level 1:colcon.colcon_core.package_identification:_identify(src/rplidar_ros) by extension 'colcon_pkg'
[0.265s] Level 1:colcon.colcon_core.package_identification:_identify(src/rplidar_ros) by extensions ['colcon_meta']
[0.265s] Level 1:colcon.colcon_core.package_identification:_identify(src/rplidar_ros) by extension 'colcon_meta'
[0.265s] Level 1:colcon.colcon_core.package_identification:_identify(src/rplidar_ros) by extensions ['ros']
[0.266s] Level 1:colcon.colcon_core.package_identification:_identify(src/rplidar_ros) by extension 'ros'
[0.266s] DEBUG:colcon.colcon_core.package_identification:Package 'src/rplidar_ros' with type 'ros.ament_cmake' and name 'rplidar_ros'
[0.266s] Level 1:colcon.colcon_core.package_identification:_identify(src/senson_pkg) by extensions ['ignore', 'ignore_ament_install']
[0.266s] Level 1:colcon.colcon_core.package_identification:_identify(src/senson_pkg) by extension 'ignore'
[0.266s] Level 1:colcon.colcon_core.package_identification:_identify(src/senson_pkg) by extension 'ignore_ament_install'
[0.266s] Level 1:colcon.colcon_core.package_identification:_identify(src/senson_pkg) by extensions ['colcon_pkg']
[0.267s] Level 1:colcon.colcon_core.package_identification:_identify(src/senson_pkg) by extension 'colcon_pkg'
[0.267s] Level 1:colcon.colcon_core.package_identification:_identify(src/senson_pkg) by extensions ['colcon_meta']
[0.267s] Level 1:colcon.colcon_core.package_identification:_identify(src/senson_pkg) by extension 'colcon_meta'
[0.267s] Level 1:colcon.colcon_core.package_identification:_identify(src/senson_pkg) by extensions ['ros']
[0.267s] Level 1:colcon.colcon_core.package_identification:_identify(src/senson_pkg) by extension 'ros'
[0.268s] DEBUG:colcon.colcon_core.package_identification:Package 'src/senson_pkg' with type 'ros.ament_cmake' and name 'senson_pkg'
[0.268s] Level 1:colcon.colcon_core.package_identification:_identify(src/serial_pkg) by extensions ['ignore', 'ignore_ament_install']
[0.268s] Level 1:colcon.colcon_core.package_identification:_identify(src/serial_pkg) by extension 'ignore'
[0.268s] Level 1:colcon.colcon_core.package_identification:_identify(src/serial_pkg) by extension 'ignore_ament_install'
[0.268s] Level 1:colcon.colcon_core.package_identification:_identify(src/serial_pkg) by extensions ['colcon_pkg']
[0.268s] Level 1:colcon.colcon_core.package_identification:_identify(src/serial_pkg) by extension 'colcon_pkg'
[0.268s] Level 1:colcon.colcon_core.package_identification:_identify(src/serial_pkg) by extensions ['colcon_meta']
[0.268s] Level 1:colcon.colcon_core.package_identification:_identify(src/serial_pkg) by extension 'colcon_meta'
[0.268s] Level 1:colcon.colcon_core.package_identification:_identify(src/serial_pkg) by extensions ['ros']
[0.268s] Level 1:colcon.colcon_core.package_identification:_identify(src/serial_pkg) by extension 'ros'
[0.269s] DEBUG:colcon.colcon_core.package_identification:Package 'src/serial_pkg' with type 'ros.ament_cmake' and name 'serial_pkg'
[0.269s] Level 1:colcon.colcon_core.package_discovery:discover_packages(recursive) using defaults
[0.269s] Level 1:colcon.colcon_core.package_discovery:discover_packages(ignore) discover
[0.269s] Level 1:colcon.colcon_core.package_discovery:discover_packages(ignore) using defaults
[0.269s] Level 1:colcon.colcon_core.package_discovery:discover_packages(path) discover
[0.269s] Level 1:colcon.colcon_core.package_discovery:discover_packages(path) using defaults
[0.300s] Level 1:colcon.colcon_core.package_discovery:discover_packages(prefix_path) check parameters
[0.300s] Level 1:colcon.colcon_core.package_discovery:discover_packages(prefix_path) discover
[0.302s] DEBUG:colcon.colcon_installed_package_information.package_discovery:Found 6 installed packages in /home/lucas-fang/ros2_Nav_ws/install
[0.303s] DEBUG:colcon.colcon_installed_package_information.package_discovery:Found 321 installed packages in /opt/ros/humble
[0.305s] Level 1:colcon.colcon_core.package_discovery:discover_packages(prefix_path) using defaults
[0.344s] Level 5:colcon.colcon_core.verb:set package 'base_driver_pkg' build argument 'cmake_args' from command line to '['-DCMAKE_EXPORT_COMPILE_COMMANDS=ON']'
[0.344s] Level 5:colcon.colcon_core.verb:set package 'base_driver_pkg' build argument 'cmake_target' from command line to 'None'
[0.344s] Level 5:colcon.colcon_core.verb:set package 'base_driver_pkg' build argument 'cmake_target_skip_unavailable' from command line to 'False'
[0.344s] Level 5:colcon.colcon_core.verb:set package 'base_driver_pkg' build argument 'cmake_clean_cache' from command line to 'False'
[0.344s] Level 5:colcon.colcon_core.verb:set package 'base_driver_pkg' build argument 'cmake_clean_first' from command line to 'False'
[0.344s] Level 5:colcon.colcon_core.verb:set package 'base_driver_pkg' build argument 'cmake_force_configure' from command line to 'False'
[0.345s] Level 5:colcon.colcon_core.verb:set package 'base_driver_pkg' build argument 'ament_cmake_args' from command line to 'None'
[0.345s] Level 5:colcon.colcon_core.verb:set package 'base_driver_pkg' build argument 'catkin_cmake_args' from command line to 'None'
[0.345s] Level 5:colcon.colcon_core.verb:set package 'base_driver_pkg' build argument 'catkin_skip_building_tests' from command line to 'False'
[0.345s] DEBUG:colcon.colcon_core.verb:Building package 'base_driver_pkg' with the following arguments: {'ament_cmake_args': None, 'build_base': '/home/lucas-fang/ros2_Nav_ws/build/base_driver_pkg', 'catkin_cmake_args': None, 'catkin_skip_building_tests': False, 'cmake_args': ['-DCMAKE_EXPORT_COMPILE_COMMANDS=ON'], 'cmake_clean_cache': False, 'cmake_clean_first': False, 'cmake_force_configure': False, 'cmake_target': None, 'cmake_target_skip_unavailable': False, 'install_base': '/home/lucas-fang/ros2_Nav_ws/install/base_driver_pkg', 'merge_install': False, 'path': '/home/lucas-fang/ros2_Nav_ws/src/base_driver_pkg', 'symlink_install': False, 'test_result_base': None}
[0.345s] Level 5:colcon.colcon_core.verb:set package 'base_interfaces' build argument 'cmake_args' from command line to '['-DCMAKE_EXPORT_COMPILE_COMMANDS=ON']'
[0.345s] Level 5:colcon.colcon_core.verb:set package 'base_interfaces' build argument 'cmake_target' from command line to 'None'
[0.345s] Level 5:colcon.colcon_core.verb:set package 'base_interfaces' build argument 'cmake_target_skip_unavailable' from command line to 'False'
[0.345s] Level 5:colcon.colcon_core.verb:set package 'base_interfaces' build argument 'cmake_clean_cache' from command line to 'False'
[0.345s] Level 5:colcon.colcon_core.verb:set package 'base_interfaces' build argument 'cmake_clean_first' from command line to 'False'
[0.345s] Level 5:colcon.colcon_core.verb:set package 'base_interfaces' build argument 'cmake_force_configure' from command line to 'False'
[0.345s] Level 5:colcon.colcon_core.verb:set package 'base_interfaces' build argument 'ament_cmake_args' from command line to 'None'
[0.345s] Level 5:colcon.colcon_core.verb:set package 'base_interfaces' build argument 'catkin_cmake_args' from command line to 'None'
[0.345s] Level 5:colcon.colcon_core.verb:set package 'base_interfaces' build argument 'catkin_skip_building_tests' from command line to 'False'
[0.345s] DEBUG:colcon.colcon_core.verb:Building package 'base_interfaces' with the following arguments: {'ament_cmake_args': None, 'build_base': '/home/lucas-fang/ros2_Nav_ws/build/base_interfaces', 'catkin_cmake_args': None, 'catkin_skip_building_tests': False, 'cmake_args': ['-DCMAKE_EXPORT_COMPILE_COMMANDS=ON'], 'cmake_clean_cache': False, 'cmake_clean_first': False, 'cmake_force_configure': False, 'cmake_target': None, 'cmake_target_skip_unavailable': False, 'install_base': '/home/lucas-fang/ros2_Nav_ws/install/base_interfaces', 'merge_install': False, 'path': '/home/lucas-fang/ros2_Nav_ws/src/base_interfaces', 'symlink_install': False, 'test_result_base': None}
[0.346s] Level 5:colcon.colcon_core.verb:set package 'localization_pkg' build argument 'cmake_args' from command line to '['-DCMAKE_EXPORT_COMPILE_COMMANDS=ON']'
[0.346s] Level 5:colcon.colcon_core.verb:set package 'localization_pkg' build argument 'cmake_target' from command line to 'None'
[0.346s] Level 5:colcon.colcon_core.verb:set package 'localization_pkg' build argument 'cmake_target_skip_unavailable' from command line to 'False'
[0.346s] Level 5:colcon.colcon_core.verb:set package 'localization_pkg' build argument 'cmake_clean_cache' from command line to 'False'
[0.346s] Level 5:colcon.colcon_core.verb:set package 'localization_pkg' build argument 'cmake_clean_first' from command line to 'False'
[0.346s] Level 5:colcon.colcon_core.verb:set package 'localization_pkg' build argument 'cmake_force_configure' from command line to 'False'
[0.346s] Level 5:colcon.colcon_core.verb:set package 'localization_pkg' build argument 'ament_cmake_args' from command line to 'None'
[0.346s] Level 5:colcon.colcon_core.verb:set package 'localization_pkg' build argument 'catkin_cmake_args' from command line to 'None'
[0.346s] Level 5:colcon.colcon_core.verb:set package 'localization_pkg' build argument 'catkin_skip_building_tests' from command line to 'False'
[0.346s] DEBUG:colcon.colcon_core.verb:Building package 'localization_pkg' with the following arguments: {'ament_cmake_args': None, 'build_base': '/home/lucas-fang/ros2_Nav_ws/build/localization_pkg', 'catkin_cmake_args': None, 'catkin_skip_building_tests': False, 'cmake_args': ['-DCMAKE_EXPORT_COMPILE_COMMANDS=ON'], 'cmake_clean_cache': False, 'cmake_clean_first': False, 'cmake_force_configure': False, 'cmake_target': None, 'cmake_target_skip_unavailable': False, 'install_base': '/home/lucas-fang/ros2_Nav_ws/install/localization_pkg', 'merge_install': False, 'path': '/home/lucas-fang/ros2_Nav_ws/src/localization_pkg', 'symlink_install': False, 'test_result_base': None}
[0.346s] Level 5:colcon.colcon_core.verb:set package 'rplidar_ros' build argument 'cmake_args' from command line to '['-DCMAKE_EXPORT_COMPILE_COMMANDS=ON']'
[0.346s] Level 5:colcon.colcon_core.verb:set package 'rplidar_ros' build argument 'cmake_target' from command line to 'None'
[0.346s] Level 5:colcon.colcon_core.verb:set package 'rplidar_ros' build argument 'cmake_target_skip_unavailable' from command line to 'False'
[0.346s] Level 5:colcon.colcon_core.verb:set package 'rplidar_ros' build argument 'cmake_clean_cache' from command line to 'False'
[0.346s] Level 5:colcon.colcon_core.verb:set package 'rplidar_ros' build argument 'cmake_clean_first' from command line to 'False'
[0.346s] Level 5:colcon.colcon_core.verb:set package 'rplidar_ros' build argument 'cmake_force_configure' from command line to 'False'
[0.347s] Level 5:colcon.colcon_core.verb:set package 'rplidar_ros' build argument 'ament_cmake_args' from command line to 'None'
[0.347s] Level 5:colcon.colcon_core.verb:set package 'rplidar_ros' build argument 'catkin_cmake_args' from command line to 'None'
[0.347s] Level 5:colcon.colcon_core.verb:set package 'rplidar_ros' build argument 'catkin_skip_building_tests' from command line to 'False'
[0.347s] DEBUG:colcon.colcon_core.verb:Building package 'rplidar_ros' with the following arguments: {'ament_cmake_args': None, 'build_base': '/home/lucas-fang/ros2_Nav_ws/build/rplidar_ros', 'catkin_cmake_args': None, 'catkin_skip_building_tests': False, 'cmake_args': ['-DCMAKE_EXPORT_COMPILE_COMMANDS=ON'], 'cmake_clean_cache': False, 'cmake_clean_first': False, 'cmake_force_configure': False, 'cmake_target': None, 'cmake_target_skip_unavailable': False, 'install_base': '/home/lucas-fang/ros2_Nav_ws/install/rplidar_ros', 'merge_install': False, 'path': '/home/lucas-fang/ros2_Nav_ws/src/rplidar_ros', 'symlink_install': False, 'test_result_base': None}
[0.347s] Level 5:colcon.colcon_core.verb:set package 'senson_pkg' build argument 'cmake_args' from command line to '['-DCMAKE_EXPORT_COMPILE_COMMANDS=ON']'
[0.347s] Level 5:colcon.colcon_core.verb:set package 'senson_pkg' build argument 'cmake_target' from command line to 'None'
[0.347s] Level 5:colcon.colcon_core.verb:set package 'senson_pkg' build argument 'cmake_target_skip_unavailable' from command line to 'False'
[0.347s] Level 5:colcon.colcon_core.verb:set package 'senson_pkg' build argument 'cmake_clean_cache' from command line to 'False'
[0.347s] Level 5:colcon.colcon_core.verb:set package 'senson_pkg' build argument 'cmake_clean_first' from command line to 'False'
[0.347s] Level 5:colcon.colcon_core.verb:set package 'senson_pkg' build argument 'cmake_force_configure' from command line to 'False'
[0.347s] Level 5:colcon.colcon_core.verb:set package 'senson_pkg' build argument 'ament_cmake_args' from command line to 'None'
[0.347s] Level 5:colcon.colcon_core.verb:set package 'senson_pkg' build argument 'catkin_cmake_args' from command line to 'None'
[0.347s] Level 5:colcon.colcon_core.verb:set package 'senson_pkg' build argument 'catkin_skip_building_tests' from command line to 'False'
[0.347s] DEBUG:colcon.colcon_core.verb:Building package 'senson_pkg' with the following arguments: {'ament_cmake_args': None, 'build_base': '/home/lucas-fang/ros2_Nav_ws/build/senson_pkg', 'catkin_cmake_args': None, 'catkin_skip_building_tests': False, 'cmake_args': ['-DCMAKE_EXPORT_COMPILE_COMMANDS=ON'], 'cmake_clean_cache': False, 'cmake_clean_first': False, 'cmake_force_configure': False, 'cmake_target': None, 'cmake_target_skip_unavailable': False, 'install_base': '/home/lucas-fang/ros2_Nav_ws/install/senson_pkg', 'merge_install': False, 'path': '/home/lucas-fang/ros2_Nav_ws/src/senson_pkg', 'symlink_install': False, 'test_result_base': None}
[0.348s] Level 5:colcon.colcon_core.verb:set package 'serial_pkg' build argument 'cmake_args' from command line to '['-DCMAKE_EXPORT_COMPILE_COMMANDS=ON']'
[0.348s] Level 5:colcon.colcon_core.verb:set package 'serial_pkg' build argument 'cmake_target' from command line to 'None'
[0.348s] Level 5:colcon.colcon_core.verb:set package 'serial_pkg' build argument 'cmake_target_skip_unavailable' from command line to 'False'
[0.348s] Level 5:colcon.colcon_core.verb:set package 'serial_pkg' build argument 'cmake_clean_cache' from command line to 'False'
[0.348s] Level 5:colcon.colcon_core.verb:set package 'serial_pkg' build argument 'cmake_clean_first' from command line to 'False'
[0.348s] Level 5:colcon.colcon_core.verb:set package 'serial_pkg' build argument 'cmake_force_configure' from command line to 'False'
[0.348s] Level 5:colcon.colcon_core.verb:set package 'serial_pkg' build argument 'ament_cmake_args' from command line to 'None'
[0.348s] Level 5:colcon.colcon_core.verb:set package 'serial_pkg' build argument 'catkin_cmake_args' from command line to 'None'
[0.348s] Level 5:colcon.colcon_core.verb:set package 'serial_pkg' build argument 'catkin_skip_building_tests' from command line to 'False'
[0.348s] DEBUG:colcon.colcon_core.verb:Building package 'serial_pkg' with the following arguments: {'ament_cmake_args': None, 'build_base': '/home/lucas-fang/ros2_Nav_ws/build/serial_pkg', 'catkin_cmake_args': None, 'catkin_skip_building_tests': False, 'cmake_args': ['-DCMAKE_EXPORT_COMPILE_COMMANDS=ON'], 'cmake_clean_cache': False, 'cmake_clean_first': False, 'cmake_force_configure': False, 'cmake_target': None, 'cmake_target_skip_unavailable': False, 'install_base': '/home/lucas-fang/ros2_Nav_ws/install/serial_pkg', 'merge_install': False, 'path': '/home/lucas-fang/ros2_Nav_ws/src/serial_pkg', 'symlink_install': False, 'test_result_base': None}
[0.348s] INFO:colcon.colcon_core.executor:Executing jobs using 'parallel' executor
[0.349s] DEBUG:colcon.colcon_parallel_executor.executor.parallel:run_until_complete
[0.349s] INFO:colcon.colcon_ros.task.ament_cmake.build:Building ROS package in '/home/lucas-fang/ros2_Nav_ws/src/base_interfaces' with build type 'ament_cmake'
[0.349s] INFO:colcon.colcon_cmake.task.cmake.build:Building CMake package in '/home/lucas-fang/ros2_Nav_ws/src/base_interfaces'
[0.351s] INFO:colcon.colcon_core.plugin_system:Skipping extension 'colcon_core.shell.bat': Not used on non-Windows systems
[0.352s] INFO:colcon.colcon_core.shell:Skip shell extension 'powershell' for command environment: Not usable outside of PowerShell
[0.352s] DEBUG:colcon.colcon_core.shell:Skip shell extension 'dsv' for command environment
[0.356s] INFO:colcon.colcon_ros.task.ament_cmake.build:Building ROS package in '/home/lucas-fang/ros2_Nav_ws/src/base_driver_pkg' with build type 'ament_cmake'
[0.356s] INFO:colcon.colcon_cmake.task.cmake.build:Building CMake package in '/home/lucas-fang/ros2_Nav_ws/src/base_driver_pkg'
[0.356s] INFO:colcon.colcon_core.shell:Skip shell extension 'powershell' for command environment: Not usable outside of PowerShell
[0.356s] DEBUG:colcon.colcon_core.shell:Skip shell extension 'dsv' for command environment
[0.360s] INFO:colcon.colcon_ros.task.ament_cmake.build:Building ROS package in '/home/lucas-fang/ros2_Nav_ws/src/localization_pkg' with build type 'ament_cmake'
[0.360s] INFO:colcon.colcon_cmake.task.cmake.build:Building CMake package in '/home/lucas-fang/ros2_Nav_ws/src/localization_pkg'
[0.360s] INFO:colcon.colcon_core.shell:Skip shell extension 'powershell' for command environment: Not usable outside of PowerShell
[0.360s] DEBUG:colcon.colcon_core.shell:Skip shell extension 'dsv' for command environment
[0.364s] INFO:colcon.colcon_ros.task.ament_cmake.build:Building ROS package in '/home/lucas-fang/ros2_Nav_ws/src/rplidar_ros' with build type 'ament_cmake'
[0.364s] INFO:colcon.colcon_cmake.task.cmake.build:Building CMake package in '/home/lucas-fang/ros2_Nav_ws/src/rplidar_ros'
[0.365s] INFO:colcon.colcon_core.shell:Skip shell extension 'powershell' for command environment: Not usable outside of PowerShell
[0.365s] DEBUG:colcon.colcon_core.shell:Skip shell extension 'dsv' for command environment
[0.373s] DEBUG:colcon.colcon_core.event_handler.log_command:Invoking command in '/home/lucas-fang/ros2_Nav_ws/build/base_interfaces': CMAKE_PREFIX_PATH=${CMAKE_PREFIX_PATH}:/opt/ros/humble /usr/bin/cmake --build /home/lucas-fang/ros2_Nav_ws/build/base_interfaces -- -j4 -l4
[0.377s] DEBUG:colcon.colcon_core.event_handler.log_command:Invoking command in '/home/lucas-fang/ros2_Nav_ws/build/base_driver_pkg': CMAKE_PREFIX_PATH=${CMAKE_PREFIX_PATH}:/opt/ros/humble /usr/bin/cmake --build /home/lucas-fang/ros2_Nav_ws/build/base_driver_pkg -- -j4 -l4
[0.381s] DEBUG:colcon.colcon_core.event_handler.log_command:Invoking command in '/home/lucas-fang/ros2_Nav_ws/build/localization_pkg': CMAKE_PREFIX_PATH=${CMAKE_PREFIX_PATH}:/opt/ros/humble /usr/bin/cmake --build /home/lucas-fang/ros2_Nav_ws/build/localization_pkg -- -j4 -l4
[0.390s] DEBUG:colcon.colcon_core.event_handler.log_command:Invoking command in '/home/lucas-fang/ros2_Nav_ws/build/rplidar_ros': CMAKE_PREFIX_PATH=${CMAKE_PREFIX_PATH}:/opt/ros/humble /usr/bin/cmake --build /home/lucas-fang/ros2_Nav_ws/build/rplidar_ros -- -j4 -l4
[0.444s] DEBUG:colcon.colcon_core.event_handler.log_command:Invoked command in '/home/lucas-fang/ros2_Nav_ws/build/localization_pkg' returned '0': CMAKE_PREFIX_PATH=${CMAKE_PREFIX_PATH}:/opt/ros/humble /usr/bin/cmake --build /home/lucas-fang/ros2_Nav_ws/build/localization_pkg -- -j4 -l4
[0.461s] DEBUG:colcon.colcon_core.event_handler.log_command:Invoking command in '/home/lucas-fang/ros2_Nav_ws/build/localization_pkg': CMAKE_PREFIX_PATH=${CMAKE_PREFIX_PATH}:/opt/ros/humble /usr/bin/cmake --install /home/lucas-fang/ros2_Nav_ws/build/localization_pkg
[0.487s] Level 1:colcon.colcon_core.environment:create_environment_scripts_only(localization_pkg)
[0.492s] DEBUG:colcon.colcon_core.event_handler.log_command:Invoked command in '/home/lucas-fang/ros2_Nav_ws/build/localization_pkg' returned '0': CMAKE_PREFIX_PATH=${CMAKE_PREFIX_PATH}:/opt/ros/humble /usr/bin/cmake --install /home/lucas-fang/ros2_Nav_ws/build/localization_pkg
[0.493s] Level 1:colcon.colcon_core.environment:checking '/home/lucas-fang/ros2_Nav_ws/install/localization_pkg' for CMake module files
[0.496s] Level 1:colcon.colcon_core.environment:checking '/home/lucas-fang/ros2_Nav_ws/install/localization_pkg' for CMake config files
[0.496s] Level 1:colcon.colcon_core.shell:create_environment_hook('localization_pkg', 'cmake_prefix_path')
[0.497s] INFO:colcon.colcon_core.shell:Creating environment hook '/home/lucas-fang/ros2_Nav_ws/install/localization_pkg/share/localization_pkg/hook/cmake_prefix_path.ps1'
[0.500s] INFO:colcon.colcon_core.shell:Creating environment descriptor '/home/lucas-fang/ros2_Nav_ws/install/localization_pkg/share/localization_pkg/hook/cmake_prefix_path.dsv'
[0.501s] INFO:colcon.colcon_core.shell:Creating environment hook '/home/lucas-fang/ros2_Nav_ws/install/localization_pkg/share/localization_pkg/hook/cmake_prefix_path.sh'
[0.502s] Level 1:colcon.colcon_core.environment:checking '/home/lucas-fang/ros2_Nav_ws/install/localization_pkg/bin'
[0.502s] Level 1:colcon.colcon_core.environment:checking '/home/lucas-fang/ros2_Nav_ws/install/localization_pkg/lib/pkgconfig/localization_pkg.pc'
[0.503s] Level 1:colcon.colcon_core.environment:checking '/home/lucas-fang/ros2_Nav_ws/install/localization_pkg/lib/python3.10/site-packages'
[0.505s] Level 1:colcon.colcon_core.environment:checking '/home/lucas-fang/ros2_Nav_ws/install/localization_pkg/bin'
[0.506s] INFO:colcon.colcon_core.shell:Creating package script '/home/lucas-fang/ros2_Nav_ws/install/localization_pkg/share/localization_pkg/package.ps1'
[0.507s] INFO:colcon.colcon_core.shell:Creating package descriptor '/home/lucas-fang/ros2_Nav_ws/install/localization_pkg/share/localization_pkg/package.dsv'
[0.508s] INFO:colcon.colcon_core.shell:Creating package script '/home/lucas-fang/ros2_Nav_ws/install/localization_pkg/share/localization_pkg/package.sh'
[0.511s] INFO:colcon.colcon_core.shell:Creating package script '/home/lucas-fang/ros2_Nav_ws/install/localization_pkg/share/localization_pkg/package.bash'
[0.513s] INFO:colcon.colcon_core.shell:Creating package script '/home/lucas-fang/ros2_Nav_ws/install/localization_pkg/share/localization_pkg/package.zsh'
[0.515s] Level 1:colcon.colcon_core.environment:create_file_with_runtime_dependencies(/home/lucas-fang/ros2_Nav_ws/install/localization_pkg/share/colcon-core/packages/localization_pkg)
[0.518s] Level 1:colcon.colcon_core.environment:create_environment_scripts_only(localization_pkg)
[0.518s] Level 1:colcon.colcon_core.environment:checking '/home/lucas-fang/ros2_Nav_ws/install/localization_pkg' for CMake module files
[0.520s] Level 1:colcon.colcon_core.environment:checking '/home/lucas-fang/ros2_Nav_ws/install/localization_pkg' for CMake config files
[0.521s] Level 1:colcon.colcon_core.shell:create_environment_hook('localization_pkg', 'cmake_prefix_path')
[0.521s] INFO:colcon.colcon_core.shell:Creating environment hook '/home/lucas-fang/ros2_Nav_ws/install/localization_pkg/share/localization_pkg/hook/cmake_prefix_path.ps1'
[0.522s] INFO:colcon.colcon_core.shell:Creating environment descriptor '/home/lucas-fang/ros2_Nav_ws/install/localization_pkg/share/localization_pkg/hook/cmake_prefix_path.dsv'
[0.522s] INFO:colcon.colcon_core.shell:Creating environment hook '/home/lucas-fang/ros2_Nav_ws/install/localization_pkg/share/localization_pkg/hook/cmake_prefix_path.sh'
[0.523s] Level 1:colcon.colcon_core.environment:checking '/home/lucas-fang/ros2_Nav_ws/install/localization_pkg/bin'
[0.523s] Level 1:colcon.colcon_core.environment:checking '/home/lucas-fang/ros2_Nav_ws/install/localization_pkg/lib/pkgconfig/localization_pkg.pc'
[0.526s] Level 1:colcon.colcon_core.environment:checking '/home/lucas-fang/ros2_Nav_ws/install/localization_pkg/lib/python3.10/site-packages'
[0.526s] Level 1:colcon.colcon_core.environment:checking '/home/lucas-fang/ros2_Nav_ws/install/localization_pkg/bin'
[0.527s] INFO:colcon.colcon_core.shell:Creating package script '/home/lucas-fang/ros2_Nav_ws/install/localization_pkg/share/localization_pkg/package.ps1'
[0.528s] INFO:colcon.colcon_core.shell:Creating package descriptor '/home/lucas-fang/ros2_Nav_ws/install/localization_pkg/share/localization_pkg/package.dsv'
[0.529s] INFO:colcon.colcon_core.shell:Creating package script '/home/lucas-fang/ros2_Nav_ws/install/localization_pkg/share/localization_pkg/package.sh'
[0.530s] INFO:colcon.colcon_core.shell:Creating package script '/home/lucas-fang/ros2_Nav_ws/install/localization_pkg/share/localization_pkg/package.bash'
[0.530s] INFO:colcon.colcon_core.shell:Creating package script '/home/lucas-fang/ros2_Nav_ws/install/localization_pkg/share/localization_pkg/package.zsh'
[0.531s] Level 1:colcon.colcon_core.environment:create_file_with_runtime_dependencies(/home/lucas-fang/ros2_Nav_ws/install/localization_pkg/share/colcon-core/packages/localization_pkg)
[0.533s] INFO:colcon.colcon_ros.task.ament_cmake.build:Building ROS package in '/home/lucas-fang/ros2_Nav_ws/src/senson_pkg' with build type 'ament_cmake'
[0.533s] INFO:colcon.colcon_cmake.task.cmake.build:Building CMake package in '/home/lucas-fang/ros2_Nav_ws/src/senson_pkg'
[0.533s] INFO:colcon.colcon_core.shell:Skip shell extension 'powershell' for command environment: Not usable outside of PowerShell
[0.534s] DEBUG:colcon.colcon_core.shell:Skip shell extension 'dsv' for command environment
[0.542s] DEBUG:colcon.colcon_core.event_handler.log_command:Invoked command in '/home/lucas-fang/ros2_Nav_ws/build/rplidar_ros' returned '0': CMAKE_PREFIX_PATH=${CMAKE_PREFIX_PATH}:/opt/ros/humble /usr/bin/cmake --build /home/lucas-fang/ros2_Nav_ws/build/rplidar_ros -- -j4 -l4
[0.544s] DEBUG:colcon.colcon_core.event_handler.log_command:Invoking command in '/home/lucas-fang/ros2_Nav_ws/build/rplidar_ros': CMAKE_PREFIX_PATH=${CMAKE_PREFIX_PATH}:/opt/ros/humble /usr/bin/cmake --install /home/lucas-fang/ros2_Nav_ws/build/rplidar_ros
[0.545s] DEBUG:colcon.colcon_core.event_handler.log_command:Invoked command in '/home/lucas-fang/ros2_Nav_ws/build/base_driver_pkg' returned '0': CMAKE_PREFIX_PATH=${CMAKE_PREFIX_PATH}:/opt/ros/humble /usr/bin/cmake --build /home/lucas-fang/ros2_Nav_ws/build/base_driver_pkg -- -j4 -l4
[0.546s] DEBUG:colcon.colcon_core.event_handler.log_command:Invoking command in '/home/lucas-fang/ros2_Nav_ws/build/base_driver_pkg': CMAKE_PREFIX_PATH=${CMAKE_PREFIX_PATH}:/opt/ros/humble /usr/bin/cmake --install /home/lucas-fang/ros2_Nav_ws/build/base_driver_pkg
[0.554s] DEBUG:colcon.colcon_core.event_handler.log_command:Invoking command in '/home/lucas-fang/ros2_Nav_ws/build/senson_pkg': CMAKE_PREFIX_PATH=${CMAKE_PREFIX_PATH}:/opt/ros/humble /usr/bin/cmake --build /home/lucas-fang/ros2_Nav_ws/build/senson_pkg -- -j4 -l4
[0.562s] Level 1:colcon.colcon_core.environment:create_environment_scripts_only(base_driver_pkg)
[0.564s] Level 1:colcon.colcon_core.environment:checking '/home/lucas-fang/ros2_Nav_ws/install/base_driver_pkg' for CMake module files
[0.571s] Level 1:colcon.colcon_core.environment:checking '/home/lucas-fang/ros2_Nav_ws/install/base_driver_pkg' for CMake config files
[0.572s] Level 1:colcon.colcon_core.shell:create_environment_hook('base_driver_pkg', 'cmake_prefix_path')
[0.572s] INFO:colcon.colcon_core.shell:Creating environment hook '/home/lucas-fang/ros2_Nav_ws/install/base_driver_pkg/share/base_driver_pkg/hook/cmake_prefix_path.ps1'
[0.573s] INFO:colcon.colcon_core.shell:Creating environment descriptor '/home/lucas-fang/ros2_Nav_ws/install/base_driver_pkg/share/base_driver_pkg/hook/cmake_prefix_path.dsv'
[0.573s] INFO:colcon.colcon_core.shell:Creating environment hook '/home/lucas-fang/ros2_Nav_ws/install/base_driver_pkg/share/base_driver_pkg/hook/cmake_prefix_path.sh'
[0.574s] DEBUG:colcon.colcon_core.event_handler.log_command:Invoked command in '/home/lucas-fang/ros2_Nav_ws/build/base_driver_pkg' returned '0': CMAKE_PREFIX_PATH=${CMAKE_PREFIX_PATH}:/opt/ros/humble /usr/bin/cmake --install /home/lucas-fang/ros2_Nav_ws/build/base_driver_pkg
[0.577s] Level 1:colcon.colcon_core.environment:checking '/home/lucas-fang/ros2_Nav_ws/install/base_driver_pkg/lib'
[0.577s] Level 1:colcon.colcon_core.environment:checking '/home/lucas-fang/ros2_Nav_ws/install/base_driver_pkg/bin'
[0.577s] Level 1:colcon.colcon_core.environment:checking '/home/lucas-fang/ros2_Nav_ws/install/base_driver_pkg/lib/pkgconfig/base_driver_pkg.pc'
[0.578s] Level 1:colcon.colcon_core.environment:checking '/home/lucas-fang/ros2_Nav_ws/install/base_driver_pkg/lib/python3.10/site-packages'
[0.578s] Level 1:colcon.colcon_core.environment:checking '/home/lucas-fang/ros2_Nav_ws/install/base_driver_pkg/bin'
[0.578s] INFO:colcon.colcon_core.shell:Creating package script '/home/lucas-fang/ros2_Nav_ws/install/base_driver_pkg/share/base_driver_pkg/package.ps1'
[0.579s] INFO:colcon.colcon_core.shell:Creating package descriptor '/home/lucas-fang/ros2_Nav_ws/install/base_driver_pkg/share/base_driver_pkg/package.dsv'
[0.580s] INFO:colcon.colcon_core.shell:Creating package script '/home/lucas-fang/ros2_Nav_ws/install/base_driver_pkg/share/base_driver_pkg/package.sh'
[0.581s] INFO:colcon.colcon_core.shell:Creating package script '/home/lucas-fang/ros2_Nav_ws/install/base_driver_pkg/share/base_driver_pkg/package.bash'
[0.582s] INFO:colcon.colcon_core.shell:Creating package script '/home/lucas-fang/ros2_Nav_ws/install/base_driver_pkg/share/base_driver_pkg/package.zsh'
[0.582s] Level 1:colcon.colcon_core.environment:create_file_with_runtime_dependencies(/home/lucas-fang/ros2_Nav_ws/install/base_driver_pkg/share/colcon-core/packages/base_driver_pkg)
[0.583s] Level 1:colcon.colcon_core.environment:create_environment_scripts_only(base_driver_pkg)
[0.583s] Level 1:colcon.colcon_core.environment:checking '/home/lucas-fang/ros2_Nav_ws/install/base_driver_pkg' for CMake module files
[0.584s] Level 1:colcon.colcon_core.environment:checking '/home/lucas-fang/ros2_Nav_ws/install/base_driver_pkg' for CMake config files
[0.584s] Level 1:colcon.colcon_core.shell:create_environment_hook('base_driver_pkg', 'cmake_prefix_path')
[0.585s] INFO:colcon.colcon_core.shell:Creating environment hook '/home/lucas-fang/ros2_Nav_ws/install/base_driver_pkg/share/base_driver_pkg/hook/cmake_prefix_path.ps1'
[0.586s] INFO:colcon.colcon_core.shell:Creating environment descriptor '/home/lucas-fang/ros2_Nav_ws/install/base_driver_pkg/share/base_driver_pkg/hook/cmake_prefix_path.dsv'
[0.586s] INFO:colcon.colcon_core.shell:Creating environment hook '/home/lucas-fang/ros2_Nav_ws/install/base_driver_pkg/share/base_driver_pkg/hook/cmake_prefix_path.sh'
[0.588s] Level 1:colcon.colcon_core.environment:checking '/home/lucas-fang/ros2_Nav_ws/install/base_driver_pkg/lib'
[0.588s] Level 1:colcon.colcon_core.environment:checking '/home/lucas-fang/ros2_Nav_ws/install/base_driver_pkg/bin'
[0.588s] Level 1:colcon.colcon_core.environment:checking '/home/lucas-fang/ros2_Nav_ws/install/base_driver_pkg/lib/pkgconfig/base_driver_pkg.pc'
[0.589s] Level 1:colcon.colcon_core.environment:checking '/home/lucas-fang/ros2_Nav_ws/install/base_driver_pkg/lib/python3.10/site-packages'
[0.589s] Level 1:colcon.colcon_core.environment:checking '/home/lucas-fang/ros2_Nav_ws/install/base_driver_pkg/bin'
[0.590s] INFO:colcon.colcon_core.shell:Creating package script '/home/lucas-fang/ros2_Nav_ws/install/base_driver_pkg/share/base_driver_pkg/package.ps1'
[0.591s] INFO:colcon.colcon_core.shell:Creating package descriptor '/home/lucas-fang/ros2_Nav_ws/install/base_driver_pkg/share/base_driver_pkg/package.dsv'
[0.592s] INFO:colcon.colcon_core.shell:Creating package script '/home/lucas-fang/ros2_Nav_ws/install/base_driver_pkg/share/base_driver_pkg/package.sh'
[0.592s] INFO:colcon.colcon_core.shell:Creating package script '/home/lucas-fang/ros2_Nav_ws/install/base_driver_pkg/share/base_driver_pkg/package.bash'
[0.593s] INFO:colcon.colcon_core.shell:Creating package script '/home/lucas-fang/ros2_Nav_ws/install/base_driver_pkg/share/base_driver_pkg/package.zsh'
[0.594s] Level 1:colcon.colcon_core.environment:create_file_with_runtime_dependencies(/home/lucas-fang/ros2_Nav_ws/install/base_driver_pkg/share/colcon-core/packages/base_driver_pkg)
[0.598s] Level 1:colcon.colcon_core.environment:create_environment_scripts_only(rplidar_ros)
[0.599s] Level 1:colcon.colcon_core.environment:checking '/home/lucas-fang/ros2_Nav_ws/install/rplidar_ros' for CMake module files
[0.600s] DEBUG:colcon.colcon_core.event_handler.log_command:Invoked command in '/home/lucas-fang/ros2_Nav_ws/build/rplidar_ros' returned '0': CMAKE_PREFIX_PATH=${CMAKE_PREFIX_PATH}:/opt/ros/humble /usr/bin/cmake --install /home/lucas-fang/ros2_Nav_ws/build/rplidar_ros
[0.601s] Level 1:colcon.colcon_core.environment:checking '/home/lucas-fang/ros2_Nav_ws/install/rplidar_ros' for CMake config files
[0.602s] Level 1:colcon.colcon_core.shell:create_environment_hook('rplidar_ros', 'cmake_prefix_path')
[0.602s] INFO:colcon.colcon_core.shell:Creating environment hook '/home/lucas-fang/ros2_Nav_ws/install/rplidar_ros/share/rplidar_ros/hook/cmake_prefix_path.ps1'
[0.603s] INFO:colcon.colcon_core.shell:Creating environment descriptor '/home/lucas-fang/ros2_Nav_ws/install/rplidar_ros/share/rplidar_ros/hook/cmake_prefix_path.dsv'
[0.604s] INFO:colcon.colcon_core.shell:Creating environment hook '/home/lucas-fang/ros2_Nav_ws/install/rplidar_ros/share/rplidar_ros/hook/cmake_prefix_path.sh'
[0.605s] Level 1:colcon.colcon_core.environment:checking '/home/lucas-fang/ros2_Nav_ws/install/rplidar_ros/lib'
[0.605s] Level 1:colcon.colcon_core.environment:checking '/home/lucas-fang/ros2_Nav_ws/install/rplidar_ros/bin'
[0.605s] Level 1:colcon.colcon_core.environment:checking '/home/lucas-fang/ros2_Nav_ws/install/rplidar_ros/lib/pkgconfig/rplidar_ros.pc'
[0.605s] Level 1:colcon.colcon_core.environment:checking '/home/lucas-fang/ros2_Nav_ws/install/rplidar_ros/lib/python3.10/site-packages'
[0.605s] Level 1:colcon.colcon_core.environment:checking '/home/lucas-fang/ros2_Nav_ws/install/rplidar_ros/bin'
[0.606s] INFO:colcon.colcon_core.shell:Creating package script '/home/lucas-fang/ros2_Nav_ws/install/rplidar_ros/share/rplidar_ros/package.ps1'
[0.607s] INFO:colcon.colcon_core.shell:Creating package descriptor '/home/lucas-fang/ros2_Nav_ws/install/rplidar_ros/share/rplidar_ros/package.dsv'
[0.607s] INFO:colcon.colcon_core.shell:Creating package script '/home/lucas-fang/ros2_Nav_ws/install/rplidar_ros/share/rplidar_ros/package.sh'
[0.608s] INFO:colcon.colcon_core.shell:Creating package script '/home/lucas-fang/ros2_Nav_ws/install/rplidar_ros/share/rplidar_ros/package.bash'
[0.609s] INFO:colcon.colcon_core.shell:Creating package script '/home/lucas-fang/ros2_Nav_ws/install/rplidar_ros/share/rplidar_ros/package.zsh'
[0.610s] Level 1:colcon.colcon_core.environment:create_file_with_runtime_dependencies(/home/lucas-fang/ros2_Nav_ws/install/rplidar_ros/share/colcon-core/packages/rplidar_ros)
[0.611s] Level 1:colcon.colcon_core.environment:create_environment_scripts_only(rplidar_ros)
[0.611s] Level 1:colcon.colcon_core.environment:checking '/home/lucas-fang/ros2_Nav_ws/install/rplidar_ros' for CMake module files
[0.612s] Level 1:colcon.colcon_core.environment:checking '/home/lucas-fang/ros2_Nav_ws/install/rplidar_ros' for CMake config files
[0.613s] Level 1:colcon.colcon_core.shell:create_environment_hook('rplidar_ros', 'cmake_prefix_path')
[0.613s] INFO:colcon.colcon_core.shell:Creating environment hook '/home/lucas-fang/ros2_Nav_ws/install/rplidar_ros/share/rplidar_ros/hook/cmake_prefix_path.ps1'
[0.614s] INFO:colcon.colcon_core.shell:Creating environment descriptor '/home/lucas-fang/ros2_Nav_ws/install/rplidar_ros/share/rplidar_ros/hook/cmake_prefix_path.dsv'
[0.615s] INFO:colcon.colcon_core.shell:Creating environment hook '/home/lucas-fang/ros2_Nav_ws/install/rplidar_ros/share/rplidar_ros/hook/cmake_prefix_path.sh'
[0.616s] Level 1:colcon.colcon_core.environment:checking '/home/lucas-fang/ros2_Nav_ws/install/rplidar_ros/lib'
[0.616s] Level 1:colcon.colcon_core.environment:checking '/home/lucas-fang/ros2_Nav_ws/install/rplidar_ros/bin'
[0.616s] Level 1:colcon.colcon_core.environment:checking '/home/lucas-fang/ros2_Nav_ws/install/rplidar_ros/lib/pkgconfig/rplidar_ros.pc'
[0.616s] Level 1:colcon.colcon_core.environment:checking '/home/lucas-fang/ros2_Nav_ws/install/rplidar_ros/lib/python3.10/site-packages'
[0.617s] Level 1:colcon.colcon_core.environment:checking '/home/lucas-fang/ros2_Nav_ws/install/rplidar_ros/bin'
[0.617s] INFO:colcon.colcon_core.shell:Creating package script '/home/lucas-fang/ros2_Nav_ws/install/rplidar_ros/share/rplidar_ros/package.ps1'
[0.618s] INFO:colcon.colcon_core.shell:Creating package descriptor '/home/lucas-fang/ros2_Nav_ws/install/rplidar_ros/share/rplidar_ros/package.dsv'
[0.619s] INFO:colcon.colcon_core.shell:Creating package script '/home/lucas-fang/ros2_Nav_ws/install/rplidar_ros/share/rplidar_ros/package.sh'
[0.620s] INFO:colcon.colcon_core.shell:Creating package script '/home/lucas-fang/ros2_Nav_ws/install/rplidar_ros/share/rplidar_ros/package.bash'
[0.621s] INFO:colcon.colcon_core.shell:Creating package script '/home/lucas-fang/ros2_Nav_ws/install/rplidar_ros/share/rplidar_ros/package.zsh'
[0.622s] Level 1:colcon.colcon_core.environment:create_file_with_runtime_dependencies(/home/lucas-fang/ros2_Nav_ws/install/rplidar_ros/share/colcon-core/packages/rplidar_ros)
[0.673s] DEBUG:colcon.colcon_core.event_handler.log_command:Invoked command in '/home/lucas-fang/ros2_Nav_ws/build/senson_pkg' returned '0': CMAKE_PREFIX_PATH=${CMAKE_PREFIX_PATH}:/opt/ros/humble /usr/bin/cmake --build /home/lucas-fang/ros2_Nav_ws/build/senson_pkg -- -j4 -l4
[0.674s] DEBUG:colcon.colcon_core.event_handler.log_command:Invoking command in '/home/lucas-fang/ros2_Nav_ws/build/senson_pkg': CMAKE_PREFIX_PATH=${CMAKE_PREFIX_PATH}:/opt/ros/humble /usr/bin/cmake --install /home/lucas-fang/ros2_Nav_ws/build/senson_pkg
[0.687s] Level 1:colcon.colcon_core.environment:create_environment_scripts_only(senson_pkg)
[0.688s] Level 1:colcon.colcon_core.environment:checking '/home/lucas-fang/ros2_Nav_ws/install/senson_pkg' for CMake module files
[0.688s] DEBUG:colcon.colcon_core.event_handler.log_command:Invoked command in '/home/lucas-fang/ros2_Nav_ws/build/senson_pkg' returned '0': CMAKE_PREFIX_PATH=${CMAKE_PREFIX_PATH}:/opt/ros/humble /usr/bin/cmake --install /home/lucas-fang/ros2_Nav_ws/build/senson_pkg
[0.689s] Level 1:colcon.colcon_core.environment:checking '/home/lucas-fang/ros2_Nav_ws/install/senson_pkg' for CMake config files
[0.689s] Level 1:colcon.colcon_core.shell:create_environment_hook('senson_pkg', 'cmake_prefix_path')
[0.689s] INFO:colcon.colcon_core.shell:Creating environment hook '/home/lucas-fang/ros2_Nav_ws/install/senson_pkg/share/senson_pkg/hook/cmake_prefix_path.ps1'
[0.690s] INFO:colcon.colcon_core.shell:Creating environment descriptor '/home/lucas-fang/ros2_Nav_ws/install/senson_pkg/share/senson_pkg/hook/cmake_prefix_path.dsv'
[0.690s] INFO:colcon.colcon_core.shell:Creating environment hook '/home/lucas-fang/ros2_Nav_ws/install/senson_pkg/share/senson_pkg/hook/cmake_prefix_path.sh'
[0.691s] Level 1:colcon.colcon_core.environment:checking '/home/lucas-fang/ros2_Nav_ws/install/senson_pkg/lib'
[0.691s] Level 1:colcon.colcon_core.environment:checking '/home/lucas-fang/ros2_Nav_ws/install/senson_pkg/bin'
[0.691s] Level 1:colcon.colcon_core.environment:checking '/home/lucas-fang/ros2_Nav_ws/install/senson_pkg/lib/pkgconfig/senson_pkg.pc'
[0.691s] Level 1:colcon.colcon_core.environment:checking '/home/lucas-fang/ros2_Nav_ws/install/senson_pkg/lib/python3.10/site-packages'
[0.692s] Level 1:colcon.colcon_core.environment:checking '/home/lucas-fang/ros2_Nav_ws/install/senson_pkg/bin'
[0.692s] INFO:colcon.colcon_core.shell:Creating package script '/home/lucas-fang/ros2_Nav_ws/install/senson_pkg/share/senson_pkg/package.ps1'
[0.693s] INFO:colcon.colcon_core.shell:Creating package descriptor '/home/lucas-fang/ros2_Nav_ws/install/senson_pkg/share/senson_pkg/package.dsv'
[0.693s] INFO:colcon.colcon_core.shell:Creating package script '/home/lucas-fang/ros2_Nav_ws/install/senson_pkg/share/senson_pkg/package.sh'
[0.694s] INFO:colcon.colcon_core.shell:Creating package script '/home/lucas-fang/ros2_Nav_ws/install/senson_pkg/share/senson_pkg/package.bash'
[0.694s] INFO:colcon.colcon_core.shell:Creating package script '/home/lucas-fang/ros2_Nav_ws/install/senson_pkg/share/senson_pkg/package.zsh'
[0.695s] Level 1:colcon.colcon_core.environment:create_file_with_runtime_dependencies(/home/lucas-fang/ros2_Nav_ws/install/senson_pkg/share/colcon-core/packages/senson_pkg)
[0.695s] Level 1:colcon.colcon_core.environment:create_environment_scripts_only(senson_pkg)
[0.696s] Level 1:colcon.colcon_core.environment:checking '/home/lucas-fang/ros2_Nav_ws/install/senson_pkg' for CMake module files
[0.696s] Level 1:colcon.colcon_core.environment:checking '/home/lucas-fang/ros2_Nav_ws/install/senson_pkg' for CMake config files
[0.696s] Level 1:colcon.colcon_core.shell:create_environment_hook('senson_pkg', 'cmake_prefix_path')
[0.697s] INFO:colcon.colcon_core.shell:Creating environment hook '/home/lucas-fang/ros2_Nav_ws/install/senson_pkg/share/senson_pkg/hook/cmake_prefix_path.ps1'
[0.697s] INFO:colcon.colcon_core.shell:Creating environment descriptor '/home/lucas-fang/ros2_Nav_ws/install/senson_pkg/share/senson_pkg/hook/cmake_prefix_path.dsv'
[0.698s] INFO:colcon.colcon_core.shell:Creating environment hook '/home/lucas-fang/ros2_Nav_ws/install/senson_pkg/share/senson_pkg/hook/cmake_prefix_path.sh'
[0.698s] Level 1:colcon.colcon_core.environment:checking '/home/lucas-fang/ros2_Nav_ws/install/senson_pkg/lib'
[0.699s] Level 1:colcon.colcon_core.environment:checking '/home/lucas-fang/ros2_Nav_ws/install/senson_pkg/bin'
[0.699s] Level 1:colcon.colcon_core.environment:checking '/home/lucas-fang/ros2_Nav_ws/install/senson_pkg/lib/pkgconfig/senson_pkg.pc'
[0.699s] Level 1:colcon.colcon_core.environment:checking '/home/lucas-fang/ros2_Nav_ws/install/senson_pkg/lib/python3.10/site-packages'
[0.699s] Level 1:colcon.colcon_core.environment:checking '/home/lucas-fang/ros2_Nav_ws/install/senson_pkg/bin'
[0.700s] INFO:colcon.colcon_core.shell:Creating package script '/home/lucas-fang/ros2_Nav_ws/install/senson_pkg/share/senson_pkg/package.ps1'
[0.703s] INFO:colcon.colcon_core.shell:Creating package descriptor '/home/lucas-fang/ros2_Nav_ws/install/senson_pkg/share/senson_pkg/package.dsv'
[0.704s] INFO:colcon.colcon_core.shell:Creating package script '/home/lucas-fang/ros2_Nav_ws/install/senson_pkg/share/senson_pkg/package.sh'
[0.704s] INFO:colcon.colcon_core.shell:Creating package script '/home/lucas-fang/ros2_Nav_ws/install/senson_pkg/share/senson_pkg/package.bash'
[0.705s] INFO:colcon.colcon_core.shell:Creating package script '/home/lucas-fang/ros2_Nav_ws/install/senson_pkg/share/senson_pkg/package.zsh'
[0.706s] Level 1:colcon.colcon_core.environment:create_file_with_runtime_dependencies(/home/lucas-fang/ros2_Nav_ws/install/senson_pkg/share/colcon-core/packages/senson_pkg)
[0.862s] DEBUG:colcon.colcon_core.event_handler.log_command:Invoked command in '/home/lucas-fang/ros2_Nav_ws/build/base_interfaces' returned '0': CMAKE_PREFIX_PATH=${CMAKE_PREFIX_PATH}:/opt/ros/humble /usr/bin/cmake --build /home/lucas-fang/ros2_Nav_ws/build/base_interfaces -- -j4 -l4
[0.863s] DEBUG:colcon.colcon_core.event_handler.log_command:Invoking command in '/home/lucas-fang/ros2_Nav_ws/build/base_interfaces': CMAKE_PREFIX_PATH=${CMAKE_PREFIX_PATH}:/opt/ros/humble /usr/bin/cmake --install /home/lucas-fang/ros2_Nav_ws/build/base_interfaces
[0.942s] Level 1:colcon.colcon_core.environment:create_environment_scripts_only(base_interfaces)
[0.942s] Level 1:colcon.colcon_core.environment:checking '/home/lucas-fang/ros2_Nav_ws/install/base_interfaces' for CMake module files
[0.943s] Level 1:colcon.colcon_core.environment:checking '/home/lucas-fang/ros2_Nav_ws/install/base_interfaces' for CMake config files
[0.943s] Level 1:colcon.colcon_core.shell:create_environment_hook('base_interfaces', 'cmake_prefix_path')
[0.944s] INFO:colcon.colcon_core.shell:Creating environment hook '/home/lucas-fang/ros2_Nav_ws/install/base_interfaces/share/base_interfaces/hook/cmake_prefix_path.ps1'
[0.946s] INFO:colcon.colcon_core.shell:Creating environment descriptor '/home/lucas-fang/ros2_Nav_ws/install/base_interfaces/share/base_interfaces/hook/cmake_prefix_path.dsv'
[0.947s] DEBUG:colcon.colcon_core.event_handler.log_command:Invoked command in '/home/lucas-fang/ros2_Nav_ws/build/base_interfaces' returned '0': CMAKE_PREFIX_PATH=${CMAKE_PREFIX_PATH}:/opt/ros/humble /usr/bin/cmake --install /home/lucas-fang/ros2_Nav_ws/build/base_interfaces
[0.947s] INFO:colcon.colcon_core.shell:Creating environment hook '/home/lucas-fang/ros2_Nav_ws/install/base_interfaces/share/base_interfaces/hook/cmake_prefix_path.sh'
[0.948s] Level 1:colcon.colcon_core.environment:checking '/home/lucas-fang/ros2_Nav_ws/install/base_interfaces/lib'
[0.948s] Level 1:colcon.colcon_core.shell:create_environment_hook('base_interfaces', 'ld_library_path_lib')
[0.948s] INFO:colcon.colcon_core.shell:Creating environment hook '/home/lucas-fang/ros2_Nav_ws/install/base_interfaces/share/base_interfaces/hook/ld_library_path_lib.ps1'
[0.949s] INFO:colcon.colcon_core.shell:Creating environment descriptor '/home/lucas-fang/ros2_Nav_ws/install/base_interfaces/share/base_interfaces/hook/ld_library_path_lib.dsv'
[0.949s] INFO:colcon.colcon_core.shell:Creating environment hook '/home/lucas-fang/ros2_Nav_ws/install/base_interfaces/share/base_interfaces/hook/ld_library_path_lib.sh'
[0.950s] Level 1:colcon.colcon_core.environment:checking '/home/lucas-fang/ros2_Nav_ws/install/base_interfaces/bin'
[0.950s] Level 1:colcon.colcon_core.environment:checking '/home/lucas-fang/ros2_Nav_ws/install/base_interfaces/lib/pkgconfig/base_interfaces.pc'
[0.950s] Level 1:colcon.colcon_core.environment:checking '/home/lucas-fang/ros2_Nav_ws/install/base_interfaces/lib/python3.10/site-packages'
[0.951s] Level 1:colcon.colcon_core.environment:checking '/home/lucas-fang/ros2_Nav_ws/install/base_interfaces/bin'
[0.951s] INFO:colcon.colcon_core.shell:Creating package script '/home/lucas-fang/ros2_Nav_ws/install/base_interfaces/share/base_interfaces/package.ps1'
[0.952s] INFO:colcon.colcon_core.shell:Creating package descriptor '/home/lucas-fang/ros2_Nav_ws/install/base_interfaces/share/base_interfaces/package.dsv'
[0.954s] INFO:colcon.colcon_core.shell:Creating package script '/home/lucas-fang/ros2_Nav_ws/install/base_interfaces/share/base_interfaces/package.sh'
[0.955s] INFO:colcon.colcon_core.shell:Creating package script '/home/lucas-fang/ros2_Nav_ws/install/base_interfaces/share/base_interfaces/package.bash'
[0.955s] INFO:colcon.colcon_core.shell:Creating package script '/home/lucas-fang/ros2_Nav_ws/install/base_interfaces/share/base_interfaces/package.zsh'
[0.956s] Level 1:colcon.colcon_core.environment:create_file_with_runtime_dependencies(/home/lucas-fang/ros2_Nav_ws/install/base_interfaces/share/colcon-core/packages/base_interfaces)
[0.956s] Level 1:colcon.colcon_core.environment:create_environment_scripts_only(base_interfaces)
[0.957s] Level 1:colcon.colcon_core.environment:checking '/home/lucas-fang/ros2_Nav_ws/install/base_interfaces' for CMake module files
[0.957s] Level 1:colcon.colcon_core.environment:checking '/home/lucas-fang/ros2_Nav_ws/install/base_interfaces' for CMake config files
[0.958s] Level 1:colcon.colcon_core.shell:create_environment_hook('base_interfaces', 'cmake_prefix_path')
[0.958s] INFO:colcon.colcon_core.shell:Creating environment hook '/home/lucas-fang/ros2_Nav_ws/install/base_interfaces/share/base_interfaces/hook/cmake_prefix_path.ps1'
[0.959s] INFO:colcon.colcon_core.shell:Creating environment descriptor '/home/lucas-fang/ros2_Nav_ws/install/base_interfaces/share/base_interfaces/hook/cmake_prefix_path.dsv'
[0.960s] INFO:colcon.colcon_core.shell:Creating environment hook '/home/lucas-fang/ros2_Nav_ws/install/base_interfaces/share/base_interfaces/hook/cmake_prefix_path.sh'
[0.961s] Level 1:colcon.colcon_core.environment:checking '/home/lucas-fang/ros2_Nav_ws/install/base_interfaces/lib'
[0.961s] Level 1:colcon.colcon_core.shell:create_environment_hook('base_interfaces', 'ld_library_path_lib')
[0.962s] INFO:colcon.colcon_core.shell:Creating environment hook '/home/lucas-fang/ros2_Nav_ws/install/base_interfaces/share/base_interfaces/hook/ld_library_path_lib.ps1'
[0.962s] INFO:colcon.colcon_core.shell:Creating environment descriptor '/home/lucas-fang/ros2_Nav_ws/install/base_interfaces/share/base_interfaces/hook/ld_library_path_lib.dsv'
[0.963s] INFO:colcon.colcon_core.shell:Creating environment hook '/home/lucas-fang/ros2_Nav_ws/install/base_interfaces/share/base_interfaces/hook/ld_library_path_lib.sh'
[0.963s] Level 1:colcon.colcon_core.environment:checking '/home/lucas-fang/ros2_Nav_ws/install/base_interfaces/bin'
[0.963s] Level 1:colcon.colcon_core.environment:checking '/home/lucas-fang/ros2_Nav_ws/install/base_interfaces/lib/pkgconfig/base_interfaces.pc'
[0.964s] Level 1:colcon.colcon_core.environment:checking '/home/lucas-fang/ros2_Nav_ws/install/base_interfaces/lib/python3.10/site-packages'
[0.964s] Level 1:colcon.colcon_core.environment:checking '/home/lucas-fang/ros2_Nav_ws/install/base_interfaces/bin'
[0.964s] INFO:colcon.colcon_core.shell:Creating package script '/home/lucas-fang/ros2_Nav_ws/install/base_interfaces/share/base_interfaces/package.ps1'
[0.965s] INFO:colcon.colcon_core.shell:Creating package descriptor '/home/lucas-fang/ros2_Nav_ws/install/base_interfaces/share/base_interfaces/package.dsv'
[0.966s] INFO:colcon.colcon_core.shell:Creating package script '/home/lucas-fang/ros2_Nav_ws/install/base_interfaces/share/base_interfaces/package.sh'
[0.966s] INFO:colcon.colcon_core.shell:Creating package script '/home/lucas-fang/ros2_Nav_ws/install/base_interfaces/share/base_interfaces/package.bash'
[0.967s] INFO:colcon.colcon_core.shell:Creating package script '/home/lucas-fang/ros2_Nav_ws/install/base_interfaces/share/base_interfaces/package.zsh'
[0.968s] Level 1:colcon.colcon_core.environment:create_file_with_runtime_dependencies(/home/lucas-fang/ros2_Nav_ws/install/base_interfaces/share/colcon-core/packages/base_interfaces)
[0.969s] INFO:colcon.colcon_ros.task.ament_cmake.build:Building ROS package in '/home/lucas-fang/ros2_Nav_ws/src/serial_pkg' with build type 'ament_cmake'
[0.969s] INFO:colcon.colcon_cmake.task.cmake.build:Building CMake package in '/home/lucas-fang/ros2_Nav_ws/src/serial_pkg'
[0.969s] INFO:colcon.colcon_core.shell:Skip shell extension 'powershell' for command environment: Not usable outside of PowerShell
[0.969s] DEBUG:colcon.colcon_core.shell:Skip shell extension 'dsv' for command environment
[0.980s] DEBUG:colcon.colcon_core.event_handler.log_command:Invoking command in '/home/lucas-fang/ros2_Nav_ws/build/serial_pkg': CMAKE_PREFIX_PATH=/home/lucas-fang/ros2_Nav_ws/install/base_interfaces:/home/lucas-fang/ros2_Nav_ws/install/serial_pkg:/home/lucas-fang/ros2_Nav_ws/install/senson_pkg:/home/lucas-fang/ros2_Nav_ws/install/rplidar_ros:/home/lucas-fang/ros2_Nav_ws/install/localization_pkg:/home/lucas-fang/ros2_Nav_ws/install/base_driver_pkg:/opt/ros/humble /usr/bin/cmake --build /home/lucas-fang/ros2_Nav_ws/build/serial_pkg -- -j4 -l4
[1.068s] DEBUG:colcon.colcon_core.event_handler.log_command:Invoked command in '/home/lucas-fang/ros2_Nav_ws/build/serial_pkg' returned '0': CMAKE_PREFIX_PATH=/home/lucas-fang/ros2_Nav_ws/install/base_interfaces:/home/lucas-fang/ros2_Nav_ws/install/serial_pkg:/home/lucas-fang/ros2_Nav_ws/install/senson_pkg:/home/lucas-fang/ros2_Nav_ws/install/rplidar_ros:/home/lucas-fang/ros2_Nav_ws/install/localization_pkg:/home/lucas-fang/ros2_Nav_ws/install/base_driver_pkg:/opt/ros/humble /usr/bin/cmake --build /home/lucas-fang/ros2_Nav_ws/build/serial_pkg -- -j4 -l4
[1.070s] DEBUG:colcon.colcon_core.event_handler.log_command:Invoking command in '/home/lucas-fang/ros2_Nav_ws/build/serial_pkg': CMAKE_PREFIX_PATH=/home/lucas-fang/ros2_Nav_ws/install/base_interfaces:/home/lucas-fang/ros2_Nav_ws/install/serial_pkg:/home/lucas-fang/ros2_Nav_ws/install/senson_pkg:/home/lucas-fang/ros2_Nav_ws/install/rplidar_ros:/home/lucas-fang/ros2_Nav_ws/install/localization_pkg:/home/lucas-fang/ros2_Nav_ws/install/base_driver_pkg:/opt/ros/humble /usr/bin/cmake --install /home/lucas-fang/ros2_Nav_ws/build/serial_pkg
[1.082s] Level 1:colcon.colcon_core.environment:create_environment_scripts_only(serial_pkg)
[1.083s] Level 1:colcon.colcon_core.environment:checking '/home/lucas-fang/ros2_Nav_ws/install/serial_pkg' for CMake module files
[1.085s] DEBUG:colcon.colcon_core.event_handler.log_command:Invoked command in '/home/lucas-fang/ros2_Nav_ws/build/serial_pkg' returned '0': CMAKE_PREFIX_PATH=/home/lucas-fang/ros2_Nav_ws/install/base_interfaces:/home/lucas-fang/ros2_Nav_ws/install/serial_pkg:/home/lucas-fang/ros2_Nav_ws/install/senson_pkg:/home/lucas-fang/ros2_Nav_ws/install/rplidar_ros:/home/lucas-fang/ros2_Nav_ws/install/localization_pkg:/home/lucas-fang/ros2_Nav_ws/install/base_driver_pkg:/opt/ros/humble /usr/bin/cmake --install /home/lucas-fang/ros2_Nav_ws/build/serial_pkg
[1.085s] Level 1:colcon.colcon_core.environment:checking '/home/lucas-fang/ros2_Nav_ws/install/serial_pkg' for CMake config files
[1.086s] Level 1:colcon.colcon_core.shell:create_environment_hook('serial_pkg', 'cmake_prefix_path')
[1.086s] INFO:colcon.colcon_core.shell:Creating environment hook '/home/lucas-fang/ros2_Nav_ws/install/serial_pkg/share/serial_pkg/hook/cmake_prefix_path.ps1'
[1.086s] INFO:colcon.colcon_core.shell:Creating environment descriptor '/home/lucas-fang/ros2_Nav_ws/install/serial_pkg/share/serial_pkg/hook/cmake_prefix_path.dsv'
[1.087s] INFO:colcon.colcon_core.shell:Creating environment hook '/home/lucas-fang/ros2_Nav_ws/install/serial_pkg/share/serial_pkg/hook/cmake_prefix_path.sh'
[1.088s] Level 1:colcon.colcon_core.environment:checking '/home/lucas-fang/ros2_Nav_ws/install/serial_pkg/lib'
[1.088s] Level 1:colcon.colcon_core.environment:checking '/home/lucas-fang/ros2_Nav_ws/install/serial_pkg/bin'
[1.088s] Level 1:colcon.colcon_core.environment:checking '/home/lucas-fang/ros2_Nav_ws/install/serial_pkg/lib/pkgconfig/serial_pkg.pc'
[1.088s] Level 1:colcon.colcon_core.environment:checking '/home/lucas-fang/ros2_Nav_ws/install/serial_pkg/lib/python3.10/site-packages'
[1.088s] Level 1:colcon.colcon_core.environment:checking '/home/lucas-fang/ros2_Nav_ws/install/serial_pkg/bin'
[1.089s] INFO:colcon.colcon_core.shell:Creating package script '/home/lucas-fang/ros2_Nav_ws/install/serial_pkg/share/serial_pkg/package.ps1'
[1.089s] INFO:colcon.colcon_core.shell:Creating package descriptor '/home/lucas-fang/ros2_Nav_ws/install/serial_pkg/share/serial_pkg/package.dsv'
[1.090s] INFO:colcon.colcon_core.shell:Creating package script '/home/lucas-fang/ros2_Nav_ws/install/serial_pkg/share/serial_pkg/package.sh'
[1.090s] INFO:colcon.colcon_core.shell:Creating package script '/home/lucas-fang/ros2_Nav_ws/install/serial_pkg/share/serial_pkg/package.bash'
[1.090s] INFO:colcon.colcon_core.shell:Creating package script '/home/lucas-fang/ros2_Nav_ws/install/serial_pkg/share/serial_pkg/package.zsh'
[1.091s] Level 1:colcon.colcon_core.environment:create_file_with_runtime_dependencies(/home/lucas-fang/ros2_Nav_ws/install/serial_pkg/share/colcon-core/packages/serial_pkg)
[1.091s] Level 1:colcon.colcon_core.environment:create_environment_scripts_only(serial_pkg)
[1.092s] Level 1:colcon.colcon_core.environment:checking '/home/lucas-fang/ros2_Nav_ws/install/serial_pkg' for CMake module files
[1.092s] Level 1:colcon.colcon_core.environment:checking '/home/lucas-fang/ros2_Nav_ws/install/serial_pkg' for CMake config files
[1.092s] Level 1:colcon.colcon_core.shell:create_environment_hook('serial_pkg', 'cmake_prefix_path')
[1.093s] INFO:colcon.colcon_core.shell:Creating environment hook '/home/lucas-fang/ros2_Nav_ws/install/serial_pkg/share/serial_pkg/hook/cmake_prefix_path.ps1'
[1.093s] INFO:colcon.colcon_core.shell:Creating environment descriptor '/home/lucas-fang/ros2_Nav_ws/install/serial_pkg/share/serial_pkg/hook/cmake_prefix_path.dsv'
[1.093s] INFO:colcon.colcon_core.shell:Creating environment hook '/home/lucas-fang/ros2_Nav_ws/install/serial_pkg/share/serial_pkg/hook/cmake_prefix_path.sh'
[1.094s] Level 1:colcon.colcon_core.environment:checking '/home/lucas-fang/ros2_Nav_ws/install/serial_pkg/lib'
[1.094s] Level 1:colcon.colcon_core.environment:checking '/home/lucas-fang/ros2_Nav_ws/install/serial_pkg/bin'
[1.094s] Level 1:colcon.colcon_core.environment:checking '/home/lucas-fang/ros2_Nav_ws/install/serial_pkg/lib/pkgconfig/serial_pkg.pc'
[1.094s] Level 1:colcon.colcon_core.environment:checking '/home/lucas-fang/ros2_Nav_ws/install/serial_pkg/lib/python3.10/site-packages'
[1.095s] Level 1:colcon.colcon_core.environment:checking '/home/lucas-fang/ros2_Nav_ws/install/serial_pkg/bin'
[1.095s] INFO:colcon.colcon_core.shell:Creating package script '/home/lucas-fang/ros2_Nav_ws/install/serial_pkg/share/serial_pkg/package.ps1'
[1.095s] INFO:colcon.colcon_core.shell:Creating package descriptor '/home/lucas-fang/ros2_Nav_ws/install/serial_pkg/share/serial_pkg/package.dsv'
[1.096s] INFO:colcon.colcon_core.shell:Creating package script '/home/lucas-fang/ros2_Nav_ws/install/serial_pkg/share/serial_pkg/package.sh'
[1.096s] INFO:colcon.colcon_core.shell:Creating package script '/home/lucas-fang/ros2_Nav_ws/install/serial_pkg/share/serial_pkg/package.bash'
[1.097s] INFO:colcon.colcon_core.shell:Creating package script '/home/lucas-fang/ros2_Nav_ws/install/serial_pkg/share/serial_pkg/package.zsh'
[1.097s] Level 1:colcon.colcon_core.environment:create_file_with_runtime_dependencies(/home/lucas-fang/ros2_Nav_ws/install/serial_pkg/share/colcon-core/packages/serial_pkg)
[1.098s] DEBUG:colcon.colcon_parallel_executor.executor.parallel:closing loop
[1.098s] DEBUG:colcon.colcon_parallel_executor.executor.parallel:loop closed
[1.098s] DEBUG:colcon.colcon_parallel_executor.executor.parallel:run_until_complete finished with '0'
[1.098s] DEBUG:colcon.colcon_core.event_reactor:joining thread
[1.103s] INFO:colcon.colcon_core.plugin_system:Skipping extension 'colcon_notification.desktop_notification.notify_send': Could not find 'notify-send'
[1.104s] INFO:colcon.colcon_core.plugin_system:Skipping extension 'colcon_notification.desktop_notification.terminal_notifier': Not used on non-Darwin systems
[1.104s] INFO:colcon.colcon_core.plugin_system:Skipping extension 'colcon_notification.desktop_notification.win32': Not used on non-Windows systems
[1.104s] INFO:colcon.colcon_notification.desktop_notification:Sending desktop notification using 'notify2'
[1.130s] DEBUG:colcon.colcon_core.event_reactor:joined thread
[1.131s] INFO:colcon.colcon_core.shell:Creating prefix script '/home/lucas-fang/ros2_Nav_ws/install/local_setup.ps1'
[1.133s] INFO:colcon.colcon_core.shell:Creating prefix util module '/home/lucas-fang/ros2_Nav_ws/install/_local_setup_util_ps1.py'
[1.136s] INFO:colcon.colcon_core.shell:Creating prefix chain script '/home/lucas-fang/ros2_Nav_ws/install/setup.ps1'
[1.139s] INFO:colcon.colcon_core.shell:Creating prefix script '/home/lucas-fang/ros2_Nav_ws/install/local_setup.sh'
[1.140s] INFO:colcon.colcon_core.shell:Creating prefix util module '/home/lucas-fang/ros2_Nav_ws/install/_local_setup_util_sh.py'
[1.141s] INFO:colcon.colcon_core.shell:Creating prefix chain script '/home/lucas-fang/ros2_Nav_ws/install/setup.sh'
[1.144s] INFO:colcon.colcon_core.shell:Creating prefix script '/home/lucas-fang/ros2_Nav_ws/install/local_setup.bash'
[1.145s] INFO:colcon.colcon_core.shell:Creating prefix chain script '/home/lucas-fang/ros2_Nav_ws/install/setup.bash'
[1.147s] INFO:colcon.colcon_core.shell:Creating prefix script '/home/lucas-fang/ros2_Nav_ws/install/local_setup.zsh'
[1.149s] INFO:colcon.colcon_core.shell:Creating prefix chain script '/home/lucas-fang/ros2_Nav_ws/install/setup.zsh'
